Experiment: exp_018_bs128_nl6_nh8_ne128_bsz8_mi25_dr0.2
Config: experiments/member4/configs/exp_018_bs128_nl6_nh8_ne128_bsz8_mi25_dr0.2.py
Started: Tue Oct 28 19:06:37 2025
============================================================

/workspaces/group-assignment/nanoGPT/train.py:196: FutureWarning: `torch.cuda.amp.GradScaler(args...)` is deprecated. Please use `torch.amp.GradScaler('cuda', args...)` instead.
  scaler = torch.cuda.amp.GradScaler(enabled=(dtype == 'float16'))
/home/codespace/.local/lib/python3.12/site-packages/torch/amp/grad_scaler.py:136: UserWarning: torch.cuda.amp.GradScaler is enabled, but CUDA is not available.  Disabling.
  warnings.warn(
Overriding config with config/train_shakespeare_char.py:
# train a miniature character-level shakespeare model
# good for debugging and playing on macbooks and such

out_dir = 'out-shakespeare-char'
eval_interval = 250 # keep frequent because we'll overfit
eval_iters = 200
log_interval = 10 # don't print too too often

# we expect to overfit on this small dataset, so only save when val improves
always_save_checkpoint = False

wandb_log = False # override via command line if you like
wandb_project = 'shakespeare-char'
wandb_run_name = 'mini-gpt'

dataset = 'shakespeare_char'
gradient_accumulation_steps = 1
batch_size = 64
block_size = 256 # context of up to 256 previous characters

# baby GPT model :)
n_layer = 6
n_head = 6
n_embd = 384
dropout = 0.2

learning_rate = 1e-3 # with baby networks can afford to go a bit higher
max_iters = 5000
lr_decay_iters = 5000 # make equal to max_iters usually
min_lr = 1e-4 # learning_rate / 10 usually
beta2 = 0.99 # make a bit bigger because number of tokens per iter is small

warmup_iters = 100 # not super necessary potentially

# on macbook also add
# device = 'cpu'  # run on cpu only
# compile = False # do not torch compile the model

Overriding config with ../experiments/member4/configs/exp_018_bs128_nl6_nh8_ne128_bsz8_mi25_dr0.2.py:
# Experiment configuration
dataset = "shakespeare_char"
gradient_accumulation_steps = 1
learning_rate = 0.001
decay_lr = True
warmup_iters = 10
min_lr = 0.0001
eval_interval = 10
eval_iters = 20
log_interval = 1
always_save_checkpoint = False
device = "cpu"
compile = False
block_size = 128
n_layer = 6
n_head = 8
n_embd = 128
batch_size = 8
max_iters = 25
dropout = 0.2
lr_decay_iters = 25
out_dir = "experiments/member4/results/exp_018_bs128_nl6_nh8_ne128_bsz8_mi25_dr0.2"

tokens per iteration will be: 1,024
found vocab_size = 65 (inside data/shakespeare_char/meta.pkl)
Initializing a new model from scratch
number of parameters: 1.19M
num decayed parameter tensors: 26, with 1,204,352 parameters
num non-decayed parameter tensors: 13, with 1,664 parameters
using fused AdamW: False
step 0: train loss 4.1940, val loss 4.1901
iter 0: loss 4.1935, time 2684.44ms, mfu -100.00%
iter 1: loss 4.0693, time 279.36ms, mfu -100.00%
iter 2: loss 3.8963, time 251.26ms, mfu -100.00%
iter 3: loss 3.7732, time 245.80ms, mfu -100.00%
iter 4: loss 3.7074, time 247.35ms, mfu -100.00%
iter 5: loss 3.6565, time 249.57ms, mfu 0.01%
iter 6: loss 3.6142, time 255.92ms, mfu 0.01%
iter 7: loss 3.5916, time 282.48ms, mfu 0.01%
iter 8: loss 3.5404, time 257.35ms, mfu 0.01%
iter 9: loss 3.4079, time 258.94ms, mfu 0.01%
step 10: train loss 3.3534, val loss 3.3691
saving checkpoint to experiments/member4/results/exp_018_bs128_nl6_nh8_ne128_bsz8_mi25_dr0.2
iter 10: loss 3.4272, time 2142.25ms, mfu 0.01%
iter 11: loss 3.3089, time 245.01ms, mfu 0.01%
iter 12: loss 3.3205, time 246.06ms, mfu 0.01%
iter 13: loss 3.2202, time 272.75ms, mfu 0.01%
iter 14: loss 3.1926, time 241.22ms, mfu 0.01%
iter 15: loss 3.1875, time 243.24ms, mfu 0.01%
iter 16: loss 3.1048, time 255.59ms, mfu 0.01%
iter 17: loss 3.0677, time 247.50ms, mfu 0.01%
iter 18: loss 3.0279, time 243.87ms, mfu 0.01%
iter 19: loss 3.1072, time 249.70ms, mfu 0.01%
step 20: train loss 3.0058, val loss 3.0256
saving checkpoint to experiments/member4/results/exp_018_bs128_nl6_nh8_ne128_bsz8_mi25_dr0.2
iter 20: loss 3.0778, time 2168.37ms, mfu 0.01%
iter 21: loss 3.0332, time 262.36ms, mfu 0.01%
iter 22: loss 3.0144, time 316.29ms, mfu 0.01%
iter 23: loss 2.9335, time 245.57ms, mfu 0.01%
iter 24: loss 2.9169, time 265.91ms, mfu 0.01%
iter 25: loss 2.9862, time 277.46ms, mfu 0.01%

============================================================
Completed: Tue Oct 28 19:06:53 2025
Duration: 15.87 seconds
