Experiment: exp_024_bs128_nl6_nh8_ne128_bsz16_mi50_dr0.2
Config: experiments/member4/configs/exp_024_bs128_nl6_nh8_ne128_bsz16_mi50_dr0.2.py
Started: Tue Oct 28 19:09:33 2025
============================================================

/workspaces/group-assignment/nanoGPT/train.py:196: FutureWarning: `torch.cuda.amp.GradScaler(args...)` is deprecated. Please use `torch.amp.GradScaler('cuda', args...)` instead.
  scaler = torch.cuda.amp.GradScaler(enabled=(dtype == 'float16'))
/home/codespace/.local/lib/python3.12/site-packages/torch/amp/grad_scaler.py:136: UserWarning: torch.cuda.amp.GradScaler is enabled, but CUDA is not available.  Disabling.
  warnings.warn(
Overriding config with config/train_shakespeare_char.py:
# train a miniature character-level shakespeare model
# good for debugging and playing on macbooks and such

out_dir = 'out-shakespeare-char'
eval_interval = 250 # keep frequent because we'll overfit
eval_iters = 200
log_interval = 10 # don't print too too often

# we expect to overfit on this small dataset, so only save when val improves
always_save_checkpoint = False

wandb_log = False # override via command line if you like
wandb_project = 'shakespeare-char'
wandb_run_name = 'mini-gpt'

dataset = 'shakespeare_char'
gradient_accumulation_steps = 1
batch_size = 64
block_size = 256 # context of up to 256 previous characters

# baby GPT model :)
n_layer = 6
n_head = 6
n_embd = 384
dropout = 0.2

learning_rate = 1e-3 # with baby networks can afford to go a bit higher
max_iters = 5000
lr_decay_iters = 5000 # make equal to max_iters usually
min_lr = 1e-4 # learning_rate / 10 usually
beta2 = 0.99 # make a bit bigger because number of tokens per iter is small

warmup_iters = 100 # not super necessary potentially

# on macbook also add
# device = 'cpu'  # run on cpu only
# compile = False # do not torch compile the model

Overriding config with ../experiments/member4/configs/exp_024_bs128_nl6_nh8_ne128_bsz16_mi50_dr0.2.py:
# Experiment configuration
dataset = "shakespeare_char"
gradient_accumulation_steps = 1
learning_rate = 0.001
decay_lr = True
warmup_iters = 10
min_lr = 0.0001
eval_interval = 10
eval_iters = 20
log_interval = 1
always_save_checkpoint = False
device = "cpu"
compile = False
block_size = 128
n_layer = 6
n_head = 8
n_embd = 128
batch_size = 16
max_iters = 50
dropout = 0.2
lr_decay_iters = 50
out_dir = "experiments/member4/results/exp_024_bs128_nl6_nh8_ne128_bsz16_mi50_dr0.2"

tokens per iteration will be: 2,048
found vocab_size = 65 (inside data/shakespeare_char/meta.pkl)
Initializing a new model from scratch
number of parameters: 1.19M
num decayed parameter tensors: 26, with 1,204,352 parameters
num non-decayed parameter tensors: 13, with 1,664 parameters
using fused AdamW: False
step 0: train loss 4.1955, val loss 4.1907
iter 0: loss 4.1876, time 4864.89ms, mfu -100.00%
iter 1: loss 4.0748, time 503.24ms, mfu -100.00%
iter 2: loss 3.8593, time 559.19ms, mfu -100.00%
iter 3: loss 3.7685, time 476.26ms, mfu -100.00%
iter 4: loss 3.7252, time 482.82ms, mfu -100.00%
iter 5: loss 3.6643, time 472.02ms, mfu 0.01%
iter 6: loss 3.6413, time 488.13ms, mfu 0.01%
iter 7: loss 3.5645, time 485.42ms, mfu 0.01%
iter 8: loss 3.5415, time 483.65ms, mfu 0.01%
iter 9: loss 3.4013, time 478.08ms, mfu 0.01%
step 10: train loss 3.3439, val loss 3.3602
saving checkpoint to experiments/member4/results/exp_024_bs128_nl6_nh8_ne128_bsz16_mi50_dr0.2
iter 10: loss 3.3868, time 4308.42ms, mfu 0.01%
iter 11: loss 3.2682, time 482.87ms, mfu 0.01%
iter 12: loss 3.2732, time 478.37ms, mfu 0.01%
iter 13: loss 3.2561, time 479.16ms, mfu 0.01%
iter 14: loss 3.1758, time 475.54ms, mfu 0.01%
iter 15: loss 3.1435, time 503.26ms, mfu 0.01%
iter 16: loss 3.0718, time 492.00ms, mfu 0.01%
iter 17: loss 3.0564, time 507.73ms, mfu 0.01%
iter 18: loss 2.9776, time 474.57ms, mfu 0.01%
iter 19: loss 2.9677, time 485.56ms, mfu 0.01%
step 20: train loss 2.9439, val loss 2.9554
saving checkpoint to experiments/member4/results/exp_024_bs128_nl6_nh8_ne128_bsz16_mi50_dr0.2
iter 20: loss 2.9644, time 4275.62ms, mfu 0.01%
iter 21: loss 2.9743, time 492.58ms, mfu 0.01%
iter 22: loss 2.9282, time 482.58ms, mfu 0.01%
iter 23: loss 2.9101, time 477.61ms, mfu 0.01%
iter 24: loss 2.9371, time 473.91ms, mfu 0.01%
iter 25: loss 2.8221, time 516.37ms, mfu 0.01%
iter 26: loss 2.8500, time 473.89ms, mfu 0.01%
iter 27: loss 2.8427, time 473.33ms, mfu 0.01%
iter 28: loss 2.8102, time 502.84ms, mfu 0.01%
iter 29: loss 2.8454, time 487.10ms, mfu 0.01%
step 30: train loss 2.7817, val loss 2.8072
saving checkpoint to experiments/member4/results/exp_024_bs128_nl6_nh8_ne128_bsz16_mi50_dr0.2
iter 30: loss 2.7634, time 4221.88ms, mfu 0.01%
iter 31: loss 2.8625, time 521.70ms, mfu 0.01%
iter 32: loss 2.8181, time 526.81ms, mfu 0.01%
iter 33: loss 2.8511, time 477.43ms, mfu 0.01%
iter 34: loss 2.7845, time 494.53ms, mfu 0.01%
iter 35: loss 2.7458, time 519.52ms, mfu 0.01%
iter 36: loss 2.7349, time 495.33ms, mfu 0.01%
iter 37: loss 2.7647, time 473.34ms, mfu 0.01%
iter 38: loss 2.7797, time 492.27ms, mfu 0.01%
iter 39: loss 2.7361, time 472.29ms, mfu 0.01%
step 40: train loss 2.7323, val loss 2.7455
saving checkpoint to experiments/member4/results/exp_024_bs128_nl6_nh8_ne128_bsz16_mi50_dr0.2
iter 40: loss 2.7891, time 4243.06ms, mfu 0.01%
iter 41: loss 2.7529, time 481.18ms, mfu 0.01%
iter 42: loss 2.7965, time 474.89ms, mfu 0.01%
iter 43: loss 2.7120, time 489.76ms, mfu 0.01%
iter 44: loss 2.7040, time 528.51ms, mfu 0.01%
iter 45: loss 2.7582, time 559.44ms, mfu 0.01%
iter 46: loss 2.7252, time 511.69ms, mfu 0.01%
iter 47: loss 2.8159, time 500.68ms, mfu 0.01%
iter 48: loss 2.7127, time 487.50ms, mfu 0.01%
iter 49: loss 2.7073, time 496.94ms, mfu 0.01%
step 50: train loss 2.7124, val loss 2.7322
saving checkpoint to experiments/member4/results/exp_024_bs128_nl6_nh8_ne128_bsz16_mi50_dr0.2
iter 50: loss 2.7752, time 4181.99ms, mfu 0.01%

============================================================
Completed: Tue Oct 28 19:10:24 2025
Duration: 51.07 seconds
