Experiment: exp_023_bs128_nl6_nh8_ne128_bsz16_mi50_dr0.1
Config: experiments/member4/configs/exp_023_bs128_nl6_nh8_ne128_bsz16_mi50_dr0.1.py
Started: Tue Oct 28 19:08:42 2025
============================================================

/workspaces/group-assignment/nanoGPT/train.py:196: FutureWarning: `torch.cuda.amp.GradScaler(args...)` is deprecated. Please use `torch.amp.GradScaler('cuda', args...)` instead.
  scaler = torch.cuda.amp.GradScaler(enabled=(dtype == 'float16'))
/home/codespace/.local/lib/python3.12/site-packages/torch/amp/grad_scaler.py:136: UserWarning: torch.cuda.amp.GradScaler is enabled, but CUDA is not available.  Disabling.
  warnings.warn(
Overriding config with config/train_shakespeare_char.py:
# train a miniature character-level shakespeare model
# good for debugging and playing on macbooks and such

out_dir = 'out-shakespeare-char'
eval_interval = 250 # keep frequent because we'll overfit
eval_iters = 200
log_interval = 10 # don't print too too often

# we expect to overfit on this small dataset, so only save when val improves
always_save_checkpoint = False

wandb_log = False # override via command line if you like
wandb_project = 'shakespeare-char'
wandb_run_name = 'mini-gpt'

dataset = 'shakespeare_char'
gradient_accumulation_steps = 1
batch_size = 64
block_size = 256 # context of up to 256 previous characters

# baby GPT model :)
n_layer = 6
n_head = 6
n_embd = 384
dropout = 0.2

learning_rate = 1e-3 # with baby networks can afford to go a bit higher
max_iters = 5000
lr_decay_iters = 5000 # make equal to max_iters usually
min_lr = 1e-4 # learning_rate / 10 usually
beta2 = 0.99 # make a bit bigger because number of tokens per iter is small

warmup_iters = 100 # not super necessary potentially

# on macbook also add
# device = 'cpu'  # run on cpu only
# compile = False # do not torch compile the model

Overriding config with ../experiments/member4/configs/exp_023_bs128_nl6_nh8_ne128_bsz16_mi50_dr0.1.py:
# Experiment configuration
dataset = "shakespeare_char"
gradient_accumulation_steps = 1
learning_rate = 0.001
decay_lr = True
warmup_iters = 10
min_lr = 0.0001
eval_interval = 10
eval_iters = 20
log_interval = 1
always_save_checkpoint = False
device = "cpu"
compile = False
block_size = 128
n_layer = 6
n_head = 8
n_embd = 128
batch_size = 16
max_iters = 50
dropout = 0.1
lr_decay_iters = 50
out_dir = "experiments/member4/results/exp_023_bs128_nl6_nh8_ne128_bsz16_mi50_dr0.1"

tokens per iteration will be: 2,048
found vocab_size = 65 (inside data/shakespeare_char/meta.pkl)
Initializing a new model from scratch
number of parameters: 1.19M
num decayed parameter tensors: 26, with 1,204,352 parameters
num non-decayed parameter tensors: 13, with 1,664 parameters
using fused AdamW: False
step 0: train loss 4.1955, val loss 4.1907
iter 0: loss 4.1886, time 4784.34ms, mfu -100.00%
iter 1: loss 4.0496, time 468.08ms, mfu -100.00%
iter 2: loss 3.8366, time 450.44ms, mfu -100.00%
iter 3: loss 3.7521, time 474.19ms, mfu -100.00%
iter 4: loss 3.7096, time 495.71ms, mfu -100.00%
iter 5: loss 3.6498, time 447.89ms, mfu 0.01%
iter 6: loss 3.6053, time 464.56ms, mfu 0.01%
iter 7: loss 3.6281, time 450.80ms, mfu 0.01%
iter 8: loss 3.4648, time 456.43ms, mfu 0.01%
iter 9: loss 3.3757, time 446.69ms, mfu 0.01%
step 10: train loss 3.3159, val loss 3.3330
saving checkpoint to experiments/member4/results/exp_023_bs128_nl6_nh8_ne128_bsz16_mi50_dr0.1
iter 10: loss 3.3507, time 4269.33ms, mfu 0.01%
iter 11: loss 3.2343, time 447.07ms, mfu 0.01%
iter 12: loss 3.2379, time 450.75ms, mfu 0.01%
iter 13: loss 3.2206, time 446.63ms, mfu 0.01%
iter 14: loss 3.1265, time 487.68ms, mfu 0.01%
iter 15: loss 3.1003, time 445.78ms, mfu 0.01%
iter 16: loss 3.0373, time 448.23ms, mfu 0.01%
iter 17: loss 3.0129, time 454.66ms, mfu 0.01%
iter 18: loss 2.9468, time 467.65ms, mfu 0.01%
iter 19: loss 2.9332, time 480.22ms, mfu 0.01%
step 20: train loss 2.9145, val loss 2.9265
saving checkpoint to experiments/member4/results/exp_023_bs128_nl6_nh8_ne128_bsz16_mi50_dr0.1
iter 20: loss 2.9167, time 4288.57ms, mfu 0.01%
iter 21: loss 2.9300, time 459.11ms, mfu 0.01%
iter 22: loss 2.8991, time 470.91ms, mfu 0.01%
iter 23: loss 2.8821, time 561.13ms, mfu 0.01%
iter 24: loss 2.8982, time 455.22ms, mfu 0.01%
iter 25: loss 2.7911, time 454.61ms, mfu 0.01%
iter 26: loss 2.8298, time 452.48ms, mfu 0.01%
iter 27: loss 2.8066, time 501.17ms, mfu 0.01%
iter 28: loss 2.7762, time 459.06ms, mfu 0.01%
iter 29: loss 2.8135, time 455.49ms, mfu 0.01%
step 30: train loss 2.7655, val loss 2.7924
saving checkpoint to experiments/member4/results/exp_023_bs128_nl6_nh8_ne128_bsz16_mi50_dr0.1
iter 30: loss 2.7227, time 4429.51ms, mfu 0.01%
iter 31: loss 2.8305, time 456.87ms, mfu 0.01%
iter 32: loss 2.7809, time 468.78ms, mfu 0.01%
iter 33: loss 2.8222, time 450.59ms, mfu 0.01%
iter 34: loss 2.7534, time 447.84ms, mfu 0.01%
iter 35: loss 2.7174, time 449.28ms, mfu 0.01%
iter 36: loss 2.7005, time 518.33ms, mfu 0.01%
iter 37: loss 2.7297, time 479.09ms, mfu 0.01%
iter 38: loss 2.7450, time 471.41ms, mfu 0.01%
iter 39: loss 2.7067, time 452.02ms, mfu 0.01%
step 40: train loss 2.7140, val loss 2.7230
saving checkpoint to experiments/member4/results/exp_023_bs128_nl6_nh8_ne128_bsz16_mi50_dr0.1
iter 40: loss 2.7643, time 4196.25ms, mfu 0.01%
iter 41: loss 2.7208, time 468.60ms, mfu 0.01%
iter 42: loss 2.7590, time 491.81ms, mfu 0.01%
iter 43: loss 2.6817, time 447.28ms, mfu 0.01%
iter 44: loss 2.6739, time 589.00ms, mfu 0.01%
iter 45: loss 2.7300, time 447.06ms, mfu 0.01%
iter 46: loss 2.6985, time 467.15ms, mfu 0.01%
iter 47: loss 2.7884, time 447.22ms, mfu 0.01%
iter 48: loss 2.6817, time 482.91ms, mfu 0.01%
iter 49: loss 2.6823, time 456.75ms, mfu 0.01%
step 50: train loss 2.6961, val loss 2.7169
saving checkpoint to experiments/member4/results/exp_023_bs128_nl6_nh8_ne128_bsz16_mi50_dr0.1
iter 50: loss 2.7419, time 4233.24ms, mfu 0.01%

============================================================
Completed: Tue Oct 28 19:09:33 2025
Duration: 50.15 seconds
