Experiment: exp_011_bs128_nl6_nh4_ne256_bsz8_mi50_dr0.1
Config: experiments/member4/configs/exp_011_bs128_nl6_nh4_ne256_bsz8_mi50_dr0.1.py
Started: Tue Oct 28 18:58:17 2025
============================================================

/workspaces/group-assignment/nanoGPT/train.py:196: FutureWarning: `torch.cuda.amp.GradScaler(args...)` is deprecated. Please use `torch.amp.GradScaler('cuda', args...)` instead.
  scaler = torch.cuda.amp.GradScaler(enabled=(dtype == 'float16'))
/home/codespace/.local/lib/python3.12/site-packages/torch/amp/grad_scaler.py:136: UserWarning: torch.cuda.amp.GradScaler is enabled, but CUDA is not available.  Disabling.
  warnings.warn(
Overriding config with config/train_shakespeare_char.py:
# train a miniature character-level shakespeare model
# good for debugging and playing on macbooks and such

out_dir = 'out-shakespeare-char'
eval_interval = 250 # keep frequent because we'll overfit
eval_iters = 200
log_interval = 10 # don't print too too often

# we expect to overfit on this small dataset, so only save when val improves
always_save_checkpoint = False

wandb_log = False # override via command line if you like
wandb_project = 'shakespeare-char'
wandb_run_name = 'mini-gpt'

dataset = 'shakespeare_char'
gradient_accumulation_steps = 1
batch_size = 64
block_size = 256 # context of up to 256 previous characters

# baby GPT model :)
n_layer = 6
n_head = 6
n_embd = 384
dropout = 0.2

learning_rate = 1e-3 # with baby networks can afford to go a bit higher
max_iters = 5000
lr_decay_iters = 5000 # make equal to max_iters usually
min_lr = 1e-4 # learning_rate / 10 usually
beta2 = 0.99 # make a bit bigger because number of tokens per iter is small

warmup_iters = 100 # not super necessary potentially

# on macbook also add
# device = 'cpu'  # run on cpu only
# compile = False # do not torch compile the model

Overriding config with ../experiments/member4/configs/exp_011_bs128_nl6_nh4_ne256_bsz8_mi50_dr0.1.py:
# Experiment configuration
dataset = "shakespeare_char"
gradient_accumulation_steps = 1
learning_rate = 0.001
decay_lr = True
warmup_iters = 10
min_lr = 0.0001
eval_interval = 10
eval_iters = 20
log_interval = 1
always_save_checkpoint = False
device = "cpu"
compile = False
block_size = 128
n_layer = 6
n_head = 4
n_embd = 256
batch_size = 8
max_iters = 50
dropout = 0.1
lr_decay_iters = 50
out_dir = "experiments/member4/results/exp_011_bs128_nl6_nh4_ne256_bsz8_mi50_dr0.1"

tokens per iteration will be: 1,024
found vocab_size = 65 (inside data/shakespeare_char/meta.pkl)
Initializing a new model from scratch
number of parameters: 4.74M
num decayed parameter tensors: 26, with 4,768,000 parameters
num non-decayed parameter tensors: 13, with 3,328 parameters
using fused AdamW: False
step 0: train loss 4.2264, val loss 4.2245
iter 0: loss 4.2292, time 6448.09ms, mfu -100.00%
iter 1: loss 3.7655, time 514.97ms, mfu -100.00%
iter 2: loss 3.5192, time 487.99ms, mfu -100.00%
iter 3: loss 3.4087, time 522.58ms, mfu -100.00%
iter 4: loss 3.3506, time 494.30ms, mfu -100.00%
iter 5: loss 3.3399, time 503.93ms, mfu 0.02%
iter 6: loss 3.2223, time 478.31ms, mfu 0.02%
iter 7: loss 3.2334, time 505.40ms, mfu 0.02%
iter 8: loss 3.0771, time 537.91ms, mfu 0.02%
iter 9: loss 3.1166, time 484.58ms, mfu 0.02%
step 10: train loss 2.9531, val loss 2.9957
saving checkpoint to experiments/member4/results/exp_011_bs128_nl6_nh4_ne256_bsz8_mi50_dr0.1
iter 10: loss 2.9822, time 5851.66ms, mfu 0.02%
iter 11: loss 2.9014, time 488.91ms, mfu 0.02%
iter 12: loss 2.8808, time 485.57ms, mfu 0.02%
iter 13: loss 2.8866, time 478.15ms, mfu 0.02%
iter 14: loss 2.8759, time 479.15ms, mfu 0.02%
iter 15: loss 2.8168, time 480.20ms, mfu 0.02%
iter 16: loss 2.8899, time 498.50ms, mfu 0.02%
iter 17: loss 2.8150, time 535.24ms, mfu 0.02%
iter 18: loss 2.8242, time 529.41ms, mfu 0.02%
iter 19: loss 2.8167, time 477.64ms, mfu 0.02%
step 20: train loss 2.7433, val loss 2.7333
saving checkpoint to experiments/member4/results/exp_011_bs128_nl6_nh4_ne256_bsz8_mi50_dr0.1
iter 20: loss 2.7627, time 5929.79ms, mfu 0.02%
iter 21: loss 2.9012, time 478.26ms, mfu 0.02%
iter 22: loss 2.6822, time 486.92ms, mfu 0.02%
iter 23: loss 2.7891, time 475.56ms, mfu 0.02%
iter 24: loss 2.6891, time 482.21ms, mfu 0.02%
iter 25: loss 2.6725, time 528.62ms, mfu 0.02%
iter 26: loss 2.7192, time 620.29ms, mfu 0.02%
iter 27: loss 2.6106, time 536.11ms, mfu 0.02%
iter 28: loss 2.7331, time 523.44ms, mfu 0.02%
iter 29: loss 2.7015, time 479.85ms, mfu 0.02%
step 30: train loss 2.6821, val loss 2.6682
saving checkpoint to experiments/member4/results/exp_011_bs128_nl6_nh4_ne256_bsz8_mi50_dr0.1
iter 30: loss 2.6231, time 5937.69ms, mfu 0.02%
iter 31: loss 2.5869, time 476.52ms, mfu 0.02%
iter 32: loss 2.6061, time 487.39ms, mfu 0.02%
iter 33: loss 2.6212, time 478.32ms, mfu 0.02%
iter 34: loss 2.6540, time 544.43ms, mfu 0.02%
iter 35: loss 2.7275, time 604.62ms, mfu 0.02%
iter 36: loss 2.6847, time 503.68ms, mfu 0.02%
iter 37: loss 2.6521, time 543.68ms, mfu 0.02%
iter 38: loss 2.5911, time 504.10ms, mfu 0.02%
iter 39: loss 2.5990, time 505.26ms, mfu 0.02%
step 40: train loss 2.6067, val loss 2.6277
saving checkpoint to experiments/member4/results/exp_011_bs128_nl6_nh4_ne256_bsz8_mi50_dr0.1
iter 40: loss 2.6270, time 5915.91ms, mfu 0.02%
iter 41: loss 2.5841, time 482.66ms, mfu 0.02%
iter 42: loss 2.6302, time 479.86ms, mfu 0.02%
iter 43: loss 2.5738, time 479.57ms, mfu 0.02%
iter 44: loss 2.6354, time 479.42ms, mfu 0.02%
iter 45: loss 2.5751, time 572.90ms, mfu 0.02%
iter 46: loss 2.6166, time 633.07ms, mfu 0.02%
iter 47: loss 2.6259, time 484.88ms, mfu 0.02%
iter 48: loss 2.7295, time 489.37ms, mfu 0.02%
iter 49: loss 2.5358, time 512.39ms, mfu 0.02%
step 50: train loss 2.5810, val loss 2.5970
saving checkpoint to experiments/member4/results/exp_011_bs128_nl6_nh4_ne256_bsz8_mi50_dr0.1
iter 50: loss 2.6629, time 5902.43ms, mfu 0.02%

============================================================
Completed: Tue Oct 28 18:59:19 2025
Duration: 61.95 seconds
