Experiment: exp_015_bs128_nl6_nh4_ne256_bsz16_mi50_dr0.1
Config: experiments/member4/configs/exp_015_bs128_nl6_nh4_ne256_bsz16_mi50_dr0.1.py
Started: Tue Oct 28 19:02:25 2025
============================================================

/workspaces/group-assignment/nanoGPT/train.py:196: FutureWarning: `torch.cuda.amp.GradScaler(args...)` is deprecated. Please use `torch.amp.GradScaler('cuda', args...)` instead.
  scaler = torch.cuda.amp.GradScaler(enabled=(dtype == 'float16'))
/home/codespace/.local/lib/python3.12/site-packages/torch/amp/grad_scaler.py:136: UserWarning: torch.cuda.amp.GradScaler is enabled, but CUDA is not available.  Disabling.
  warnings.warn(
Overriding config with config/train_shakespeare_char.py:
# train a miniature character-level shakespeare model
# good for debugging and playing on macbooks and such

out_dir = 'out-shakespeare-char'
eval_interval = 250 # keep frequent because we'll overfit
eval_iters = 200
log_interval = 10 # don't print too too often

# we expect to overfit on this small dataset, so only save when val improves
always_save_checkpoint = False

wandb_log = False # override via command line if you like
wandb_project = 'shakespeare-char'
wandb_run_name = 'mini-gpt'

dataset = 'shakespeare_char'
gradient_accumulation_steps = 1
batch_size = 64
block_size = 256 # context of up to 256 previous characters

# baby GPT model :)
n_layer = 6
n_head = 6
n_embd = 384
dropout = 0.2

learning_rate = 1e-3 # with baby networks can afford to go a bit higher
max_iters = 5000
lr_decay_iters = 5000 # make equal to max_iters usually
min_lr = 1e-4 # learning_rate / 10 usually
beta2 = 0.99 # make a bit bigger because number of tokens per iter is small

warmup_iters = 100 # not super necessary potentially

# on macbook also add
# device = 'cpu'  # run on cpu only
# compile = False # do not torch compile the model

Overriding config with ../experiments/member4/configs/exp_015_bs128_nl6_nh4_ne256_bsz16_mi50_dr0.1.py:
# Experiment configuration
dataset = "shakespeare_char"
gradient_accumulation_steps = 1
learning_rate = 0.001
decay_lr = True
warmup_iters = 10
min_lr = 0.0001
eval_interval = 10
eval_iters = 20
log_interval = 1
always_save_checkpoint = False
device = "cpu"
compile = False
block_size = 128
n_layer = 6
n_head = 4
n_embd = 256
batch_size = 16
max_iters = 50
dropout = 0.1
lr_decay_iters = 50
out_dir = "experiments/member4/results/exp_015_bs128_nl6_nh4_ne256_bsz16_mi50_dr0.1"

tokens per iteration will be: 2,048
found vocab_size = 65 (inside data/shakespeare_char/meta.pkl)
Initializing a new model from scratch
number of parameters: 4.74M
num decayed parameter tensors: 26, with 4,768,000 parameters
num non-decayed parameter tensors: 13, with 3,328 parameters
using fused AdamW: False
step 0: train loss 4.2251, val loss 4.2258
iter 0: loss 4.2220, time 12664.65ms, mfu -100.00%
iter 1: loss 3.7970, time 972.44ms, mfu -100.00%
iter 2: loss 3.4750, time 927.34ms, mfu -100.00%
iter 3: loss 3.4381, time 976.21ms, mfu -100.00%
iter 4: loss 3.3838, time 935.65ms, mfu -100.00%
iter 5: loss 3.2594, time 980.20ms, mfu 0.02%
iter 6: loss 3.1718, time 939.27ms, mfu 0.02%
iter 7: loss 3.0819, time 987.49ms, mfu 0.02%
iter 8: loss 3.0650, time 948.63ms, mfu 0.02%
iter 9: loss 3.0248, time 946.47ms, mfu 0.02%
step 10: train loss 2.9200, val loss 2.9687
saving checkpoint to experiments/member4/results/exp_015_bs128_nl6_nh4_ne256_bsz16_mi50_dr0.1
iter 10: loss 2.9243, time 11693.67ms, mfu 0.02%
iter 11: loss 2.9174, time 936.97ms, mfu 0.02%
iter 12: loss 2.8820, time 924.03ms, mfu 0.02%
iter 13: loss 2.8499, time 946.32ms, mfu 0.02%
iter 14: loss 2.7927, time 1018.44ms, mfu 0.02%
iter 15: loss 2.7727, time 980.02ms, mfu 0.02%
iter 16: loss 2.6814, time 939.54ms, mfu 0.02%
iter 17: loss 2.7475, time 988.72ms, mfu 0.02%
iter 18: loss 2.7396, time 947.60ms, mfu 0.02%
iter 19: loss 2.7013, time 995.07ms, mfu 0.02%
step 20: train loss 2.6759, val loss 2.6766
saving checkpoint to experiments/member4/results/exp_015_bs128_nl6_nh4_ne256_bsz16_mi50_dr0.1
iter 20: loss 2.6811, time 11729.44ms, mfu 0.02%
iter 21: loss 2.6643, time 954.67ms, mfu 0.02%
iter 22: loss 2.7108, time 930.93ms, mfu 0.02%
iter 23: loss 2.6648, time 936.49ms, mfu 0.02%
iter 24: loss 2.7083, time 1063.54ms, mfu 0.02%
iter 25: loss 2.6774, time 962.59ms, mfu 0.02%
iter 26: loss 2.6152, time 978.72ms, mfu 0.02%
iter 27: loss 2.6381, time 984.70ms, mfu 0.02%
iter 28: loss 2.6001, time 974.14ms, mfu 0.02%
iter 29: loss 2.6356, time 928.29ms, mfu 0.02%
step 30: train loss 2.6027, val loss 2.6037
saving checkpoint to experiments/member4/results/exp_015_bs128_nl6_nh4_ne256_bsz16_mi50_dr0.1
iter 30: loss 2.6005, time 11803.89ms, mfu 0.02%
iter 31: loss 2.6192, time 971.94ms, mfu 0.02%
iter 32: loss 2.6016, time 982.32ms, mfu 0.02%
iter 33: loss 2.6262, time 925.78ms, mfu 0.02%
iter 34: loss 2.5960, time 1004.27ms, mfu 0.02%
iter 35: loss 2.6036, time 926.07ms, mfu 0.02%
iter 36: loss 2.5900, time 952.24ms, mfu 0.02%
iter 37: loss 2.5880, time 988.22ms, mfu 0.02%
iter 38: loss 2.6094, time 985.39ms, mfu 0.02%
iter 39: loss 2.5777, time 927.60ms, mfu 0.02%
step 40: train loss 2.5715, val loss 2.5784
saving checkpoint to experiments/member4/results/exp_015_bs128_nl6_nh4_ne256_bsz16_mi50_dr0.1
iter 40: loss 2.6201, time 11818.28ms, mfu 0.02%
iter 41: loss 2.5971, time 933.48ms, mfu 0.02%
iter 42: loss 2.5809, time 948.74ms, mfu 0.02%
iter 43: loss 2.6166, time 943.80ms, mfu 0.02%
iter 44: loss 2.5718, time 988.12ms, mfu 0.02%
iter 45: loss 2.5737, time 927.37ms, mfu 0.02%
iter 46: loss 2.6007, time 941.46ms, mfu 0.02%
iter 47: loss 2.5151, time 983.65ms, mfu 0.02%
iter 48: loss 2.5538, time 937.99ms, mfu 0.02%
iter 49: loss 2.6042, time 935.35ms, mfu 0.02%
step 50: train loss 2.5436, val loss 2.5634
saving checkpoint to experiments/member4/results/exp_015_bs128_nl6_nh4_ne256_bsz16_mi50_dr0.1
iter 50: loss 2.5550, time 11722.95ms, mfu 0.02%

============================================================
Completed: Tue Oct 28 19:04:22 2025
Duration: 117.60 seconds
