Experiment: exp_019_bs128_nl6_nh8_ne128_bsz8_mi50_dr0.1
Config: experiments/member4/configs/exp_019_bs128_nl6_nh8_ne128_bsz8_mi50_dr0.1.py
Started: Tue Oct 28 19:06:53 2025
============================================================

/workspaces/group-assignment/nanoGPT/train.py:196: FutureWarning: `torch.cuda.amp.GradScaler(args...)` is deprecated. Please use `torch.amp.GradScaler('cuda', args...)` instead.
  scaler = torch.cuda.amp.GradScaler(enabled=(dtype == 'float16'))
/home/codespace/.local/lib/python3.12/site-packages/torch/amp/grad_scaler.py:136: UserWarning: torch.cuda.amp.GradScaler is enabled, but CUDA is not available.  Disabling.
  warnings.warn(
Overriding config with config/train_shakespeare_char.py:
# train a miniature character-level shakespeare model
# good for debugging and playing on macbooks and such

out_dir = 'out-shakespeare-char'
eval_interval = 250 # keep frequent because we'll overfit
eval_iters = 200
log_interval = 10 # don't print too too often

# we expect to overfit on this small dataset, so only save when val improves
always_save_checkpoint = False

wandb_log = False # override via command line if you like
wandb_project = 'shakespeare-char'
wandb_run_name = 'mini-gpt'

dataset = 'shakespeare_char'
gradient_accumulation_steps = 1
batch_size = 64
block_size = 256 # context of up to 256 previous characters

# baby GPT model :)
n_layer = 6
n_head = 6
n_embd = 384
dropout = 0.2

learning_rate = 1e-3 # with baby networks can afford to go a bit higher
max_iters = 5000
lr_decay_iters = 5000 # make equal to max_iters usually
min_lr = 1e-4 # learning_rate / 10 usually
beta2 = 0.99 # make a bit bigger because number of tokens per iter is small

warmup_iters = 100 # not super necessary potentially

# on macbook also add
# device = 'cpu'  # run on cpu only
# compile = False # do not torch compile the model

Overriding config with ../experiments/member4/configs/exp_019_bs128_nl6_nh8_ne128_bsz8_mi50_dr0.1.py:
# Experiment configuration
dataset = "shakespeare_char"
gradient_accumulation_steps = 1
learning_rate = 0.001
decay_lr = True
warmup_iters = 10
min_lr = 0.0001
eval_interval = 10
eval_iters = 20
log_interval = 1
always_save_checkpoint = False
device = "cpu"
compile = False
block_size = 128
n_layer = 6
n_head = 8
n_embd = 128
batch_size = 8
max_iters = 50
dropout = 0.1
lr_decay_iters = 50
out_dir = "experiments/member4/results/exp_019_bs128_nl6_nh8_ne128_bsz8_mi50_dr0.1"

tokens per iteration will be: 1,024
found vocab_size = 65 (inside data/shakespeare_char/meta.pkl)
Initializing a new model from scratch
number of parameters: 1.19M
num decayed parameter tensors: 26, with 1,204,352 parameters
num non-decayed parameter tensors: 13, with 1,664 parameters
using fused AdamW: False
step 0: train loss 4.1940, val loss 4.1901
iter 0: loss 4.1964, time 2586.95ms, mfu -100.00%
iter 1: loss 4.0491, time 250.09ms, mfu -100.00%
iter 2: loss 3.8727, time 248.89ms, mfu -100.00%
iter 3: loss 3.7538, time 231.00ms, mfu -100.00%
iter 4: loss 3.6924, time 230.09ms, mfu -100.00%
iter 5: loss 3.6329, time 279.70ms, mfu 0.01%
iter 6: loss 3.5754, time 233.65ms, mfu 0.01%
iter 7: loss 3.6140, time 231.27ms, mfu 0.01%
iter 8: loss 3.4540, time 230.94ms, mfu 0.01%
iter 9: loss 3.3821, time 230.63ms, mfu 0.01%
step 10: train loss 3.3320, val loss 3.3448
saving checkpoint to experiments/member4/results/exp_019_bs128_nl6_nh8_ne128_bsz8_mi50_dr0.1
iter 10: loss 3.3992, time 2236.09ms, mfu 0.01%
iter 11: loss 3.2656, time 242.58ms, mfu 0.01%
iter 12: loss 3.2864, time 253.70ms, mfu 0.01%
iter 13: loss 3.1892, time 228.92ms, mfu 0.01%
iter 14: loss 3.1492, time 227.91ms, mfu 0.01%
iter 15: loss 3.1435, time 232.45ms, mfu 0.01%
iter 16: loss 3.0506, time 226.75ms, mfu 0.01%
iter 17: loss 3.0122, time 232.70ms, mfu 0.01%
iter 18: loss 2.9682, time 230.80ms, mfu 0.01%
iter 19: loss 3.0528, time 227.57ms, mfu 0.01%
step 20: train loss 2.9437, val loss 2.9610
saving checkpoint to experiments/member4/results/exp_019_bs128_nl6_nh8_ne128_bsz8_mi50_dr0.1
iter 20: loss 3.0053, time 2233.00ms, mfu 0.01%
iter 21: loss 2.9462, time 239.31ms, mfu 0.01%
iter 22: loss 2.8985, time 229.62ms, mfu 0.01%
iter 23: loss 2.8280, time 229.37ms, mfu 0.01%
iter 24: loss 2.8030, time 238.17ms, mfu 0.01%
iter 25: loss 2.8659, time 255.23ms, mfu 0.01%
iter 26: loss 2.7544, time 228.68ms, mfu 0.01%
iter 27: loss 2.8040, time 231.59ms, mfu 0.01%
iter 28: loss 2.8704, time 229.85ms, mfu 0.01%
iter 29: loss 2.8285, time 249.50ms, mfu 0.01%
step 30: train loss 2.7897, val loss 2.7888
saving checkpoint to experiments/member4/results/exp_019_bs128_nl6_nh8_ne128_bsz8_mi50_dr0.1
iter 30: loss 2.8371, time 2164.88ms, mfu 0.01%
iter 31: loss 2.7384, time 228.66ms, mfu 0.01%
iter 32: loss 2.8453, time 242.44ms, mfu 0.01%
iter 33: loss 2.7244, time 254.56ms, mfu 0.01%
iter 34: loss 2.8341, time 259.71ms, mfu 0.01%
iter 35: loss 2.7848, time 321.19ms, mfu 0.01%
iter 36: loss 2.7479, time 237.10ms, mfu 0.01%
iter 37: loss 2.8194, time 240.65ms, mfu 0.01%
iter 38: loss 2.7345, time 265.47ms, mfu 0.01%
iter 39: loss 2.7117, time 234.34ms, mfu 0.01%
step 40: train loss 2.7551, val loss 2.7560
saving checkpoint to experiments/member4/results/exp_019_bs128_nl6_nh8_ne128_bsz8_mi50_dr0.1
iter 40: loss 2.7318, time 2150.01ms, mfu 0.01%
iter 41: loss 2.6585, time 326.96ms, mfu 0.01%
iter 42: loss 2.7681, time 228.55ms, mfu 0.01%
iter 43: loss 2.7721, time 230.34ms, mfu 0.01%
iter 44: loss 2.7119, time 232.32ms, mfu 0.01%
iter 45: loss 2.6674, time 243.69ms, mfu 0.01%
iter 46: loss 2.7127, time 245.08ms, mfu 0.01%
iter 47: loss 2.7527, time 246.34ms, mfu 0.01%
iter 48: loss 2.7916, time 243.07ms, mfu 0.01%
iter 49: loss 2.7786, time 248.09ms, mfu 0.01%
step 50: train loss 2.7196, val loss 2.7319
saving checkpoint to experiments/member4/results/exp_019_bs128_nl6_nh8_ne128_bsz8_mi50_dr0.1
iter 50: loss 2.6697, time 2150.55ms, mfu 0.01%

============================================================
Completed: Tue Oct 28 19:07:20 2025
Duration: 27.17 seconds
