Experiment: exp_026_bs128_nl6_nh8_ne256_bsz8_mi25_dr0.2
Config: experiments/member4/configs/exp_026_bs128_nl6_nh8_ne256_bsz8_mi25_dr0.2.py
Started: Tue Oct 28 19:10:58 2025
============================================================

/workspaces/group-assignment/nanoGPT/train.py:196: FutureWarning: `torch.cuda.amp.GradScaler(args...)` is deprecated. Please use `torch.amp.GradScaler('cuda', args...)` instead.
  scaler = torch.cuda.amp.GradScaler(enabled=(dtype == 'float16'))
/home/codespace/.local/lib/python3.12/site-packages/torch/amp/grad_scaler.py:136: UserWarning: torch.cuda.amp.GradScaler is enabled, but CUDA is not available.  Disabling.
  warnings.warn(
Overriding config with config/train_shakespeare_char.py:
# train a miniature character-level shakespeare model
# good for debugging and playing on macbooks and such

out_dir = 'out-shakespeare-char'
eval_interval = 250 # keep frequent because we'll overfit
eval_iters = 200
log_interval = 10 # don't print too too often

# we expect to overfit on this small dataset, so only save when val improves
always_save_checkpoint = False

wandb_log = False # override via command line if you like
wandb_project = 'shakespeare-char'
wandb_run_name = 'mini-gpt'

dataset = 'shakespeare_char'
gradient_accumulation_steps = 1
batch_size = 64
block_size = 256 # context of up to 256 previous characters

# baby GPT model :)
n_layer = 6
n_head = 6
n_embd = 384
dropout = 0.2

learning_rate = 1e-3 # with baby networks can afford to go a bit higher
max_iters = 5000
lr_decay_iters = 5000 # make equal to max_iters usually
min_lr = 1e-4 # learning_rate / 10 usually
beta2 = 0.99 # make a bit bigger because number of tokens per iter is small

warmup_iters = 100 # not super necessary potentially

# on macbook also add
# device = 'cpu'  # run on cpu only
# compile = False # do not torch compile the model

Overriding config with ../experiments/member4/configs/exp_026_bs128_nl6_nh8_ne256_bsz8_mi25_dr0.2.py:
# Experiment configuration
dataset = "shakespeare_char"
gradient_accumulation_steps = 1
learning_rate = 0.001
decay_lr = True
warmup_iters = 10
min_lr = 0.0001
eval_interval = 10
eval_iters = 20
log_interval = 1
always_save_checkpoint = False
device = "cpu"
compile = False
block_size = 128
n_layer = 6
n_head = 8
n_embd = 256
batch_size = 8
max_iters = 25
dropout = 0.2
lr_decay_iters = 25
out_dir = "experiments/member4/results/exp_026_bs128_nl6_nh8_ne256_bsz8_mi25_dr0.2"

tokens per iteration will be: 1,024
found vocab_size = 65 (inside data/shakespeare_char/meta.pkl)
Initializing a new model from scratch
number of parameters: 4.74M
num decayed parameter tensors: 26, with 4,768,000 parameters
num non-decayed parameter tensors: 13, with 3,328 parameters
using fused AdamW: False
step 0: train loss 4.2259, val loss 4.2240
iter 0: loss 4.2342, time 6593.10ms, mfu -100.00%
iter 1: loss 3.8305, time 580.34ms, mfu -100.00%
iter 2: loss 3.5240, time 616.86ms, mfu -100.00%
iter 3: loss 3.5406, time 574.59ms, mfu -100.00%
iter 4: loss 3.4818, time 570.96ms, mfu -100.00%
iter 5: loss 3.3613, time 532.26ms, mfu 0.02%
iter 6: loss 3.2312, time 534.35ms, mfu 0.02%
iter 7: loss 4.0665, time 542.32ms, mfu 0.02%
iter 8: loss 3.2133, time 540.85ms, mfu 0.02%
iter 9: loss 3.0384, time 542.71ms, mfu 0.02%
step 10: train loss 3.0063, val loss 3.0198
saving checkpoint to experiments/member4/results/exp_026_bs128_nl6_nh8_ne256_bsz8_mi25_dr0.2
iter 10: loss 3.0112, time 6135.81ms, mfu 0.02%
iter 11: loss 2.9860, time 544.17ms, mfu 0.02%
iter 12: loss 2.9664, time 559.84ms, mfu 0.02%
iter 13: loss 2.8904, time 564.03ms, mfu 0.02%
iter 14: loss 2.7738, time 550.89ms, mfu 0.02%
iter 15: loss 2.9126, time 539.06ms, mfu 0.02%
iter 16: loss 2.7915, time 557.71ms, mfu 0.02%
iter 17: loss 2.8745, time 531.52ms, mfu 0.02%
iter 18: loss 2.8824, time 556.24ms, mfu 0.02%
iter 19: loss 2.7075, time 538.79ms, mfu 0.02%
step 20: train loss 2.7683, val loss 2.7951
saving checkpoint to experiments/member4/results/exp_026_bs128_nl6_nh8_ne256_bsz8_mi25_dr0.2
iter 20: loss 2.7916, time 6429.91ms, mfu 0.02%
iter 21: loss 2.6848, time 684.55ms, mfu 0.02%
iter 22: loss 2.7467, time 567.49ms, mfu 0.02%
iter 23: loss 2.7977, time 547.40ms, mfu 0.02%
iter 24: loss 2.6752, time 562.67ms, mfu 0.02%
iter 25: loss 2.6752, time 550.83ms, mfu 0.02%

============================================================
Completed: Tue Oct 28 19:11:33 2025
Duration: 35.05 seconds
