Experiment: exp_003_bs128_nl6_nh4_ne128_bsz8_mi50_dr0.1
Config: experiments/member4/configs/exp_003_bs128_nl6_nh4_ne128_bsz8_mi50_dr0.1.py
Started: Tue Oct 28 18:54:09 2025
============================================================

/workspaces/group-assignment/nanoGPT/train.py:196: FutureWarning: `torch.cuda.amp.GradScaler(args...)` is deprecated. Please use `torch.amp.GradScaler('cuda', args...)` instead.
  scaler = torch.cuda.amp.GradScaler(enabled=(dtype == 'float16'))
/home/codespace/.local/lib/python3.12/site-packages/torch/amp/grad_scaler.py:136: UserWarning: torch.cuda.amp.GradScaler is enabled, but CUDA is not available.  Disabling.
  warnings.warn(
Overriding config with config/train_shakespeare_char.py:
# train a miniature character-level shakespeare model
# good for debugging and playing on macbooks and such

out_dir = 'out-shakespeare-char'
eval_interval = 250 # keep frequent because we'll overfit
eval_iters = 200
log_interval = 10 # don't print too too often

# we expect to overfit on this small dataset, so only save when val improves
always_save_checkpoint = False

wandb_log = False # override via command line if you like
wandb_project = 'shakespeare-char'
wandb_run_name = 'mini-gpt'

dataset = 'shakespeare_char'
gradient_accumulation_steps = 1
batch_size = 64
block_size = 256 # context of up to 256 previous characters

# baby GPT model :)
n_layer = 6
n_head = 6
n_embd = 384
dropout = 0.2

learning_rate = 1e-3 # with baby networks can afford to go a bit higher
max_iters = 5000
lr_decay_iters = 5000 # make equal to max_iters usually
min_lr = 1e-4 # learning_rate / 10 usually
beta2 = 0.99 # make a bit bigger because number of tokens per iter is small

warmup_iters = 100 # not super necessary potentially

# on macbook also add
# device = 'cpu'  # run on cpu only
# compile = False # do not torch compile the model

Overriding config with ../experiments/member4/configs/exp_003_bs128_nl6_nh4_ne128_bsz8_mi50_dr0.1.py:
# Experiment configuration
dataset = "shakespeare_char"
gradient_accumulation_steps = 1
learning_rate = 0.001
decay_lr = True
warmup_iters = 10
min_lr = 0.0001
eval_interval = 10
eval_iters = 20
log_interval = 1
always_save_checkpoint = False
device = "cpu"
compile = False
block_size = 128
n_layer = 6
n_head = 4
n_embd = 128
batch_size = 8
max_iters = 50
dropout = 0.1
lr_decay_iters = 50
out_dir = "experiments/member4/results/exp_003_bs128_nl6_nh4_ne128_bsz8_mi50_dr0.1"

tokens per iteration will be: 1,024
found vocab_size = 65 (inside data/shakespeare_char/meta.pkl)
Initializing a new model from scratch
number of parameters: 1.19M
num decayed parameter tensors: 26, with 1,204,352 parameters
num non-decayed parameter tensors: 13, with 1,664 parameters
using fused AdamW: False
step 0: train loss 4.1942, val loss 4.1902
iter 0: loss 4.1911, time 2363.35ms, mfu -100.00%
iter 1: loss 4.0659, time 196.16ms, mfu -100.00%
iter 2: loss 3.8424, time 286.42ms, mfu -100.00%
iter 3: loss 3.7605, time 189.00ms, mfu -100.00%
iter 4: loss 3.7086, time 191.96ms, mfu -100.00%
iter 5: loss 3.6431, time 228.85ms, mfu 0.01%
iter 6: loss 3.6079, time 196.88ms, mfu 0.01%
iter 7: loss 3.5270, time 224.70ms, mfu 0.01%
iter 8: loss 3.4035, time 185.64ms, mfu 0.01%
iter 9: loss 3.3958, time 188.56ms, mfu 0.01%
step 10: train loss 3.3298, val loss 3.3575
saving checkpoint to experiments/member4/results/exp_003_bs128_nl6_nh4_ne128_bsz8_mi50_dr0.1
iter 10: loss 3.3580, time 1916.75ms, mfu 0.01%
iter 11: loss 3.2816, time 187.64ms, mfu 0.01%
iter 12: loss 3.2588, time 188.21ms, mfu 0.01%
iter 13: loss 3.1586, time 184.76ms, mfu 0.01%
iter 14: loss 3.2171, time 184.59ms, mfu 0.01%
iter 15: loss 3.1191, time 185.30ms, mfu 0.01%
iter 16: loss 3.0679, time 187.62ms, mfu 0.01%
iter 17: loss 3.1077, time 196.93ms, mfu 0.01%
iter 18: loss 3.0012, time 186.87ms, mfu 0.01%
iter 19: loss 3.0091, time 196.91ms, mfu 0.01%
step 20: train loss 2.9350, val loss 2.9717
saving checkpoint to experiments/member4/results/exp_003_bs128_nl6_nh4_ne128_bsz8_mi50_dr0.1
iter 20: loss 2.9561, time 1994.23ms, mfu 0.01%
iter 21: loss 2.9190, time 187.16ms, mfu 0.01%
iter 22: loss 2.8667, time 186.86ms, mfu 0.01%
iter 23: loss 2.8445, time 186.56ms, mfu 0.01%
iter 24: loss 2.9105, time 184.29ms, mfu 0.01%
iter 25: loss 2.8197, time 185.21ms, mfu 0.01%
iter 26: loss 2.8564, time 188.77ms, mfu 0.01%
iter 27: loss 2.8326, time 185.98ms, mfu 0.01%
iter 28: loss 2.8940, time 187.74ms, mfu 0.01%
iter 29: loss 2.8254, time 195.01ms, mfu 0.01%
step 30: train loss 2.8088, val loss 2.8230
saving checkpoint to experiments/member4/results/exp_003_bs128_nl6_nh4_ne128_bsz8_mi50_dr0.1
iter 30: loss 2.9082, time 2065.11ms, mfu 0.01%
iter 31: loss 2.8303, time 185.97ms, mfu 0.01%
iter 32: loss 2.8762, time 209.89ms, mfu 0.01%
iter 33: loss 2.7901, time 186.76ms, mfu 0.01%
iter 34: loss 2.7763, time 216.04ms, mfu 0.01%
iter 35: loss 2.8258, time 192.99ms, mfu 0.01%
iter 36: loss 2.8806, time 199.11ms, mfu 0.01%
iter 37: loss 2.8066, time 184.84ms, mfu 0.01%
iter 38: loss 2.7516, time 185.78ms, mfu 0.01%
iter 39: loss 2.6910, time 187.07ms, mfu 0.01%
step 40: train loss 2.7528, val loss 2.7427
saving checkpoint to experiments/member4/results/exp_003_bs128_nl6_nh4_ne128_bsz8_mi50_dr0.1
iter 40: loss 2.7319, time 1962.17ms, mfu 0.01%
iter 41: loss 2.7756, time 183.93ms, mfu 0.01%
iter 42: loss 2.7842, time 212.95ms, mfu 0.01%
iter 43: loss 2.7804, time 260.40ms, mfu 0.01%
iter 44: loss 2.7866, time 189.42ms, mfu 0.01%
iter 45: loss 2.7159, time 190.69ms, mfu 0.01%
iter 46: loss 2.7650, time 184.57ms, mfu 0.01%
iter 47: loss 2.7866, time 187.19ms, mfu 0.01%
iter 48: loss 2.7474, time 185.82ms, mfu 0.01%
iter 49: loss 2.8001, time 213.72ms, mfu 0.01%
step 50: train loss 2.7215, val loss 2.7194
saving checkpoint to experiments/member4/results/exp_003_bs128_nl6_nh4_ne128_bsz8_mi50_dr0.1
iter 50: loss 2.7339, time 1978.17ms, mfu 0.01%

============================================================
Completed: Tue Oct 28 18:54:33 2025
Duration: 23.98 seconds
