Experiment: exp_020_bs128_nl6_nh8_ne128_bsz8_mi50_dr0.2
Config: experiments/member4/configs/exp_020_bs128_nl6_nh8_ne128_bsz8_mi50_dr0.2.py
Started: Tue Oct 28 19:07:20 2025
============================================================

/workspaces/group-assignment/nanoGPT/train.py:196: FutureWarning: `torch.cuda.amp.GradScaler(args...)` is deprecated. Please use `torch.amp.GradScaler('cuda', args...)` instead.
  scaler = torch.cuda.amp.GradScaler(enabled=(dtype == 'float16'))
/home/codespace/.local/lib/python3.12/site-packages/torch/amp/grad_scaler.py:136: UserWarning: torch.cuda.amp.GradScaler is enabled, but CUDA is not available.  Disabling.
  warnings.warn(
Overriding config with config/train_shakespeare_char.py:
# train a miniature character-level shakespeare model
# good for debugging and playing on macbooks and such

out_dir = 'out-shakespeare-char'
eval_interval = 250 # keep frequent because we'll overfit
eval_iters = 200
log_interval = 10 # don't print too too often

# we expect to overfit on this small dataset, so only save when val improves
always_save_checkpoint = False

wandb_log = False # override via command line if you like
wandb_project = 'shakespeare-char'
wandb_run_name = 'mini-gpt'

dataset = 'shakespeare_char'
gradient_accumulation_steps = 1
batch_size = 64
block_size = 256 # context of up to 256 previous characters

# baby GPT model :)
n_layer = 6
n_head = 6
n_embd = 384
dropout = 0.2

learning_rate = 1e-3 # with baby networks can afford to go a bit higher
max_iters = 5000
lr_decay_iters = 5000 # make equal to max_iters usually
min_lr = 1e-4 # learning_rate / 10 usually
beta2 = 0.99 # make a bit bigger because number of tokens per iter is small

warmup_iters = 100 # not super necessary potentially

# on macbook also add
# device = 'cpu'  # run on cpu only
# compile = False # do not torch compile the model

Overriding config with ../experiments/member4/configs/exp_020_bs128_nl6_nh8_ne128_bsz8_mi50_dr0.2.py:
# Experiment configuration
dataset = "shakespeare_char"
gradient_accumulation_steps = 1
learning_rate = 0.001
decay_lr = True
warmup_iters = 10
min_lr = 0.0001
eval_interval = 10
eval_iters = 20
log_interval = 1
always_save_checkpoint = False
device = "cpu"
compile = False
block_size = 128
n_layer = 6
n_head = 8
n_embd = 128
batch_size = 8
max_iters = 50
dropout = 0.2
lr_decay_iters = 50
out_dir = "experiments/member4/results/exp_020_bs128_nl6_nh8_ne128_bsz8_mi50_dr0.2"

tokens per iteration will be: 1,024
found vocab_size = 65 (inside data/shakespeare_char/meta.pkl)
Initializing a new model from scratch
number of parameters: 1.19M
num decayed parameter tensors: 26, with 1,204,352 parameters
num non-decayed parameter tensors: 13, with 1,664 parameters
using fused AdamW: False
step 0: train loss 4.1940, val loss 4.1901
iter 0: loss 4.1935, time 2669.38ms, mfu -100.00%
iter 1: loss 4.0693, time 258.97ms, mfu -100.00%
iter 2: loss 3.8963, time 252.85ms, mfu -100.00%
iter 3: loss 3.7732, time 241.77ms, mfu -100.00%
iter 4: loss 3.7074, time 241.46ms, mfu -100.00%
iter 5: loss 3.6565, time 255.18ms, mfu 0.01%
iter 6: loss 3.6142, time 242.66ms, mfu 0.01%
iter 7: loss 3.5916, time 253.37ms, mfu 0.01%
iter 8: loss 3.5404, time 278.93ms, mfu 0.01%
iter 9: loss 3.4079, time 243.89ms, mfu 0.01%
step 10: train loss 3.3534, val loss 3.3691
saving checkpoint to experiments/member4/results/exp_020_bs128_nl6_nh8_ne128_bsz8_mi50_dr0.2
iter 10: loss 3.4272, time 2176.46ms, mfu 0.01%
iter 11: loss 3.3089, time 240.51ms, mfu 0.01%
iter 12: loss 3.3204, time 242.73ms, mfu 0.01%
iter 13: loss 3.2188, time 241.45ms, mfu 0.01%
iter 14: loss 3.1885, time 244.69ms, mfu 0.01%
iter 15: loss 3.1820, time 253.43ms, mfu 0.01%
iter 16: loss 3.0927, time 250.74ms, mfu 0.01%
iter 17: loss 3.0454, time 250.32ms, mfu 0.01%
iter 18: loss 3.0020, time 265.81ms, mfu 0.01%
iter 19: loss 3.0813, time 245.21ms, mfu 0.01%
step 20: train loss 2.9650, val loss 2.9831
saving checkpoint to experiments/member4/results/exp_020_bs128_nl6_nh8_ne128_bsz8_mi50_dr0.2
iter 20: loss 3.0383, time 2279.06ms, mfu 0.01%
iter 21: loss 2.9744, time 242.48ms, mfu 0.01%
iter 22: loss 2.9510, time 243.96ms, mfu 0.01%
iter 23: loss 2.8639, time 243.95ms, mfu 0.01%
iter 24: loss 2.8356, time 241.30ms, mfu 0.01%
iter 25: loss 2.8939, time 260.43ms, mfu 0.01%
iter 26: loss 2.7841, time 247.89ms, mfu 0.01%
iter 27: loss 2.8372, time 245.87ms, mfu 0.01%
iter 28: loss 2.8962, time 241.83ms, mfu 0.01%
iter 29: loss 2.8615, time 245.52ms, mfu 0.01%
step 30: train loss 2.8052, val loss 2.8044
saving checkpoint to experiments/member4/results/exp_020_bs128_nl6_nh8_ne128_bsz8_mi50_dr0.2
iter 30: loss 2.8742, time 2199.24ms, mfu 0.01%
iter 31: loss 2.7766, time 247.29ms, mfu 0.01%
iter 32: loss 2.8673, time 259.57ms, mfu 0.01%
iter 33: loss 2.7653, time 261.34ms, mfu 0.01%
iter 34: loss 2.8658, time 261.46ms, mfu 0.01%
iter 35: loss 2.8050, time 245.62ms, mfu 0.01%
iter 36: loss 2.7715, time 245.02ms, mfu 0.01%
iter 37: loss 2.8541, time 242.84ms, mfu 0.01%
iter 38: loss 2.7612, time 243.00ms, mfu 0.01%
iter 39: loss 2.7359, time 245.07ms, mfu 0.01%
step 40: train loss 2.7715, val loss 2.7711
saving checkpoint to experiments/member4/results/exp_020_bs128_nl6_nh8_ne128_bsz8_mi50_dr0.2
iter 40: loss 2.7641, time 2239.05ms, mfu 0.01%
iter 41: loss 2.6913, time 267.69ms, mfu 0.01%
iter 42: loss 2.7930, time 266.62ms, mfu 0.01%
iter 43: loss 2.7972, time 248.57ms, mfu 0.01%
iter 44: loss 2.7418, time 242.81ms, mfu 0.01%
iter 45: loss 2.6924, time 248.86ms, mfu 0.01%
iter 46: loss 2.7425, time 281.58ms, mfu 0.01%
iter 47: loss 2.7841, time 254.27ms, mfu 0.01%
iter 48: loss 2.8273, time 258.65ms, mfu 0.01%
iter 49: loss 2.8057, time 243.91ms, mfu 0.01%
step 50: train loss 2.7337, val loss 2.7456
saving checkpoint to experiments/member4/results/exp_020_bs128_nl6_nh8_ne128_bsz8_mi50_dr0.2
iter 50: loss 2.6975, time 2234.97ms, mfu 0.01%

============================================================
Completed: Tue Oct 28 19:07:48 2025
Duration: 27.99 seconds
