Experiment: exp_006_bs128_nl6_nh4_ne128_bsz16_mi25_dr0.2
Config: experiments/member4/configs/exp_006_bs128_nl6_nh4_ne128_bsz16_mi25_dr0.2.py
Started: Tue Oct 28 18:55:21 2025
============================================================

/workspaces/group-assignment/nanoGPT/train.py:196: FutureWarning: `torch.cuda.amp.GradScaler(args...)` is deprecated. Please use `torch.amp.GradScaler('cuda', args...)` instead.
  scaler = torch.cuda.amp.GradScaler(enabled=(dtype == 'float16'))
/home/codespace/.local/lib/python3.12/site-packages/torch/amp/grad_scaler.py:136: UserWarning: torch.cuda.amp.GradScaler is enabled, but CUDA is not available.  Disabling.
  warnings.warn(
Overriding config with config/train_shakespeare_char.py:
# train a miniature character-level shakespeare model
# good for debugging and playing on macbooks and such

out_dir = 'out-shakespeare-char'
eval_interval = 250 # keep frequent because we'll overfit
eval_iters = 200
log_interval = 10 # don't print too too often

# we expect to overfit on this small dataset, so only save when val improves
always_save_checkpoint = False

wandb_log = False # override via command line if you like
wandb_project = 'shakespeare-char'
wandb_run_name = 'mini-gpt'

dataset = 'shakespeare_char'
gradient_accumulation_steps = 1
batch_size = 64
block_size = 256 # context of up to 256 previous characters

# baby GPT model :)
n_layer = 6
n_head = 6
n_embd = 384
dropout = 0.2

learning_rate = 1e-3 # with baby networks can afford to go a bit higher
max_iters = 5000
lr_decay_iters = 5000 # make equal to max_iters usually
min_lr = 1e-4 # learning_rate / 10 usually
beta2 = 0.99 # make a bit bigger because number of tokens per iter is small

warmup_iters = 100 # not super necessary potentially

# on macbook also add
# device = 'cpu'  # run on cpu only
# compile = False # do not torch compile the model

Overriding config with ../experiments/member4/configs/exp_006_bs128_nl6_nh4_ne128_bsz16_mi25_dr0.2.py:
# Experiment configuration
dataset = "shakespeare_char"
gradient_accumulation_steps = 1
learning_rate = 0.001
decay_lr = True
warmup_iters = 10
min_lr = 0.0001
eval_interval = 10
eval_iters = 20
log_interval = 1
always_save_checkpoint = False
device = "cpu"
compile = False
block_size = 128
n_layer = 6
n_head = 4
n_embd = 128
batch_size = 16
max_iters = 25
dropout = 0.2
lr_decay_iters = 25
out_dir = "experiments/member4/results/exp_006_bs128_nl6_nh4_ne128_bsz16_mi25_dr0.2"

tokens per iteration will be: 2,048
found vocab_size = 65 (inside data/shakespeare_char/meta.pkl)
Initializing a new model from scratch
number of parameters: 1.19M
num decayed parameter tensors: 26, with 1,204,352 parameters
num non-decayed parameter tensors: 13, with 1,664 parameters
using fused AdamW: False
step 0: train loss 4.1956, val loss 4.1909
iter 0: loss 4.1857, time 4537.72ms, mfu -100.00%
iter 1: loss 4.0608, time 395.76ms, mfu -100.00%
iter 2: loss 3.8809, time 378.26ms, mfu -100.00%
iter 3: loss 3.7536, time 390.80ms, mfu -100.00%
iter 4: loss 3.6974, time 374.71ms, mfu -100.00%
iter 5: loss 3.6686, time 377.45ms, mfu 0.01%
iter 6: loss 3.6478, time 377.64ms, mfu 0.01%
iter 7: loss 3.5845, time 387.23ms, mfu 0.01%
iter 8: loss 3.5646, time 379.14ms, mfu 0.01%
iter 9: loss 3.4339, time 387.49ms, mfu 0.01%
step 10: train loss 3.3458, val loss 3.3580
saving checkpoint to experiments/member4/results/exp_006_bs128_nl6_nh4_ne128_bsz16_mi25_dr0.2
iter 10: loss 3.3632, time 3832.81ms, mfu 0.01%
iter 11: loss 3.2922, time 387.10ms, mfu 0.01%
iter 12: loss 3.2205, time 377.91ms, mfu 0.01%
iter 13: loss 3.2251, time 433.86ms, mfu 0.01%
iter 14: loss 3.1221, time 390.76ms, mfu 0.01%
iter 15: loss 3.1040, time 388.25ms, mfu 0.01%
iter 16: loss 3.1508, time 395.47ms, mfu 0.01%
iter 17: loss 3.0538, time 407.02ms, mfu 0.01%
iter 18: loss 3.0474, time 391.57ms, mfu 0.01%
iter 19: loss 2.9993, time 377.51ms, mfu 0.01%
step 20: train loss 2.9843, val loss 2.9977
saving checkpoint to experiments/member4/results/exp_006_bs128_nl6_nh4_ne128_bsz16_mi25_dr0.2
iter 20: loss 2.9691, time 3843.34ms, mfu 0.01%
iter 21: loss 2.9598, time 392.83ms, mfu 0.01%
iter 22: loss 3.0142, time 408.38ms, mfu 0.01%
iter 23: loss 2.9978, time 395.75ms, mfu 0.01%
iter 24: loss 3.0253, time 380.72ms, mfu 0.01%
iter 25: loss 2.9972, time 373.96ms, mfu 0.01%

============================================================
Completed: Tue Oct 28 18:55:45 2025
Duration: 23.93 seconds
