Experiment: exp_027_bs128_nl6_nh8_ne256_bsz8_mi50_dr0.1
Config: experiments/member4/configs/exp_027_bs128_nl6_nh8_ne256_bsz8_mi50_dr0.1.py
Started: Tue Oct 28 19:11:33 2025
============================================================

/workspaces/group-assignment/nanoGPT/train.py:196: FutureWarning: `torch.cuda.amp.GradScaler(args...)` is deprecated. Please use `torch.amp.GradScaler('cuda', args...)` instead.
  scaler = torch.cuda.amp.GradScaler(enabled=(dtype == 'float16'))
/home/codespace/.local/lib/python3.12/site-packages/torch/amp/grad_scaler.py:136: UserWarning: torch.cuda.amp.GradScaler is enabled, but CUDA is not available.  Disabling.
  warnings.warn(
Overriding config with config/train_shakespeare_char.py:
# train a miniature character-level shakespeare model
# good for debugging and playing on macbooks and such

out_dir = 'out-shakespeare-char'
eval_interval = 250 # keep frequent because we'll overfit
eval_iters = 200
log_interval = 10 # don't print too too often

# we expect to overfit on this small dataset, so only save when val improves
always_save_checkpoint = False

wandb_log = False # override via command line if you like
wandb_project = 'shakespeare-char'
wandb_run_name = 'mini-gpt'

dataset = 'shakespeare_char'
gradient_accumulation_steps = 1
batch_size = 64
block_size = 256 # context of up to 256 previous characters

# baby GPT model :)
n_layer = 6
n_head = 6
n_embd = 384
dropout = 0.2

learning_rate = 1e-3 # with baby networks can afford to go a bit higher
max_iters = 5000
lr_decay_iters = 5000 # make equal to max_iters usually
min_lr = 1e-4 # learning_rate / 10 usually
beta2 = 0.99 # make a bit bigger because number of tokens per iter is small

warmup_iters = 100 # not super necessary potentially

# on macbook also add
# device = 'cpu'  # run on cpu only
# compile = False # do not torch compile the model

Overriding config with ../experiments/member4/configs/exp_027_bs128_nl6_nh8_ne256_bsz8_mi50_dr0.1.py:
# Experiment configuration
dataset = "shakespeare_char"
gradient_accumulation_steps = 1
learning_rate = 0.001
decay_lr = True
warmup_iters = 10
min_lr = 0.0001
eval_interval = 10
eval_iters = 20
log_interval = 1
always_save_checkpoint = False
device = "cpu"
compile = False
block_size = 128
n_layer = 6
n_head = 8
n_embd = 256
batch_size = 8
max_iters = 50
dropout = 0.1
lr_decay_iters = 50
out_dir = "experiments/member4/results/exp_027_bs128_nl6_nh8_ne256_bsz8_mi50_dr0.1"

tokens per iteration will be: 1,024
found vocab_size = 65 (inside data/shakespeare_char/meta.pkl)
Initializing a new model from scratch
number of parameters: 4.74M
num decayed parameter tensors: 26, with 4,768,000 parameters
num non-decayed parameter tensors: 13, with 3,328 parameters
using fused AdamW: False
step 0: train loss 4.2259, val loss 4.2240
iter 0: loss 4.2403, time 6749.44ms, mfu -100.00%
iter 1: loss 3.7956, time 553.46ms, mfu -100.00%
iter 2: loss 3.5017, time 544.15ms, mfu -100.00%
iter 3: loss 3.5235, time 515.75ms, mfu -100.00%
iter 4: loss 3.4619, time 546.02ms, mfu -100.00%
iter 5: loss 3.3258, time 513.28ms, mfu 0.02%
iter 6: loss 3.1323, time 518.28ms, mfu 0.02%
iter 7: loss 4.2767, time 515.00ms, mfu 0.02%
iter 8: loss 3.1790, time 549.91ms, mfu 0.02%
iter 9: loss 2.9846, time 513.15ms, mfu 0.02%
step 10: train loss 3.0507, val loss 3.0540
saving checkpoint to experiments/member4/results/exp_027_bs128_nl6_nh8_ne256_bsz8_mi50_dr0.1
iter 10: loss 3.0541, time 6131.92ms, mfu 0.02%
iter 11: loss 2.9963, time 534.62ms, mfu 0.02%
iter 12: loss 2.9874, time 520.36ms, mfu 0.02%
iter 13: loss 2.8862, time 537.15ms, mfu 0.02%
iter 14: loss 2.7862, time 517.31ms, mfu 0.02%
iter 15: loss 2.8925, time 516.15ms, mfu 0.02%
iter 16: loss 2.7744, time 525.00ms, mfu 0.02%
iter 17: loss 2.8425, time 526.64ms, mfu 0.02%
iter 18: loss 2.8405, time 517.80ms, mfu 0.02%
iter 19: loss 2.6898, time 512.59ms, mfu 0.02%
step 20: train loss 2.7521, val loss 2.7912
saving checkpoint to experiments/member4/results/exp_027_bs128_nl6_nh8_ne256_bsz8_mi50_dr0.1
iter 20: loss 2.7539, time 6199.43ms, mfu 0.02%
iter 21: loss 2.6514, time 555.48ms, mfu 0.02%
iter 22: loss 2.7355, time 531.95ms, mfu 0.02%
iter 23: loss 2.7901, time 516.85ms, mfu 0.02%
iter 24: loss 2.6494, time 579.44ms, mfu 0.02%
iter 25: loss 2.6308, time 622.86ms, mfu 0.02%
iter 26: loss 2.6614, time 523.29ms, mfu 0.02%
iter 27: loss 2.7057, time 513.02ms, mfu 0.02%
iter 28: loss 2.7108, time 533.02ms, mfu 0.02%
iter 29: loss 2.6726, time 522.16ms, mfu 0.02%
step 30: train loss 2.6567, val loss 2.6641
saving checkpoint to experiments/member4/results/exp_027_bs128_nl6_nh8_ne256_bsz8_mi50_dr0.1
iter 30: loss 2.6201, time 6192.90ms, mfu 0.02%
iter 31: loss 2.7348, time 537.68ms, mfu 0.02%
iter 32: loss 2.6623, time 518.40ms, mfu 0.02%
iter 33: loss 2.6393, time 520.17ms, mfu 0.02%
iter 34: loss 2.6615, time 650.62ms, mfu 0.02%
iter 35: loss 2.6614, time 566.56ms, mfu 0.02%
iter 36: loss 2.6832, time 532.08ms, mfu 0.02%
iter 37: loss 2.5954, time 517.83ms, mfu 0.02%
iter 38: loss 2.8389, time 534.01ms, mfu 0.02%
iter 39: loss 2.6471, time 609.31ms, mfu 0.02%
step 40: train loss 2.6417, val loss 2.6369
saving checkpoint to experiments/member4/results/exp_027_bs128_nl6_nh8_ne256_bsz8_mi50_dr0.1
iter 40: loss 2.5852, time 6132.28ms, mfu 0.02%
iter 41: loss 2.6183, time 539.35ms, mfu 0.02%
iter 42: loss 2.5790, time 521.60ms, mfu 0.02%
iter 43: loss 2.6290, time 571.19ms, mfu 0.02%
iter 44: loss 2.6254, time 675.15ms, mfu 0.02%
iter 45: loss 2.6204, time 528.62ms, mfu 0.02%
iter 46: loss 2.6236, time 530.33ms, mfu 0.02%
iter 47: loss 2.6376, time 599.65ms, mfu 0.02%
iter 48: loss 2.6619, time 516.88ms, mfu 0.02%
iter 49: loss 2.6116, time 513.97ms, mfu 0.02%
step 50: train loss 2.6137, val loss 2.5931
saving checkpoint to experiments/member4/results/exp_027_bs128_nl6_nh8_ne256_bsz8_mi50_dr0.1
iter 50: loss 2.5826, time 6099.79ms, mfu 0.02%

============================================================
Completed: Tue Oct 28 19:12:38 2025
Duration: 64.64 seconds
