Experiment: exp_001_bs128_nl6_nh4_ne128_bsz8_mi25_dr0.1
Config: experiments/member4/configs/exp_001_bs128_nl6_nh4_ne128_bsz8_mi25_dr0.1.py
Started: Tue Oct 28 18:53:41 2025
============================================================

/workspaces/group-assignment/nanoGPT/train.py:196: FutureWarning: `torch.cuda.amp.GradScaler(args...)` is deprecated. Please use `torch.amp.GradScaler('cuda', args...)` instead.
  scaler = torch.cuda.amp.GradScaler(enabled=(dtype == 'float16'))
/home/codespace/.local/lib/python3.12/site-packages/torch/amp/grad_scaler.py:136: UserWarning: torch.cuda.amp.GradScaler is enabled, but CUDA is not available.  Disabling.
  warnings.warn(
Overriding config with config/train_shakespeare_char.py:
# train a miniature character-level shakespeare model
# good for debugging and playing on macbooks and such

out_dir = 'out-shakespeare-char'
eval_interval = 250 # keep frequent because we'll overfit
eval_iters = 200
log_interval = 10 # don't print too too often

# we expect to overfit on this small dataset, so only save when val improves
always_save_checkpoint = False

wandb_log = False # override via command line if you like
wandb_project = 'shakespeare-char'
wandb_run_name = 'mini-gpt'

dataset = 'shakespeare_char'
gradient_accumulation_steps = 1
batch_size = 64
block_size = 256 # context of up to 256 previous characters

# baby GPT model :)
n_layer = 6
n_head = 6
n_embd = 384
dropout = 0.2

learning_rate = 1e-3 # with baby networks can afford to go a bit higher
max_iters = 5000
lr_decay_iters = 5000 # make equal to max_iters usually
min_lr = 1e-4 # learning_rate / 10 usually
beta2 = 0.99 # make a bit bigger because number of tokens per iter is small

warmup_iters = 100 # not super necessary potentially

# on macbook also add
# device = 'cpu'  # run on cpu only
# compile = False # do not torch compile the model

Overriding config with ../experiments/member4/configs/exp_001_bs128_nl6_nh4_ne128_bsz8_mi25_dr0.1.py:
# Experiment configuration
dataset = "shakespeare_char"
gradient_accumulation_steps = 1
learning_rate = 0.001
decay_lr = True
warmup_iters = 10
min_lr = 0.0001
eval_interval = 10
eval_iters = 20
log_interval = 1
always_save_checkpoint = False
device = "cpu"
compile = False
block_size = 128
n_layer = 6
n_head = 4
n_embd = 128
batch_size = 8
max_iters = 25
dropout = 0.1
lr_decay_iters = 25
out_dir = "experiments/member4/results/exp_001_bs128_nl6_nh4_ne128_bsz8_mi25_dr0.1"

tokens per iteration will be: 1,024
found vocab_size = 65 (inside data/shakespeare_char/meta.pkl)
Initializing a new model from scratch
number of parameters: 1.19M
num decayed parameter tensors: 26, with 1,204,352 parameters
num non-decayed parameter tensors: 13, with 1,664 parameters
using fused AdamW: False
step 0: train loss 4.1942, val loss 4.1902
iter 0: loss 4.1911, time 2438.08ms, mfu -100.00%
iter 1: loss 4.0659, time 195.17ms, mfu -100.00%
iter 2: loss 3.8424, time 191.81ms, mfu -100.00%
iter 3: loss 3.7605, time 184.25ms, mfu -100.00%
iter 4: loss 3.7086, time 201.53ms, mfu -100.00%
iter 5: loss 3.6431, time 197.22ms, mfu 0.01%
iter 6: loss 3.6079, time 216.75ms, mfu 0.01%
iter 7: loss 3.5270, time 243.24ms, mfu 0.01%
iter 8: loss 3.4035, time 188.15ms, mfu 0.01%
iter 9: loss 3.3958, time 194.96ms, mfu 0.01%
step 10: train loss 3.3298, val loss 3.3575
saving checkpoint to experiments/member4/results/exp_001_bs128_nl6_nh4_ne128_bsz8_mi25_dr0.1
iter 10: loss 3.3580, time 1942.36ms, mfu 0.01%
iter 11: loss 3.2816, time 198.58ms, mfu 0.01%
iter 12: loss 3.2589, time 190.84ms, mfu 0.01%
iter 13: loss 3.1603, time 190.99ms, mfu 0.01%
iter 14: loss 3.2203, time 184.04ms, mfu 0.01%
iter 15: loss 3.1262, time 183.99ms, mfu 0.01%
iter 16: loss 3.0798, time 185.79ms, mfu 0.01%
iter 17: loss 3.1190, time 188.19ms, mfu 0.01%
iter 18: loss 3.0257, time 185.20ms, mfu 0.01%
iter 19: loss 3.0371, time 188.68ms, mfu 0.01%
step 20: train loss 2.9697, val loss 3.0077
saving checkpoint to experiments/member4/results/exp_001_bs128_nl6_nh4_ne128_bsz8_mi25_dr0.1
iter 20: loss 2.9918, time 2040.26ms, mfu 0.01%
iter 21: loss 2.9607, time 207.02ms, mfu 0.01%
iter 22: loss 2.9267, time 223.21ms, mfu 0.01%
iter 23: loss 2.8995, time 207.71ms, mfu 0.01%
iter 24: loss 2.9703, time 186.34ms, mfu 0.01%
iter 25: loss 2.9025, time 188.24ms, mfu 0.01%

============================================================
Completed: Tue Oct 28 18:53:55 2025
Duration: 13.96 seconds
