Experiment: exp_032_bs128_nl6_nh8_ne256_bsz16_mi50_dr0.2
Config: experiments/member4/configs/exp_032_bs128_nl6_nh8_ne256_bsz16_mi50_dr0.2.py
Started: Tue Oct 28 19:18:00 2025
============================================================

/workspaces/group-assignment/nanoGPT/train.py:196: FutureWarning: `torch.cuda.amp.GradScaler(args...)` is deprecated. Please use `torch.amp.GradScaler('cuda', args...)` instead.
  scaler = torch.cuda.amp.GradScaler(enabled=(dtype == 'float16'))
/home/codespace/.local/lib/python3.12/site-packages/torch/amp/grad_scaler.py:136: UserWarning: torch.cuda.amp.GradScaler is enabled, but CUDA is not available.  Disabling.
  warnings.warn(
Overriding config with config/train_shakespeare_char.py:
# train a miniature character-level shakespeare model
# good for debugging and playing on macbooks and such

out_dir = 'out-shakespeare-char'
eval_interval = 250 # keep frequent because we'll overfit
eval_iters = 200
log_interval = 10 # don't print too too often

# we expect to overfit on this small dataset, so only save when val improves
always_save_checkpoint = False

wandb_log = False # override via command line if you like
wandb_project = 'shakespeare-char'
wandb_run_name = 'mini-gpt'

dataset = 'shakespeare_char'
gradient_accumulation_steps = 1
batch_size = 64
block_size = 256 # context of up to 256 previous characters

# baby GPT model :)
n_layer = 6
n_head = 6
n_embd = 384
dropout = 0.2

learning_rate = 1e-3 # with baby networks can afford to go a bit higher
max_iters = 5000
lr_decay_iters = 5000 # make equal to max_iters usually
min_lr = 1e-4 # learning_rate / 10 usually
beta2 = 0.99 # make a bit bigger because number of tokens per iter is small

warmup_iters = 100 # not super necessary potentially

# on macbook also add
# device = 'cpu'  # run on cpu only
# compile = False # do not torch compile the model

Overriding config with ../experiments/member4/configs/exp_032_bs128_nl6_nh8_ne256_bsz16_mi50_dr0.2.py:
# Experiment configuration
dataset = "shakespeare_char"
gradient_accumulation_steps = 1
learning_rate = 0.001
decay_lr = True
warmup_iters = 10
min_lr = 0.0001
eval_interval = 10
eval_iters = 20
log_interval = 1
always_save_checkpoint = False
device = "cpu"
compile = False
block_size = 128
n_layer = 6
n_head = 8
n_embd = 256
batch_size = 16
max_iters = 50
dropout = 0.2
lr_decay_iters = 50
out_dir = "experiments/member4/results/exp_032_bs128_nl6_nh8_ne256_bsz16_mi50_dr0.2"

tokens per iteration will be: 2,048
found vocab_size = 65 (inside data/shakespeare_char/meta.pkl)
Initializing a new model from scratch
number of parameters: 4.74M
num decayed parameter tensors: 26, with 4,768,000 parameters
num non-decayed parameter tensors: 13, with 3,328 parameters
using fused AdamW: False
step 0: train loss 4.2246, val loss 4.2253
iter 0: loss 4.2171, time 13248.77ms, mfu -100.00%
iter 1: loss 3.8013, time 1132.22ms, mfu -100.00%
iter 2: loss 3.5592, time 1083.19ms, mfu -100.00%
iter 3: loss 3.4469, time 1230.40ms, mfu -100.00%
iter 4: loss 3.3615, time 1149.77ms, mfu -100.00%
iter 5: loss 3.3178, time 1104.65ms, mfu 0.02%
iter 6: loss 3.1929, time 1100.06ms, mfu 0.02%
iter 7: loss 3.0919, time 1083.56ms, mfu 0.02%
iter 8: loss 3.0554, time 1117.67ms, mfu 0.02%
iter 9: loss 3.0439, time 1117.94ms, mfu 0.02%
step 10: train loss 2.9414, val loss 2.9381
saving checkpoint to experiments/member4/results/exp_032_bs128_nl6_nh8_ne256_bsz16_mi50_dr0.2
iter 10: loss 2.9454, time 13919.40ms, mfu 0.02%
iter 11: loss 3.0180, time 1259.96ms, mfu 0.02%
iter 12: loss 2.8892, time 1250.37ms, mfu 0.02%
iter 13: loss 2.7814, time 1176.35ms, mfu 0.02%
iter 14: loss 2.7962, time 1283.11ms, mfu 0.02%
iter 15: loss 2.7820, time 1243.87ms, mfu 0.02%
iter 16: loss 2.7885, time 1214.79ms, mfu 0.02%
iter 17: loss 2.8006, time 1189.06ms, mfu 0.02%
iter 18: loss 2.8021, time 1300.92ms, mfu 0.02%
iter 19: loss 2.7901, time 1305.70ms, mfu 0.02%
step 20: train loss 2.7014, val loss 2.7127
saving checkpoint to experiments/member4/results/exp_032_bs128_nl6_nh8_ne256_bsz16_mi50_dr0.2
iter 20: loss 2.7185, time 12741.69ms, mfu 0.01%
iter 21: loss 2.6987, time 1106.87ms, mfu 0.02%
iter 22: loss 2.7241, time 1103.44ms, mfu 0.02%
iter 23: loss 2.5979, time 1215.19ms, mfu 0.02%
iter 24: loss 2.7015, time 1076.72ms, mfu 0.02%
iter 25: loss 2.7325, time 1150.36ms, mfu 0.02%
iter 26: loss 2.6645, time 1212.30ms, mfu 0.02%
iter 27: loss 2.6535, time 1104.16ms, mfu 0.02%
iter 28: loss 2.6483, time 1104.57ms, mfu 0.02%
iter 29: loss 2.6880, time 1067.98ms, mfu 0.02%
step 30: train loss 2.6187, val loss 2.6429
saving checkpoint to experiments/member4/results/exp_032_bs128_nl6_nh8_ne256_bsz16_mi50_dr0.2
iter 30: loss 2.6569, time 12184.81ms, mfu 0.02%
iter 31: loss 2.6620, time 1057.98ms, mfu 0.02%
iter 32: loss 2.5977, time 1086.36ms, mfu 0.02%
iter 33: loss 2.6635, time 1201.20ms, mfu 0.02%
iter 34: loss 2.5925, time 1106.26ms, mfu 0.02%
iter 35: loss 2.6426, time 1129.28ms, mfu 0.02%
iter 36: loss 2.6305, time 1054.71ms, mfu 0.02%
iter 37: loss 2.6000, time 1074.52ms, mfu 0.02%
iter 38: loss 2.6220, time 1088.72ms, mfu 0.02%
iter 39: loss 2.6410, time 1087.14ms, mfu 0.02%
step 40: train loss 2.5993, val loss 2.5778
saving checkpoint to experiments/member4/results/exp_032_bs128_nl6_nh8_ne256_bsz16_mi50_dr0.2
iter 40: loss 2.5822, time 12730.08ms, mfu 0.02%
iter 41: loss 2.5808, time 1196.73ms, mfu 0.02%
iter 42: loss 2.5774, time 1143.93ms, mfu 0.02%
iter 43: loss 2.5919, time 1094.03ms, mfu 0.02%
iter 44: loss 2.6301, time 1111.77ms, mfu 0.02%
iter 45: loss 2.5433, time 1120.10ms, mfu 0.02%
iter 46: loss 2.5807, time 1059.06ms, mfu 0.02%
iter 47: loss 2.5461, time 1076.56ms, mfu 0.02%
iter 48: loss 2.6061, time 1051.50ms, mfu 0.02%
iter 49: loss 2.5458, time 1081.03ms, mfu 0.02%
step 50: train loss 2.5740, val loss 2.5757
saving checkpoint to experiments/member4/results/exp_032_bs128_nl6_nh8_ne256_bsz16_mi50_dr0.2
iter 50: loss 2.5608, time 12130.98ms, mfu 0.02%

============================================================
Completed: Tue Oct 28 19:20:11 2025
Duration: 131.23 seconds
