Experiment: exp_025_bs128_nl6_nh8_ne256_bsz8_mi25_dr0.1
Config: experiments/member4/configs/exp_025_bs128_nl6_nh8_ne256_bsz8_mi25_dr0.1.py
Started: Tue Oct 28 19:10:24 2025
============================================================

/workspaces/group-assignment/nanoGPT/train.py:196: FutureWarning: `torch.cuda.amp.GradScaler(args...)` is deprecated. Please use `torch.amp.GradScaler('cuda', args...)` instead.
  scaler = torch.cuda.amp.GradScaler(enabled=(dtype == 'float16'))
/home/codespace/.local/lib/python3.12/site-packages/torch/amp/grad_scaler.py:136: UserWarning: torch.cuda.amp.GradScaler is enabled, but CUDA is not available.  Disabling.
  warnings.warn(
Overriding config with config/train_shakespeare_char.py:
# train a miniature character-level shakespeare model
# good for debugging and playing on macbooks and such

out_dir = 'out-shakespeare-char'
eval_interval = 250 # keep frequent because we'll overfit
eval_iters = 200
log_interval = 10 # don't print too too often

# we expect to overfit on this small dataset, so only save when val improves
always_save_checkpoint = False

wandb_log = False # override via command line if you like
wandb_project = 'shakespeare-char'
wandb_run_name = 'mini-gpt'

dataset = 'shakespeare_char'
gradient_accumulation_steps = 1
batch_size = 64
block_size = 256 # context of up to 256 previous characters

# baby GPT model :)
n_layer = 6
n_head = 6
n_embd = 384
dropout = 0.2

learning_rate = 1e-3 # with baby networks can afford to go a bit higher
max_iters = 5000
lr_decay_iters = 5000 # make equal to max_iters usually
min_lr = 1e-4 # learning_rate / 10 usually
beta2 = 0.99 # make a bit bigger because number of tokens per iter is small

warmup_iters = 100 # not super necessary potentially

# on macbook also add
# device = 'cpu'  # run on cpu only
# compile = False # do not torch compile the model

Overriding config with ../experiments/member4/configs/exp_025_bs128_nl6_nh8_ne256_bsz8_mi25_dr0.1.py:
# Experiment configuration
dataset = "shakespeare_char"
gradient_accumulation_steps = 1
learning_rate = 0.001
decay_lr = True
warmup_iters = 10
min_lr = 0.0001
eval_interval = 10
eval_iters = 20
log_interval = 1
always_save_checkpoint = False
device = "cpu"
compile = False
block_size = 128
n_layer = 6
n_head = 8
n_embd = 256
batch_size = 8
max_iters = 25
dropout = 0.1
lr_decay_iters = 25
out_dir = "experiments/member4/results/exp_025_bs128_nl6_nh8_ne256_bsz8_mi25_dr0.1"

tokens per iteration will be: 1,024
found vocab_size = 65 (inside data/shakespeare_char/meta.pkl)
Initializing a new model from scratch
number of parameters: 4.74M
num decayed parameter tensors: 26, with 4,768,000 parameters
num non-decayed parameter tensors: 13, with 3,328 parameters
using fused AdamW: False
step 0: train loss 4.2259, val loss 4.2240
iter 0: loss 4.2403, time 6706.13ms, mfu -100.00%
iter 1: loss 3.7956, time 545.16ms, mfu -100.00%
iter 2: loss 3.5017, time 534.50ms, mfu -100.00%
iter 3: loss 3.5235, time 531.66ms, mfu -100.00%
iter 4: loss 3.4619, time 519.17ms, mfu -100.00%
iter 5: loss 3.3258, time 518.51ms, mfu 0.02%
iter 6: loss 3.1323, time 560.34ms, mfu 0.02%
iter 7: loss 4.2767, time 542.83ms, mfu 0.02%
iter 8: loss 3.1790, time 554.76ms, mfu 0.02%
iter 9: loss 2.9846, time 559.36ms, mfu 0.02%
step 10: train loss 3.0507, val loss 3.0540
saving checkpoint to experiments/member4/results/exp_025_bs128_nl6_nh8_ne256_bsz8_mi25_dr0.1
iter 10: loss 3.0541, time 6023.78ms, mfu 0.02%
iter 11: loss 2.9963, time 524.94ms, mfu 0.02%
iter 12: loss 2.9866, time 531.02ms, mfu 0.02%
iter 13: loss 2.8867, time 516.88ms, mfu 0.02%
iter 14: loss 2.7853, time 520.82ms, mfu 0.02%
iter 15: loss 2.8911, time 521.30ms, mfu 0.02%
iter 16: loss 2.7727, time 575.01ms, mfu 0.02%
iter 17: loss 2.8499, time 596.50ms, mfu 0.02%
iter 18: loss 2.8481, time 550.13ms, mfu 0.02%
iter 19: loss 2.6917, time 532.01ms, mfu 0.02%
step 20: train loss 2.7660, val loss 2.7975
saving checkpoint to experiments/member4/results/exp_025_bs128_nl6_nh8_ne256_bsz8_mi25_dr0.1
iter 20: loss 2.7627, time 6194.82ms, mfu 0.02%
iter 21: loss 2.6724, time 516.95ms, mfu 0.02%
iter 22: loss 2.7400, time 517.11ms, mfu 0.02%
iter 23: loss 2.7749, time 521.44ms, mfu 0.02%
iter 24: loss 2.6580, time 530.39ms, mfu 0.02%
iter 25: loss 2.6532, time 534.19ms, mfu 0.02%

============================================================
Completed: Tue Oct 28 19:10:58 2025
Duration: 34.23 seconds
