Experiment: exp_003_bs64_nl6_nh4_ne128_bsz8_mi50_dr0.1
Config: experiments/member2/configs/exp_003_bs64_nl6_nh4_ne128_bsz8_mi50_dr0.1.py
Started: Tue Oct 28 18:22:20 2025
============================================================

/workspaces/group-assignment/nanoGPT/train.py:196: FutureWarning: `torch.cuda.amp.GradScaler(args...)` is deprecated. Please use `torch.amp.GradScaler('cuda', args...)` instead.
  scaler = torch.cuda.amp.GradScaler(enabled=(dtype == 'float16'))
/home/codespace/.local/lib/python3.12/site-packages/torch/amp/grad_scaler.py:136: UserWarning: torch.cuda.amp.GradScaler is enabled, but CUDA is not available.  Disabling.
  warnings.warn(
Overriding config with config/train_shakespeare_char.py:
# train a miniature character-level shakespeare model
# good for debugging and playing on macbooks and such

out_dir = 'out-shakespeare-char'
eval_interval = 250 # keep frequent because we'll overfit
eval_iters = 200
log_interval = 10 # don't print too too often

# we expect to overfit on this small dataset, so only save when val improves
always_save_checkpoint = False

wandb_log = False # override via command line if you like
wandb_project = 'shakespeare-char'
wandb_run_name = 'mini-gpt'

dataset = 'shakespeare_char'
gradient_accumulation_steps = 1
batch_size = 64
block_size = 256 # context of up to 256 previous characters

# baby GPT model :)
n_layer = 6
n_head = 6
n_embd = 384
dropout = 0.2

learning_rate = 1e-3 # with baby networks can afford to go a bit higher
max_iters = 5000
lr_decay_iters = 5000 # make equal to max_iters usually
min_lr = 1e-4 # learning_rate / 10 usually
beta2 = 0.99 # make a bit bigger because number of tokens per iter is small

warmup_iters = 100 # not super necessary potentially

# on macbook also add
# device = 'cpu'  # run on cpu only
# compile = False # do not torch compile the model

Overriding config with ../experiments/member2/configs/exp_003_bs64_nl6_nh4_ne128_bsz8_mi50_dr0.1.py:
# Experiment configuration
dataset = "shakespeare_char"
gradient_accumulation_steps = 1
learning_rate = 0.001
decay_lr = True
warmup_iters = 10
min_lr = 0.0001
eval_interval = 10
eval_iters = 20
log_interval = 1
always_save_checkpoint = False
device = "cpu"
compile = False
block_size = 64
n_layer = 6
n_head = 4
n_embd = 128
batch_size = 8
max_iters = 50
dropout = 0.1
lr_decay_iters = 50
out_dir = "experiments/member2/results/exp_003_bs64_nl6_nh4_ne128_bsz8_mi50_dr0.1"

tokens per iteration will be: 512
found vocab_size = 65 (inside data/shakespeare_char/meta.pkl)
Initializing a new model from scratch
number of parameters: 1.19M
num decayed parameter tensors: 26, with 1,196,160 parameters
num non-decayed parameter tensors: 13, with 1,664 parameters
using fused AdamW: False
step 0: train loss 4.1875, val loss 4.1842
iter 0: loss 4.1856, time 1101.55ms, mfu -100.00%
iter 1: loss 4.0516, time 97.07ms, mfu -100.00%
iter 2: loss 3.8747, time 86.03ms, mfu -100.00%
iter 3: loss 3.7813, time 86.09ms, mfu -100.00%
iter 4: loss 3.6431, time 105.45ms, mfu -100.00%
iter 5: loss 3.6731, time 113.73ms, mfu 0.01%
iter 6: loss 3.5954, time 107.93ms, mfu 0.01%
iter 7: loss 3.5515, time 89.80ms, mfu 0.01%
iter 8: loss 3.4589, time 86.21ms, mfu 0.01%
iter 9: loss 3.4190, time 85.88ms, mfu 0.01%
step 10: train loss 3.3671, val loss 3.3535
saving checkpoint to experiments/member2/results/exp_003_bs64_nl6_nh4_ne128_bsz8_mi50_dr0.1
iter 10: loss 3.3750, time 929.98ms, mfu 0.01%
iter 11: loss 3.3495, time 86.73ms, mfu 0.01%
iter 12: loss 3.2485, time 86.14ms, mfu 0.01%
iter 13: loss 3.2734, time 94.30ms, mfu 0.01%
iter 14: loss 3.2182, time 87.76ms, mfu 0.01%
iter 15: loss 3.1037, time 86.76ms, mfu 0.01%
iter 16: loss 3.0275, time 85.59ms, mfu 0.01%
iter 17: loss 3.0599, time 94.65ms, mfu 0.01%
iter 18: loss 3.0717, time 102.36ms, mfu 0.01%
iter 19: loss 2.9556, time 86.52ms, mfu 0.01%
step 20: train loss 2.9999, val loss 3.0055
saving checkpoint to experiments/member2/results/exp_003_bs64_nl6_nh4_ne128_bsz8_mi50_dr0.1
iter 20: loss 3.0210, time 938.97ms, mfu 0.01%
iter 21: loss 2.9991, time 89.14ms, mfu 0.01%
iter 22: loss 2.9870, time 96.99ms, mfu 0.01%
iter 23: loss 2.9542, time 121.86ms, mfu 0.01%
iter 24: loss 2.9631, time 97.02ms, mfu 0.01%
iter 25: loss 2.9942, time 94.84ms, mfu 0.01%
iter 26: loss 2.8886, time 85.25ms, mfu 0.01%
iter 27: loss 2.9777, time 100.44ms, mfu 0.01%
iter 28: loss 2.9280, time 88.46ms, mfu 0.01%
iter 29: loss 2.8713, time 85.55ms, mfu 0.01%
step 30: train loss 2.8707, val loss 2.8695
saving checkpoint to experiments/member2/results/exp_003_bs64_nl6_nh4_ne128_bsz8_mi50_dr0.1
iter 30: loss 2.7811, time 955.75ms, mfu 0.01%
iter 31: loss 2.8427, time 115.26ms, mfu 0.01%
iter 32: loss 2.8239, time 121.50ms, mfu 0.01%
iter 33: loss 2.8264, time 114.55ms, mfu 0.01%
iter 34: loss 2.8108, time 89.96ms, mfu 0.01%
iter 35: loss 2.7936, time 87.21ms, mfu 0.01%
iter 36: loss 2.7561, time 86.17ms, mfu 0.01%
iter 37: loss 2.8216, time 110.79ms, mfu 0.01%
iter 38: loss 2.8323, time 135.18ms, mfu 0.01%
iter 39: loss 2.8229, time 85.42ms, mfu 0.01%
step 40: train loss 2.7794, val loss 2.8092
saving checkpoint to experiments/member2/results/exp_003_bs64_nl6_nh4_ne128_bsz8_mi50_dr0.1
iter 40: loss 2.8125, time 955.01ms, mfu 0.01%
iter 41: loss 2.8084, time 85.53ms, mfu 0.01%
iter 42: loss 2.8244, time 87.05ms, mfu 0.01%
iter 43: loss 2.8576, time 85.74ms, mfu 0.01%
iter 44: loss 2.7979, time 100.90ms, mfu 0.01%
iter 45: loss 2.8839, time 90.30ms, mfu 0.01%
iter 46: loss 2.7317, time 86.07ms, mfu 0.01%
iter 47: loss 2.7826, time 86.33ms, mfu 0.01%
iter 48: loss 2.8168, time 85.30ms, mfu 0.01%
iter 49: loss 2.7733, time 85.49ms, mfu 0.01%
step 50: train loss 2.7890, val loss 2.7827
saving checkpoint to experiments/member2/results/exp_003_bs64_nl6_nh4_ne128_bsz8_mi50_dr0.1
iter 50: loss 2.7179, time 954.59ms, mfu 0.01%

============================================================
Completed: Tue Oct 28 18:22:33 2025
Duration: 12.87 seconds
