Experiment: exp_004_bs64_nl6_nh4_ne128_bsz8_mi50_dr0.2
Config: experiments/member2/configs/exp_004_bs64_nl6_nh4_ne128_bsz8_mi50_dr0.2.py
Started: Tue Oct 28 18:22:33 2025
============================================================

/workspaces/group-assignment/nanoGPT/train.py:196: FutureWarning: `torch.cuda.amp.GradScaler(args...)` is deprecated. Please use `torch.amp.GradScaler('cuda', args...)` instead.
  scaler = torch.cuda.amp.GradScaler(enabled=(dtype == 'float16'))
/home/codespace/.local/lib/python3.12/site-packages/torch/amp/grad_scaler.py:136: UserWarning: torch.cuda.amp.GradScaler is enabled, but CUDA is not available.  Disabling.
  warnings.warn(
Overriding config with config/train_shakespeare_char.py:
# train a miniature character-level shakespeare model
# good for debugging and playing on macbooks and such

out_dir = 'out-shakespeare-char'
eval_interval = 250 # keep frequent because we'll overfit
eval_iters = 200
log_interval = 10 # don't print too too often

# we expect to overfit on this small dataset, so only save when val improves
always_save_checkpoint = False

wandb_log = False # override via command line if you like
wandb_project = 'shakespeare-char'
wandb_run_name = 'mini-gpt'

dataset = 'shakespeare_char'
gradient_accumulation_steps = 1
batch_size = 64
block_size = 256 # context of up to 256 previous characters

# baby GPT model :)
n_layer = 6
n_head = 6
n_embd = 384
dropout = 0.2

learning_rate = 1e-3 # with baby networks can afford to go a bit higher
max_iters = 5000
lr_decay_iters = 5000 # make equal to max_iters usually
min_lr = 1e-4 # learning_rate / 10 usually
beta2 = 0.99 # make a bit bigger because number of tokens per iter is small

warmup_iters = 100 # not super necessary potentially

# on macbook also add
# device = 'cpu'  # run on cpu only
# compile = False # do not torch compile the model

Overriding config with ../experiments/member2/configs/exp_004_bs64_nl6_nh4_ne128_bsz8_mi50_dr0.2.py:
# Experiment configuration
dataset = "shakespeare_char"
gradient_accumulation_steps = 1
learning_rate = 0.001
decay_lr = True
warmup_iters = 10
min_lr = 0.0001
eval_interval = 10
eval_iters = 20
log_interval = 1
always_save_checkpoint = False
device = "cpu"
compile = False
block_size = 64
n_layer = 6
n_head = 4
n_embd = 128
batch_size = 8
max_iters = 50
dropout = 0.2
lr_decay_iters = 50
out_dir = "experiments/member2/results/exp_004_bs64_nl6_nh4_ne128_bsz8_mi50_dr0.2"

tokens per iteration will be: 512
found vocab_size = 65 (inside data/shakespeare_char/meta.pkl)
Initializing a new model from scratch
number of parameters: 1.19M
num decayed parameter tensors: 26, with 1,196,160 parameters
num non-decayed parameter tensors: 13, with 1,664 parameters
using fused AdamW: False
step 0: train loss 4.1875, val loss 4.1842
iter 0: loss 4.1932, time 1160.47ms, mfu -100.00%
iter 1: loss 4.0760, time 98.95ms, mfu -100.00%
iter 2: loss 3.9075, time 88.03ms, mfu -100.00%
iter 3: loss 3.7977, time 88.56ms, mfu -100.00%
iter 4: loss 3.6555, time 89.84ms, mfu -100.00%
iter 5: loss 3.6846, time 91.46ms, mfu 0.01%
iter 6: loss 3.6094, time 89.13ms, mfu 0.01%
iter 7: loss 3.5779, time 89.37ms, mfu 0.01%
iter 8: loss 3.5195, time 89.02ms, mfu 0.01%
iter 9: loss 3.4619, time 92.92ms, mfu 0.01%
step 10: train loss 3.3904, val loss 3.3757
saving checkpoint to experiments/member2/results/exp_004_bs64_nl6_nh4_ne128_bsz8_mi50_dr0.2
iter 10: loss 3.4048, time 961.08ms, mfu 0.01%
iter 11: loss 3.4034, time 90.66ms, mfu 0.01%
iter 12: loss 3.2590, time 110.92ms, mfu 0.01%
iter 13: loss 3.3265, time 88.86ms, mfu 0.01%
iter 14: loss 3.2267, time 102.04ms, mfu 0.01%
iter 15: loss 3.1718, time 88.92ms, mfu 0.01%
iter 16: loss 3.0701, time 89.37ms, mfu 0.01%
iter 17: loss 3.0942, time 88.50ms, mfu 0.01%
iter 18: loss 3.1250, time 88.87ms, mfu 0.01%
iter 19: loss 3.0128, time 90.37ms, mfu 0.01%
step 20: train loss 3.0245, val loss 3.0325
saving checkpoint to experiments/member2/results/exp_004_bs64_nl6_nh4_ne128_bsz8_mi50_dr0.2
iter 20: loss 3.0746, time 1042.49ms, mfu 0.01%
iter 21: loss 3.0462, time 89.51ms, mfu 0.01%
iter 22: loss 3.0078, time 92.11ms, mfu 0.01%
iter 23: loss 2.9783, time 91.21ms, mfu 0.01%
iter 24: loss 3.0193, time 102.70ms, mfu 0.01%
iter 25: loss 3.0191, time 89.37ms, mfu 0.01%
iter 26: loss 2.9238, time 91.77ms, mfu 0.01%
iter 27: loss 3.0020, time 89.12ms, mfu 0.01%
iter 28: loss 2.9512, time 89.43ms, mfu 0.01%
iter 29: loss 2.9041, time 89.04ms, mfu 0.01%
step 30: train loss 2.8929, val loss 2.8944
saving checkpoint to experiments/member2/results/exp_004_bs64_nl6_nh4_ne128_bsz8_mi50_dr0.2
iter 30: loss 2.8188, time 957.64ms, mfu 0.01%
iter 31: loss 2.8697, time 90.07ms, mfu 0.01%
iter 32: loss 2.8508, time 89.23ms, mfu 0.01%
iter 33: loss 2.8627, time 89.14ms, mfu 0.01%
iter 34: loss 2.8366, time 91.31ms, mfu 0.01%
iter 35: loss 2.8386, time 89.39ms, mfu 0.01%
iter 36: loss 2.7962, time 90.97ms, mfu 0.01%
iter 37: loss 2.8621, time 100.99ms, mfu 0.01%
iter 38: loss 2.8632, time 91.15ms, mfu 0.01%
iter 39: loss 2.8571, time 89.31ms, mfu 0.01%
step 40: train loss 2.8136, val loss 2.8443
saving checkpoint to experiments/member2/results/exp_004_bs64_nl6_nh4_ne128_bsz8_mi50_dr0.2
iter 40: loss 2.8578, time 969.94ms, mfu 0.01%
iter 41: loss 2.8623, time 90.60ms, mfu 0.01%
iter 42: loss 2.8694, time 132.02ms, mfu 0.01%
iter 43: loss 2.8855, time 138.31ms, mfu 0.01%
iter 44: loss 2.8372, time 152.55ms, mfu 0.01%
iter 45: loss 2.9201, time 93.71ms, mfu 0.01%
iter 46: loss 2.7694, time 110.28ms, mfu 0.01%
iter 47: loss 2.8367, time 94.41ms, mfu 0.01%
iter 48: loss 2.8530, time 98.49ms, mfu 0.01%
iter 49: loss 2.8127, time 90.72ms, mfu 0.01%
step 50: train loss 2.8154, val loss 2.8100
saving checkpoint to experiments/member2/results/exp_004_bs64_nl6_nh4_ne128_bsz8_mi50_dr0.2
iter 50: loss 2.7634, time 953.14ms, mfu 0.01%

============================================================
Completed: Tue Oct 28 18:22:46 2025
Duration: 13.22 seconds
