Experiment: exp_006_bs64_nl6_nh4_ne128_bsz16_mi25_dr0.2
Config: experiments/member2/configs/exp_006_bs64_nl6_nh4_ne128_bsz16_mi25_dr0.2.py
Started: Tue Oct 28 18:22:59 2025
============================================================

/workspaces/group-assignment/nanoGPT/train.py:196: FutureWarning: `torch.cuda.amp.GradScaler(args...)` is deprecated. Please use `torch.amp.GradScaler('cuda', args...)` instead.
  scaler = torch.cuda.amp.GradScaler(enabled=(dtype == 'float16'))
/home/codespace/.local/lib/python3.12/site-packages/torch/amp/grad_scaler.py:136: UserWarning: torch.cuda.amp.GradScaler is enabled, but CUDA is not available.  Disabling.
  warnings.warn(
Overriding config with config/train_shakespeare_char.py:
# train a miniature character-level shakespeare model
# good for debugging and playing on macbooks and such

out_dir = 'out-shakespeare-char'
eval_interval = 250 # keep frequent because we'll overfit
eval_iters = 200
log_interval = 10 # don't print too too often

# we expect to overfit on this small dataset, so only save when val improves
always_save_checkpoint = False

wandb_log = False # override via command line if you like
wandb_project = 'shakespeare-char'
wandb_run_name = 'mini-gpt'

dataset = 'shakespeare_char'
gradient_accumulation_steps = 1
batch_size = 64
block_size = 256 # context of up to 256 previous characters

# baby GPT model :)
n_layer = 6
n_head = 6
n_embd = 384
dropout = 0.2

learning_rate = 1e-3 # with baby networks can afford to go a bit higher
max_iters = 5000
lr_decay_iters = 5000 # make equal to max_iters usually
min_lr = 1e-4 # learning_rate / 10 usually
beta2 = 0.99 # make a bit bigger because number of tokens per iter is small

warmup_iters = 100 # not super necessary potentially

# on macbook also add
# device = 'cpu'  # run on cpu only
# compile = False # do not torch compile the model

Overriding config with ../experiments/member2/configs/exp_006_bs64_nl6_nh4_ne128_bsz16_mi25_dr0.2.py:
# Experiment configuration
dataset = "shakespeare_char"
gradient_accumulation_steps = 1
learning_rate = 0.001
decay_lr = True
warmup_iters = 10
min_lr = 0.0001
eval_interval = 10
eval_iters = 20
log_interval = 1
always_save_checkpoint = False
device = "cpu"
compile = False
block_size = 64
n_layer = 6
n_head = 4
n_embd = 128
batch_size = 16
max_iters = 25
dropout = 0.2
lr_decay_iters = 25
out_dir = "experiments/member2/results/exp_006_bs64_nl6_nh4_ne128_bsz16_mi25_dr0.2"

tokens per iteration will be: 1,024
found vocab_size = 65 (inside data/shakespeare_char/meta.pkl)
Initializing a new model from scratch
number of parameters: 1.19M
num decayed parameter tensors: 26, with 1,196,160 parameters
num non-decayed parameter tensors: 13, with 1,664 parameters
using fused AdamW: False
step 0: train loss 4.1893, val loss 4.1842
iter 0: loss 4.1912, time 2241.64ms, mfu -100.00%
iter 1: loss 4.0578, time 178.09ms, mfu -100.00%
iter 2: loss 3.8562, time 167.15ms, mfu -100.00%
iter 3: loss 3.7464, time 165.11ms, mfu -100.00%
iter 4: loss 3.6606, time 165.23ms, mfu -100.00%
iter 5: loss 3.6226, time 166.54ms, mfu 0.02%
iter 6: loss 3.5883, time 165.55ms, mfu 0.02%
iter 7: loss 3.5643, time 165.09ms, mfu 0.02%
iter 8: loss 3.4821, time 172.37ms, mfu 0.02%
iter 9: loss 3.4369, time 186.36ms, mfu 0.02%
step 10: train loss 3.3594, val loss 3.3799
saving checkpoint to experiments/member2/results/exp_006_bs64_nl6_nh4_ne128_bsz16_mi25_dr0.2
iter 10: loss 3.4039, time 1863.11ms, mfu 0.01%
iter 11: loss 3.3420, time 165.45ms, mfu 0.01%
iter 12: loss 3.3130, time 166.02ms, mfu 0.01%
iter 13: loss 3.2203, time 180.61ms, mfu 0.01%
iter 14: loss 3.1077, time 165.00ms, mfu 0.01%
iter 15: loss 3.1723, time 164.96ms, mfu 0.01%
iter 16: loss 3.1058, time 167.42ms, mfu 0.01%
iter 17: loss 3.0311, time 169.51ms, mfu 0.01%
iter 18: loss 3.0338, time 166.58ms, mfu 0.01%
iter 19: loss 3.0254, time 166.20ms, mfu 0.01%
step 20: train loss 2.9819, val loss 2.9956
saving checkpoint to experiments/member2/results/exp_006_bs64_nl6_nh4_ne128_bsz16_mi25_dr0.2
iter 20: loss 3.0701, time 1854.58ms, mfu 0.01%
iter 21: loss 2.9910, time 166.81ms, mfu 0.01%
iter 22: loss 3.0157, time 177.88ms, mfu 0.01%
iter 23: loss 3.0282, time 223.45ms, mfu 0.01%
iter 24: loss 2.9502, time 168.05ms, mfu 0.01%
iter 25: loss 3.0013, time 165.66ms, mfu 0.01%

============================================================
Completed: Tue Oct 28 18:23:11 2025
Duration: 12.83 seconds
