Experiment: exp_008_bs64_nl6_nh4_ne128_bsz16_mi50_dr0.2
Config: experiments/member2/configs/exp_008_bs64_nl6_nh4_ne128_bsz16_mi50_dr0.2.py
Started: Tue Oct 28 18:23:33 2025
============================================================

/workspaces/group-assignment/nanoGPT/train.py:196: FutureWarning: `torch.cuda.amp.GradScaler(args...)` is deprecated. Please use `torch.amp.GradScaler('cuda', args...)` instead.
  scaler = torch.cuda.amp.GradScaler(enabled=(dtype == 'float16'))
/home/codespace/.local/lib/python3.12/site-packages/torch/amp/grad_scaler.py:136: UserWarning: torch.cuda.amp.GradScaler is enabled, but CUDA is not available.  Disabling.
  warnings.warn(
Overriding config with config/train_shakespeare_char.py:
# train a miniature character-level shakespeare model
# good for debugging and playing on macbooks and such

out_dir = 'out-shakespeare-char'
eval_interval = 250 # keep frequent because we'll overfit
eval_iters = 200
log_interval = 10 # don't print too too often

# we expect to overfit on this small dataset, so only save when val improves
always_save_checkpoint = False

wandb_log = False # override via command line if you like
wandb_project = 'shakespeare-char'
wandb_run_name = 'mini-gpt'

dataset = 'shakespeare_char'
gradient_accumulation_steps = 1
batch_size = 64
block_size = 256 # context of up to 256 previous characters

# baby GPT model :)
n_layer = 6
n_head = 6
n_embd = 384
dropout = 0.2

learning_rate = 1e-3 # with baby networks can afford to go a bit higher
max_iters = 5000
lr_decay_iters = 5000 # make equal to max_iters usually
min_lr = 1e-4 # learning_rate / 10 usually
beta2 = 0.99 # make a bit bigger because number of tokens per iter is small

warmup_iters = 100 # not super necessary potentially

# on macbook also add
# device = 'cpu'  # run on cpu only
# compile = False # do not torch compile the model

Overriding config with ../experiments/member2/configs/exp_008_bs64_nl6_nh4_ne128_bsz16_mi50_dr0.2.py:
# Experiment configuration
dataset = "shakespeare_char"
gradient_accumulation_steps = 1
learning_rate = 0.001
decay_lr = True
warmup_iters = 10
min_lr = 0.0001
eval_interval = 10
eval_iters = 20
log_interval = 1
always_save_checkpoint = False
device = "cpu"
compile = False
block_size = 64
n_layer = 6
n_head = 4
n_embd = 128
batch_size = 16
max_iters = 50
dropout = 0.2
lr_decay_iters = 50
out_dir = "experiments/member2/results/exp_008_bs64_nl6_nh4_ne128_bsz16_mi50_dr0.2"

tokens per iteration will be: 1,024
found vocab_size = 65 (inside data/shakespeare_char/meta.pkl)
Initializing a new model from scratch
number of parameters: 1.19M
num decayed parameter tensors: 26, with 1,196,160 parameters
num non-decayed parameter tensors: 13, with 1,664 parameters
using fused AdamW: False
step 0: train loss 4.1893, val loss 4.1842
iter 0: loss 4.1912, time 2285.36ms, mfu -100.00%
iter 1: loss 4.0578, time 181.58ms, mfu -100.00%
iter 2: loss 3.8562, time 178.78ms, mfu -100.00%
iter 3: loss 3.7464, time 165.07ms, mfu -100.00%
iter 4: loss 3.6606, time 166.94ms, mfu -100.00%
iter 5: loss 3.6226, time 164.77ms, mfu 0.02%
iter 6: loss 3.5883, time 164.98ms, mfu 0.02%
iter 7: loss 3.5643, time 186.90ms, mfu 0.02%
iter 8: loss 3.4821, time 172.57ms, mfu 0.02%
iter 9: loss 3.4369, time 173.71ms, mfu 0.02%
step 10: train loss 3.3594, val loss 3.3799
saving checkpoint to experiments/member2/results/exp_008_bs64_nl6_nh4_ne128_bsz16_mi50_dr0.2
iter 10: loss 3.4039, time 1821.79ms, mfu 0.01%
iter 11: loss 3.3420, time 218.96ms, mfu 0.01%
iter 12: loss 3.3130, time 164.89ms, mfu 0.01%
iter 13: loss 3.2187, time 175.94ms, mfu 0.01%
iter 14: loss 3.1051, time 164.48ms, mfu 0.01%
iter 15: loss 3.1659, time 166.53ms, mfu 0.01%
iter 16: loss 3.0935, time 177.66ms, mfu 0.01%
iter 17: loss 3.0176, time 165.15ms, mfu 0.01%
iter 18: loss 3.0025, time 164.94ms, mfu 0.01%
iter 19: loss 2.9925, time 165.31ms, mfu 0.01%
step 20: train loss 2.9517, val loss 2.9701
saving checkpoint to experiments/member2/results/exp_008_bs64_nl6_nh4_ne128_bsz16_mi50_dr0.2
iter 20: loss 3.0417, time 1809.25ms, mfu 0.01%
iter 21: loss 2.9573, time 173.09ms, mfu 0.01%
iter 22: loss 2.9583, time 177.36ms, mfu 0.01%
iter 23: loss 2.9655, time 167.06ms, mfu 0.01%
iter 24: loss 2.8715, time 166.23ms, mfu 0.01%
iter 25: loss 2.9204, time 180.79ms, mfu 0.01%
iter 26: loss 2.9090, time 169.31ms, mfu 0.01%
iter 27: loss 2.8192, time 171.33ms, mfu 0.01%
iter 28: loss 2.8450, time 168.83ms, mfu 0.01%
iter 29: loss 2.8143, time 168.11ms, mfu 0.01%
step 30: train loss 2.8129, val loss 2.7981
saving checkpoint to experiments/member2/results/exp_008_bs64_nl6_nh4_ne128_bsz16_mi50_dr0.2
iter 30: loss 2.8867, time 1823.43ms, mfu 0.01%
iter 31: loss 2.8492, time 167.91ms, mfu 0.01%
iter 32: loss 2.8164, time 213.14ms, mfu 0.01%
iter 33: loss 2.7968, time 170.90ms, mfu 0.01%
iter 34: loss 2.8310, time 164.26ms, mfu 0.01%
iter 35: loss 2.7671, time 165.23ms, mfu 0.01%
iter 36: loss 2.7448, time 164.70ms, mfu 0.01%
iter 37: loss 2.8473, time 166.96ms, mfu 0.01%
iter 38: loss 2.7715, time 164.70ms, mfu 0.01%
iter 39: loss 2.8077, time 164.77ms, mfu 0.01%
step 40: train loss 2.7512, val loss 2.7556
saving checkpoint to experiments/member2/results/exp_008_bs64_nl6_nh4_ne128_bsz16_mi50_dr0.2
iter 40: loss 2.8298, time 1880.75ms, mfu 0.01%
iter 41: loss 2.8022, time 233.15ms, mfu 0.01%
iter 42: loss 2.7671, time 172.57ms, mfu 0.01%
iter 43: loss 2.7043, time 193.28ms, mfu 0.01%
iter 44: loss 2.7302, time 188.39ms, mfu 0.01%
iter 45: loss 2.8712, time 166.49ms, mfu 0.01%
iter 46: loss 2.7689, time 177.27ms, mfu 0.01%
iter 47: loss 2.7322, time 164.65ms, mfu 0.01%
iter 48: loss 2.7564, time 167.23ms, mfu 0.01%
iter 49: loss 2.7190, time 165.53ms, mfu 0.01%
step 50: train loss 2.7085, val loss 2.7315
saving checkpoint to experiments/member2/results/exp_008_bs64_nl6_nh4_ne128_bsz16_mi50_dr0.2
iter 50: loss 2.8767, time 1783.76ms, mfu 0.01%

============================================================
Completed: Tue Oct 28 18:23:55 2025
Duration: 22.03 seconds
