Experiment: exp_022_bs64_nl6_nh8_ne128_bsz16_mi25_dr0.2
Config: experiments/member2/configs/exp_022_bs64_nl6_nh8_ne128_bsz16_mi25_dr0.2.py
Started: Tue Oct 28 18:29:37 2025
============================================================

/workspaces/group-assignment/nanoGPT/train.py:196: FutureWarning: `torch.cuda.amp.GradScaler(args...)` is deprecated. Please use `torch.amp.GradScaler('cuda', args...)` instead.
  scaler = torch.cuda.amp.GradScaler(enabled=(dtype == 'float16'))
/home/codespace/.local/lib/python3.12/site-packages/torch/amp/grad_scaler.py:136: UserWarning: torch.cuda.amp.GradScaler is enabled, but CUDA is not available.  Disabling.
  warnings.warn(
Overriding config with config/train_shakespeare_char.py:
# train a miniature character-level shakespeare model
# good for debugging and playing on macbooks and such

out_dir = 'out-shakespeare-char'
eval_interval = 250 # keep frequent because we'll overfit
eval_iters = 200
log_interval = 10 # don't print too too often

# we expect to overfit on this small dataset, so only save when val improves
always_save_checkpoint = False

wandb_log = False # override via command line if you like
wandb_project = 'shakespeare-char'
wandb_run_name = 'mini-gpt'

dataset = 'shakespeare_char'
gradient_accumulation_steps = 1
batch_size = 64
block_size = 256 # context of up to 256 previous characters

# baby GPT model :)
n_layer = 6
n_head = 6
n_embd = 384
dropout = 0.2

learning_rate = 1e-3 # with baby networks can afford to go a bit higher
max_iters = 5000
lr_decay_iters = 5000 # make equal to max_iters usually
min_lr = 1e-4 # learning_rate / 10 usually
beta2 = 0.99 # make a bit bigger because number of tokens per iter is small

warmup_iters = 100 # not super necessary potentially

# on macbook also add
# device = 'cpu'  # run on cpu only
# compile = False # do not torch compile the model

Overriding config with ../experiments/member2/configs/exp_022_bs64_nl6_nh8_ne128_bsz16_mi25_dr0.2.py:
# Experiment configuration
dataset = "shakespeare_char"
gradient_accumulation_steps = 1
learning_rate = 0.001
decay_lr = True
warmup_iters = 10
min_lr = 0.0001
eval_interval = 10
eval_iters = 20
log_interval = 1
always_save_checkpoint = False
device = "cpu"
compile = False
block_size = 64
n_layer = 6
n_head = 8
n_embd = 128
batch_size = 16
max_iters = 25
dropout = 0.2
lr_decay_iters = 25
out_dir = "experiments/member2/results/exp_022_bs64_nl6_nh8_ne128_bsz16_mi25_dr0.2"

tokens per iteration will be: 1,024
found vocab_size = 65 (inside data/shakespeare_char/meta.pkl)
Initializing a new model from scratch
number of parameters: 1.19M
num decayed parameter tensors: 26, with 1,196,160 parameters
num non-decayed parameter tensors: 13, with 1,664 parameters
using fused AdamW: False
step 0: train loss 4.1893, val loss 4.1842
iter 0: loss 4.1861, time 2424.65ms, mfu -100.00%
iter 1: loss 4.0555, time 209.33ms, mfu -100.00%
iter 2: loss 3.8689, time 204.01ms, mfu -100.00%
iter 3: loss 3.7559, time 195.00ms, mfu -100.00%
iter 4: loss 3.6703, time 216.61ms, mfu -100.00%
iter 5: loss 3.6614, time 208.67ms, mfu 0.01%
iter 6: loss 3.6059, time 211.05ms, mfu 0.01%
iter 7: loss 3.5234, time 194.74ms, mfu 0.01%
iter 8: loss 3.5095, time 209.36ms, mfu 0.01%
iter 9: loss 3.4222, time 194.20ms, mfu 0.01%
step 10: train loss 3.3480, val loss 3.3827
saving checkpoint to experiments/member2/results/exp_022_bs64_nl6_nh8_ne128_bsz16_mi25_dr0.2
iter 10: loss 3.3679, time 1932.15ms, mfu 0.01%
iter 11: loss 3.2316, time 209.11ms, mfu 0.01%
iter 12: loss 3.3351, time 208.50ms, mfu 0.01%
iter 13: loss 3.2259, time 201.72ms, mfu 0.01%
iter 14: loss 3.1527, time 193.87ms, mfu 0.01%
iter 15: loss 3.1181, time 195.24ms, mfu 0.01%
iter 16: loss 3.0896, time 198.78ms, mfu 0.01%
iter 17: loss 3.1287, time 195.40ms, mfu 0.01%
iter 18: loss 3.0199, time 194.90ms, mfu 0.01%
iter 19: loss 2.9817, time 195.91ms, mfu 0.01%
step 20: train loss 2.9942, val loss 3.0039
saving checkpoint to experiments/member2/results/exp_022_bs64_nl6_nh8_ne128_bsz16_mi25_dr0.2
iter 20: loss 3.0310, time 2012.12ms, mfu 0.01%
iter 21: loss 3.0679, time 250.56ms, mfu 0.01%
iter 22: loss 3.0092, time 210.16ms, mfu 0.01%
iter 23: loss 3.0135, time 193.93ms, mfu 0.01%
iter 24: loss 2.9736, time 193.90ms, mfu 0.01%
iter 25: loss 3.0365, time 194.10ms, mfu 0.01%

============================================================
Completed: Tue Oct 28 18:29:52 2025
Duration: 14.05 seconds
