Experiment: exp_028_bs64_nl6_nh8_ne256_bsz8_mi50_dr0.2
Config: experiments/member2/configs/exp_028_bs64_nl6_nh8_ne256_bsz8_mi50_dr0.2.py
Started: Tue Oct 28 18:31:50 2025
============================================================

/workspaces/group-assignment/nanoGPT/train.py:196: FutureWarning: `torch.cuda.amp.GradScaler(args...)` is deprecated. Please use `torch.amp.GradScaler('cuda', args...)` instead.
  scaler = torch.cuda.amp.GradScaler(enabled=(dtype == 'float16'))
/home/codespace/.local/lib/python3.12/site-packages/torch/amp/grad_scaler.py:136: UserWarning: torch.cuda.amp.GradScaler is enabled, but CUDA is not available.  Disabling.
  warnings.warn(
Overriding config with config/train_shakespeare_char.py:
# train a miniature character-level shakespeare model
# good for debugging and playing on macbooks and such

out_dir = 'out-shakespeare-char'
eval_interval = 250 # keep frequent because we'll overfit
eval_iters = 200
log_interval = 10 # don't print too too often

# we expect to overfit on this small dataset, so only save when val improves
always_save_checkpoint = False

wandb_log = False # override via command line if you like
wandb_project = 'shakespeare-char'
wandb_run_name = 'mini-gpt'

dataset = 'shakespeare_char'
gradient_accumulation_steps = 1
batch_size = 64
block_size = 256 # context of up to 256 previous characters

# baby GPT model :)
n_layer = 6
n_head = 6
n_embd = 384
dropout = 0.2

learning_rate = 1e-3 # with baby networks can afford to go a bit higher
max_iters = 5000
lr_decay_iters = 5000 # make equal to max_iters usually
min_lr = 1e-4 # learning_rate / 10 usually
beta2 = 0.99 # make a bit bigger because number of tokens per iter is small

warmup_iters = 100 # not super necessary potentially

# on macbook also add
# device = 'cpu'  # run on cpu only
# compile = False # do not torch compile the model

Overriding config with ../experiments/member2/configs/exp_028_bs64_nl6_nh8_ne256_bsz8_mi50_dr0.2.py:
# Experiment configuration
dataset = "shakespeare_char"
gradient_accumulation_steps = 1
learning_rate = 0.001
decay_lr = True
warmup_iters = 10
min_lr = 0.0001
eval_interval = 10
eval_iters = 20
log_interval = 1
always_save_checkpoint = False
device = "cpu"
compile = False
block_size = 64
n_layer = 6
n_head = 8
n_embd = 256
batch_size = 8
max_iters = 50
dropout = 0.2
lr_decay_iters = 50
out_dir = "experiments/member2/results/exp_028_bs64_nl6_nh8_ne256_bsz8_mi50_dr0.2"

tokens per iteration will be: 512
found vocab_size = 65 (inside data/shakespeare_char/meta.pkl)
Initializing a new model from scratch
number of parameters: 4.74M
num decayed parameter tensors: 26, with 4,751,616 parameters
num non-decayed parameter tensors: 13, with 3,328 parameters
using fused AdamW: False
step 0: train loss 4.2394, val loss 4.2378
iter 0: loss 4.2328, time 3468.20ms, mfu -100.00%
iter 1: loss 3.8432, time 278.71ms, mfu -100.00%
iter 2: loss 3.6015, time 253.07ms, mfu -100.00%
iter 3: loss 3.4572, time 257.90ms, mfu -100.00%
iter 4: loss 3.4298, time 262.64ms, mfu -100.00%
iter 5: loss 3.3623, time 251.54ms, mfu 0.02%
iter 6: loss 3.2264, time 255.82ms, mfu 0.02%
iter 7: loss 3.2876, time 252.61ms, mfu 0.02%
iter 8: loss 5.1287, time 269.45ms, mfu 0.02%
iter 9: loss 3.1179, time 251.49ms, mfu 0.02%
step 10: train loss 3.1245, val loss 3.1646
saving checkpoint to experiments/member2/results/exp_028_bs64_nl6_nh8_ne256_bsz8_mi50_dr0.2
iter 10: loss 3.0849, time 3001.21ms, mfu 0.02%
iter 11: loss 3.2319, time 253.74ms, mfu 0.02%
iter 12: loss 2.9609, time 252.87ms, mfu 0.02%
iter 13: loss 2.8686, time 252.33ms, mfu 0.02%
iter 14: loss 2.9066, time 250.81ms, mfu 0.02%
iter 15: loss 2.8722, time 299.52ms, mfu 0.02%
iter 16: loss 2.8036, time 278.36ms, mfu 0.02%
iter 17: loss 2.8154, time 277.80ms, mfu 0.02%
iter 18: loss 2.9154, time 251.12ms, mfu 0.02%
iter 19: loss 2.8890, time 259.32ms, mfu 0.02%
step 20: train loss 2.8085, val loss 2.8269
saving checkpoint to experiments/member2/results/exp_028_bs64_nl6_nh8_ne256_bsz8_mi50_dr0.2
iter 20: loss 2.8838, time 3059.70ms, mfu 0.02%
iter 21: loss 2.8743, time 327.56ms, mfu 0.02%
iter 22: loss 2.7387, time 270.28ms, mfu 0.02%
iter 23: loss 2.6351, time 254.47ms, mfu 0.02%
iter 24: loss 2.7133, time 252.89ms, mfu 0.02%
iter 25: loss 2.8151, time 251.18ms, mfu 0.02%
iter 26: loss 2.7007, time 273.39ms, mfu 0.02%
iter 27: loss 2.7400, time 254.84ms, mfu 0.02%
iter 28: loss 2.8221, time 251.10ms, mfu 0.02%
iter 29: loss 2.6446, time 250.73ms, mfu 0.02%
step 30: train loss 2.7113, val loss 2.7307
saving checkpoint to experiments/member2/results/exp_028_bs64_nl6_nh8_ne256_bsz8_mi50_dr0.2
iter 30: loss 2.7116, time 3090.35ms, mfu 0.02%
iter 31: loss 2.6612, time 251.96ms, mfu 0.02%
iter 32: loss 2.7740, time 263.06ms, mfu 0.02%
iter 33: loss 2.8150, time 325.24ms, mfu 0.02%
iter 34: loss 2.8030, time 268.23ms, mfu 0.02%
iter 35: loss 2.6876, time 266.72ms, mfu 0.02%
iter 36: loss 2.7304, time 253.53ms, mfu 0.02%
iter 37: loss 2.6238, time 254.67ms, mfu 0.02%
iter 38: loss 2.7058, time 251.24ms, mfu 0.02%
iter 39: loss 2.6803, time 252.89ms, mfu 0.02%
step 40: train loss 2.6776, val loss 2.7002
saving checkpoint to experiments/member2/results/exp_028_bs64_nl6_nh8_ne256_bsz8_mi50_dr0.2
iter 40: loss 2.7741, time 3196.69ms, mfu 0.02%
iter 41: loss 2.6837, time 334.10ms, mfu 0.02%
iter 42: loss 2.7241, time 340.68ms, mfu 0.02%
iter 43: loss 2.7160, time 298.43ms, mfu 0.02%
iter 44: loss 2.6278, time 251.02ms, mfu 0.02%
iter 45: loss 2.8094, time 249.82ms, mfu 0.02%
iter 46: loss 2.6255, time 250.85ms, mfu 0.02%
iter 47: loss 2.6827, time 272.56ms, mfu 0.02%
iter 48: loss 2.7514, time 251.07ms, mfu 0.02%
iter 49: loss 2.6066, time 250.60ms, mfu 0.02%
step 50: train loss 2.6435, val loss 2.6390
saving checkpoint to experiments/member2/results/exp_028_bs64_nl6_nh8_ne256_bsz8_mi50_dr0.2
iter 50: loss 2.6925, time 3153.37ms, mfu 0.02%

============================================================
Completed: Tue Oct 28 18:32:24 2025
Duration: 34.06 seconds
