Experiment: exp_016_bs64_nl6_nh4_ne256_bsz16_mi50_dr0.2
Config: experiments/member2/configs/exp_016_bs64_nl6_nh4_ne256_bsz16_mi50_dr0.2.py
Started: Tue Oct 28 18:27:39 2025
============================================================

/workspaces/group-assignment/nanoGPT/train.py:196: FutureWarning: `torch.cuda.amp.GradScaler(args...)` is deprecated. Please use `torch.amp.GradScaler('cuda', args...)` instead.
  scaler = torch.cuda.amp.GradScaler(enabled=(dtype == 'float16'))
/home/codespace/.local/lib/python3.12/site-packages/torch/amp/grad_scaler.py:136: UserWarning: torch.cuda.amp.GradScaler is enabled, but CUDA is not available.  Disabling.
  warnings.warn(
Overriding config with config/train_shakespeare_char.py:
# train a miniature character-level shakespeare model
# good for debugging and playing on macbooks and such

out_dir = 'out-shakespeare-char'
eval_interval = 250 # keep frequent because we'll overfit
eval_iters = 200
log_interval = 10 # don't print too too often

# we expect to overfit on this small dataset, so only save when val improves
always_save_checkpoint = False

wandb_log = False # override via command line if you like
wandb_project = 'shakespeare-char'
wandb_run_name = 'mini-gpt'

dataset = 'shakespeare_char'
gradient_accumulation_steps = 1
batch_size = 64
block_size = 256 # context of up to 256 previous characters

# baby GPT model :)
n_layer = 6
n_head = 6
n_embd = 384
dropout = 0.2

learning_rate = 1e-3 # with baby networks can afford to go a bit higher
max_iters = 5000
lr_decay_iters = 5000 # make equal to max_iters usually
min_lr = 1e-4 # learning_rate / 10 usually
beta2 = 0.99 # make a bit bigger because number of tokens per iter is small

warmup_iters = 100 # not super necessary potentially

# on macbook also add
# device = 'cpu'  # run on cpu only
# compile = False # do not torch compile the model

Overriding config with ../experiments/member2/configs/exp_016_bs64_nl6_nh4_ne256_bsz16_mi50_dr0.2.py:
# Experiment configuration
dataset = "shakespeare_char"
gradient_accumulation_steps = 1
learning_rate = 0.001
decay_lr = True
warmup_iters = 10
min_lr = 0.0001
eval_interval = 10
eval_iters = 20
log_interval = 1
always_save_checkpoint = False
device = "cpu"
compile = False
block_size = 64
n_layer = 6
n_head = 4
n_embd = 256
batch_size = 16
max_iters = 50
dropout = 0.2
lr_decay_iters = 50
out_dir = "experiments/member2/results/exp_016_bs64_nl6_nh4_ne256_bsz16_mi50_dr0.2"

tokens per iteration will be: 1,024
found vocab_size = 65 (inside data/shakespeare_char/meta.pkl)
Initializing a new model from scratch
number of parameters: 4.74M
num decayed parameter tensors: 26, with 4,751,616 parameters
num non-decayed parameter tensors: 13, with 3,328 parameters
using fused AdamW: False
step 0: train loss 4.2417, val loss 4.2374
iter 0: loss 4.2193, time 6318.47ms, mfu -100.00%
iter 1: loss 3.7901, time 527.16ms, mfu -100.00%
iter 2: loss 3.6103, time 452.13ms, mfu -100.00%
iter 3: loss 3.5160, time 460.10ms, mfu -100.00%
iter 4: loss 3.4593, time 461.45ms, mfu -100.00%
iter 5: loss 3.4153, time 466.14ms, mfu 0.02%
iter 6: loss 3.3072, time 451.43ms, mfu 0.02%
iter 7: loss 3.2842, time 455.55ms, mfu 0.02%
iter 8: loss 3.2603, time 457.78ms, mfu 0.02%
iter 9: loss 3.1216, time 455.41ms, mfu 0.02%
step 10: train loss 3.0954, val loss 3.1093
saving checkpoint to experiments/member2/results/exp_016_bs64_nl6_nh4_ne256_bsz16_mi50_dr0.2
iter 10: loss 3.0812, time 5632.52ms, mfu 0.02%
iter 11: loss 3.0295, time 457.05ms, mfu 0.02%
iter 12: loss 2.9402, time 451.81ms, mfu 0.02%
iter 13: loss 2.8958, time 479.73ms, mfu 0.02%
iter 14: loss 3.0224, time 470.28ms, mfu 0.02%
iter 15: loss 2.8343, time 472.77ms, mfu 0.02%
iter 16: loss 2.8460, time 462.00ms, mfu 0.02%
iter 17: loss 2.8886, time 452.48ms, mfu 0.02%
iter 18: loss 2.8053, time 462.54ms, mfu 0.02%
iter 19: loss 2.8090, time 456.73ms, mfu 0.02%
step 20: train loss 2.7715, val loss 2.7799
saving checkpoint to experiments/member2/results/exp_016_bs64_nl6_nh4_ne256_bsz16_mi50_dr0.2
iter 20: loss 2.8190, time 5639.90ms, mfu 0.02%
iter 21: loss 2.7789, time 704.10ms, mfu 0.02%
iter 22: loss 2.8499, time 454.98ms, mfu 0.02%
iter 23: loss 2.7932, time 452.49ms, mfu 0.02%
iter 24: loss 2.7395, time 448.55ms, mfu 0.02%
iter 25: loss 2.6773, time 514.07ms, mfu 0.02%
iter 26: loss 2.7887, time 479.99ms, mfu 0.02%
iter 27: loss 2.7031, time 452.48ms, mfu 0.02%
iter 28: loss 2.6723, time 449.75ms, mfu 0.02%
iter 29: loss 2.6135, time 466.09ms, mfu 0.02%
step 30: train loss 2.6775, val loss 2.6923
saving checkpoint to experiments/member2/results/exp_016_bs64_nl6_nh4_ne256_bsz16_mi50_dr0.2
iter 30: loss 2.6805, time 5631.82ms, mfu 0.02%
iter 31: loss 2.5806, time 592.41ms, mfu 0.02%
iter 32: loss 2.6463, time 505.41ms, mfu 0.02%
iter 33: loss 2.6754, time 455.23ms, mfu 0.02%
iter 34: loss 2.5794, time 451.75ms, mfu 0.02%
iter 35: loss 2.6261, time 472.35ms, mfu 0.02%
iter 36: loss 2.6090, time 465.52ms, mfu 0.02%
iter 37: loss 2.6703, time 475.31ms, mfu 0.02%
iter 38: loss 2.6444, time 462.60ms, mfu 0.02%
iter 39: loss 2.6270, time 455.22ms, mfu 0.02%
step 40: train loss 2.6259, val loss 2.6294
saving checkpoint to experiments/member2/results/exp_016_bs64_nl6_nh4_ne256_bsz16_mi50_dr0.2
iter 40: loss 2.7107, time 5671.42ms, mfu 0.02%
iter 41: loss 2.6208, time 485.81ms, mfu 0.02%
iter 42: loss 2.5922, time 560.21ms, mfu 0.02%
iter 43: loss 2.6459, time 576.24ms, mfu 0.02%
iter 44: loss 2.6596, time 452.60ms, mfu 0.02%
iter 45: loss 2.6981, time 466.50ms, mfu 0.02%
iter 46: loss 2.6104, time 480.75ms, mfu 0.02%
iter 47: loss 2.6576, time 452.83ms, mfu 0.02%
iter 48: loss 2.5730, time 449.70ms, mfu 0.02%
iter 49: loss 2.5316, time 479.07ms, mfu 0.02%
step 50: train loss 2.5840, val loss 2.5873
saving checkpoint to experiments/member2/results/exp_016_bs64_nl6_nh4_ne256_bsz16_mi50_dr0.2
iter 50: loss 2.6297, time 5667.41ms, mfu 0.02%

============================================================
Completed: Tue Oct 28 18:28:38 2025
Duration: 58.81 seconds
