Experiment: exp_019_bs64_nl6_nh8_ne128_bsz8_mi50_dr0.1
Config: experiments/member2/configs/exp_019_bs64_nl6_nh8_ne128_bsz8_mi50_dr0.1.py
Started: Tue Oct 28 18:28:55 2025
============================================================

/workspaces/group-assignment/nanoGPT/train.py:196: FutureWarning: `torch.cuda.amp.GradScaler(args...)` is deprecated. Please use `torch.amp.GradScaler('cuda', args...)` instead.
  scaler = torch.cuda.amp.GradScaler(enabled=(dtype == 'float16'))
/home/codespace/.local/lib/python3.12/site-packages/torch/amp/grad_scaler.py:136: UserWarning: torch.cuda.amp.GradScaler is enabled, but CUDA is not available.  Disabling.
  warnings.warn(
Overriding config with config/train_shakespeare_char.py:
# train a miniature character-level shakespeare model
# good for debugging and playing on macbooks and such

out_dir = 'out-shakespeare-char'
eval_interval = 250 # keep frequent because we'll overfit
eval_iters = 200
log_interval = 10 # don't print too too often

# we expect to overfit on this small dataset, so only save when val improves
always_save_checkpoint = False

wandb_log = False # override via command line if you like
wandb_project = 'shakespeare-char'
wandb_run_name = 'mini-gpt'

dataset = 'shakespeare_char'
gradient_accumulation_steps = 1
batch_size = 64
block_size = 256 # context of up to 256 previous characters

# baby GPT model :)
n_layer = 6
n_head = 6
n_embd = 384
dropout = 0.2

learning_rate = 1e-3 # with baby networks can afford to go a bit higher
max_iters = 5000
lr_decay_iters = 5000 # make equal to max_iters usually
min_lr = 1e-4 # learning_rate / 10 usually
beta2 = 0.99 # make a bit bigger because number of tokens per iter is small

warmup_iters = 100 # not super necessary potentially

# on macbook also add
# device = 'cpu'  # run on cpu only
# compile = False # do not torch compile the model

Overriding config with ../experiments/member2/configs/exp_019_bs64_nl6_nh8_ne128_bsz8_mi50_dr0.1.py:
# Experiment configuration
dataset = "shakespeare_char"
gradient_accumulation_steps = 1
learning_rate = 0.001
decay_lr = True
warmup_iters = 10
min_lr = 0.0001
eval_interval = 10
eval_iters = 20
log_interval = 1
always_save_checkpoint = False
device = "cpu"
compile = False
block_size = 64
n_layer = 6
n_head = 8
n_embd = 128
batch_size = 8
max_iters = 50
dropout = 0.1
lr_decay_iters = 50
out_dir = "experiments/member2/results/exp_019_bs64_nl6_nh8_ne128_bsz8_mi50_dr0.1"

tokens per iteration will be: 512
found vocab_size = 65 (inside data/shakespeare_char/meta.pkl)
Initializing a new model from scratch
number of parameters: 1.19M
num decayed parameter tensors: 26, with 1,196,160 parameters
num non-decayed parameter tensors: 13, with 1,664 parameters
using fused AdamW: False
step 0: train loss 4.1875, val loss 4.1842
iter 0: loss 4.1909, time 1177.35ms, mfu -100.00%
iter 1: loss 4.0465, time 108.30ms, mfu -100.00%
iter 2: loss 3.8333, time 152.61ms, mfu -100.00%
iter 3: loss 3.7637, time 146.11ms, mfu -100.00%
iter 4: loss 3.6394, time 108.45ms, mfu -100.00%
iter 5: loss 3.7149, time 104.49ms, mfu 0.01%
iter 6: loss 3.6000, time 112.58ms, mfu 0.01%
iter 7: loss 3.5979, time 101.68ms, mfu 0.01%
iter 8: loss 3.5315, time 98.61ms, mfu 0.01%
iter 9: loss 3.4114, time 98.27ms, mfu 0.01%
step 10: train loss 3.3389, val loss 3.3636
saving checkpoint to experiments/member2/results/exp_019_bs64_nl6_nh8_ne128_bsz8_mi50_dr0.1
iter 10: loss 3.3853, time 1048.41ms, mfu 0.01%
iter 11: loss 3.3650, time 99.28ms, mfu 0.01%
iter 12: loss 3.2325, time 105.33ms, mfu 0.01%
iter 13: loss 3.1905, time 100.05ms, mfu 0.01%
iter 14: loss 3.1489, time 98.92ms, mfu 0.01%
iter 15: loss 3.1636, time 99.18ms, mfu 0.01%
iter 16: loss 3.1588, time 98.17ms, mfu 0.01%
iter 17: loss 3.1845, time 98.41ms, mfu 0.01%
iter 18: loss 3.0234, time 102.60ms, mfu 0.01%
iter 19: loss 2.9841, time 98.25ms, mfu 0.01%
step 20: train loss 2.9819, val loss 2.9800
saving checkpoint to experiments/member2/results/exp_019_bs64_nl6_nh8_ne128_bsz8_mi50_dr0.1
iter 20: loss 3.0476, time 1005.53ms, mfu 0.01%
iter 21: loss 3.0255, time 103.00ms, mfu 0.01%
iter 22: loss 2.9232, time 108.60ms, mfu 0.01%
iter 23: loss 2.8893, time 100.96ms, mfu 0.01%
iter 24: loss 3.0269, time 99.66ms, mfu 0.01%
iter 25: loss 2.8799, time 100.28ms, mfu 0.01%
iter 26: loss 2.9059, time 100.90ms, mfu 0.01%
iter 27: loss 2.8245, time 98.56ms, mfu 0.01%
iter 28: loss 2.9368, time 99.96ms, mfu 0.01%
iter 29: loss 2.9032, time 98.98ms, mfu 0.01%
step 30: train loss 2.8611, val loss 2.8728
saving checkpoint to experiments/member2/results/exp_019_bs64_nl6_nh8_ne128_bsz8_mi50_dr0.1
iter 30: loss 2.9052, time 1028.91ms, mfu 0.01%
iter 31: loss 2.9675, time 107.70ms, mfu 0.01%
iter 32: loss 2.8815, time 108.95ms, mfu 0.01%
iter 33: loss 2.8640, time 136.13ms, mfu 0.01%
iter 34: loss 2.8872, time 108.14ms, mfu 0.01%
iter 35: loss 2.9423, time 98.60ms, mfu 0.01%
iter 36: loss 2.8799, time 135.94ms, mfu 0.01%
iter 37: loss 2.8281, time 127.45ms, mfu 0.01%
iter 38: loss 2.7806, time 98.58ms, mfu 0.01%
iter 39: loss 2.8381, time 98.01ms, mfu 0.01%
step 40: train loss 2.8053, val loss 2.8005
saving checkpoint to experiments/member2/results/exp_019_bs64_nl6_nh8_ne128_bsz8_mi50_dr0.1
iter 40: loss 2.7816, time 1028.36ms, mfu 0.01%
iter 41: loss 2.7460, time 108.13ms, mfu 0.01%
iter 42: loss 2.7298, time 102.93ms, mfu 0.01%
iter 43: loss 2.8500, time 109.61ms, mfu 0.01%
iter 44: loss 2.7297, time 106.01ms, mfu 0.01%
iter 45: loss 2.7028, time 102.71ms, mfu 0.01%
iter 46: loss 2.7888, time 99.12ms, mfu 0.01%
iter 47: loss 2.7693, time 102.04ms, mfu 0.01%
iter 48: loss 2.8128, time 99.08ms, mfu 0.01%
iter 49: loss 2.8754, time 99.50ms, mfu 0.01%
step 50: train loss 2.8002, val loss 2.7899
saving checkpoint to experiments/member2/results/exp_019_bs64_nl6_nh8_ne128_bsz8_mi50_dr0.1
iter 50: loss 2.7351, time 1020.34ms, mfu 0.01%

============================================================
Completed: Tue Oct 28 18:29:09 2025
Duration: 13.90 seconds
