Experiment: exp_010_bs64_nl6_nh4_ne256_bsz8_mi25_dr0.2
Config: experiments/member2/configs/exp_010_bs64_nl6_nh4_ne256_bsz8_mi25_dr0.2.py
Started: Tue Oct 28 18:24:13 2025
============================================================

/workspaces/group-assignment/nanoGPT/train.py:196: FutureWarning: `torch.cuda.amp.GradScaler(args...)` is deprecated. Please use `torch.amp.GradScaler('cuda', args...)` instead.
  scaler = torch.cuda.amp.GradScaler(enabled=(dtype == 'float16'))
/home/codespace/.local/lib/python3.12/site-packages/torch/amp/grad_scaler.py:136: UserWarning: torch.cuda.amp.GradScaler is enabled, but CUDA is not available.  Disabling.
  warnings.warn(
Overriding config with config/train_shakespeare_char.py:
# train a miniature character-level shakespeare model
# good for debugging and playing on macbooks and such

out_dir = 'out-shakespeare-char'
eval_interval = 250 # keep frequent because we'll overfit
eval_iters = 200
log_interval = 10 # don't print too too often

# we expect to overfit on this small dataset, so only save when val improves
always_save_checkpoint = False

wandb_log = False # override via command line if you like
wandb_project = 'shakespeare-char'
wandb_run_name = 'mini-gpt'

dataset = 'shakespeare_char'
gradient_accumulation_steps = 1
batch_size = 64
block_size = 256 # context of up to 256 previous characters

# baby GPT model :)
n_layer = 6
n_head = 6
n_embd = 384
dropout = 0.2

learning_rate = 1e-3 # with baby networks can afford to go a bit higher
max_iters = 5000
lr_decay_iters = 5000 # make equal to max_iters usually
min_lr = 1e-4 # learning_rate / 10 usually
beta2 = 0.99 # make a bit bigger because number of tokens per iter is small

warmup_iters = 100 # not super necessary potentially

# on macbook also add
# device = 'cpu'  # run on cpu only
# compile = False # do not torch compile the model

Overriding config with ../experiments/member2/configs/exp_010_bs64_nl6_nh4_ne256_bsz8_mi25_dr0.2.py:
# Experiment configuration
dataset = "shakespeare_char"
gradient_accumulation_steps = 1
learning_rate = 0.001
decay_lr = True
warmup_iters = 10
min_lr = 0.0001
eval_interval = 10
eval_iters = 20
log_interval = 1
always_save_checkpoint = False
device = "cpu"
compile = False
block_size = 64
n_layer = 6
n_head = 4
n_embd = 256
batch_size = 8
max_iters = 25
dropout = 0.2
lr_decay_iters = 25
out_dir = "experiments/member2/results/exp_010_bs64_nl6_nh4_ne256_bsz8_mi25_dr0.2"

tokens per iteration will be: 512
found vocab_size = 65 (inside data/shakespeare_char/meta.pkl)
Initializing a new model from scratch
number of parameters: 4.74M
num decayed parameter tensors: 26, with 4,751,616 parameters
num non-decayed parameter tensors: 13, with 3,328 parameters
using fused AdamW: False
step 0: train loss 4.2389, val loss 4.2376
iter 0: loss 4.2254, time 3372.90ms, mfu -100.00%
iter 1: loss 3.8075, time 263.53ms, mfu -100.00%
iter 2: loss 3.5223, time 248.07ms, mfu -100.00%
iter 3: loss 3.4464, time 239.20ms, mfu -100.00%
iter 4: loss 3.3836, time 237.00ms, mfu -100.00%
iter 5: loss 3.3264, time 236.68ms, mfu 0.02%
iter 6: loss 3.2832, time 237.83ms, mfu 0.02%
iter 7: loss 3.2258, time 239.57ms, mfu 0.02%
iter 8: loss 4.9347, time 240.61ms, mfu 0.02%
iter 9: loss 3.1947, time 257.80ms, mfu 0.02%
step 10: train loss 3.1977, val loss 3.2344
saving checkpoint to experiments/member2/results/exp_010_bs64_nl6_nh4_ne256_bsz8_mi25_dr0.2
iter 10: loss 3.1020, time 3004.98ms, mfu 0.02%
iter 11: loss 3.0703, time 239.02ms, mfu 0.02%
iter 12: loss 3.0699, time 240.83ms, mfu 0.02%
iter 13: loss 3.0641, time 237.55ms, mfu 0.02%
iter 14: loss 3.0578, time 237.05ms, mfu 0.02%
iter 15: loss 2.8569, time 237.12ms, mfu 0.02%
iter 16: loss 3.0085, time 250.66ms, mfu 0.02%
iter 17: loss 2.9568, time 237.11ms, mfu 0.02%
iter 18: loss 2.9622, time 265.36ms, mfu 0.02%
iter 19: loss 2.9576, time 240.28ms, mfu 0.02%
step 20: train loss 2.8630, val loss 2.8675
saving checkpoint to experiments/member2/results/exp_010_bs64_nl6_nh4_ne256_bsz8_mi25_dr0.2
iter 20: loss 2.8113, time 3021.93ms, mfu 0.02%
iter 21: loss 2.9299, time 251.32ms, mfu 0.02%
iter 22: loss 2.9082, time 242.42ms, mfu 0.02%
iter 23: loss 2.7437, time 238.07ms, mfu 0.02%
iter 24: loss 2.8759, time 237.00ms, mfu 0.02%
iter 25: loss 2.9214, time 237.54ms, mfu 0.02%

============================================================
Completed: Tue Oct 28 18:24:31 2025
Duration: 17.75 seconds
