Experiment: exp_012_bs64_nl6_nh4_ne256_bsz8_mi50_dr0.2
Config: experiments/member2/configs/exp_012_bs64_nl6_nh4_ne256_bsz8_mi50_dr0.2.py
Started: Tue Oct 28 18:25:04 2025
============================================================

/workspaces/group-assignment/nanoGPT/train.py:196: FutureWarning: `torch.cuda.amp.GradScaler(args...)` is deprecated. Please use `torch.amp.GradScaler('cuda', args...)` instead.
  scaler = torch.cuda.amp.GradScaler(enabled=(dtype == 'float16'))
/home/codespace/.local/lib/python3.12/site-packages/torch/amp/grad_scaler.py:136: UserWarning: torch.cuda.amp.GradScaler is enabled, but CUDA is not available.  Disabling.
  warnings.warn(
Overriding config with config/train_shakespeare_char.py:
# train a miniature character-level shakespeare model
# good for debugging and playing on macbooks and such

out_dir = 'out-shakespeare-char'
eval_interval = 250 # keep frequent because we'll overfit
eval_iters = 200
log_interval = 10 # don't print too too often

# we expect to overfit on this small dataset, so only save when val improves
always_save_checkpoint = False

wandb_log = False # override via command line if you like
wandb_project = 'shakespeare-char'
wandb_run_name = 'mini-gpt'

dataset = 'shakespeare_char'
gradient_accumulation_steps = 1
batch_size = 64
block_size = 256 # context of up to 256 previous characters

# baby GPT model :)
n_layer = 6
n_head = 6
n_embd = 384
dropout = 0.2

learning_rate = 1e-3 # with baby networks can afford to go a bit higher
max_iters = 5000
lr_decay_iters = 5000 # make equal to max_iters usually
min_lr = 1e-4 # learning_rate / 10 usually
beta2 = 0.99 # make a bit bigger because number of tokens per iter is small

warmup_iters = 100 # not super necessary potentially

# on macbook also add
# device = 'cpu'  # run on cpu only
# compile = False # do not torch compile the model

Overriding config with ../experiments/member2/configs/exp_012_bs64_nl6_nh4_ne256_bsz8_mi50_dr0.2.py:
# Experiment configuration
dataset = "shakespeare_char"
gradient_accumulation_steps = 1
learning_rate = 0.001
decay_lr = True
warmup_iters = 10
min_lr = 0.0001
eval_interval = 10
eval_iters = 20
log_interval = 1
always_save_checkpoint = False
device = "cpu"
compile = False
block_size = 64
n_layer = 6
n_head = 4
n_embd = 256
batch_size = 8
max_iters = 50
dropout = 0.2
lr_decay_iters = 50
out_dir = "experiments/member2/results/exp_012_bs64_nl6_nh4_ne256_bsz8_mi50_dr0.2"

tokens per iteration will be: 512
found vocab_size = 65 (inside data/shakespeare_char/meta.pkl)
Initializing a new model from scratch
number of parameters: 4.74M
num decayed parameter tensors: 26, with 4,751,616 parameters
num non-decayed parameter tensors: 13, with 3,328 parameters
using fused AdamW: False
step 0: train loss 4.2389, val loss 4.2376
iter 0: loss 4.2254, time 3512.59ms, mfu -100.00%
iter 1: loss 3.8075, time 265.34ms, mfu -100.00%
iter 2: loss 3.5223, time 240.19ms, mfu -100.00%
iter 3: loss 3.4464, time 239.57ms, mfu -100.00%
iter 4: loss 3.3836, time 251.12ms, mfu -100.00%
iter 5: loss 3.3264, time 236.80ms, mfu 0.02%
iter 6: loss 3.2832, time 243.08ms, mfu 0.02%
iter 7: loss 3.2258, time 237.53ms, mfu 0.02%
iter 8: loss 4.9347, time 238.69ms, mfu 0.02%
iter 9: loss 3.1947, time 254.54ms, mfu 0.02%
step 10: train loss 3.1977, val loss 3.2344
saving checkpoint to experiments/member2/results/exp_012_bs64_nl6_nh4_ne256_bsz8_mi50_dr0.2
iter 10: loss 3.1020, time 3040.32ms, mfu 0.02%
iter 11: loss 3.0703, time 245.15ms, mfu 0.02%
iter 12: loss 3.0697, time 239.03ms, mfu 0.02%
iter 13: loss 3.0655, time 241.06ms, mfu 0.02%
iter 14: loss 3.0717, time 264.99ms, mfu 0.02%
iter 15: loss 2.8650, time 253.73ms, mfu 0.02%
iter 16: loss 3.0061, time 239.15ms, mfu 0.02%
iter 17: loss 2.9591, time 239.75ms, mfu 0.02%
iter 18: loss 2.9815, time 267.35ms, mfu 0.02%
iter 19: loss 2.9470, time 280.71ms, mfu 0.02%
step 20: train loss 2.8585, val loss 2.8713
saving checkpoint to experiments/member2/results/exp_012_bs64_nl6_nh4_ne256_bsz8_mi50_dr0.2
iter 20: loss 2.8216, time 3014.69ms, mfu 0.02%
iter 21: loss 2.9418, time 237.99ms, mfu 0.02%
iter 22: loss 2.9080, time 240.43ms, mfu 0.02%
iter 23: loss 2.7382, time 251.82ms, mfu 0.02%
iter 24: loss 2.8722, time 245.53ms, mfu 0.02%
iter 25: loss 2.8985, time 244.30ms, mfu 0.02%
iter 26: loss 2.8150, time 242.47ms, mfu 0.02%
iter 27: loss 2.7555, time 246.47ms, mfu 0.02%
iter 28: loss 2.7086, time 327.23ms, mfu 0.02%
iter 29: loss 2.8261, time 316.65ms, mfu 0.02%
step 30: train loss 2.7646, val loss 2.7686
saving checkpoint to experiments/member2/results/exp_012_bs64_nl6_nh4_ne256_bsz8_mi50_dr0.2
iter 30: loss 2.7841, time 3145.79ms, mfu 0.02%
iter 31: loss 2.7591, time 242.84ms, mfu 0.02%
iter 32: loss 2.7400, time 253.31ms, mfu 0.02%
iter 33: loss 2.6868, time 242.72ms, mfu 0.02%
iter 34: loss 2.7645, time 242.14ms, mfu 0.02%
iter 35: loss 2.6833, time 241.33ms, mfu 0.02%
iter 36: loss 2.6986, time 344.00ms, mfu 0.02%
iter 37: loss 2.7549, time 398.69ms, mfu 0.02%
iter 38: loss 2.7180, time 268.81ms, mfu 0.02%
iter 39: loss 2.7633, time 240.85ms, mfu 0.02%
step 40: train loss 2.6889, val loss 2.7115
saving checkpoint to experiments/member2/results/exp_012_bs64_nl6_nh4_ne256_bsz8_mi50_dr0.2
iter 40: loss 2.7078, time 2998.35ms, mfu 0.02%
iter 41: loss 2.7360, time 248.55ms, mfu 0.02%
iter 42: loss 2.7169, time 239.01ms, mfu 0.02%
iter 43: loss 2.8045, time 238.57ms, mfu 0.02%
iter 44: loss 2.6827, time 250.22ms, mfu 0.02%
iter 45: loss 2.7430, time 252.28ms, mfu 0.02%
iter 46: loss 2.6550, time 272.26ms, mfu 0.02%
iter 47: loss 2.6688, time 357.89ms, mfu 0.02%
iter 48: loss 2.6160, time 288.24ms, mfu 0.02%
iter 49: loss 2.6790, time 242.57ms, mfu 0.02%
step 50: train loss 2.6429, val loss 2.6639
saving checkpoint to experiments/member2/results/exp_012_bs64_nl6_nh4_ne256_bsz8_mi50_dr0.2
iter 50: loss 2.7409, time 3056.69ms, mfu 0.02%

============================================================
Completed: Tue Oct 28 18:25:37 2025
Duration: 33.27 seconds
