Experiment: exp_020_bs64_nl6_nh8_ne128_bsz8_mi50_dr0.2
Config: experiments/member2/configs/exp_020_bs64_nl6_nh8_ne128_bsz8_mi50_dr0.2.py
Started: Tue Oct 28 18:29:09 2025
============================================================

/workspaces/group-assignment/nanoGPT/train.py:196: FutureWarning: `torch.cuda.amp.GradScaler(args...)` is deprecated. Please use `torch.amp.GradScaler('cuda', args...)` instead.
  scaler = torch.cuda.amp.GradScaler(enabled=(dtype == 'float16'))
/home/codespace/.local/lib/python3.12/site-packages/torch/amp/grad_scaler.py:136: UserWarning: torch.cuda.amp.GradScaler is enabled, but CUDA is not available.  Disabling.
  warnings.warn(
Overriding config with config/train_shakespeare_char.py:
# train a miniature character-level shakespeare model
# good for debugging and playing on macbooks and such

out_dir = 'out-shakespeare-char'
eval_interval = 250 # keep frequent because we'll overfit
eval_iters = 200
log_interval = 10 # don't print too too often

# we expect to overfit on this small dataset, so only save when val improves
always_save_checkpoint = False

wandb_log = False # override via command line if you like
wandb_project = 'shakespeare-char'
wandb_run_name = 'mini-gpt'

dataset = 'shakespeare_char'
gradient_accumulation_steps = 1
batch_size = 64
block_size = 256 # context of up to 256 previous characters

# baby GPT model :)
n_layer = 6
n_head = 6
n_embd = 384
dropout = 0.2

learning_rate = 1e-3 # with baby networks can afford to go a bit higher
max_iters = 5000
lr_decay_iters = 5000 # make equal to max_iters usually
min_lr = 1e-4 # learning_rate / 10 usually
beta2 = 0.99 # make a bit bigger because number of tokens per iter is small

warmup_iters = 100 # not super necessary potentially

# on macbook also add
# device = 'cpu'  # run on cpu only
# compile = False # do not torch compile the model

Overriding config with ../experiments/member2/configs/exp_020_bs64_nl6_nh8_ne128_bsz8_mi50_dr0.2.py:
# Experiment configuration
dataset = "shakespeare_char"
gradient_accumulation_steps = 1
learning_rate = 0.001
decay_lr = True
warmup_iters = 10
min_lr = 0.0001
eval_interval = 10
eval_iters = 20
log_interval = 1
always_save_checkpoint = False
device = "cpu"
compile = False
block_size = 64
n_layer = 6
n_head = 8
n_embd = 128
batch_size = 8
max_iters = 50
dropout = 0.2
lr_decay_iters = 50
out_dir = "experiments/member2/results/exp_020_bs64_nl6_nh8_ne128_bsz8_mi50_dr0.2"

tokens per iteration will be: 512
found vocab_size = 65 (inside data/shakespeare_char/meta.pkl)
Initializing a new model from scratch
number of parameters: 1.19M
num decayed parameter tensors: 26, with 1,196,160 parameters
num non-decayed parameter tensors: 13, with 1,664 parameters
using fused AdamW: False
step 0: train loss 4.1875, val loss 4.1842
iter 0: loss 4.1923, time 1188.02ms, mfu -100.00%
iter 1: loss 4.0762, time 111.83ms, mfu -100.00%
iter 2: loss 3.8633, time 122.34ms, mfu -100.00%
iter 3: loss 3.7855, time 103.35ms, mfu -100.00%
iter 4: loss 3.6547, time 101.76ms, mfu -100.00%
iter 5: loss 3.7277, time 101.44ms, mfu 0.01%
iter 6: loss 3.6135, time 102.56ms, mfu 0.01%
iter 7: loss 3.6240, time 101.20ms, mfu 0.01%
iter 8: loss 3.5849, time 101.66ms, mfu 0.01%
iter 9: loss 3.4292, time 101.83ms, mfu 0.01%
step 10: train loss 3.3617, val loss 3.3855
saving checkpoint to experiments/member2/results/exp_020_bs64_nl6_nh8_ne128_bsz8_mi50_dr0.2
iter 10: loss 3.4218, time 988.31ms, mfu 0.01%
iter 11: loss 3.3874, time 101.46ms, mfu 0.01%
iter 12: loss 3.2585, time 101.84ms, mfu 0.01%
iter 13: loss 3.1814, time 141.19ms, mfu 0.01%
iter 14: loss 3.1637, time 102.78ms, mfu 0.01%
iter 15: loss 3.1948, time 102.27ms, mfu 0.01%
iter 16: loss 3.1856, time 101.52ms, mfu 0.01%
iter 17: loss 3.1944, time 122.46ms, mfu 0.01%
iter 18: loss 3.0573, time 102.06ms, mfu 0.01%
iter 19: loss 3.0234, time 109.39ms, mfu 0.01%
step 20: train loss 3.0147, val loss 3.0093
saving checkpoint to experiments/member2/results/exp_020_bs64_nl6_nh8_ne128_bsz8_mi50_dr0.2
iter 20: loss 3.0902, time 1046.56ms, mfu 0.01%
iter 21: loss 3.0733, time 101.80ms, mfu 0.01%
iter 22: loss 2.9594, time 101.70ms, mfu 0.01%
iter 23: loss 2.9219, time 107.75ms, mfu 0.01%
iter 24: loss 3.0465, time 114.79ms, mfu 0.01%
iter 25: loss 2.9317, time 103.78ms, mfu 0.01%
iter 26: loss 2.9474, time 103.60ms, mfu 0.01%
iter 27: loss 2.8478, time 101.36ms, mfu 0.01%
iter 28: loss 2.9726, time 101.42ms, mfu 0.01%
iter 29: loss 2.9387, time 102.44ms, mfu 0.01%
step 30: train loss 2.8774, val loss 2.8910
saving checkpoint to experiments/member2/results/exp_020_bs64_nl6_nh8_ne128_bsz8_mi50_dr0.2
iter 30: loss 2.9241, time 998.65ms, mfu 0.01%
iter 31: loss 2.9813, time 101.44ms, mfu 0.01%
iter 32: loss 2.9110, time 103.82ms, mfu 0.01%
iter 33: loss 2.8932, time 102.85ms, mfu 0.01%
iter 34: loss 2.9330, time 110.04ms, mfu 0.01%
iter 35: loss 2.9813, time 114.88ms, mfu 0.01%
iter 36: loss 2.9137, time 145.27ms, mfu 0.01%
iter 37: loss 2.8555, time 133.28ms, mfu 0.01%
iter 38: loss 2.8026, time 101.79ms, mfu 0.01%
iter 39: loss 2.8734, time 101.34ms, mfu 0.01%
step 40: train loss 2.8186, val loss 2.8101
saving checkpoint to experiments/member2/results/exp_020_bs64_nl6_nh8_ne128_bsz8_mi50_dr0.2
iter 40: loss 2.8098, time 1014.48ms, mfu 0.01%
iter 41: loss 2.7777, time 103.20ms, mfu 0.01%
iter 42: loss 2.7522, time 111.30ms, mfu 0.01%
iter 43: loss 2.8917, time 150.67ms, mfu 0.01%
iter 44: loss 2.7654, time 177.46ms, mfu 0.01%
iter 45: loss 2.7438, time 158.14ms, mfu 0.01%
iter 46: loss 2.8192, time 144.04ms, mfu 0.01%
iter 47: loss 2.7967, time 102.89ms, mfu 0.01%
iter 48: loss 2.8355, time 103.41ms, mfu 0.01%
iter 49: loss 2.8982, time 102.84ms, mfu 0.01%
step 50: train loss 2.8143, val loss 2.8050
saving checkpoint to experiments/member2/results/exp_020_bs64_nl6_nh8_ne128_bsz8_mi50_dr0.2
iter 50: loss 2.7711, time 1025.35ms, mfu 0.01%

============================================================
Completed: Tue Oct 28 18:29:23 2025
Duration: 14.43 seconds
