Experiment: exp_014_bs64_nl6_nh4_ne256_bsz16_mi25_dr0.2
Config: experiments/member2/configs/exp_014_bs64_nl6_nh4_ne256_bsz16_mi25_dr0.2.py
Started: Tue Oct 28 18:26:08 2025
============================================================

/workspaces/group-assignment/nanoGPT/train.py:196: FutureWarning: `torch.cuda.amp.GradScaler(args...)` is deprecated. Please use `torch.amp.GradScaler('cuda', args...)` instead.
  scaler = torch.cuda.amp.GradScaler(enabled=(dtype == 'float16'))
/home/codespace/.local/lib/python3.12/site-packages/torch/amp/grad_scaler.py:136: UserWarning: torch.cuda.amp.GradScaler is enabled, but CUDA is not available.  Disabling.
  warnings.warn(
Overriding config with config/train_shakespeare_char.py:
# train a miniature character-level shakespeare model
# good for debugging and playing on macbooks and such

out_dir = 'out-shakespeare-char'
eval_interval = 250 # keep frequent because we'll overfit
eval_iters = 200
log_interval = 10 # don't print too too often

# we expect to overfit on this small dataset, so only save when val improves
always_save_checkpoint = False

wandb_log = False # override via command line if you like
wandb_project = 'shakespeare-char'
wandb_run_name = 'mini-gpt'

dataset = 'shakespeare_char'
gradient_accumulation_steps = 1
batch_size = 64
block_size = 256 # context of up to 256 previous characters

# baby GPT model :)
n_layer = 6
n_head = 6
n_embd = 384
dropout = 0.2

learning_rate = 1e-3 # with baby networks can afford to go a bit higher
max_iters = 5000
lr_decay_iters = 5000 # make equal to max_iters usually
min_lr = 1e-4 # learning_rate / 10 usually
beta2 = 0.99 # make a bit bigger because number of tokens per iter is small

warmup_iters = 100 # not super necessary potentially

# on macbook also add
# device = 'cpu'  # run on cpu only
# compile = False # do not torch compile the model

Overriding config with ../experiments/member2/configs/exp_014_bs64_nl6_nh4_ne256_bsz16_mi25_dr0.2.py:
# Experiment configuration
dataset = "shakespeare_char"
gradient_accumulation_steps = 1
learning_rate = 0.001
decay_lr = True
warmup_iters = 10
min_lr = 0.0001
eval_interval = 10
eval_iters = 20
log_interval = 1
always_save_checkpoint = False
device = "cpu"
compile = False
block_size = 64
n_layer = 6
n_head = 4
n_embd = 256
batch_size = 16
max_iters = 25
dropout = 0.2
lr_decay_iters = 25
out_dir = "experiments/member2/results/exp_014_bs64_nl6_nh4_ne256_bsz16_mi25_dr0.2"

tokens per iteration will be: 1,024
found vocab_size = 65 (inside data/shakespeare_char/meta.pkl)
Initializing a new model from scratch
number of parameters: 4.74M
num decayed parameter tensors: 26, with 4,751,616 parameters
num non-decayed parameter tensors: 13, with 3,328 parameters
using fused AdamW: False
step 0: train loss 4.2417, val loss 4.2374
iter 0: loss 4.2193, time 6222.72ms, mfu -100.00%
iter 1: loss 3.7901, time 498.13ms, mfu -100.00%
iter 2: loss 3.6103, time 477.31ms, mfu -100.00%
iter 3: loss 3.5160, time 471.06ms, mfu -100.00%
iter 4: loss 3.4593, time 474.66ms, mfu -100.00%
iter 5: loss 3.4153, time 479.64ms, mfu 0.02%
iter 6: loss 3.3072, time 451.90ms, mfu 0.02%
iter 7: loss 3.2842, time 461.78ms, mfu 0.02%
iter 8: loss 3.2603, time 455.62ms, mfu 0.02%
iter 9: loss 3.1216, time 463.20ms, mfu 0.02%
step 10: train loss 3.0954, val loss 3.1093
saving checkpoint to experiments/member2/results/exp_014_bs64_nl6_nh4_ne256_bsz16_mi25_dr0.2
iter 10: loss 3.0812, time 5790.12ms, mfu 0.02%
iter 11: loss 3.0295, time 464.21ms, mfu 0.02%
iter 12: loss 2.9400, time 467.44ms, mfu 0.02%
iter 13: loss 2.8960, time 476.22ms, mfu 0.02%
iter 14: loss 3.0205, time 459.20ms, mfu 0.02%
iter 15: loss 2.8353, time 448.62ms, mfu 0.02%
iter 16: loss 2.8534, time 503.79ms, mfu 0.02%
iter 17: loss 2.8772, time 582.15ms, mfu 0.02%
iter 18: loss 2.8038, time 454.32ms, mfu 0.02%
iter 19: loss 2.8162, time 451.65ms, mfu 0.02%
step 20: train loss 2.7698, val loss 2.7787
saving checkpoint to experiments/member2/results/exp_014_bs64_nl6_nh4_ne256_bsz16_mi25_dr0.2
iter 20: loss 2.8203, time 5787.25ms, mfu 0.02%
iter 21: loss 2.7808, time 450.48ms, mfu 0.02%
iter 22: loss 2.8646, time 467.88ms, mfu 0.02%
iter 23: loss 2.7812, time 460.60ms, mfu 0.02%
iter 24: loss 2.7599, time 464.44ms, mfu 0.02%
iter 25: loss 2.6907, time 451.79ms, mfu 0.02%

============================================================
Completed: Tue Oct 28 18:26:40 2025
Duration: 31.65 seconds
