Experiment: exp_015_bs64_nl6_nh4_ne256_bsz16_mi50_dr0.1
Config: experiments/member2/configs/exp_015_bs64_nl6_nh4_ne256_bsz16_mi50_dr0.1.py
Started: Tue Oct 28 18:26:40 2025
============================================================

/workspaces/group-assignment/nanoGPT/train.py:196: FutureWarning: `torch.cuda.amp.GradScaler(args...)` is deprecated. Please use `torch.amp.GradScaler('cuda', args...)` instead.
  scaler = torch.cuda.amp.GradScaler(enabled=(dtype == 'float16'))
/home/codespace/.local/lib/python3.12/site-packages/torch/amp/grad_scaler.py:136: UserWarning: torch.cuda.amp.GradScaler is enabled, but CUDA is not available.  Disabling.
  warnings.warn(
Overriding config with config/train_shakespeare_char.py:
# train a miniature character-level shakespeare model
# good for debugging and playing on macbooks and such

out_dir = 'out-shakespeare-char'
eval_interval = 250 # keep frequent because we'll overfit
eval_iters = 200
log_interval = 10 # don't print too too often

# we expect to overfit on this small dataset, so only save when val improves
always_save_checkpoint = False

wandb_log = False # override via command line if you like
wandb_project = 'shakespeare-char'
wandb_run_name = 'mini-gpt'

dataset = 'shakespeare_char'
gradient_accumulation_steps = 1
batch_size = 64
block_size = 256 # context of up to 256 previous characters

# baby GPT model :)
n_layer = 6
n_head = 6
n_embd = 384
dropout = 0.2

learning_rate = 1e-3 # with baby networks can afford to go a bit higher
max_iters = 5000
lr_decay_iters = 5000 # make equal to max_iters usually
min_lr = 1e-4 # learning_rate / 10 usually
beta2 = 0.99 # make a bit bigger because number of tokens per iter is small

warmup_iters = 100 # not super necessary potentially

# on macbook also add
# device = 'cpu'  # run on cpu only
# compile = False # do not torch compile the model

Overriding config with ../experiments/member2/configs/exp_015_bs64_nl6_nh4_ne256_bsz16_mi50_dr0.1.py:
# Experiment configuration
dataset = "shakespeare_char"
gradient_accumulation_steps = 1
learning_rate = 0.001
decay_lr = True
warmup_iters = 10
min_lr = 0.0001
eval_interval = 10
eval_iters = 20
log_interval = 1
always_save_checkpoint = False
device = "cpu"
compile = False
block_size = 64
n_layer = 6
n_head = 4
n_embd = 256
batch_size = 16
max_iters = 50
dropout = 0.1
lr_decay_iters = 50
out_dir = "experiments/member2/results/exp_015_bs64_nl6_nh4_ne256_bsz16_mi50_dr0.1"

tokens per iteration will be: 1,024
found vocab_size = 65 (inside data/shakespeare_char/meta.pkl)
Initializing a new model from scratch
number of parameters: 4.74M
num decayed parameter tensors: 26, with 4,751,616 parameters
num non-decayed parameter tensors: 13, with 3,328 parameters
using fused AdamW: False
step 0: train loss 4.2417, val loss 4.2374
iter 0: loss 4.2187, time 6210.15ms, mfu -100.00%
iter 1: loss 3.7501, time 498.93ms, mfu -100.00%
iter 2: loss 3.5922, time 441.71ms, mfu -100.00%
iter 3: loss 3.5070, time 442.33ms, mfu -100.00%
iter 4: loss 3.4416, time 445.78ms, mfu -100.00%
iter 5: loss 3.3873, time 453.77ms, mfu 0.02%
iter 6: loss 3.2353, time 445.22ms, mfu 0.02%
iter 7: loss 4.9779, time 443.73ms, mfu 0.02%
iter 8: loss 3.3892, time 481.05ms, mfu 0.02%
iter 9: loss 3.2732, time 458.19ms, mfu 0.02%
step 10: train loss 3.0912, val loss 3.1301
saving checkpoint to experiments/member2/results/exp_015_bs64_nl6_nh4_ne256_bsz16_mi50_dr0.1
iter 10: loss 3.0615, time 5738.76ms, mfu 0.02%
iter 11: loss 3.0095, time 442.46ms, mfu 0.02%
iter 12: loss 2.9178, time 456.69ms, mfu 0.02%
iter 13: loss 2.9333, time 441.65ms, mfu 0.02%
iter 14: loss 3.0186, time 453.21ms, mfu 0.02%
iter 15: loss 2.8688, time 442.24ms, mfu 0.02%
iter 16: loss 2.8469, time 461.18ms, mfu 0.02%
iter 17: loss 2.8524, time 441.55ms, mfu 0.02%
iter 18: loss 2.7723, time 440.63ms, mfu 0.02%
iter 19: loss 2.7652, time 445.03ms, mfu 0.02%
step 20: train loss 2.7453, val loss 2.7508
saving checkpoint to experiments/member2/results/exp_015_bs64_nl6_nh4_ne256_bsz16_mi50_dr0.1
iter 20: loss 2.7635, time 5714.97ms, mfu 0.02%
iter 21: loss 2.7619, time 507.91ms, mfu 0.02%
iter 22: loss 2.8376, time 457.95ms, mfu 0.02%
iter 23: loss 2.7739, time 456.60ms, mfu 0.02%
iter 24: loss 2.7213, time 444.08ms, mfu 0.02%
iter 25: loss 2.6864, time 444.61ms, mfu 0.02%
iter 26: loss 2.7916, time 558.34ms, mfu 0.02%
iter 27: loss 2.6958, time 494.02ms, mfu 0.02%
iter 28: loss 2.6611, time 443.30ms, mfu 0.02%
iter 29: loss 2.6219, time 446.78ms, mfu 0.02%
step 30: train loss 2.6890, val loss 2.7167
saving checkpoint to experiments/member2/results/exp_015_bs64_nl6_nh4_ne256_bsz16_mi50_dr0.1
iter 30: loss 2.6907, time 5723.88ms, mfu 0.02%
iter 31: loss 2.5640, time 525.13ms, mfu 0.02%
iter 32: loss 2.6512, time 453.19ms, mfu 0.02%
iter 33: loss 2.6680, time 478.24ms, mfu 0.02%
iter 34: loss 2.5766, time 464.78ms, mfu 0.02%
iter 35: loss 2.6065, time 446.10ms, mfu 0.02%
iter 36: loss 2.5885, time 511.75ms, mfu 0.02%
iter 37: loss 2.6696, time 445.38ms, mfu 0.02%
iter 38: loss 2.6262, time 457.65ms, mfu 0.02%
iter 39: loss 2.6178, time 451.43ms, mfu 0.02%
step 40: train loss 2.6174, val loss 2.6144
saving checkpoint to experiments/member2/results/exp_015_bs64_nl6_nh4_ne256_bsz16_mi50_dr0.1
iter 40: loss 2.6766, time 5754.60ms, mfu 0.02%
iter 41: loss 2.5930, time 445.30ms, mfu 0.02%
iter 42: loss 2.5696, time 470.06ms, mfu 0.02%
iter 43: loss 2.6261, time 442.93ms, mfu 0.02%
iter 44: loss 2.6296, time 452.85ms, mfu 0.02%
iter 45: loss 2.6783, time 460.42ms, mfu 0.02%
iter 46: loss 2.5865, time 470.70ms, mfu 0.02%
iter 47: loss 2.6340, time 545.11ms, mfu 0.02%
iter 48: loss 2.5528, time 486.75ms, mfu 0.02%
iter 49: loss 2.5093, time 443.38ms, mfu 0.02%
step 50: train loss 2.5750, val loss 2.5809
saving checkpoint to experiments/member2/results/exp_015_bs64_nl6_nh4_ne256_bsz16_mi50_dr0.1
iter 50: loss 2.6132, time 5729.49ms, mfu 0.02%

============================================================
Completed: Tue Oct 28 18:27:39 2025
Duration: 58.72 seconds
