Experiment: exp_017_bs64_nl6_nh8_ne128_bsz8_mi25_dr0.1
Config: experiments/member2/configs/exp_017_bs64_nl6_nh8_ne128_bsz8_mi25_dr0.1.py
Started: Tue Oct 28 18:28:38 2025
============================================================

/workspaces/group-assignment/nanoGPT/train.py:196: FutureWarning: `torch.cuda.amp.GradScaler(args...)` is deprecated. Please use `torch.amp.GradScaler('cuda', args...)` instead.
  scaler = torch.cuda.amp.GradScaler(enabled=(dtype == 'float16'))
/home/codespace/.local/lib/python3.12/site-packages/torch/amp/grad_scaler.py:136: UserWarning: torch.cuda.amp.GradScaler is enabled, but CUDA is not available.  Disabling.
  warnings.warn(
Overriding config with config/train_shakespeare_char.py:
# train a miniature character-level shakespeare model
# good for debugging and playing on macbooks and such

out_dir = 'out-shakespeare-char'
eval_interval = 250 # keep frequent because we'll overfit
eval_iters = 200
log_interval = 10 # don't print too too often

# we expect to overfit on this small dataset, so only save when val improves
always_save_checkpoint = False

wandb_log = False # override via command line if you like
wandb_project = 'shakespeare-char'
wandb_run_name = 'mini-gpt'

dataset = 'shakespeare_char'
gradient_accumulation_steps = 1
batch_size = 64
block_size = 256 # context of up to 256 previous characters

# baby GPT model :)
n_layer = 6
n_head = 6
n_embd = 384
dropout = 0.2

learning_rate = 1e-3 # with baby networks can afford to go a bit higher
max_iters = 5000
lr_decay_iters = 5000 # make equal to max_iters usually
min_lr = 1e-4 # learning_rate / 10 usually
beta2 = 0.99 # make a bit bigger because number of tokens per iter is small

warmup_iters = 100 # not super necessary potentially

# on macbook also add
# device = 'cpu'  # run on cpu only
# compile = False # do not torch compile the model

Overriding config with ../experiments/member2/configs/exp_017_bs64_nl6_nh8_ne128_bsz8_mi25_dr0.1.py:
# Experiment configuration
dataset = "shakespeare_char"
gradient_accumulation_steps = 1
learning_rate = 0.001
decay_lr = True
warmup_iters = 10
min_lr = 0.0001
eval_interval = 10
eval_iters = 20
log_interval = 1
always_save_checkpoint = False
device = "cpu"
compile = False
block_size = 64
n_layer = 6
n_head = 8
n_embd = 128
batch_size = 8
max_iters = 25
dropout = 0.1
lr_decay_iters = 25
out_dir = "experiments/member2/results/exp_017_bs64_nl6_nh8_ne128_bsz8_mi25_dr0.1"

tokens per iteration will be: 512
found vocab_size = 65 (inside data/shakespeare_char/meta.pkl)
Initializing a new model from scratch
number of parameters: 1.19M
num decayed parameter tensors: 26, with 1,196,160 parameters
num non-decayed parameter tensors: 13, with 1,664 parameters
using fused AdamW: False
step 0: train loss 4.1875, val loss 4.1842
iter 0: loss 4.1909, time 1177.45ms, mfu -100.00%
iter 1: loss 4.0465, time 110.86ms, mfu -100.00%
iter 2: loss 3.8333, time 100.58ms, mfu -100.00%
iter 3: loss 3.7637, time 97.29ms, mfu -100.00%
iter 4: loss 3.6394, time 97.57ms, mfu -100.00%
iter 5: loss 3.7149, time 97.89ms, mfu 0.01%
iter 6: loss 3.6000, time 98.72ms, mfu 0.01%
iter 7: loss 3.5979, time 111.69ms, mfu 0.01%
iter 8: loss 3.5315, time 117.55ms, mfu 0.01%
iter 9: loss 3.4114, time 98.82ms, mfu 0.01%
step 10: train loss 3.3389, val loss 3.3636
saving checkpoint to experiments/member2/results/exp_017_bs64_nl6_nh8_ne128_bsz8_mi25_dr0.1
iter 10: loss 3.3853, time 1029.95ms, mfu 0.01%
iter 11: loss 3.3650, time 98.53ms, mfu 0.01%
iter 12: loss 3.2326, time 101.89ms, mfu 0.01%
iter 13: loss 3.1900, time 98.41ms, mfu 0.01%
iter 14: loss 3.1527, time 98.78ms, mfu 0.01%
iter 15: loss 3.1672, time 99.02ms, mfu 0.01%
iter 16: loss 3.1678, time 100.44ms, mfu 0.01%
iter 17: loss 3.1945, time 101.05ms, mfu 0.01%
iter 18: loss 3.0431, time 113.43ms, mfu 0.01%
iter 19: loss 3.0069, time 98.82ms, mfu 0.01%
step 20: train loss 3.0151, val loss 3.0173
saving checkpoint to experiments/member2/results/exp_017_bs64_nl6_nh8_ne128_bsz8_mi25_dr0.1
iter 20: loss 3.0789, time 1050.28ms, mfu 0.01%
iter 21: loss 3.0833, time 100.09ms, mfu 0.01%
iter 22: loss 2.9740, time 101.75ms, mfu 0.01%
iter 23: loss 2.9414, time 99.70ms, mfu 0.01%
iter 24: loss 3.0873, time 98.51ms, mfu 0.01%
iter 25: loss 2.9691, time 98.51ms, mfu 0.01%

============================================================
Completed: Tue Oct 28 18:28:46 2025
Duration: 8.73 seconds
