Experiment: exp_026_bs64_nl6_nh8_ne256_bsz8_mi25_dr0.2
Config: experiments/member2/configs/exp_026_bs64_nl6_nh8_ne256_bsz8_mi25_dr0.2.py
Started: Tue Oct 28 18:30:58 2025
============================================================

/workspaces/group-assignment/nanoGPT/train.py:196: FutureWarning: `torch.cuda.amp.GradScaler(args...)` is deprecated. Please use `torch.amp.GradScaler('cuda', args...)` instead.
  scaler = torch.cuda.amp.GradScaler(enabled=(dtype == 'float16'))
/home/codespace/.local/lib/python3.12/site-packages/torch/amp/grad_scaler.py:136: UserWarning: torch.cuda.amp.GradScaler is enabled, but CUDA is not available.  Disabling.
  warnings.warn(
Overriding config with config/train_shakespeare_char.py:
# train a miniature character-level shakespeare model
# good for debugging and playing on macbooks and such

out_dir = 'out-shakespeare-char'
eval_interval = 250 # keep frequent because we'll overfit
eval_iters = 200
log_interval = 10 # don't print too too often

# we expect to overfit on this small dataset, so only save when val improves
always_save_checkpoint = False

wandb_log = False # override via command line if you like
wandb_project = 'shakespeare-char'
wandb_run_name = 'mini-gpt'

dataset = 'shakespeare_char'
gradient_accumulation_steps = 1
batch_size = 64
block_size = 256 # context of up to 256 previous characters

# baby GPT model :)
n_layer = 6
n_head = 6
n_embd = 384
dropout = 0.2

learning_rate = 1e-3 # with baby networks can afford to go a bit higher
max_iters = 5000
lr_decay_iters = 5000 # make equal to max_iters usually
min_lr = 1e-4 # learning_rate / 10 usually
beta2 = 0.99 # make a bit bigger because number of tokens per iter is small

warmup_iters = 100 # not super necessary potentially

# on macbook also add
# device = 'cpu'  # run on cpu only
# compile = False # do not torch compile the model

Overriding config with ../experiments/member2/configs/exp_026_bs64_nl6_nh8_ne256_bsz8_mi25_dr0.2.py:
# Experiment configuration
dataset = "shakespeare_char"
gradient_accumulation_steps = 1
learning_rate = 0.001
decay_lr = True
warmup_iters = 10
min_lr = 0.0001
eval_interval = 10
eval_iters = 20
log_interval = 1
always_save_checkpoint = False
device = "cpu"
compile = False
block_size = 64
n_layer = 6
n_head = 8
n_embd = 256
batch_size = 8
max_iters = 25
dropout = 0.2
lr_decay_iters = 25
out_dir = "experiments/member2/results/exp_026_bs64_nl6_nh8_ne256_bsz8_mi25_dr0.2"

tokens per iteration will be: 512
found vocab_size = 65 (inside data/shakespeare_char/meta.pkl)
Initializing a new model from scratch
number of parameters: 4.74M
num decayed parameter tensors: 26, with 4,751,616 parameters
num non-decayed parameter tensors: 13, with 3,328 parameters
using fused AdamW: False
step 0: train loss 4.2394, val loss 4.2378
iter 0: loss 4.2328, time 3442.25ms, mfu -100.00%
iter 1: loss 3.8432, time 281.44ms, mfu -100.00%
iter 2: loss 3.6015, time 251.51ms, mfu -100.00%
iter 3: loss 3.4572, time 250.14ms, mfu -100.00%
iter 4: loss 3.4298, time 254.03ms, mfu -100.00%
iter 5: loss 3.3623, time 251.20ms, mfu 0.02%
iter 6: loss 3.2264, time 250.42ms, mfu 0.02%
iter 7: loss 3.2876, time 303.41ms, mfu 0.02%
iter 8: loss 5.1287, time 274.91ms, mfu 0.02%
iter 9: loss 3.1179, time 253.98ms, mfu 0.02%
step 10: train loss 3.1245, val loss 3.1646
saving checkpoint to experiments/member2/results/exp_026_bs64_nl6_nh8_ne256_bsz8_mi25_dr0.2
iter 10: loss 3.0849, time 2955.13ms, mfu 0.02%
iter 11: loss 3.2319, time 251.38ms, mfu 0.02%
iter 12: loss 2.9604, time 250.36ms, mfu 0.02%
iter 13: loss 2.8698, time 269.69ms, mfu 0.02%
iter 14: loss 2.9078, time 251.13ms, mfu 0.02%
iter 15: loss 2.8737, time 251.60ms, mfu 0.02%
iter 16: loss 2.8066, time 270.48ms, mfu 0.02%
iter 17: loss 2.8162, time 257.27ms, mfu 0.02%
iter 18: loss 2.8954, time 273.98ms, mfu 0.02%
iter 19: loss 2.8908, time 332.68ms, mfu 0.02%
step 20: train loss 2.7944, val loss 2.8120
saving checkpoint to experiments/member2/results/exp_026_bs64_nl6_nh8_ne256_bsz8_mi25_dr0.2
iter 20: loss 2.8580, time 3029.19ms, mfu 0.02%
iter 21: loss 2.8489, time 251.63ms, mfu 0.02%
iter 22: loss 2.7640, time 254.54ms, mfu 0.02%
iter 23: loss 2.6682, time 251.60ms, mfu 0.02%
iter 24: loss 2.7289, time 261.47ms, mfu 0.02%
iter 25: loss 2.7809, time 261.54ms, mfu 0.02%

============================================================
Completed: Tue Oct 28 18:31:17 2025
Duration: 18.40 seconds
