Experiment: exp_023_bs64_nl6_nh8_ne128_bsz16_mi50_dr0.1
Config: experiments/member2/configs/exp_023_bs64_nl6_nh8_ne128_bsz16_mi50_dr0.1.py
Started: Tue Oct 28 18:29:52 2025
============================================================

/workspaces/group-assignment/nanoGPT/train.py:196: FutureWarning: `torch.cuda.amp.GradScaler(args...)` is deprecated. Please use `torch.amp.GradScaler('cuda', args...)` instead.
  scaler = torch.cuda.amp.GradScaler(enabled=(dtype == 'float16'))
/home/codespace/.local/lib/python3.12/site-packages/torch/amp/grad_scaler.py:136: UserWarning: torch.cuda.amp.GradScaler is enabled, but CUDA is not available.  Disabling.
  warnings.warn(
Overriding config with config/train_shakespeare_char.py:
# train a miniature character-level shakespeare model
# good for debugging and playing on macbooks and such

out_dir = 'out-shakespeare-char'
eval_interval = 250 # keep frequent because we'll overfit
eval_iters = 200
log_interval = 10 # don't print too too often

# we expect to overfit on this small dataset, so only save when val improves
always_save_checkpoint = False

wandb_log = False # override via command line if you like
wandb_project = 'shakespeare-char'
wandb_run_name = 'mini-gpt'

dataset = 'shakespeare_char'
gradient_accumulation_steps = 1
batch_size = 64
block_size = 256 # context of up to 256 previous characters

# baby GPT model :)
n_layer = 6
n_head = 6
n_embd = 384
dropout = 0.2

learning_rate = 1e-3 # with baby networks can afford to go a bit higher
max_iters = 5000
lr_decay_iters = 5000 # make equal to max_iters usually
min_lr = 1e-4 # learning_rate / 10 usually
beta2 = 0.99 # make a bit bigger because number of tokens per iter is small

warmup_iters = 100 # not super necessary potentially

# on macbook also add
# device = 'cpu'  # run on cpu only
# compile = False # do not torch compile the model

Overriding config with ../experiments/member2/configs/exp_023_bs64_nl6_nh8_ne128_bsz16_mi50_dr0.1.py:
# Experiment configuration
dataset = "shakespeare_char"
gradient_accumulation_steps = 1
learning_rate = 0.001
decay_lr = True
warmup_iters = 10
min_lr = 0.0001
eval_interval = 10
eval_iters = 20
log_interval = 1
always_save_checkpoint = False
device = "cpu"
compile = False
block_size = 64
n_layer = 6
n_head = 8
n_embd = 128
batch_size = 16
max_iters = 50
dropout = 0.1
lr_decay_iters = 50
out_dir = "experiments/member2/results/exp_023_bs64_nl6_nh8_ne128_bsz16_mi50_dr0.1"

tokens per iteration will be: 1,024
found vocab_size = 65 (inside data/shakespeare_char/meta.pkl)
Initializing a new model from scratch
number of parameters: 1.19M
num decayed parameter tensors: 26, with 1,196,160 parameters
num non-decayed parameter tensors: 13, with 1,664 parameters
using fused AdamW: False
step 0: train loss 4.1893, val loss 4.1842
iter 0: loss 4.1882, time 2416.21ms, mfu -100.00%
iter 1: loss 4.0223, time 213.60ms, mfu -100.00%
iter 2: loss 3.8396, time 217.63ms, mfu -100.00%
iter 3: loss 3.7388, time 192.10ms, mfu -100.00%
iter 4: loss 3.6589, time 184.35ms, mfu -100.00%
iter 5: loss 3.6477, time 183.62ms, mfu 0.01%
iter 6: loss 3.5906, time 184.72ms, mfu 0.01%
iter 7: loss 3.4926, time 190.34ms, mfu 0.01%
iter 8: loss 3.4753, time 184.75ms, mfu 0.01%
iter 9: loss 3.3817, time 187.39ms, mfu 0.01%
step 10: train loss 3.3118, val loss 3.3512
saving checkpoint to experiments/member2/results/exp_023_bs64_nl6_nh8_ne128_bsz16_mi50_dr0.1
iter 10: loss 3.3239, time 1930.26ms, mfu 0.01%
iter 11: loss 3.1997, time 227.38ms, mfu 0.01%
iter 12: loss 3.2995, time 268.62ms, mfu 0.01%
iter 13: loss 3.1814, time 188.16ms, mfu 0.01%
iter 14: loss 3.1162, time 184.73ms, mfu 0.01%
iter 15: loss 3.1021, time 189.81ms, mfu 0.01%
iter 16: loss 3.0437, time 185.08ms, mfu 0.01%
iter 17: loss 3.0514, time 186.13ms, mfu 0.01%
iter 18: loss 2.9547, time 198.98ms, mfu 0.01%
iter 19: loss 2.9126, time 206.45ms, mfu 0.01%
step 20: train loss 2.9419, val loss 2.9554
saving checkpoint to experiments/member2/results/exp_023_bs64_nl6_nh8_ne128_bsz16_mi50_dr0.1
iter 20: loss 2.9697, time 1901.11ms, mfu 0.01%
iter 21: loss 2.9944, time 187.64ms, mfu 0.01%
iter 22: loss 2.9238, time 185.91ms, mfu 0.01%
iter 23: loss 2.9194, time 186.03ms, mfu 0.01%
iter 24: loss 2.8647, time 183.23ms, mfu 0.01%
iter 25: loss 2.8989, time 200.23ms, mfu 0.01%
iter 26: loss 2.8540, time 184.92ms, mfu 0.01%
iter 27: loss 2.7953, time 183.26ms, mfu 0.01%
iter 28: loss 2.7881, time 253.95ms, mfu 0.01%
iter 29: loss 2.8249, time 204.13ms, mfu 0.01%
step 30: train loss 2.8232, val loss 2.8280
saving checkpoint to experiments/member2/results/exp_023_bs64_nl6_nh8_ne128_bsz16_mi50_dr0.1
iter 30: loss 2.8387, time 1937.31ms, mfu 0.01%
iter 31: loss 2.7748, time 191.22ms, mfu 0.01%
iter 32: loss 2.7888, time 184.40ms, mfu 0.01%
iter 33: loss 2.7382, time 185.86ms, mfu 0.01%
iter 34: loss 2.7948, time 184.91ms, mfu 0.01%
iter 35: loss 2.7306, time 184.67ms, mfu 0.01%
iter 36: loss 2.7937, time 183.64ms, mfu 0.01%
iter 37: loss 2.7890, time 201.65ms, mfu 0.01%
iter 38: loss 2.7518, time 184.02ms, mfu 0.01%
iter 39: loss 2.7382, time 188.55ms, mfu 0.01%
step 40: train loss 2.7412, val loss 2.7631
saving checkpoint to experiments/member2/results/exp_023_bs64_nl6_nh8_ne128_bsz16_mi50_dr0.1
iter 40: loss 2.8350, time 2152.13ms, mfu 0.01%
iter 41: loss 2.7400, time 192.50ms, mfu 0.01%
iter 42: loss 2.7362, time 194.03ms, mfu 0.01%
iter 43: loss 2.7013, time 211.28ms, mfu 0.01%
iter 44: loss 2.6831, time 189.52ms, mfu 0.01%
iter 45: loss 2.7219, time 190.42ms, mfu 0.01%
iter 46: loss 2.6561, time 191.98ms, mfu 0.01%
iter 47: loss 2.7901, time 191.32ms, mfu 0.01%
iter 48: loss 2.7112, time 202.58ms, mfu 0.01%
iter 49: loss 2.6481, time 187.62ms, mfu 0.01%
step 50: train loss 2.7201, val loss 2.7246
saving checkpoint to experiments/member2/results/exp_023_bs64_nl6_nh8_ne128_bsz16_mi50_dr0.1
iter 50: loss 2.6645, time 1917.50ms, mfu 0.01%

============================================================
Completed: Tue Oct 28 18:30:15 2025
Duration: 23.91 seconds
