Experiment: exp_011_bs64_nl6_nh4_ne256_bsz8_mi50_dr0.1
Config: experiments/member2/configs/exp_011_bs64_nl6_nh4_ne256_bsz8_mi50_dr0.1.py
Started: Tue Oct 28 18:24:31 2025
============================================================

/workspaces/group-assignment/nanoGPT/train.py:196: FutureWarning: `torch.cuda.amp.GradScaler(args...)` is deprecated. Please use `torch.amp.GradScaler('cuda', args...)` instead.
  scaler = torch.cuda.amp.GradScaler(enabled=(dtype == 'float16'))
/home/codespace/.local/lib/python3.12/site-packages/torch/amp/grad_scaler.py:136: UserWarning: torch.cuda.amp.GradScaler is enabled, but CUDA is not available.  Disabling.
  warnings.warn(
Overriding config with config/train_shakespeare_char.py:
# train a miniature character-level shakespeare model
# good for debugging and playing on macbooks and such

out_dir = 'out-shakespeare-char'
eval_interval = 250 # keep frequent because we'll overfit
eval_iters = 200
log_interval = 10 # don't print too too often

# we expect to overfit on this small dataset, so only save when val improves
always_save_checkpoint = False

wandb_log = False # override via command line if you like
wandb_project = 'shakespeare-char'
wandb_run_name = 'mini-gpt'

dataset = 'shakespeare_char'
gradient_accumulation_steps = 1
batch_size = 64
block_size = 256 # context of up to 256 previous characters

# baby GPT model :)
n_layer = 6
n_head = 6
n_embd = 384
dropout = 0.2

learning_rate = 1e-3 # with baby networks can afford to go a bit higher
max_iters = 5000
lr_decay_iters = 5000 # make equal to max_iters usually
min_lr = 1e-4 # learning_rate / 10 usually
beta2 = 0.99 # make a bit bigger because number of tokens per iter is small

warmup_iters = 100 # not super necessary potentially

# on macbook also add
# device = 'cpu'  # run on cpu only
# compile = False # do not torch compile the model

Overriding config with ../experiments/member2/configs/exp_011_bs64_nl6_nh4_ne256_bsz8_mi50_dr0.1.py:
# Experiment configuration
dataset = "shakespeare_char"
gradient_accumulation_steps = 1
learning_rate = 0.001
decay_lr = True
warmup_iters = 10
min_lr = 0.0001
eval_interval = 10
eval_iters = 20
log_interval = 1
always_save_checkpoint = False
device = "cpu"
compile = False
block_size = 64
n_layer = 6
n_head = 4
n_embd = 256
batch_size = 8
max_iters = 50
dropout = 0.1
lr_decay_iters = 50
out_dir = "experiments/member2/results/exp_011_bs64_nl6_nh4_ne256_bsz8_mi50_dr0.1"

tokens per iteration will be: 512
found vocab_size = 65 (inside data/shakespeare_char/meta.pkl)
Initializing a new model from scratch
number of parameters: 4.74M
num decayed parameter tensors: 26, with 4,751,616 parameters
num non-decayed parameter tensors: 13, with 3,328 parameters
using fused AdamW: False
step 0: train loss 4.2389, val loss 4.2376
iter 0: loss 4.2312, time 3512.34ms, mfu -100.00%
iter 1: loss 3.7637, time 260.30ms, mfu -100.00%
iter 2: loss 3.4985, time 242.60ms, mfu -100.00%
iter 3: loss 3.4362, time 233.74ms, mfu -100.00%
iter 4: loss 3.3663, time 248.88ms, mfu -100.00%
iter 5: loss 3.3036, time 236.39ms, mfu 0.02%
iter 6: loss 3.2383, time 233.03ms, mfu 0.02%
iter 7: loss 3.2273, time 234.69ms, mfu 0.02%
iter 8: loss 3.0647, time 237.05ms, mfu 0.02%
iter 9: loss 3.0866, time 232.87ms, mfu 0.02%
step 10: train loss 3.0543, val loss 3.0992
saving checkpoint to experiments/member2/results/exp_011_bs64_nl6_nh4_ne256_bsz8_mi50_dr0.1
iter 10: loss 3.0327, time 2960.39ms, mfu 0.02%
iter 11: loss 3.0394, time 232.40ms, mfu 0.02%
iter 12: loss 3.0803, time 245.64ms, mfu 0.02%
iter 13: loss 3.0172, time 287.16ms, mfu 0.02%
iter 14: loss 2.9653, time 252.44ms, mfu 0.02%
iter 15: loss 2.7792, time 233.94ms, mfu 0.02%
iter 16: loss 2.9385, time 238.54ms, mfu 0.02%
iter 17: loss 2.9101, time 233.24ms, mfu 0.02%
iter 18: loss 2.8789, time 258.20ms, mfu 0.02%
iter 19: loss 2.8723, time 235.72ms, mfu 0.02%
step 20: train loss 2.8083, val loss 2.8187
saving checkpoint to experiments/member2/results/exp_011_bs64_nl6_nh4_ne256_bsz8_mi50_dr0.1
iter 20: loss 2.7331, time 3052.62ms, mfu 0.02%
iter 21: loss 2.8685, time 247.33ms, mfu 0.02%
iter 22: loss 2.8461, time 233.99ms, mfu 0.02%
iter 23: loss 2.6924, time 247.21ms, mfu 0.02%
iter 24: loss 2.8256, time 235.15ms, mfu 0.02%
iter 25: loss 2.8287, time 234.80ms, mfu 0.02%
iter 26: loss 2.7844, time 234.70ms, mfu 0.02%
iter 27: loss 2.7208, time 235.47ms, mfu 0.02%
iter 28: loss 2.6535, time 235.05ms, mfu 0.02%
iter 29: loss 2.8116, time 233.56ms, mfu 0.02%
step 30: train loss 2.7221, val loss 2.7246
saving checkpoint to experiments/member2/results/exp_011_bs64_nl6_nh4_ne256_bsz8_mi50_dr0.1
iter 30: loss 2.7645, time 3187.82ms, mfu 0.02%
iter 31: loss 2.7175, time 236.34ms, mfu 0.02%
iter 32: loss 2.6973, time 304.80ms, mfu 0.02%
iter 33: loss 2.6658, time 233.48ms, mfu 0.02%
iter 34: loss 2.7336, time 238.71ms, mfu 0.02%
iter 35: loss 2.6752, time 233.46ms, mfu 0.02%
iter 36: loss 2.6746, time 248.02ms, mfu 0.02%
iter 37: loss 2.7324, time 241.56ms, mfu 0.02%
iter 38: loss 2.6946, time 234.41ms, mfu 0.02%
iter 39: loss 2.7510, time 240.90ms, mfu 0.02%
step 40: train loss 2.6644, val loss 2.6879
saving checkpoint to experiments/member2/results/exp_011_bs64_nl6_nh4_ne256_bsz8_mi50_dr0.1
iter 40: loss 2.7045, time 3198.34ms, mfu 0.02%
iter 41: loss 2.6971, time 245.50ms, mfu 0.02%
iter 42: loss 2.6712, time 234.78ms, mfu 0.02%
iter 43: loss 2.7561, time 233.73ms, mfu 0.02%
iter 44: loss 2.6577, time 235.62ms, mfu 0.02%
iter 45: loss 2.6957, time 233.23ms, mfu 0.02%
iter 46: loss 2.6160, time 234.31ms, mfu 0.02%
iter 47: loss 2.6377, time 240.85ms, mfu 0.02%
iter 48: loss 2.5852, time 232.48ms, mfu 0.02%
iter 49: loss 2.6529, time 237.52ms, mfu 0.02%
step 50: train loss 2.6250, val loss 2.6469
saving checkpoint to experiments/member2/results/exp_011_bs64_nl6_nh4_ne256_bsz8_mi50_dr0.1
iter 50: loss 2.7322, time 3235.44ms, mfu 0.02%

============================================================
Completed: Tue Oct 28 18:25:04 2025
Duration: 32.85 seconds
