Experiment: exp_002_bs64_nl6_nh4_ne128_bsz8_mi25_dr0.2
Config: experiments/member2/configs/exp_002_bs64_nl6_nh4_ne128_bsz8_mi25_dr0.2.py
Started: Tue Oct 28 18:22:12 2025
============================================================

/workspaces/group-assignment/nanoGPT/train.py:196: FutureWarning: `torch.cuda.amp.GradScaler(args...)` is deprecated. Please use `torch.amp.GradScaler('cuda', args...)` instead.
  scaler = torch.cuda.amp.GradScaler(enabled=(dtype == 'float16'))
/home/codespace/.local/lib/python3.12/site-packages/torch/amp/grad_scaler.py:136: UserWarning: torch.cuda.amp.GradScaler is enabled, but CUDA is not available.  Disabling.
  warnings.warn(
Overriding config with config/train_shakespeare_char.py:
# train a miniature character-level shakespeare model
# good for debugging and playing on macbooks and such

out_dir = 'out-shakespeare-char'
eval_interval = 250 # keep frequent because we'll overfit
eval_iters = 200
log_interval = 10 # don't print too too often

# we expect to overfit on this small dataset, so only save when val improves
always_save_checkpoint = False

wandb_log = False # override via command line if you like
wandb_project = 'shakespeare-char'
wandb_run_name = 'mini-gpt'

dataset = 'shakespeare_char'
gradient_accumulation_steps = 1
batch_size = 64
block_size = 256 # context of up to 256 previous characters

# baby GPT model :)
n_layer = 6
n_head = 6
n_embd = 384
dropout = 0.2

learning_rate = 1e-3 # with baby networks can afford to go a bit higher
max_iters = 5000
lr_decay_iters = 5000 # make equal to max_iters usually
min_lr = 1e-4 # learning_rate / 10 usually
beta2 = 0.99 # make a bit bigger because number of tokens per iter is small

warmup_iters = 100 # not super necessary potentially

# on macbook also add
# device = 'cpu'  # run on cpu only
# compile = False # do not torch compile the model

Overriding config with ../experiments/member2/configs/exp_002_bs64_nl6_nh4_ne128_bsz8_mi25_dr0.2.py:
# Experiment configuration
dataset = "shakespeare_char"
gradient_accumulation_steps = 1
learning_rate = 0.001
decay_lr = True
warmup_iters = 10
min_lr = 0.0001
eval_interval = 10
eval_iters = 20
log_interval = 1
always_save_checkpoint = False
device = "cpu"
compile = False
block_size = 64
n_layer = 6
n_head = 4
n_embd = 128
batch_size = 8
max_iters = 25
dropout = 0.2
lr_decay_iters = 25
out_dir = "experiments/member2/results/exp_002_bs64_nl6_nh4_ne128_bsz8_mi25_dr0.2"

tokens per iteration will be: 512
found vocab_size = 65 (inside data/shakespeare_char/meta.pkl)
Initializing a new model from scratch
number of parameters: 1.19M
num decayed parameter tensors: 26, with 1,196,160 parameters
num non-decayed parameter tensors: 13, with 1,664 parameters
using fused AdamW: False
step 0: train loss 4.1875, val loss 4.1842
iter 0: loss 4.1932, time 1167.92ms, mfu -100.00%
iter 1: loss 4.0760, time 106.71ms, mfu -100.00%
iter 2: loss 3.9075, time 90.03ms, mfu -100.00%
iter 3: loss 3.7977, time 102.68ms, mfu -100.00%
iter 4: loss 3.6555, time 88.64ms, mfu -100.00%
iter 5: loss 3.6846, time 88.13ms, mfu 0.01%
iter 6: loss 3.6094, time 99.31ms, mfu 0.01%
iter 7: loss 3.5779, time 91.59ms, mfu 0.01%
iter 8: loss 3.5195, time 88.49ms, mfu 0.01%
iter 9: loss 3.4619, time 106.44ms, mfu 0.01%
step 10: train loss 3.3904, val loss 3.3757
saving checkpoint to experiments/member2/results/exp_002_bs64_nl6_nh4_ne128_bsz8_mi25_dr0.2
iter 10: loss 3.4048, time 958.01ms, mfu 0.01%
iter 11: loss 3.4034, time 90.32ms, mfu 0.01%
iter 12: loss 3.2591, time 87.99ms, mfu 0.01%
iter 13: loss 3.3269, time 88.55ms, mfu 0.01%
iter 14: loss 3.2306, time 88.72ms, mfu 0.01%
iter 15: loss 3.1732, time 96.16ms, mfu 0.01%
iter 16: loss 3.0836, time 206.53ms, mfu 0.01%
iter 17: loss 3.1050, time 89.23ms, mfu 0.01%
iter 18: loss 3.1452, time 94.00ms, mfu 0.01%
iter 19: loss 3.0417, time 89.25ms, mfu 0.01%
step 20: train loss 3.0590, val loss 3.0676
saving checkpoint to experiments/member2/results/exp_002_bs64_nl6_nh4_ne128_bsz8_mi25_dr0.2
iter 20: loss 3.1180, time 971.01ms, mfu 0.01%
iter 21: loss 3.0770, time 88.57ms, mfu 0.01%
iter 22: loss 3.0572, time 95.34ms, mfu 0.01%
iter 23: loss 3.0596, time 127.03ms, mfu 0.01%
iter 24: loss 3.0819, time 111.71ms, mfu 0.01%
iter 25: loss 3.1220, time 88.23ms, mfu 0.01%

============================================================
Completed: Tue Oct 28 18:22:20 2025
Duration: 8.09 seconds
