Experiment: exp_009_bs64_nl4_nh4_ne256_bsz8_mi25_dr0.1
Config: experiments/member1/configs/exp_009_bs64_nl4_nh4_ne256_bsz8_mi25_dr0.1.py
Started: Tue Oct 28 18:13:08 2025
============================================================

/workspaces/group-assignment/nanoGPT/train.py:196: FutureWarning: `torch.cuda.amp.GradScaler(args...)` is deprecated. Please use `torch.amp.GradScaler('cuda', args...)` instead.
  scaler = torch.cuda.amp.GradScaler(enabled=(dtype == 'float16'))
/home/codespace/.local/lib/python3.12/site-packages/torch/amp/grad_scaler.py:136: UserWarning: torch.cuda.amp.GradScaler is enabled, but CUDA is not available.  Disabling.
  warnings.warn(
Overriding config with config/train_shakespeare_char.py:
# train a miniature character-level shakespeare model
# good for debugging and playing on macbooks and such

out_dir = 'out-shakespeare-char'
eval_interval = 250 # keep frequent because we'll overfit
eval_iters = 200
log_interval = 10 # don't print too too often

# we expect to overfit on this small dataset, so only save when val improves
always_save_checkpoint = False

wandb_log = False # override via command line if you like
wandb_project = 'shakespeare-char'
wandb_run_name = 'mini-gpt'

dataset = 'shakespeare_char'
gradient_accumulation_steps = 1
batch_size = 64
block_size = 256 # context of up to 256 previous characters

# baby GPT model :)
n_layer = 6
n_head = 6
n_embd = 384
dropout = 0.2

learning_rate = 1e-3 # with baby networks can afford to go a bit higher
max_iters = 5000
lr_decay_iters = 5000 # make equal to max_iters usually
min_lr = 1e-4 # learning_rate / 10 usually
beta2 = 0.99 # make a bit bigger because number of tokens per iter is small

warmup_iters = 100 # not super necessary potentially

# on macbook also add
# device = 'cpu'  # run on cpu only
# compile = False # do not torch compile the model

Overriding config with ../experiments/member1/configs/exp_009_bs64_nl4_nh4_ne256_bsz8_mi25_dr0.1.py:
# Experiment configuration
dataset = "shakespeare_char"
gradient_accumulation_steps = 1
learning_rate = 0.001
decay_lr = True
warmup_iters = 10
min_lr = 0.0001
eval_interval = 10
eval_iters = 20
log_interval = 1
always_save_checkpoint = False
device = "cpu"
compile = False
block_size = 64
n_layer = 4
n_head = 4
n_embd = 256
batch_size = 8
max_iters = 25
dropout = 0.1
lr_decay_iters = 25
out_dir = "experiments/member1/results/exp_009_bs64_nl4_nh4_ne256_bsz8_mi25_dr0.1"

tokens per iteration will be: 512
found vocab_size = 65 (inside data/shakespeare_char/meta.pkl)
Initializing a new model from scratch
number of parameters: 3.16M
num decayed parameter tensors: 18, with 3,178,752 parameters
num non-decayed parameter tensors: 9, with 2,304 parameters
using fused AdamW: False
step 0: train loss 4.2877, val loss 4.2807
iter 0: loss 4.2592, time 3331.79ms, mfu -100.00%
iter 1: loss 3.8990, time 215.18ms, mfu -100.00%
iter 2: loss 3.5687, time 175.89ms, mfu -100.00%
iter 3: loss 3.5357, time 288.92ms, mfu -100.00%
iter 4: loss 3.3619, time 172.98ms, mfu -100.00%
iter 5: loss 3.4078, time 171.57ms, mfu 0.02%
iter 6: loss 3.3532, time 170.74ms, mfu 0.02%
iter 7: loss 3.2599, time 169.92ms, mfu 0.02%
iter 8: loss 3.3230, time 175.06ms, mfu 0.02%
iter 9: loss 3.2254, time 187.52ms, mfu 0.02%
step 10: train loss 3.0751, val loss 3.0480
saving checkpoint to experiments/member1/results/exp_009_bs64_nl4_nh4_ne256_bsz8_mi25_dr0.1
iter 10: loss 2.9389, time 2200.60ms, mfu 0.02%
iter 11: loss 2.9783, time 172.20ms, mfu 0.02%
iter 12: loss 3.0062, time 172.06ms, mfu 0.02%
iter 13: loss 2.9624, time 178.83ms, mfu 0.02%
iter 14: loss 2.9117, time 175.45ms, mfu 0.02%
iter 15: loss 2.8992, time 173.74ms, mfu 0.02%
iter 16: loss 2.9363, time 184.55ms, mfu 0.02%
iter 17: loss 2.7852, time 213.28ms, mfu 0.02%
iter 18: loss 2.9007, time 208.28ms, mfu 0.02%
iter 19: loss 2.8064, time 186.86ms, mfu 0.02%
step 20: train loss 2.7500, val loss 2.7730
saving checkpoint to experiments/member1/results/exp_009_bs64_nl4_nh4_ne256_bsz8_mi25_dr0.1
iter 20: loss 2.7908, time 2927.61ms, mfu 0.02%
iter 21: loss 2.8677, time 178.76ms, mfu 0.02%
iter 22: loss 2.8314, time 190.14ms, mfu 0.02%
iter 23: loss 2.8247, time 228.24ms, mfu 0.02%
iter 24: loss 2.7092, time 244.37ms, mfu 0.02%
iter 25: loss 2.7088, time 174.75ms, mfu 0.02%

============================================================
Completed: Tue Oct 28 18:13:24 2025
Duration: 15.65 seconds
