Experiment: exp_003_bs64_nl4_nh4_ne128_bsz8_mi50_dr0.1
Config: experiments/member1/configs/exp_003_bs64_nl4_nh4_ne128_bsz8_mi50_dr0.1.py
Started: Tue Oct 28 18:11:47 2025
============================================================

/workspaces/group-assignment/nanoGPT/train.py:196: FutureWarning: `torch.cuda.amp.GradScaler(args...)` is deprecated. Please use `torch.amp.GradScaler('cuda', args...)` instead.
  scaler = torch.cuda.amp.GradScaler(enabled=(dtype == 'float16'))
/home/codespace/.local/lib/python3.12/site-packages/torch/amp/grad_scaler.py:136: UserWarning: torch.cuda.amp.GradScaler is enabled, but CUDA is not available.  Disabling.
  warnings.warn(
Overriding config with config/train_shakespeare_char.py:
# train a miniature character-level shakespeare model
# good for debugging and playing on macbooks and such

out_dir = 'out-shakespeare-char'
eval_interval = 250 # keep frequent because we'll overfit
eval_iters = 200
log_interval = 10 # don't print too too often

# we expect to overfit on this small dataset, so only save when val improves
always_save_checkpoint = False

wandb_log = False # override via command line if you like
wandb_project = 'shakespeare-char'
wandb_run_name = 'mini-gpt'

dataset = 'shakespeare_char'
gradient_accumulation_steps = 1
batch_size = 64
block_size = 256 # context of up to 256 previous characters

# baby GPT model :)
n_layer = 6
n_head = 6
n_embd = 384
dropout = 0.2

learning_rate = 1e-3 # with baby networks can afford to go a bit higher
max_iters = 5000
lr_decay_iters = 5000 # make equal to max_iters usually
min_lr = 1e-4 # learning_rate / 10 usually
beta2 = 0.99 # make a bit bigger because number of tokens per iter is small

warmup_iters = 100 # not super necessary potentially

# on macbook also add
# device = 'cpu'  # run on cpu only
# compile = False # do not torch compile the model

Overriding config with ../experiments/member1/configs/exp_003_bs64_nl4_nh4_ne128_bsz8_mi50_dr0.1.py:
# Experiment configuration
dataset = "shakespeare_char"
gradient_accumulation_steps = 1
learning_rate = 0.001
decay_lr = True
warmup_iters = 10
min_lr = 0.0001
eval_interval = 10
eval_iters = 20
log_interval = 1
always_save_checkpoint = False
device = "cpu"
compile = False
block_size = 64
n_layer = 4
n_head = 4
n_embd = 128
batch_size = 8
max_iters = 50
dropout = 0.1
lr_decay_iters = 50
out_dir = "experiments/member1/results/exp_003_bs64_nl4_nh4_ne128_bsz8_mi50_dr0.1"

tokens per iteration will be: 512
found vocab_size = 65 (inside data/shakespeare_char/meta.pkl)
Initializing a new model from scratch
number of parameters: 0.80M
num decayed parameter tensors: 18, with 802,944 parameters
num non-decayed parameter tensors: 9, with 1,152 parameters
using fused AdamW: False
step 0: train loss 4.1667, val loss 4.1648
iter 0: loss 4.1869, time 1077.73ms, mfu -100.00%
iter 1: loss 4.0357, time 88.91ms, mfu -100.00%
iter 2: loss 3.8887, time 66.11ms, mfu -100.00%
iter 3: loss 3.7903, time 64.94ms, mfu -100.00%
iter 4: loss 3.6979, time 64.50ms, mfu -100.00%
iter 5: loss 3.6832, time 125.14ms, mfu 0.01%
iter 6: loss 3.6156, time 119.91ms, mfu 0.01%
iter 7: loss 3.6377, time 143.76ms, mfu 0.01%
iter 8: loss 3.5594, time 77.91ms, mfu 0.01%
iter 9: loss 3.6084, time 67.76ms, mfu 0.01%
step 10: train loss 3.4406, val loss 3.4571
saving checkpoint to experiments/member1/results/exp_003_bs64_nl4_nh4_ne128_bsz8_mi50_dr0.1
iter 10: loss 3.4272, time 768.22ms, mfu 0.01%
iter 11: loss 3.3264, time 67.54ms, mfu 0.01%
iter 12: loss 3.3355, time 67.50ms, mfu 0.01%
iter 13: loss 3.4019, time 67.02ms, mfu 0.01%
iter 14: loss 3.2487, time 70.99ms, mfu 0.01%
iter 15: loss 3.1293, time 64.05ms, mfu 0.01%
iter 16: loss 3.1336, time 66.52ms, mfu 0.01%
iter 17: loss 3.1401, time 69.49ms, mfu 0.01%
iter 18: loss 3.1034, time 66.72ms, mfu 0.01%
iter 19: loss 3.1142, time 69.62ms, mfu 0.01%
step 20: train loss 3.0468, val loss 3.0583
saving checkpoint to experiments/member1/results/exp_003_bs64_nl4_nh4_ne128_bsz8_mi50_dr0.1
iter 20: loss 3.0923, time 850.46ms, mfu 0.01%
iter 21: loss 2.9937, time 70.54ms, mfu 0.01%
iter 22: loss 2.9669, time 66.21ms, mfu 0.01%
iter 23: loss 3.0431, time 64.80ms, mfu 0.01%
iter 24: loss 3.0685, time 64.14ms, mfu 0.01%
iter 25: loss 2.9811, time 62.58ms, mfu 0.01%
iter 26: loss 2.9325, time 65.00ms, mfu 0.01%
iter 27: loss 2.9132, time 65.71ms, mfu 0.01%
iter 28: loss 2.9019, time 69.23ms, mfu 0.01%
iter 29: loss 2.9224, time 63.49ms, mfu 0.01%
step 30: train loss 2.8870, val loss 2.8972
saving checkpoint to experiments/member1/results/exp_003_bs64_nl4_nh4_ne128_bsz8_mi50_dr0.1
iter 30: loss 3.0457, time 748.96ms, mfu 0.01%
iter 31: loss 2.9642, time 69.75ms, mfu 0.01%
iter 32: loss 2.7954, time 82.25ms, mfu 0.01%
iter 33: loss 2.8098, time 71.57ms, mfu 0.01%
iter 34: loss 2.8765, time 79.59ms, mfu 0.01%
iter 35: loss 2.8541, time 105.12ms, mfu 0.01%
iter 36: loss 2.8209, time 70.17ms, mfu 0.01%
iter 37: loss 2.8955, time 71.94ms, mfu 0.01%
iter 38: loss 2.7375, time 129.05ms, mfu 0.01%
iter 39: loss 2.8163, time 149.64ms, mfu 0.01%
step 40: train loss 2.8167, val loss 2.7995
saving checkpoint to experiments/member1/results/exp_003_bs64_nl4_nh4_ne128_bsz8_mi50_dr0.1
iter 40: loss 2.7395, time 828.46ms, mfu 0.01%
iter 41: loss 2.8631, time 69.44ms, mfu 0.01%
iter 42: loss 2.8314, time 70.10ms, mfu 0.01%
iter 43: loss 2.7661, time 63.90ms, mfu 0.01%
iter 44: loss 2.8359, time 67.61ms, mfu 0.01%
iter 45: loss 2.8684, time 67.67ms, mfu 0.01%
iter 46: loss 2.8438, time 70.49ms, mfu 0.01%
iter 47: loss 2.8170, time 79.34ms, mfu 0.01%
iter 48: loss 2.7888, time 69.56ms, mfu 0.01%
iter 49: loss 2.7593, time 65.47ms, mfu 0.01%
step 50: train loss 2.7908, val loss 2.7765
saving checkpoint to experiments/member1/results/exp_003_bs64_nl4_nh4_ne128_bsz8_mi50_dr0.1
iter 50: loss 2.8365, time 760.45ms, mfu 0.01%

============================================================
Completed: Tue Oct 28 18:11:59 2025
Duration: 11.81 seconds
