Experiment: exp_012_bs64_nl4_nh4_ne256_bsz8_mi50_dr0.2
Config: experiments/member1/configs/exp_012_bs64_nl4_nh4_ne256_bsz8_mi50_dr0.2.py
Started: Tue Oct 28 18:14:07 2025
============================================================

/workspaces/group-assignment/nanoGPT/train.py:196: FutureWarning: `torch.cuda.amp.GradScaler(args...)` is deprecated. Please use `torch.amp.GradScaler('cuda', args...)` instead.
  scaler = torch.cuda.amp.GradScaler(enabled=(dtype == 'float16'))
/home/codespace/.local/lib/python3.12/site-packages/torch/amp/grad_scaler.py:136: UserWarning: torch.cuda.amp.GradScaler is enabled, but CUDA is not available.  Disabling.
  warnings.warn(
Overriding config with config/train_shakespeare_char.py:
# train a miniature character-level shakespeare model
# good for debugging and playing on macbooks and such

out_dir = 'out-shakespeare-char'
eval_interval = 250 # keep frequent because we'll overfit
eval_iters = 200
log_interval = 10 # don't print too too often

# we expect to overfit on this small dataset, so only save when val improves
always_save_checkpoint = False

wandb_log = False # override via command line if you like
wandb_project = 'shakespeare-char'
wandb_run_name = 'mini-gpt'

dataset = 'shakespeare_char'
gradient_accumulation_steps = 1
batch_size = 64
block_size = 256 # context of up to 256 previous characters

# baby GPT model :)
n_layer = 6
n_head = 6
n_embd = 384
dropout = 0.2

learning_rate = 1e-3 # with baby networks can afford to go a bit higher
max_iters = 5000
lr_decay_iters = 5000 # make equal to max_iters usually
min_lr = 1e-4 # learning_rate / 10 usually
beta2 = 0.99 # make a bit bigger because number of tokens per iter is small

warmup_iters = 100 # not super necessary potentially

# on macbook also add
# device = 'cpu'  # run on cpu only
# compile = False # do not torch compile the model

Overriding config with ../experiments/member1/configs/exp_012_bs64_nl4_nh4_ne256_bsz8_mi50_dr0.2.py:
# Experiment configuration
dataset = "shakespeare_char"
gradient_accumulation_steps = 1
learning_rate = 0.001
decay_lr = True
warmup_iters = 10
min_lr = 0.0001
eval_interval = 10
eval_iters = 20
log_interval = 1
always_save_checkpoint = False
device = "cpu"
compile = False
block_size = 64
n_layer = 4
n_head = 4
n_embd = 256
batch_size = 8
max_iters = 50
dropout = 0.2
lr_decay_iters = 50
out_dir = "experiments/member1/results/exp_012_bs64_nl4_nh4_ne256_bsz8_mi50_dr0.2"

tokens per iteration will be: 512
found vocab_size = 65 (inside data/shakespeare_char/meta.pkl)
Initializing a new model from scratch
number of parameters: 3.16M
num decayed parameter tensors: 18, with 3,178,752 parameters
num non-decayed parameter tensors: 9, with 2,304 parameters
using fused AdamW: False
step 0: train loss 4.2877, val loss 4.2807
iter 0: loss 4.2518, time 2542.10ms, mfu -100.00%
iter 1: loss 3.9736, time 200.25ms, mfu -100.00%
iter 2: loss 3.6165, time 181.72ms, mfu -100.00%
iter 3: loss 3.5591, time 180.33ms, mfu -100.00%
iter 4: loss 3.3782, time 195.84ms, mfu -100.00%
iter 5: loss 3.4391, time 176.33ms, mfu 0.02%
iter 6: loss 3.3958, time 205.35ms, mfu 0.02%
iter 7: loss 3.3311, time 184.63ms, mfu 0.02%
iter 8: loss 3.3329, time 194.15ms, mfu 0.02%
iter 9: loss 4.9004, time 194.41ms, mfu 0.02%
step 10: train loss 3.2451, val loss 3.2324
saving checkpoint to experiments/member1/results/exp_012_bs64_nl4_nh4_ne256_bsz8_mi50_dr0.2
iter 10: loss 3.1705, time 2624.92ms, mfu 0.02%
iter 11: loss 3.0173, time 175.34ms, mfu 0.02%
iter 12: loss 3.1090, time 191.16ms, mfu 0.02%
iter 13: loss 3.0934, time 178.05ms, mfu 0.02%
iter 14: loss 3.0236, time 175.20ms, mfu 0.02%
iter 15: loss 3.0124, time 190.86ms, mfu 0.02%
iter 16: loss 3.0221, time 176.73ms, mfu 0.02%
iter 17: loss 2.8724, time 176.88ms, mfu 0.02%
iter 18: loss 2.9696, time 174.56ms, mfu 0.02%
iter 19: loss 2.8540, time 176.82ms, mfu 0.02%
step 20: train loss 2.8022, val loss 2.8251
saving checkpoint to experiments/member1/results/exp_012_bs64_nl4_nh4_ne256_bsz8_mi50_dr0.2
iter 20: loss 2.8556, time 3403.61ms, mfu 0.02%
iter 21: loss 2.9379, time 315.59ms, mfu 0.02%
iter 22: loss 2.8952, time 254.91ms, mfu 0.01%
iter 23: loss 2.8726, time 177.27ms, mfu 0.02%
iter 24: loss 2.7528, time 173.75ms, mfu 0.02%
iter 25: loss 2.7550, time 176.08ms, mfu 0.02%
iter 26: loss 2.6836, time 184.95ms, mfu 0.02%
iter 27: loss 2.8591, time 181.58ms, mfu 0.02%
iter 28: loss 2.8172, time 171.52ms, mfu 0.02%
iter 29: loss 2.7961, time 184.38ms, mfu 0.02%
step 30: train loss 2.7355, val loss 2.6859
saving checkpoint to experiments/member1/results/exp_012_bs64_nl4_nh4_ne256_bsz8_mi50_dr0.2
iter 30: loss 2.8101, time 2518.88ms, mfu 0.02%
iter 31: loss 2.6299, time 182.19ms, mfu 0.02%
iter 32: loss 2.7409, time 175.67ms, mfu 0.02%
iter 33: loss 2.7314, time 232.63ms, mfu 0.02%
iter 34: loss 2.7632, time 293.33ms, mfu 0.02%
iter 35: loss 2.6795, time 187.45ms, mfu 0.02%
iter 36: loss 2.7983, time 182.63ms, mfu 0.02%
iter 37: loss 2.6426, time 173.31ms, mfu 0.02%
iter 38: loss 2.7318, time 180.49ms, mfu 0.02%
iter 39: loss 2.6894, time 174.00ms, mfu 0.02%
step 40: train loss 2.6737, val loss 2.6432
saving checkpoint to experiments/member1/results/exp_012_bs64_nl4_nh4_ne256_bsz8_mi50_dr0.2
iter 40: loss 2.7123, time 2360.09ms, mfu 0.01%
iter 41: loss 2.7280, time 181.62ms, mfu 0.02%
iter 42: loss 2.6740, time 200.02ms, mfu 0.02%
iter 43: loss 2.5765, time 179.98ms, mfu 0.02%
iter 44: loss 2.7145, time 195.00ms, mfu 0.02%
iter 45: loss 2.7503, time 255.42ms, mfu 0.02%
iter 46: loss 2.6078, time 337.73ms, mfu 0.01%
iter 47: loss 2.7850, time 177.81ms, mfu 0.02%
iter 48: loss 2.5827, time 185.11ms, mfu 0.02%
iter 49: loss 2.6761, time 179.51ms, mfu 0.02%
step 50: train loss 2.6320, val loss 2.6247
saving checkpoint to experiments/member1/results/exp_012_bs64_nl4_nh4_ne256_bsz8_mi50_dr0.2
iter 50: loss 2.5696, time 2257.61ms, mfu 0.01%

============================================================
Completed: Tue Oct 28 18:14:35 2025
Duration: 27.85 seconds
