Experiment: exp_011_bs64_nl4_nh4_ne256_bsz8_mi50_dr0.1
Config: experiments/member1/configs/exp_011_bs64_nl4_nh4_ne256_bsz8_mi50_dr0.1.py
Started: Tue Oct 28 18:13:39 2025
============================================================

/workspaces/group-assignment/nanoGPT/train.py:196: FutureWarning: `torch.cuda.amp.GradScaler(args...)` is deprecated. Please use `torch.amp.GradScaler('cuda', args...)` instead.
  scaler = torch.cuda.amp.GradScaler(enabled=(dtype == 'float16'))
/home/codespace/.local/lib/python3.12/site-packages/torch/amp/grad_scaler.py:136: UserWarning: torch.cuda.amp.GradScaler is enabled, but CUDA is not available.  Disabling.
  warnings.warn(
Overriding config with config/train_shakespeare_char.py:
# train a miniature character-level shakespeare model
# good for debugging and playing on macbooks and such

out_dir = 'out-shakespeare-char'
eval_interval = 250 # keep frequent because we'll overfit
eval_iters = 200
log_interval = 10 # don't print too too often

# we expect to overfit on this small dataset, so only save when val improves
always_save_checkpoint = False

wandb_log = False # override via command line if you like
wandb_project = 'shakespeare-char'
wandb_run_name = 'mini-gpt'

dataset = 'shakespeare_char'
gradient_accumulation_steps = 1
batch_size = 64
block_size = 256 # context of up to 256 previous characters

# baby GPT model :)
n_layer = 6
n_head = 6
n_embd = 384
dropout = 0.2

learning_rate = 1e-3 # with baby networks can afford to go a bit higher
max_iters = 5000
lr_decay_iters = 5000 # make equal to max_iters usually
min_lr = 1e-4 # learning_rate / 10 usually
beta2 = 0.99 # make a bit bigger because number of tokens per iter is small

warmup_iters = 100 # not super necessary potentially

# on macbook also add
# device = 'cpu'  # run on cpu only
# compile = False # do not torch compile the model

Overriding config with ../experiments/member1/configs/exp_011_bs64_nl4_nh4_ne256_bsz8_mi50_dr0.1.py:
# Experiment configuration
dataset = "shakespeare_char"
gradient_accumulation_steps = 1
learning_rate = 0.001
decay_lr = True
warmup_iters = 10
min_lr = 0.0001
eval_interval = 10
eval_iters = 20
log_interval = 1
always_save_checkpoint = False
device = "cpu"
compile = False
block_size = 64
n_layer = 4
n_head = 4
n_embd = 256
batch_size = 8
max_iters = 50
dropout = 0.1
lr_decay_iters = 50
out_dir = "experiments/member1/results/exp_011_bs64_nl4_nh4_ne256_bsz8_mi50_dr0.1"

tokens per iteration will be: 512
found vocab_size = 65 (inside data/shakespeare_char/meta.pkl)
Initializing a new model from scratch
number of parameters: 3.16M
num decayed parameter tensors: 18, with 3,178,752 parameters
num non-decayed parameter tensors: 9, with 2,304 parameters
using fused AdamW: False
step 0: train loss 4.2877, val loss 4.2807
iter 0: loss 4.2592, time 2587.10ms, mfu -100.00%
iter 1: loss 3.8990, time 221.63ms, mfu -100.00%
iter 2: loss 3.5687, time 179.77ms, mfu -100.00%
iter 3: loss 3.5357, time 260.49ms, mfu -100.00%
iter 4: loss 3.3619, time 180.20ms, mfu -100.00%
iter 5: loss 3.4078, time 186.28ms, mfu 0.02%
iter 6: loss 3.3532, time 172.33ms, mfu 0.02%
iter 7: loss 3.2599, time 177.04ms, mfu 0.02%
iter 8: loss 3.3230, time 180.95ms, mfu 0.02%
iter 9: loss 3.2254, time 180.13ms, mfu 0.02%
step 10: train loss 3.0751, val loss 3.0480
saving checkpoint to experiments/member1/results/exp_011_bs64_nl4_nh4_ne256_bsz8_mi50_dr0.1
iter 10: loss 2.9389, time 2324.30ms, mfu 0.02%
iter 11: loss 2.9783, time 180.29ms, mfu 0.02%
iter 12: loss 3.0060, time 190.53ms, mfu 0.02%
iter 13: loss 2.9645, time 171.18ms, mfu 0.02%
iter 14: loss 2.9127, time 174.98ms, mfu 0.02%
iter 15: loss 2.8999, time 199.34ms, mfu 0.02%
iter 16: loss 2.9270, time 206.24ms, mfu 0.02%
iter 17: loss 2.8050, time 190.20ms, mfu 0.02%
iter 18: loss 2.9190, time 178.90ms, mfu 0.02%
iter 19: loss 2.8153, time 176.31ms, mfu 0.02%
step 20: train loss 2.7487, val loss 2.7747
saving checkpoint to experiments/member1/results/exp_011_bs64_nl4_nh4_ne256_bsz8_mi50_dr0.1
iter 20: loss 2.8007, time 2278.59ms, mfu 0.02%
iter 21: loss 2.8892, time 233.46ms, mfu 0.02%
iter 22: loss 2.7770, time 297.52ms, mfu 0.01%
iter 23: loss 2.8401, time 234.92ms, mfu 0.01%
iter 24: loss 2.7354, time 176.33ms, mfu 0.02%
iter 25: loss 2.7354, time 194.97ms, mfu 0.02%
iter 26: loss 2.6569, time 174.13ms, mfu 0.02%
iter 27: loss 2.8208, time 188.86ms, mfu 0.02%
iter 28: loss 2.7655, time 171.31ms, mfu 0.02%
iter 29: loss 2.7451, time 182.36ms, mfu 0.02%
step 30: train loss 2.7104, val loss 2.6681
saving checkpoint to experiments/member1/results/exp_011_bs64_nl4_nh4_ne256_bsz8_mi50_dr0.1
iter 30: loss 2.7492, time 2606.58ms, mfu 0.01%
iter 31: loss 2.6161, time 199.57ms, mfu 0.01%
iter 32: loss 2.7028, time 176.87ms, mfu 0.02%
iter 33: loss 2.6868, time 182.29ms, mfu 0.02%
iter 34: loss 2.7084, time 176.46ms, mfu 0.02%
iter 35: loss 2.6229, time 209.46ms, mfu 0.02%
iter 36: loss 2.7515, time 171.98ms, mfu 0.02%
iter 37: loss 2.6143, time 181.22ms, mfu 0.02%
iter 38: loss 2.6918, time 174.56ms, mfu 0.02%
iter 39: loss 2.6592, time 179.45ms, mfu 0.02%
step 40: train loss 2.6608, val loss 2.6370
saving checkpoint to experiments/member1/results/exp_011_bs64_nl4_nh4_ne256_bsz8_mi50_dr0.1
iter 40: loss 2.6838, time 2352.17ms, mfu 0.02%
iter 41: loss 2.6781, time 257.87ms, mfu 0.01%
iter 42: loss 2.6390, time 516.58ms, mfu 0.01%
iter 43: loss 2.5448, time 553.64ms, mfu 0.01%
iter 44: loss 2.6637, time 362.17ms, mfu 0.01%
iter 45: loss 2.7177, time 248.75ms, mfu 0.01%
iter 46: loss 2.5614, time 231.39ms, mfu 0.01%
iter 47: loss 2.7340, time 317.54ms, mfu 0.01%
iter 48: loss 2.5461, time 455.20ms, mfu 0.01%
iter 49: loss 2.6350, time 243.75ms, mfu 0.01%
step 50: train loss 2.6110, val loss 2.6080
saving checkpoint to experiments/member1/results/exp_011_bs64_nl4_nh4_ne256_bsz8_mi50_dr0.1
iter 50: loss 2.5538, time 2968.15ms, mfu 0.01%

============================================================
Completed: Tue Oct 28 18:14:07 2025
Duration: 28.57 seconds
