Experiment: exp_026_bs64_nl4_nh8_ne256_bsz8_mi25_dr0.2
Config: experiments/member1/configs/exp_026_bs64_nl4_nh8_ne256_bsz8_mi25_dr0.2.py
Started: Tue Oct 28 18:18:54 2025
============================================================

/workspaces/group-assignment/nanoGPT/train.py:196: FutureWarning: `torch.cuda.amp.GradScaler(args...)` is deprecated. Please use `torch.amp.GradScaler('cuda', args...)` instead.
  scaler = torch.cuda.amp.GradScaler(enabled=(dtype == 'float16'))
/home/codespace/.local/lib/python3.12/site-packages/torch/amp/grad_scaler.py:136: UserWarning: torch.cuda.amp.GradScaler is enabled, but CUDA is not available.  Disabling.
  warnings.warn(
Overriding config with config/train_shakespeare_char.py:
# train a miniature character-level shakespeare model
# good for debugging and playing on macbooks and such

out_dir = 'out-shakespeare-char'
eval_interval = 250 # keep frequent because we'll overfit
eval_iters = 200
log_interval = 10 # don't print too too often

# we expect to overfit on this small dataset, so only save when val improves
always_save_checkpoint = False

wandb_log = False # override via command line if you like
wandb_project = 'shakespeare-char'
wandb_run_name = 'mini-gpt'

dataset = 'shakespeare_char'
gradient_accumulation_steps = 1
batch_size = 64
block_size = 256 # context of up to 256 previous characters

# baby GPT model :)
n_layer = 6
n_head = 6
n_embd = 384
dropout = 0.2

learning_rate = 1e-3 # with baby networks can afford to go a bit higher
max_iters = 5000
lr_decay_iters = 5000 # make equal to max_iters usually
min_lr = 1e-4 # learning_rate / 10 usually
beta2 = 0.99 # make a bit bigger because number of tokens per iter is small

warmup_iters = 100 # not super necessary potentially

# on macbook also add
# device = 'cpu'  # run on cpu only
# compile = False # do not torch compile the model

Overriding config with ../experiments/member1/configs/exp_026_bs64_nl4_nh8_ne256_bsz8_mi25_dr0.2.py:
# Experiment configuration
dataset = "shakespeare_char"
gradient_accumulation_steps = 1
learning_rate = 0.001
decay_lr = True
warmup_iters = 10
min_lr = 0.0001
eval_interval = 10
eval_iters = 20
log_interval = 1
always_save_checkpoint = False
device = "cpu"
compile = False
block_size = 64
n_layer = 4
n_head = 8
n_embd = 256
batch_size = 8
max_iters = 25
dropout = 0.2
lr_decay_iters = 25
out_dir = "experiments/member1/results/exp_026_bs64_nl4_nh8_ne256_bsz8_mi25_dr0.2"

tokens per iteration will be: 512
found vocab_size = 65 (inside data/shakespeare_char/meta.pkl)
Initializing a new model from scratch
number of parameters: 3.16M
num decayed parameter tensors: 18, with 3,178,752 parameters
num non-decayed parameter tensors: 9, with 2,304 parameters
using fused AdamW: False
step 0: train loss 4.2871, val loss 4.2800
iter 0: loss 4.2521, time 2248.51ms, mfu -100.00%
iter 1: loss 3.9760, time 183.41ms, mfu -100.00%
iter 2: loss 3.6504, time 170.11ms, mfu -100.00%
iter 3: loss 3.5083, time 178.49ms, mfu -100.00%
iter 4: loss 3.3742, time 168.41ms, mfu -100.00%
iter 5: loss 3.4908, time 168.22ms, mfu 0.02%
iter 6: loss 3.3294, time 170.95ms, mfu 0.02%
iter 7: loss 3.4010, time 179.09ms, mfu 0.02%
iter 8: loss 3.2076, time 171.60ms, mfu 0.02%
iter 9: loss 3.0768, time 180.88ms, mfu 0.02%
step 10: train loss 3.0995, val loss 3.1479
saving checkpoint to experiments/member1/results/exp_026_bs64_nl4_nh8_ne256_bsz8_mi25_dr0.2
iter 10: loss 2.9960, time 2041.31ms, mfu 0.02%
iter 11: loss 3.0778, time 169.87ms, mfu 0.02%
iter 12: loss 3.0002, time 173.07ms, mfu 0.02%
iter 13: loss 2.9143, time 172.71ms, mfu 0.02%
iter 14: loss 2.9498, time 170.07ms, mfu 0.02%
iter 15: loss 2.9706, time 171.85ms, mfu 0.02%
iter 16: loss 2.8847, time 184.93ms, mfu 0.02%
iter 17: loss 2.8254, time 180.82ms, mfu 0.02%
iter 18: loss 2.7761, time 188.37ms, mfu 0.02%
iter 19: loss 2.8226, time 171.07ms, mfu 0.02%
step 20: train loss 2.8165, val loss 2.8529
saving checkpoint to experiments/member1/results/exp_026_bs64_nl4_nh8_ne256_bsz8_mi25_dr0.2
iter 20: loss 2.8589, time 2121.00ms, mfu 0.02%
iter 21: loss 2.8797, time 168.99ms, mfu 0.02%
iter 22: loss 2.7931, time 233.75ms, mfu 0.02%
iter 23: loss 2.8365, time 242.35ms, mfu 0.02%
iter 24: loss 2.7981, time 223.40ms, mfu 0.02%
iter 25: loss 2.8693, time 170.69ms, mfu 0.02%

============================================================
Completed: Tue Oct 28 18:19:07 2025
Duration: 13.64 seconds
