Experiment: exp_016_bs64_nl4_nh4_ne256_bsz16_mi50_dr0.2
Config: experiments/member1/configs/exp_016_bs64_nl4_nh4_ne256_bsz16_mi50_dr0.2.py
Started: Tue Oct 28 18:16:18 2025
============================================================

/workspaces/group-assignment/nanoGPT/train.py:196: FutureWarning: `torch.cuda.amp.GradScaler(args...)` is deprecated. Please use `torch.amp.GradScaler('cuda', args...)` instead.
  scaler = torch.cuda.amp.GradScaler(enabled=(dtype == 'float16'))
/home/codespace/.local/lib/python3.12/site-packages/torch/amp/grad_scaler.py:136: UserWarning: torch.cuda.amp.GradScaler is enabled, but CUDA is not available.  Disabling.
  warnings.warn(
Overriding config with config/train_shakespeare_char.py:
# train a miniature character-level shakespeare model
# good for debugging and playing on macbooks and such

out_dir = 'out-shakespeare-char'
eval_interval = 250 # keep frequent because we'll overfit
eval_iters = 200
log_interval = 10 # don't print too too often

# we expect to overfit on this small dataset, so only save when val improves
always_save_checkpoint = False

wandb_log = False # override via command line if you like
wandb_project = 'shakespeare-char'
wandb_run_name = 'mini-gpt'

dataset = 'shakespeare_char'
gradient_accumulation_steps = 1
batch_size = 64
block_size = 256 # context of up to 256 previous characters

# baby GPT model :)
n_layer = 6
n_head = 6
n_embd = 384
dropout = 0.2

learning_rate = 1e-3 # with baby networks can afford to go a bit higher
max_iters = 5000
lr_decay_iters = 5000 # make equal to max_iters usually
min_lr = 1e-4 # learning_rate / 10 usually
beta2 = 0.99 # make a bit bigger because number of tokens per iter is small

warmup_iters = 100 # not super necessary potentially

# on macbook also add
# device = 'cpu'  # run on cpu only
# compile = False # do not torch compile the model

Overriding config with ../experiments/member1/configs/exp_016_bs64_nl4_nh4_ne256_bsz16_mi50_dr0.2.py:
# Experiment configuration
dataset = "shakespeare_char"
gradient_accumulation_steps = 1
learning_rate = 0.001
decay_lr = True
warmup_iters = 10
min_lr = 0.0001
eval_interval = 10
eval_iters = 20
log_interval = 1
always_save_checkpoint = False
device = "cpu"
compile = False
block_size = 64
n_layer = 4
n_head = 4
n_embd = 256
batch_size = 16
max_iters = 50
dropout = 0.2
lr_decay_iters = 50
out_dir = "experiments/member1/results/exp_016_bs64_nl4_nh4_ne256_bsz16_mi50_dr0.2"

tokens per iteration will be: 1,024
found vocab_size = 65 (inside data/shakespeare_char/meta.pkl)
Initializing a new model from scratch
number of parameters: 3.16M
num decayed parameter tensors: 18, with 3,178,752 parameters
num non-decayed parameter tensors: 9, with 2,304 parameters
using fused AdamW: False
step 0: train loss 4.2872, val loss 4.2856
iter 0: loss 4.2624, time 4761.55ms, mfu -100.00%
iter 1: loss 3.9330, time 406.10ms, mfu -100.00%
iter 2: loss 3.6057, time 364.19ms, mfu -100.00%
iter 3: loss 3.4268, time 329.91ms, mfu -100.00%
iter 4: loss 3.4051, time 459.58ms, mfu -100.00%
iter 5: loss 3.4056, time 379.57ms, mfu 0.02%
iter 6: loss 3.2847, time 389.05ms, mfu 0.02%
iter 7: loss 3.2358, time 383.65ms, mfu 0.02%
iter 8: loss 3.1609, time 349.65ms, mfu 0.02%
iter 9: loss 3.0959, time 349.29ms, mfu 0.02%
step 10: train loss 3.3812, val loss 3.4583
saving checkpoint to experiments/member1/results/exp_016_bs64_nl4_nh4_ne256_bsz16_mi50_dr0.2
iter 10: loss 3.2974, time 4334.08ms, mfu 0.02%
iter 11: loss 2.9055, time 375.92ms, mfu 0.02%
iter 12: loss 2.9865, time 355.30ms, mfu 0.02%
iter 13: loss 2.8857, time 383.98ms, mfu 0.02%
iter 14: loss 2.8799, time 333.65ms, mfu 0.02%
iter 15: loss 2.8214, time 331.60ms, mfu 0.02%
iter 16: loss 2.8482, time 346.40ms, mfu 0.02%
iter 17: loss 2.8328, time 334.25ms, mfu 0.02%
iter 18: loss 2.8196, time 335.70ms, mfu 0.02%
iter 19: loss 2.7588, time 335.11ms, mfu 0.02%
step 20: train loss 2.7289, val loss 2.7061
saving checkpoint to experiments/member1/results/exp_016_bs64_nl4_nh4_ne256_bsz16_mi50_dr0.2
iter 20: loss 2.7940, time 4445.77ms, mfu 0.02%
iter 21: loss 2.7722, time 325.89ms, mfu 0.02%
iter 22: loss 2.7308, time 346.35ms, mfu 0.02%
iter 23: loss 2.6217, time 328.17ms, mfu 0.02%
iter 24: loss 2.7180, time 343.56ms, mfu 0.02%
iter 25: loss 2.6995, time 466.65ms, mfu 0.02%
iter 26: loss 2.6988, time 346.92ms, mfu 0.02%
iter 27: loss 2.6989, time 358.55ms, mfu 0.02%
iter 28: loss 2.6338, time 427.04ms, mfu 0.02%
iter 29: loss 2.7468, time 414.84ms, mfu 0.02%
step 30: train loss 2.6351, val loss 2.6455
saving checkpoint to experiments/member1/results/exp_016_bs64_nl4_nh4_ne256_bsz16_mi50_dr0.2
iter 30: loss 2.7657, time 4133.80ms, mfu 0.02%
iter 31: loss 2.6521, time 328.50ms, mfu 0.02%
iter 32: loss 2.6817, time 413.72ms, mfu 0.02%
iter 33: loss 2.6262, time 408.73ms, mfu 0.02%
iter 34: loss 2.5597, time 386.46ms, mfu 0.02%
iter 35: loss 2.6458, time 426.22ms, mfu 0.02%
iter 36: loss 2.6040, time 840.13ms, mfu 0.01%
iter 37: loss 2.6349, time 703.60ms, mfu 0.01%
iter 38: loss 2.6088, time 526.66ms, mfu 0.01%
iter 39: loss 2.6097, time 333.85ms, mfu 0.01%
step 40: train loss 2.6043, val loss 2.6011
saving checkpoint to experiments/member1/results/exp_016_bs64_nl4_nh4_ne256_bsz16_mi50_dr0.2
iter 40: loss 2.5519, time 4067.05ms, mfu 0.01%
iter 41: loss 2.5923, time 348.26ms, mfu 0.01%
iter 42: loss 2.5150, time 353.78ms, mfu 0.01%
iter 43: loss 2.6517, time 335.66ms, mfu 0.01%
iter 44: loss 2.6326, time 391.29ms, mfu 0.02%
iter 45: loss 2.4841, time 332.60ms, mfu 0.02%
iter 46: loss 2.6222, time 333.57ms, mfu 0.02%
iter 47: loss 2.6646, time 332.30ms, mfu 0.02%
iter 48: loss 2.6203, time 472.53ms, mfu 0.02%
iter 49: loss 2.6163, time 388.21ms, mfu 0.02%
step 50: train loss 2.5850, val loss 2.5735
saving checkpoint to experiments/member1/results/exp_016_bs64_nl4_nh4_ne256_bsz16_mi50_dr0.2
iter 50: loss 2.5587, time 4112.47ms, mfu 0.01%

============================================================
Completed: Tue Oct 28 18:17:05 2025
Duration: 46.81 seconds
