Experiment: exp_005_bs64_nl4_nh4_ne128_bsz16_mi25_dr0.1
Config: experiments/member1/configs/exp_005_bs64_nl4_nh4_ne128_bsz16_mi25_dr0.1.py
Started: Tue Oct 28 18:12:11 2025
============================================================

/workspaces/group-assignment/nanoGPT/train.py:196: FutureWarning: `torch.cuda.amp.GradScaler(args...)` is deprecated. Please use `torch.amp.GradScaler('cuda', args...)` instead.
  scaler = torch.cuda.amp.GradScaler(enabled=(dtype == 'float16'))
/home/codespace/.local/lib/python3.12/site-packages/torch/amp/grad_scaler.py:136: UserWarning: torch.cuda.amp.GradScaler is enabled, but CUDA is not available.  Disabling.
  warnings.warn(
Overriding config with config/train_shakespeare_char.py:
# train a miniature character-level shakespeare model
# good for debugging and playing on macbooks and such

out_dir = 'out-shakespeare-char'
eval_interval = 250 # keep frequent because we'll overfit
eval_iters = 200
log_interval = 10 # don't print too too often

# we expect to overfit on this small dataset, so only save when val improves
always_save_checkpoint = False

wandb_log = False # override via command line if you like
wandb_project = 'shakespeare-char'
wandb_run_name = 'mini-gpt'

dataset = 'shakespeare_char'
gradient_accumulation_steps = 1
batch_size = 64
block_size = 256 # context of up to 256 previous characters

# baby GPT model :)
n_layer = 6
n_head = 6
n_embd = 384
dropout = 0.2

learning_rate = 1e-3 # with baby networks can afford to go a bit higher
max_iters = 5000
lr_decay_iters = 5000 # make equal to max_iters usually
min_lr = 1e-4 # learning_rate / 10 usually
beta2 = 0.99 # make a bit bigger because number of tokens per iter is small

warmup_iters = 100 # not super necessary potentially

# on macbook also add
# device = 'cpu'  # run on cpu only
# compile = False # do not torch compile the model

Overriding config with ../experiments/member1/configs/exp_005_bs64_nl4_nh4_ne128_bsz16_mi25_dr0.1.py:
# Experiment configuration
dataset = "shakespeare_char"
gradient_accumulation_steps = 1
learning_rate = 0.001
decay_lr = True
warmup_iters = 10
min_lr = 0.0001
eval_interval = 10
eval_iters = 20
log_interval = 1
always_save_checkpoint = False
device = "cpu"
compile = False
block_size = 64
n_layer = 4
n_head = 4
n_embd = 128
batch_size = 16
max_iters = 25
dropout = 0.1
lr_decay_iters = 25
out_dir = "experiments/member1/results/exp_005_bs64_nl4_nh4_ne128_bsz16_mi25_dr0.1"

tokens per iteration will be: 1,024
found vocab_size = 65 (inside data/shakespeare_char/meta.pkl)
Initializing a new model from scratch
number of parameters: 0.80M
num decayed parameter tensors: 18, with 802,944 parameters
num non-decayed parameter tensors: 9, with 1,152 parameters
using fused AdamW: False
step 0: train loss 4.1668, val loss 4.1667
iter 0: loss 4.1878, time 2101.16ms, mfu -100.00%
iter 1: loss 4.0424, time 134.50ms, mfu -100.00%
iter 2: loss 3.8905, time 123.26ms, mfu -100.00%
iter 3: loss 3.7691, time 119.03ms, mfu -100.00%
iter 4: loss 3.7132, time 118.98ms, mfu -100.00%
iter 5: loss 3.6589, time 121.14ms, mfu 0.01%
iter 6: loss 3.6411, time 117.68ms, mfu 0.01%
iter 7: loss 3.5926, time 116.60ms, mfu 0.01%
iter 8: loss 3.5269, time 114.03ms, mfu 0.01%
iter 9: loss 3.4929, time 116.05ms, mfu 0.01%
step 10: train loss 3.3653, val loss 3.3864
saving checkpoint to experiments/member1/results/exp_005_bs64_nl4_nh4_ne128_bsz16_mi25_dr0.1
iter 10: loss 3.3992, time 1413.39ms, mfu 0.01%
iter 11: loss 4.2884, time 123.61ms, mfu 0.01%
iter 12: loss 3.3280, time 127.11ms, mfu 0.01%
iter 13: loss 3.2864, time 124.02ms, mfu 0.01%
iter 14: loss 3.1310, time 117.74ms, mfu 0.01%
iter 15: loss 3.1970, time 117.50ms, mfu 0.01%
iter 16: loss 3.1367, time 131.85ms, mfu 0.01%
iter 17: loss 3.0956, time 145.27ms, mfu 0.01%
iter 18: loss 3.0323, time 144.14ms, mfu 0.01%
iter 19: loss 3.0226, time 153.55ms, mfu 0.01%
step 20: train loss 3.0279, val loss 3.0367
saving checkpoint to experiments/member1/results/exp_005_bs64_nl4_nh4_ne128_bsz16_mi25_dr0.1
iter 20: loss 3.0008, time 1994.04ms, mfu 0.01%
iter 21: loss 3.0577, time 129.89ms, mfu 0.01%
iter 22: loss 3.0372, time 118.05ms, mfu 0.01%
iter 23: loss 3.0490, time 123.70ms, mfu 0.01%
iter 24: loss 2.9852, time 132.36ms, mfu 0.01%
iter 25: loss 2.9419, time 123.93ms, mfu 0.01%

============================================================
Completed: Tue Oct 28 18:12:23 2025
Duration: 11.81 seconds
