Experiment: exp_023_bs64_nl4_nh8_ne128_bsz16_mi50_dr0.1
Config: experiments/member1/configs/exp_023_bs64_nl4_nh8_ne128_bsz16_mi50_dr0.1.py
Started: Tue Oct 28 18:18:06 2025
============================================================

/workspaces/group-assignment/nanoGPT/train.py:196: FutureWarning: `torch.cuda.amp.GradScaler(args...)` is deprecated. Please use `torch.amp.GradScaler('cuda', args...)` instead.
  scaler = torch.cuda.amp.GradScaler(enabled=(dtype == 'float16'))
/home/codespace/.local/lib/python3.12/site-packages/torch/amp/grad_scaler.py:136: UserWarning: torch.cuda.amp.GradScaler is enabled, but CUDA is not available.  Disabling.
  warnings.warn(
Overriding config with config/train_shakespeare_char.py:
# train a miniature character-level shakespeare model
# good for debugging and playing on macbooks and such

out_dir = 'out-shakespeare-char'
eval_interval = 250 # keep frequent because we'll overfit
eval_iters = 200
log_interval = 10 # don't print too too often

# we expect to overfit on this small dataset, so only save when val improves
always_save_checkpoint = False

wandb_log = False # override via command line if you like
wandb_project = 'shakespeare-char'
wandb_run_name = 'mini-gpt'

dataset = 'shakespeare_char'
gradient_accumulation_steps = 1
batch_size = 64
block_size = 256 # context of up to 256 previous characters

# baby GPT model :)
n_layer = 6
n_head = 6
n_embd = 384
dropout = 0.2

learning_rate = 1e-3 # with baby networks can afford to go a bit higher
max_iters = 5000
lr_decay_iters = 5000 # make equal to max_iters usually
min_lr = 1e-4 # learning_rate / 10 usually
beta2 = 0.99 # make a bit bigger because number of tokens per iter is small

warmup_iters = 100 # not super necessary potentially

# on macbook also add
# device = 'cpu'  # run on cpu only
# compile = False # do not torch compile the model

Overriding config with ../experiments/member1/configs/exp_023_bs64_nl4_nh8_ne128_bsz16_mi50_dr0.1.py:
# Experiment configuration
dataset = "shakespeare_char"
gradient_accumulation_steps = 1
learning_rate = 0.001
decay_lr = True
warmup_iters = 10
min_lr = 0.0001
eval_interval = 10
eval_iters = 20
log_interval = 1
always_save_checkpoint = False
device = "cpu"
compile = False
block_size = 64
n_layer = 4
n_head = 8
n_embd = 128
batch_size = 16
max_iters = 50
dropout = 0.1
lr_decay_iters = 50
out_dir = "experiments/member1/results/exp_023_bs64_nl4_nh8_ne128_bsz16_mi50_dr0.1"

tokens per iteration will be: 1,024
found vocab_size = 65 (inside data/shakespeare_char/meta.pkl)
Initializing a new model from scratch
number of parameters: 0.80M
num decayed parameter tensors: 18, with 802,944 parameters
num non-decayed parameter tensors: 9, with 1,152 parameters
using fused AdamW: False
step 0: train loss 4.1666, val loss 4.1666
iter 0: loss 4.1860, time 1612.15ms, mfu -100.00%
iter 1: loss 4.0769, time 133.56ms, mfu -100.00%
iter 2: loss 3.8794, time 129.73ms, mfu -100.00%
iter 3: loss 3.7622, time 124.17ms, mfu -100.00%
iter 4: loss 3.7447, time 148.71ms, mfu -100.00%
iter 5: loss 3.6558, time 170.44ms, mfu 0.01%
iter 6: loss 3.5786, time 129.34ms, mfu 0.01%
iter 7: loss 3.5658, time 126.01ms, mfu 0.01%
iter 8: loss 3.5434, time 125.21ms, mfu 0.01%
iter 9: loss 3.4714, time 128.44ms, mfu 0.01%
step 10: train loss 3.3935, val loss 3.4021
saving checkpoint to experiments/member1/results/exp_023_bs64_nl4_nh8_ne128_bsz16_mi50_dr0.1
iter 10: loss 3.3880, time 1265.21ms, mfu 0.01%
iter 11: loss 3.3340, time 124.13ms, mfu 0.01%
iter 12: loss 3.5566, time 135.13ms, mfu 0.01%
iter 13: loss 3.2271, time 129.41ms, mfu 0.01%
iter 14: loss 3.1582, time 126.79ms, mfu 0.01%
iter 15: loss 3.1924, time 184.74ms, mfu 0.01%
iter 16: loss 3.0790, time 138.26ms, mfu 0.01%
iter 17: loss 3.0821, time 169.18ms, mfu 0.01%
iter 18: loss 3.0640, time 126.69ms, mfu 0.01%
iter 19: loss 2.9896, time 138.74ms, mfu 0.01%
step 20: train loss 3.0005, val loss 3.0085
saving checkpoint to experiments/member1/results/exp_023_bs64_nl4_nh8_ne128_bsz16_mi50_dr0.1
iter 20: loss 3.0349, time 1334.68ms, mfu 0.01%
iter 21: loss 2.9614, time 128.07ms, mfu 0.01%
iter 22: loss 2.9036, time 126.09ms, mfu 0.01%
iter 23: loss 2.8951, time 132.41ms, mfu 0.01%
iter 24: loss 2.8558, time 155.87ms, mfu 0.01%
iter 25: loss 2.8934, time 136.57ms, mfu 0.01%
iter 26: loss 2.8925, time 128.89ms, mfu 0.01%
iter 27: loss 2.8648, time 124.78ms, mfu 0.01%
iter 28: loss 2.8489, time 127.50ms, mfu 0.01%
iter 29: loss 2.8112, time 125.46ms, mfu 0.01%
step 30: train loss 2.8265, val loss 2.8494
saving checkpoint to experiments/member1/results/exp_023_bs64_nl4_nh8_ne128_bsz16_mi50_dr0.1
iter 30: loss 2.8079, time 1287.61ms, mfu 0.01%
iter 31: loss 2.7799, time 124.42ms, mfu 0.01%
iter 32: loss 2.8202, time 124.99ms, mfu 0.01%
iter 33: loss 2.7643, time 127.78ms, mfu 0.01%
iter 34: loss 2.8566, time 127.21ms, mfu 0.01%
iter 35: loss 2.8157, time 126.62ms, mfu 0.01%
iter 36: loss 2.7763, time 130.19ms, mfu 0.01%
iter 37: loss 2.8833, time 135.07ms, mfu 0.01%
iter 38: loss 2.7511, time 170.05ms, mfu 0.01%
iter 39: loss 2.7570, time 125.49ms, mfu 0.01%
step 40: train loss 2.7606, val loss 2.7501
saving checkpoint to experiments/member1/results/exp_023_bs64_nl4_nh8_ne128_bsz16_mi50_dr0.1
iter 40: loss 2.7117, time 1359.50ms, mfu 0.01%
iter 41: loss 2.7703, time 128.25ms, mfu 0.01%
iter 42: loss 2.7634, time 127.67ms, mfu 0.01%
iter 43: loss 2.8347, time 124.68ms, mfu 0.01%
iter 44: loss 2.7289, time 145.30ms, mfu 0.01%
iter 45: loss 2.7695, time 158.35ms, mfu 0.01%
iter 46: loss 2.7907, time 138.99ms, mfu 0.01%
iter 47: loss 2.6904, time 126.89ms, mfu 0.01%
iter 48: loss 2.7242, time 123.91ms, mfu 0.01%
iter 49: loss 2.7335, time 125.54ms, mfu 0.01%
step 50: train loss 2.7206, val loss 2.7504
iter 50: loss 2.7539, time 1244.58ms, mfu 0.01%

============================================================
Completed: Tue Oct 28 18:18:23 2025
Duration: 16.82 seconds
