Experiment: exp_022_bs64_nl4_nh8_ne128_bsz16_mi25_dr0.2
Config: experiments/member1/configs/exp_022_bs64_nl4_nh8_ne128_bsz16_mi25_dr0.2.py
Started: Tue Oct 28 18:17:56 2025
============================================================

/workspaces/group-assignment/nanoGPT/train.py:196: FutureWarning: `torch.cuda.amp.GradScaler(args...)` is deprecated. Please use `torch.amp.GradScaler('cuda', args...)` instead.
  scaler = torch.cuda.amp.GradScaler(enabled=(dtype == 'float16'))
/home/codespace/.local/lib/python3.12/site-packages/torch/amp/grad_scaler.py:136: UserWarning: torch.cuda.amp.GradScaler is enabled, but CUDA is not available.  Disabling.
  warnings.warn(
Overriding config with config/train_shakespeare_char.py:
# train a miniature character-level shakespeare model
# good for debugging and playing on macbooks and such

out_dir = 'out-shakespeare-char'
eval_interval = 250 # keep frequent because we'll overfit
eval_iters = 200
log_interval = 10 # don't print too too often

# we expect to overfit on this small dataset, so only save when val improves
always_save_checkpoint = False

wandb_log = False # override via command line if you like
wandb_project = 'shakespeare-char'
wandb_run_name = 'mini-gpt'

dataset = 'shakespeare_char'
gradient_accumulation_steps = 1
batch_size = 64
block_size = 256 # context of up to 256 previous characters

# baby GPT model :)
n_layer = 6
n_head = 6
n_embd = 384
dropout = 0.2

learning_rate = 1e-3 # with baby networks can afford to go a bit higher
max_iters = 5000
lr_decay_iters = 5000 # make equal to max_iters usually
min_lr = 1e-4 # learning_rate / 10 usually
beta2 = 0.99 # make a bit bigger because number of tokens per iter is small

warmup_iters = 100 # not super necessary potentially

# on macbook also add
# device = 'cpu'  # run on cpu only
# compile = False # do not torch compile the model

Overriding config with ../experiments/member1/configs/exp_022_bs64_nl4_nh8_ne128_bsz16_mi25_dr0.2.py:
# Experiment configuration
dataset = "shakespeare_char"
gradient_accumulation_steps = 1
learning_rate = 0.001
decay_lr = True
warmup_iters = 10
min_lr = 0.0001
eval_interval = 10
eval_iters = 20
log_interval = 1
always_save_checkpoint = False
device = "cpu"
compile = False
block_size = 64
n_layer = 4
n_head = 8
n_embd = 128
batch_size = 16
max_iters = 25
dropout = 0.2
lr_decay_iters = 25
out_dir = "experiments/member1/results/exp_022_bs64_nl4_nh8_ne128_bsz16_mi25_dr0.2"

tokens per iteration will be: 1,024
found vocab_size = 65 (inside data/shakespeare_char/meta.pkl)
Initializing a new model from scratch
number of parameters: 0.80M
num decayed parameter tensors: 18, with 802,944 parameters
num non-decayed parameter tensors: 9, with 1,152 parameters
using fused AdamW: False
step 0: train loss 4.1666, val loss 4.1666
iter 0: loss 4.1821, time 1799.39ms, mfu -100.00%
iter 1: loss 4.0925, time 140.47ms, mfu -100.00%
iter 2: loss 3.9078, time 132.32ms, mfu -100.00%
iter 3: loss 3.7806, time 130.69ms, mfu -100.00%
iter 4: loss 3.7558, time 161.16ms, mfu -100.00%
iter 5: loss 3.6659, time 152.81ms, mfu 0.01%
iter 6: loss 3.5873, time 141.48ms, mfu 0.01%
iter 7: loss 3.5785, time 130.50ms, mfu 0.01%
iter 8: loss 3.5610, time 133.87ms, mfu 0.01%
iter 9: loss 3.5006, time 132.11ms, mfu 0.01%
step 10: train loss 3.4440, val loss 3.4563
saving checkpoint to experiments/member1/results/exp_022_bs64_nl4_nh8_ne128_bsz16_mi25_dr0.2
iter 10: loss 3.4463, time 1300.08ms, mfu 0.01%
iter 11: loss 3.4087, time 151.28ms, mfu 0.01%
iter 12: loss 3.4034, time 134.83ms, mfu 0.01%
iter 13: loss 3.3065, time 171.11ms, mfu 0.01%
iter 14: loss 3.2072, time 177.13ms, mfu 0.01%
iter 15: loss 3.2371, time 129.48ms, mfu 0.01%
iter 16: loss 3.1118, time 144.68ms, mfu 0.01%
iter 17: loss 3.1424, time 130.51ms, mfu 0.01%
iter 18: loss 3.1352, time 130.11ms, mfu 0.01%
iter 19: loss 3.0525, time 129.50ms, mfu 0.01%
step 20: train loss 3.0534, val loss 3.0614
saving checkpoint to experiments/member1/results/exp_022_bs64_nl4_nh8_ne128_bsz16_mi25_dr0.2
iter 20: loss 3.0955, time 1323.59ms, mfu 0.01%
iter 21: loss 3.0513, time 131.26ms, mfu 0.01%
iter 22: loss 3.0104, time 130.55ms, mfu 0.01%
iter 23: loss 3.0179, time 146.15ms, mfu 0.01%
iter 24: loss 2.9759, time 159.78ms, mfu 0.01%
iter 25: loss 3.0086, time 135.39ms, mfu 0.01%

============================================================
Completed: Tue Oct 28 18:18:06 2025
Duration: 10.36 seconds
