Experiment: exp_019_bs64_nl4_nh8_ne128_bsz8_mi50_dr0.1
Config: experiments/member1/configs/exp_019_bs64_nl4_nh8_ne128_bsz8_mi50_dr0.1.py
Started: Tue Oct 28 18:17:20 2025
============================================================

/workspaces/group-assignment/nanoGPT/train.py:196: FutureWarning: `torch.cuda.amp.GradScaler(args...)` is deprecated. Please use `torch.amp.GradScaler('cuda', args...)` instead.
  scaler = torch.cuda.amp.GradScaler(enabled=(dtype == 'float16'))
/home/codespace/.local/lib/python3.12/site-packages/torch/amp/grad_scaler.py:136: UserWarning: torch.cuda.amp.GradScaler is enabled, but CUDA is not available.  Disabling.
  warnings.warn(
Overriding config with config/train_shakespeare_char.py:
# train a miniature character-level shakespeare model
# good for debugging and playing on macbooks and such

out_dir = 'out-shakespeare-char'
eval_interval = 250 # keep frequent because we'll overfit
eval_iters = 200
log_interval = 10 # don't print too too often

# we expect to overfit on this small dataset, so only save when val improves
always_save_checkpoint = False

wandb_log = False # override via command line if you like
wandb_project = 'shakespeare-char'
wandb_run_name = 'mini-gpt'

dataset = 'shakespeare_char'
gradient_accumulation_steps = 1
batch_size = 64
block_size = 256 # context of up to 256 previous characters

# baby GPT model :)
n_layer = 6
n_head = 6
n_embd = 384
dropout = 0.2

learning_rate = 1e-3 # with baby networks can afford to go a bit higher
max_iters = 5000
lr_decay_iters = 5000 # make equal to max_iters usually
min_lr = 1e-4 # learning_rate / 10 usually
beta2 = 0.99 # make a bit bigger because number of tokens per iter is small

warmup_iters = 100 # not super necessary potentially

# on macbook also add
# device = 'cpu'  # run on cpu only
# compile = False # do not torch compile the model

Overriding config with ../experiments/member1/configs/exp_019_bs64_nl4_nh8_ne128_bsz8_mi50_dr0.1.py:
# Experiment configuration
dataset = "shakespeare_char"
gradient_accumulation_steps = 1
learning_rate = 0.001
decay_lr = True
warmup_iters = 10
min_lr = 0.0001
eval_interval = 10
eval_iters = 20
log_interval = 1
always_save_checkpoint = False
device = "cpu"
compile = False
block_size = 64
n_layer = 4
n_head = 8
n_embd = 128
batch_size = 8
max_iters = 50
dropout = 0.1
lr_decay_iters = 50
out_dir = "experiments/member1/results/exp_019_bs64_nl4_nh8_ne128_bsz8_mi50_dr0.1"

tokens per iteration will be: 512
found vocab_size = 65 (inside data/shakespeare_char/meta.pkl)
Initializing a new model from scratch
number of parameters: 0.80M
num decayed parameter tensors: 18, with 802,944 parameters
num non-decayed parameter tensors: 9, with 1,152 parameters
using fused AdamW: False
step 0: train loss 4.1666, val loss 4.1646
iter 0: loss 4.1971, time 988.68ms, mfu -100.00%
iter 1: loss 4.0746, time 103.70ms, mfu -100.00%
iter 2: loss 3.9019, time 78.18ms, mfu -100.00%
iter 3: loss 3.7822, time 84.56ms, mfu -100.00%
iter 4: loss 3.6911, time 82.19ms, mfu -100.00%
iter 5: loss 3.7078, time 72.12ms, mfu 0.01%
iter 6: loss 3.6789, time 74.77ms, mfu 0.01%
iter 7: loss 3.6011, time 75.90ms, mfu 0.01%
iter 8: loss 3.5435, time 71.91ms, mfu 0.01%
iter 9: loss 3.4471, time 73.51ms, mfu 0.01%
step 10: train loss 3.3849, val loss 3.4177
saving checkpoint to experiments/member1/results/exp_019_bs64_nl4_nh8_ne128_bsz8_mi50_dr0.1
iter 10: loss 3.4485, time 846.32ms, mfu 0.01%
iter 11: loss 3.4367, time 84.15ms, mfu 0.01%
iter 12: loss 3.3469, time 78.39ms, mfu 0.01%
iter 13: loss 3.2833, time 84.08ms, mfu 0.01%
iter 14: loss 3.1884, time 75.81ms, mfu 0.01%
iter 15: loss 3.1470, time 72.82ms, mfu 0.01%
iter 16: loss 3.2306, time 76.56ms, mfu 0.01%
iter 17: loss 3.0750, time 72.52ms, mfu 0.01%
iter 18: loss 3.0275, time 79.17ms, mfu 0.01%
iter 19: loss 3.0538, time 74.80ms, mfu 0.01%
step 20: train loss 3.0245, val loss 3.0346
saving checkpoint to experiments/member1/results/exp_019_bs64_nl4_nh8_ne128_bsz8_mi50_dr0.1
iter 20: loss 2.9915, time 799.93ms, mfu 0.01%
iter 21: loss 3.0173, time 161.15ms, mfu 0.01%
iter 22: loss 3.0361, time 80.39ms, mfu 0.01%
iter 23: loss 3.0053, time 72.35ms, mfu 0.01%
iter 24: loss 3.0017, time 79.10ms, mfu 0.01%
iter 25: loss 2.8689, time 73.38ms, mfu 0.01%
iter 26: loss 2.9309, time 78.33ms, mfu 0.01%
iter 27: loss 2.8023, time 77.06ms, mfu 0.01%
iter 28: loss 2.9323, time 79.81ms, mfu 0.01%
iter 29: loss 2.9565, time 73.19ms, mfu 0.01%
step 30: train loss 2.8564, val loss 2.8916
saving checkpoint to experiments/member1/results/exp_019_bs64_nl4_nh8_ne128_bsz8_mi50_dr0.1
iter 30: loss 2.9328, time 792.61ms, mfu 0.01%
iter 31: loss 2.7288, time 76.22ms, mfu 0.01%
iter 32: loss 2.7981, time 87.23ms, mfu 0.01%
iter 33: loss 2.8489, time 83.97ms, mfu 0.01%
iter 34: loss 2.9058, time 70.99ms, mfu 0.01%
iter 35: loss 2.9022, time 75.12ms, mfu 0.01%
iter 36: loss 2.9236, time 96.78ms, mfu 0.01%
iter 37: loss 2.8984, time 103.13ms, mfu 0.01%
iter 38: loss 2.8225, time 81.00ms, mfu 0.01%
iter 39: loss 2.7678, time 84.02ms, mfu 0.01%
step 40: train loss 2.8017, val loss 2.8103
saving checkpoint to experiments/member1/results/exp_019_bs64_nl4_nh8_ne128_bsz8_mi50_dr0.1
iter 40: loss 2.8145, time 861.08ms, mfu 0.01%
iter 41: loss 2.8927, time 76.49ms, mfu 0.01%
iter 42: loss 2.8874, time 75.04ms, mfu 0.01%
iter 43: loss 2.7080, time 74.97ms, mfu 0.01%
iter 44: loss 2.8490, time 79.70ms, mfu 0.01%
iter 45: loss 2.7423, time 75.43ms, mfu 0.01%
iter 46: loss 2.8209, time 75.46ms, mfu 0.01%
iter 47: loss 2.8405, time 96.20ms, mfu 0.01%
iter 48: loss 2.7679, time 78.21ms, mfu 0.01%
iter 49: loss 2.7437, time 73.71ms, mfu 0.01%
step 50: train loss 2.7561, val loss 2.7709
saving checkpoint to experiments/member1/results/exp_019_bs64_nl4_nh8_ne128_bsz8_mi50_dr0.1
iter 50: loss 2.7872, time 871.50ms, mfu 0.01%

============================================================
Completed: Tue Oct 28 18:17:33 2025
Duration: 12.50 seconds
