Experiment: exp_030_bs64_nl4_nh8_ne256_bsz16_mi25_dr0.2
Config: experiments/member1/configs/exp_030_bs64_nl4_nh8_ne256_bsz16_mi25_dr0.2.py
Started: Tue Oct 28 18:20:17 2025
============================================================

/workspaces/group-assignment/nanoGPT/train.py:196: FutureWarning: `torch.cuda.amp.GradScaler(args...)` is deprecated. Please use `torch.amp.GradScaler('cuda', args...)` instead.
  scaler = torch.cuda.amp.GradScaler(enabled=(dtype == 'float16'))
/home/codespace/.local/lib/python3.12/site-packages/torch/amp/grad_scaler.py:136: UserWarning: torch.cuda.amp.GradScaler is enabled, but CUDA is not available.  Disabling.
  warnings.warn(
Overriding config with config/train_shakespeare_char.py:
# train a miniature character-level shakespeare model
# good for debugging and playing on macbooks and such

out_dir = 'out-shakespeare-char'
eval_interval = 250 # keep frequent because we'll overfit
eval_iters = 200
log_interval = 10 # don't print too too often

# we expect to overfit on this small dataset, so only save when val improves
always_save_checkpoint = False

wandb_log = False # override via command line if you like
wandb_project = 'shakespeare-char'
wandb_run_name = 'mini-gpt'

dataset = 'shakespeare_char'
gradient_accumulation_steps = 1
batch_size = 64
block_size = 256 # context of up to 256 previous characters

# baby GPT model :)
n_layer = 6
n_head = 6
n_embd = 384
dropout = 0.2

learning_rate = 1e-3 # with baby networks can afford to go a bit higher
max_iters = 5000
lr_decay_iters = 5000 # make equal to max_iters usually
min_lr = 1e-4 # learning_rate / 10 usually
beta2 = 0.99 # make a bit bigger because number of tokens per iter is small

warmup_iters = 100 # not super necessary potentially

# on macbook also add
# device = 'cpu'  # run on cpu only
# compile = False # do not torch compile the model

Overriding config with ../experiments/member1/configs/exp_030_bs64_nl4_nh8_ne256_bsz16_mi25_dr0.2.py:
# Experiment configuration
dataset = "shakespeare_char"
gradient_accumulation_steps = 1
learning_rate = 0.001
decay_lr = True
warmup_iters = 10
min_lr = 0.0001
eval_interval = 10
eval_iters = 20
log_interval = 1
always_save_checkpoint = False
device = "cpu"
compile = False
block_size = 64
n_layer = 4
n_head = 8
n_embd = 256
batch_size = 16
max_iters = 25
dropout = 0.2
lr_decay_iters = 25
out_dir = "experiments/member1/results/exp_030_bs64_nl4_nh8_ne256_bsz16_mi25_dr0.2"

tokens per iteration will be: 1,024
found vocab_size = 65 (inside data/shakespeare_char/meta.pkl)
Initializing a new model from scratch
number of parameters: 3.16M
num decayed parameter tensors: 18, with 3,178,752 parameters
num non-decayed parameter tensors: 9, with 2,304 parameters
using fused AdamW: False
step 0: train loss 4.2866, val loss 4.2851
iter 0: loss 4.2648, time 4124.08ms, mfu -100.00%
iter 1: loss 3.9058, time 351.87ms, mfu -100.00%
iter 2: loss 3.5465, time 322.53ms, mfu -100.00%
iter 3: loss 3.4969, time 339.20ms, mfu -100.00%
iter 4: loss 3.4288, time 339.00ms, mfu -100.00%
iter 5: loss 3.3987, time 325.03ms, mfu 0.02%
iter 6: loss 3.3057, time 325.39ms, mfu 0.02%
iter 7: loss 3.2963, time 342.26ms, mfu 0.02%
iter 8: loss 4.7879, time 375.43ms, mfu 0.02%
iter 9: loss 3.1933, time 380.61ms, mfu 0.02%
step 10: train loss 3.0002, val loss 3.0339
saving checkpoint to experiments/member1/results/exp_030_bs64_nl4_nh8_ne256_bsz16_mi25_dr0.2
iter 10: loss 2.9919, time 3825.24ms, mfu 0.02%
iter 11: loss 3.1369, time 332.41ms, mfu 0.02%
iter 12: loss 2.9519, time 321.03ms, mfu 0.02%
iter 13: loss 3.0697, time 366.95ms, mfu 0.02%
iter 14: loss 2.8908, time 372.34ms, mfu 0.02%
iter 15: loss 2.8870, time 319.79ms, mfu 0.02%
iter 16: loss 2.9752, time 323.86ms, mfu 0.02%
iter 17: loss 2.7675, time 334.53ms, mfu 0.02%
iter 18: loss 2.7229, time 319.99ms, mfu 0.02%
iter 19: loss 2.8277, time 337.90ms, mfu 0.02%
step 20: train loss 2.7439, val loss 2.7596
saving checkpoint to experiments/member1/results/exp_030_bs64_nl4_nh8_ne256_bsz16_mi25_dr0.2
iter 20: loss 2.8269, time 4030.75ms, mfu 0.02%
iter 21: loss 2.7389, time 324.69ms, mfu 0.02%
iter 22: loss 2.7092, time 323.03ms, mfu 0.02%
iter 23: loss 2.7594, time 356.64ms, mfu 0.02%
iter 24: loss 2.6797, time 339.98ms, mfu 0.02%
iter 25: loss 2.8023, time 320.47ms, mfu 0.02%

============================================================
Completed: Tue Oct 28 18:20:40 2025
Duration: 22.73 seconds
