Experiment: exp_021_bs64_nl4_nh8_ne128_bsz16_mi25_dr0.1
Config: experiments/member1/configs/exp_021_bs64_nl4_nh8_ne128_bsz16_mi25_dr0.1.py
Started: Tue Oct 28 18:17:45 2025
============================================================

/workspaces/group-assignment/nanoGPT/train.py:196: FutureWarning: `torch.cuda.amp.GradScaler(args...)` is deprecated. Please use `torch.amp.GradScaler('cuda', args...)` instead.
  scaler = torch.cuda.amp.GradScaler(enabled=(dtype == 'float16'))
/home/codespace/.local/lib/python3.12/site-packages/torch/amp/grad_scaler.py:136: UserWarning: torch.cuda.amp.GradScaler is enabled, but CUDA is not available.  Disabling.
  warnings.warn(
Overriding config with config/train_shakespeare_char.py:
# train a miniature character-level shakespeare model
# good for debugging and playing on macbooks and such

out_dir = 'out-shakespeare-char'
eval_interval = 250 # keep frequent because we'll overfit
eval_iters = 200
log_interval = 10 # don't print too too often

# we expect to overfit on this small dataset, so only save when val improves
always_save_checkpoint = False

wandb_log = False # override via command line if you like
wandb_project = 'shakespeare-char'
wandb_run_name = 'mini-gpt'

dataset = 'shakespeare_char'
gradient_accumulation_steps = 1
batch_size = 64
block_size = 256 # context of up to 256 previous characters

# baby GPT model :)
n_layer = 6
n_head = 6
n_embd = 384
dropout = 0.2

learning_rate = 1e-3 # with baby networks can afford to go a bit higher
max_iters = 5000
lr_decay_iters = 5000 # make equal to max_iters usually
min_lr = 1e-4 # learning_rate / 10 usually
beta2 = 0.99 # make a bit bigger because number of tokens per iter is small

warmup_iters = 100 # not super necessary potentially

# on macbook also add
# device = 'cpu'  # run on cpu only
# compile = False # do not torch compile the model

Overriding config with ../experiments/member1/configs/exp_021_bs64_nl4_nh8_ne128_bsz16_mi25_dr0.1.py:
# Experiment configuration
dataset = "shakespeare_char"
gradient_accumulation_steps = 1
learning_rate = 0.001
decay_lr = True
warmup_iters = 10
min_lr = 0.0001
eval_interval = 10
eval_iters = 20
log_interval = 1
always_save_checkpoint = False
device = "cpu"
compile = False
block_size = 64
n_layer = 4
n_head = 8
n_embd = 128
batch_size = 16
max_iters = 25
dropout = 0.1
lr_decay_iters = 25
out_dir = "experiments/member1/results/exp_021_bs64_nl4_nh8_ne128_bsz16_mi25_dr0.1"

tokens per iteration will be: 1,024
found vocab_size = 65 (inside data/shakespeare_char/meta.pkl)
Initializing a new model from scratch
number of parameters: 0.80M
num decayed parameter tensors: 18, with 802,944 parameters
num non-decayed parameter tensors: 9, with 1,152 parameters
using fused AdamW: False
step 0: train loss 4.1666, val loss 4.1666
iter 0: loss 4.1860, time 1845.30ms, mfu -100.00%
iter 1: loss 4.0769, time 177.68ms, mfu -100.00%
iter 2: loss 3.8794, time 139.61ms, mfu -100.00%
iter 3: loss 3.7622, time 142.78ms, mfu -100.00%
iter 4: loss 3.7447, time 143.07ms, mfu -100.00%
iter 5: loss 3.6558, time 141.76ms, mfu 0.01%
iter 6: loss 3.5786, time 153.86ms, mfu 0.01%
iter 7: loss 3.5658, time 134.72ms, mfu 0.01%
iter 8: loss 3.5434, time 159.47ms, mfu 0.01%
iter 9: loss 3.4714, time 157.68ms, mfu 0.01%
step 10: train loss 3.3935, val loss 3.4021
saving checkpoint to experiments/member1/results/exp_021_bs64_nl4_nh8_ne128_bsz16_mi25_dr0.1
iter 10: loss 3.3880, time 1440.71ms, mfu 0.01%
iter 11: loss 3.3340, time 155.09ms, mfu 0.01%
iter 12: loss 3.5519, time 148.86ms, mfu 0.01%
iter 13: loss 3.2293, time 133.96ms, mfu 0.01%
iter 14: loss 3.1597, time 271.74ms, mfu 0.01%
iter 15: loss 3.2015, time 212.80ms, mfu 0.01%
iter 16: loss 3.0726, time 124.45ms, mfu 0.01%
iter 17: loss 3.0900, time 124.85ms, mfu 0.01%
iter 18: loss 3.0869, time 144.91ms, mfu 0.01%
iter 19: loss 3.0198, time 124.92ms, mfu 0.01%
step 20: train loss 3.0317, val loss 3.0364
saving checkpoint to experiments/member1/results/exp_021_bs64_nl4_nh8_ne128_bsz16_mi25_dr0.1
iter 20: loss 3.0603, time 1315.50ms, mfu 0.01%
iter 21: loss 3.0139, time 124.86ms, mfu 0.01%
iter 22: loss 2.9720, time 129.08ms, mfu 0.01%
iter 23: loss 2.9804, time 123.84ms, mfu 0.01%
iter 24: loss 2.9357, time 127.01ms, mfu 0.01%
iter 25: loss 2.9677, time 141.65ms, mfu 0.01%

============================================================
Completed: Tue Oct 28 18:17:56 2025
Duration: 11.11 seconds
