Experiment: exp_028_bs64_nl4_nh8_ne256_bsz8_mi50_dr0.2
Config: experiments/member1/configs/exp_028_bs64_nl4_nh8_ne256_bsz8_mi50_dr0.2.py
Started: Tue Oct 28 18:19:31 2025
============================================================

/workspaces/group-assignment/nanoGPT/train.py:196: FutureWarning: `torch.cuda.amp.GradScaler(args...)` is deprecated. Please use `torch.amp.GradScaler('cuda', args...)` instead.
  scaler = torch.cuda.amp.GradScaler(enabled=(dtype == 'float16'))
/home/codespace/.local/lib/python3.12/site-packages/torch/amp/grad_scaler.py:136: UserWarning: torch.cuda.amp.GradScaler is enabled, but CUDA is not available.  Disabling.
  warnings.warn(
Overriding config with config/train_shakespeare_char.py:
# train a miniature character-level shakespeare model
# good for debugging and playing on macbooks and such

out_dir = 'out-shakespeare-char'
eval_interval = 250 # keep frequent because we'll overfit
eval_iters = 200
log_interval = 10 # don't print too too often

# we expect to overfit on this small dataset, so only save when val improves
always_save_checkpoint = False

wandb_log = False # override via command line if you like
wandb_project = 'shakespeare-char'
wandb_run_name = 'mini-gpt'

dataset = 'shakespeare_char'
gradient_accumulation_steps = 1
batch_size = 64
block_size = 256 # context of up to 256 previous characters

# baby GPT model :)
n_layer = 6
n_head = 6
n_embd = 384
dropout = 0.2

learning_rate = 1e-3 # with baby networks can afford to go a bit higher
max_iters = 5000
lr_decay_iters = 5000 # make equal to max_iters usually
min_lr = 1e-4 # learning_rate / 10 usually
beta2 = 0.99 # make a bit bigger because number of tokens per iter is small

warmup_iters = 100 # not super necessary potentially

# on macbook also add
# device = 'cpu'  # run on cpu only
# compile = False # do not torch compile the model

Overriding config with ../experiments/member1/configs/exp_028_bs64_nl4_nh8_ne256_bsz8_mi50_dr0.2.py:
# Experiment configuration
dataset = "shakespeare_char"
gradient_accumulation_steps = 1
learning_rate = 0.001
decay_lr = True
warmup_iters = 10
min_lr = 0.0001
eval_interval = 10
eval_iters = 20
log_interval = 1
always_save_checkpoint = False
device = "cpu"
compile = False
block_size = 64
n_layer = 4
n_head = 8
n_embd = 256
batch_size = 8
max_iters = 50
dropout = 0.2
lr_decay_iters = 50
out_dir = "experiments/member1/results/exp_028_bs64_nl4_nh8_ne256_bsz8_mi50_dr0.2"

tokens per iteration will be: 512
found vocab_size = 65 (inside data/shakespeare_char/meta.pkl)
Initializing a new model from scratch
number of parameters: 3.16M
num decayed parameter tensors: 18, with 3,178,752 parameters
num non-decayed parameter tensors: 9, with 2,304 parameters
using fused AdamW: False
step 0: train loss 4.2871, val loss 4.2800
iter 0: loss 4.2521, time 2349.05ms, mfu -100.00%
iter 1: loss 3.9760, time 185.58ms, mfu -100.00%
iter 2: loss 3.6504, time 171.15ms, mfu -100.00%
iter 3: loss 3.5083, time 190.24ms, mfu -100.00%
iter 4: loss 3.3742, time 188.50ms, mfu -100.00%
iter 5: loss 3.4908, time 177.84ms, mfu 0.02%
iter 6: loss 3.3294, time 181.79ms, mfu 0.02%
iter 7: loss 3.4010, time 169.41ms, mfu 0.02%
iter 8: loss 3.2076, time 203.77ms, mfu 0.02%
iter 9: loss 3.0768, time 193.55ms, mfu 0.02%
step 10: train loss 3.0995, val loss 3.1479
saving checkpoint to experiments/member1/results/exp_028_bs64_nl4_nh8_ne256_bsz8_mi50_dr0.2
iter 10: loss 2.9960, time 1973.15ms, mfu 0.02%
iter 11: loss 3.0778, time 194.59ms, mfu 0.02%
iter 12: loss 3.0034, time 169.23ms, mfu 0.02%
iter 13: loss 2.9147, time 168.55ms, mfu 0.02%
iter 14: loss 2.9514, time 169.30ms, mfu 0.02%
iter 15: loss 2.9708, time 172.03ms, mfu 0.02%
iter 16: loss 2.8784, time 171.29ms, mfu 0.02%
iter 17: loss 2.8226, time 170.08ms, mfu 0.02%
iter 18: loss 2.7786, time 171.15ms, mfu 0.02%
iter 19: loss 2.8163, time 170.34ms, mfu 0.02%
step 20: train loss 2.8181, val loss 2.8383
saving checkpoint to experiments/member1/results/exp_028_bs64_nl4_nh8_ne256_bsz8_mi50_dr0.2
iter 20: loss 2.8473, time 2124.18ms, mfu 0.02%
iter 21: loss 2.8909, time 173.83ms, mfu 0.02%
iter 22: loss 2.7933, time 171.19ms, mfu 0.02%
iter 23: loss 2.8074, time 181.79ms, mfu 0.02%
iter 24: loss 2.7553, time 169.64ms, mfu 0.02%
iter 25: loss 2.8151, time 169.10ms, mfu 0.02%
iter 26: loss 2.8217, time 169.66ms, mfu 0.02%
iter 27: loss 2.7552, time 171.65ms, mfu 0.02%
iter 28: loss 2.7891, time 171.70ms, mfu 0.02%
iter 29: loss 2.7249, time 183.08ms, mfu 0.02%
step 30: train loss 2.7058, val loss 2.6821
saving checkpoint to experiments/member1/results/exp_028_bs64_nl4_nh8_ne256_bsz8_mi50_dr0.2
iter 30: loss 2.7203, time 2128.18ms, mfu 0.02%
iter 31: loss 2.6850, time 168.48ms, mfu 0.02%
iter 32: loss 2.7819, time 169.47ms, mfu 0.02%
iter 33: loss 2.6770, time 231.04ms, mfu 0.02%
iter 34: loss 2.5927, time 294.98ms, mfu 0.02%
iter 35: loss 2.6866, time 321.08ms, mfu 0.02%
iter 36: loss 2.6309, time 220.87ms, mfu 0.02%
iter 37: loss 2.6936, time 185.52ms, mfu 0.02%
iter 38: loss 2.7419, time 171.15ms, mfu 0.02%
iter 39: loss 2.7396, time 168.08ms, mfu 0.02%
step 40: train loss 2.6324, val loss 2.6264
saving checkpoint to experiments/member1/results/exp_028_bs64_nl4_nh8_ne256_bsz8_mi50_dr0.2
iter 40: loss 2.6124, time 2020.31ms, mfu 0.01%
iter 41: loss 2.7032, time 169.75ms, mfu 0.02%
iter 42: loss 2.6998, time 175.30ms, mfu 0.02%
iter 43: loss 2.5916, time 167.47ms, mfu 0.02%
iter 44: loss 2.6893, time 183.55ms, mfu 0.02%
iter 45: loss 2.6273, time 179.88ms, mfu 0.02%
iter 46: loss 2.7595, time 169.62ms, mfu 0.02%
iter 47: loss 2.6827, time 181.36ms, mfu 0.02%
iter 48: loss 2.6597, time 171.15ms, mfu 0.02%
iter 49: loss 2.7110, time 176.47ms, mfu 0.02%
step 50: train loss 2.6421, val loss 2.6342
iter 50: loss 2.6937, time 2122.54ms, mfu 0.02%

============================================================
Completed: Tue Oct 28 18:19:55 2025
Duration: 23.85 seconds
