Experiment: exp_027_bs64_nl4_nh8_ne256_bsz8_mi50_dr0.1
Config: experiments/member1/configs/exp_027_bs64_nl4_nh8_ne256_bsz8_mi50_dr0.1.py
Started: Tue Oct 28 18:19:07 2025
============================================================

/workspaces/group-assignment/nanoGPT/train.py:196: FutureWarning: `torch.cuda.amp.GradScaler(args...)` is deprecated. Please use `torch.amp.GradScaler('cuda', args...)` instead.
  scaler = torch.cuda.amp.GradScaler(enabled=(dtype == 'float16'))
/home/codespace/.local/lib/python3.12/site-packages/torch/amp/grad_scaler.py:136: UserWarning: torch.cuda.amp.GradScaler is enabled, but CUDA is not available.  Disabling.
  warnings.warn(
Overriding config with config/train_shakespeare_char.py:
# train a miniature character-level shakespeare model
# good for debugging and playing on macbooks and such

out_dir = 'out-shakespeare-char'
eval_interval = 250 # keep frequent because we'll overfit
eval_iters = 200
log_interval = 10 # don't print too too often

# we expect to overfit on this small dataset, so only save when val improves
always_save_checkpoint = False

wandb_log = False # override via command line if you like
wandb_project = 'shakespeare-char'
wandb_run_name = 'mini-gpt'

dataset = 'shakespeare_char'
gradient_accumulation_steps = 1
batch_size = 64
block_size = 256 # context of up to 256 previous characters

# baby GPT model :)
n_layer = 6
n_head = 6
n_embd = 384
dropout = 0.2

learning_rate = 1e-3 # with baby networks can afford to go a bit higher
max_iters = 5000
lr_decay_iters = 5000 # make equal to max_iters usually
min_lr = 1e-4 # learning_rate / 10 usually
beta2 = 0.99 # make a bit bigger because number of tokens per iter is small

warmup_iters = 100 # not super necessary potentially

# on macbook also add
# device = 'cpu'  # run on cpu only
# compile = False # do not torch compile the model

Overriding config with ../experiments/member1/configs/exp_027_bs64_nl4_nh8_ne256_bsz8_mi50_dr0.1.py:
# Experiment configuration
dataset = "shakespeare_char"
gradient_accumulation_steps = 1
learning_rate = 0.001
decay_lr = True
warmup_iters = 10
min_lr = 0.0001
eval_interval = 10
eval_iters = 20
log_interval = 1
always_save_checkpoint = False
device = "cpu"
compile = False
block_size = 64
n_layer = 4
n_head = 8
n_embd = 256
batch_size = 8
max_iters = 50
dropout = 0.1
lr_decay_iters = 50
out_dir = "experiments/member1/results/exp_027_bs64_nl4_nh8_ne256_bsz8_mi50_dr0.1"

tokens per iteration will be: 512
found vocab_size = 65 (inside data/shakespeare_char/meta.pkl)
Initializing a new model from scratch
number of parameters: 3.16M
num decayed parameter tensors: 18, with 3,178,752 parameters
num non-decayed parameter tensors: 9, with 2,304 parameters
using fused AdamW: False
step 0: train loss 4.2871, val loss 4.2800
iter 0: loss 4.2562, time 2300.60ms, mfu -100.00%
iter 1: loss 3.9223, time 181.44ms, mfu -100.00%
iter 2: loss 3.6119, time 164.03ms, mfu -100.00%
iter 3: loss 3.4762, time 174.97ms, mfu -100.00%
iter 4: loss 3.3539, time 166.34ms, mfu -100.00%
iter 5: loss 3.4725, time 167.20ms, mfu 0.02%
iter 6: loss 3.2997, time 166.30ms, mfu 0.02%
iter 7: loss 3.3177, time 165.31ms, mfu 0.02%
iter 8: loss 3.8964, time 167.29ms, mfu 0.02%
iter 9: loss 3.1319, time 164.70ms, mfu 0.02%
step 10: train loss 3.0881, val loss 3.1222
saving checkpoint to experiments/member1/results/exp_027_bs64_nl4_nh8_ne256_bsz8_mi50_dr0.1
iter 10: loss 2.9832, time 2131.94ms, mfu 0.02%
iter 11: loss 3.0548, time 186.00ms, mfu 0.02%
iter 12: loss 2.8564, time 164.74ms, mfu 0.02%
iter 13: loss 2.8997, time 164.05ms, mfu 0.02%
iter 14: loss 2.9369, time 166.31ms, mfu 0.02%
iter 15: loss 2.9619, time 164.94ms, mfu 0.02%
iter 16: loss 2.8926, time 186.24ms, mfu 0.02%
iter 17: loss 2.7822, time 193.46ms, mfu 0.02%
iter 18: loss 2.7512, time 172.20ms, mfu 0.02%
iter 19: loss 2.7834, time 165.46ms, mfu 0.02%
step 20: train loss 2.8125, val loss 2.8318
saving checkpoint to experiments/member1/results/exp_027_bs64_nl4_nh8_ne256_bsz8_mi50_dr0.1
iter 20: loss 2.8244, time 2028.57ms, mfu 0.02%
iter 21: loss 2.8829, time 178.89ms, mfu 0.02%
iter 22: loss 2.7720, time 165.52ms, mfu 0.02%
iter 23: loss 2.8007, time 185.66ms, mfu 0.02%
iter 24: loss 2.7278, time 170.76ms, mfu 0.02%
iter 25: loss 2.7943, time 172.45ms, mfu 0.02%
iter 26: loss 2.8055, time 183.19ms, mfu 0.02%
iter 27: loss 2.7183, time 165.12ms, mfu 0.02%
iter 28: loss 2.7691, time 165.40ms, mfu 0.02%
iter 29: loss 2.7024, time 197.47ms, mfu 0.02%
step 30: train loss 2.7068, val loss 2.6833
saving checkpoint to experiments/member1/results/exp_027_bs64_nl4_nh8_ne256_bsz8_mi50_dr0.1
iter 30: loss 2.7062, time 2187.69ms, mfu 0.02%
iter 31: loss 2.6864, time 165.00ms, mfu 0.02%
iter 32: loss 2.7792, time 167.72ms, mfu 0.02%
iter 33: loss 2.6652, time 165.53ms, mfu 0.02%
iter 34: loss 2.5788, time 166.71ms, mfu 0.02%
iter 35: loss 2.6949, time 166.46ms, mfu 0.02%
iter 36: loss 2.6217, time 167.74ms, mfu 0.02%
iter 37: loss 2.6709, time 164.93ms, mfu 0.02%
iter 38: loss 2.7438, time 177.17ms, mfu 0.02%
iter 39: loss 2.7384, time 164.66ms, mfu 0.02%
step 40: train loss 2.6320, val loss 2.6278
saving checkpoint to experiments/member1/results/exp_027_bs64_nl4_nh8_ne256_bsz8_mi50_dr0.1
iter 40: loss 2.5999, time 2155.94ms, mfu 0.02%
iter 41: loss 2.6814, time 207.80ms, mfu 0.02%
iter 42: loss 2.6818, time 275.63ms, mfu 0.02%
iter 43: loss 2.5666, time 288.44ms, mfu 0.02%
iter 44: loss 2.6819, time 218.04ms, mfu 0.02%
iter 45: loss 2.6125, time 176.59ms, mfu 0.02%
iter 46: loss 2.7424, time 169.60ms, mfu 0.02%
iter 47: loss 2.6554, time 165.03ms, mfu 0.02%
iter 48: loss 2.6645, time 165.18ms, mfu 0.02%
iter 49: loss 2.7102, time 164.57ms, mfu 0.02%
step 50: train loss 2.6375, val loss 2.6315
iter 50: loss 2.6687, time 1941.35ms, mfu 0.02%

============================================================
Completed: Tue Oct 28 18:19:31 2025
Duration: 23.48 seconds
