Experiment: exp_025_bs64_nl4_nh8_ne256_bsz8_mi25_dr0.1
Config: experiments/member1/configs/exp_025_bs64_nl4_nh8_ne256_bsz8_mi25_dr0.1.py
Started: Tue Oct 28 18:18:41 2025
============================================================

/workspaces/group-assignment/nanoGPT/train.py:196: FutureWarning: `torch.cuda.amp.GradScaler(args...)` is deprecated. Please use `torch.amp.GradScaler('cuda', args...)` instead.
  scaler = torch.cuda.amp.GradScaler(enabled=(dtype == 'float16'))
/home/codespace/.local/lib/python3.12/site-packages/torch/amp/grad_scaler.py:136: UserWarning: torch.cuda.amp.GradScaler is enabled, but CUDA is not available.  Disabling.
  warnings.warn(
Overriding config with config/train_shakespeare_char.py:
# train a miniature character-level shakespeare model
# good for debugging and playing on macbooks and such

out_dir = 'out-shakespeare-char'
eval_interval = 250 # keep frequent because we'll overfit
eval_iters = 200
log_interval = 10 # don't print too too often

# we expect to overfit on this small dataset, so only save when val improves
always_save_checkpoint = False

wandb_log = False # override via command line if you like
wandb_project = 'shakespeare-char'
wandb_run_name = 'mini-gpt'

dataset = 'shakespeare_char'
gradient_accumulation_steps = 1
batch_size = 64
block_size = 256 # context of up to 256 previous characters

# baby GPT model :)
n_layer = 6
n_head = 6
n_embd = 384
dropout = 0.2

learning_rate = 1e-3 # with baby networks can afford to go a bit higher
max_iters = 5000
lr_decay_iters = 5000 # make equal to max_iters usually
min_lr = 1e-4 # learning_rate / 10 usually
beta2 = 0.99 # make a bit bigger because number of tokens per iter is small

warmup_iters = 100 # not super necessary potentially

# on macbook also add
# device = 'cpu'  # run on cpu only
# compile = False # do not torch compile the model

Overriding config with ../experiments/member1/configs/exp_025_bs64_nl4_nh8_ne256_bsz8_mi25_dr0.1.py:
# Experiment configuration
dataset = "shakespeare_char"
gradient_accumulation_steps = 1
learning_rate = 0.001
decay_lr = True
warmup_iters = 10
min_lr = 0.0001
eval_interval = 10
eval_iters = 20
log_interval = 1
always_save_checkpoint = False
device = "cpu"
compile = False
block_size = 64
n_layer = 4
n_head = 8
n_embd = 256
batch_size = 8
max_iters = 25
dropout = 0.1
lr_decay_iters = 25
out_dir = "experiments/member1/results/exp_025_bs64_nl4_nh8_ne256_bsz8_mi25_dr0.1"

tokens per iteration will be: 512
found vocab_size = 65 (inside data/shakespeare_char/meta.pkl)
Initializing a new model from scratch
number of parameters: 3.16M
num decayed parameter tensors: 18, with 3,178,752 parameters
num non-decayed parameter tensors: 9, with 2,304 parameters
using fused AdamW: False
step 0: train loss 4.2871, val loss 4.2800
iter 0: loss 4.2562, time 2348.41ms, mfu -100.00%
iter 1: loss 3.9223, time 184.15ms, mfu -100.00%
iter 2: loss 3.6119, time 164.56ms, mfu -100.00%
iter 3: loss 3.4762, time 174.35ms, mfu -100.00%
iter 4: loss 3.3539, time 166.48ms, mfu -100.00%
iter 5: loss 3.4725, time 185.45ms, mfu 0.02%
iter 6: loss 3.2997, time 188.10ms, mfu 0.02%
iter 7: loss 3.3177, time 169.06ms, mfu 0.02%
iter 8: loss 3.8964, time 180.38ms, mfu 0.02%
iter 9: loss 3.1319, time 171.73ms, mfu 0.02%
step 10: train loss 3.0881, val loss 3.1222
saving checkpoint to experiments/member1/results/exp_025_bs64_nl4_nh8_ne256_bsz8_mi25_dr0.1
iter 10: loss 2.9832, time 1987.15ms, mfu 0.02%
iter 11: loss 3.0548, time 177.60ms, mfu 0.02%
iter 12: loss 2.8564, time 167.59ms, mfu 0.02%
iter 13: loss 2.8987, time 165.97ms, mfu 0.02%
iter 14: loss 2.9345, time 168.57ms, mfu 0.02%
iter 15: loss 2.9607, time 164.54ms, mfu 0.02%
iter 16: loss 2.8872, time 175.78ms, mfu 0.02%
iter 17: loss 2.7893, time 165.27ms, mfu 0.02%
iter 18: loss 2.7653, time 168.97ms, mfu 0.02%
iter 19: loss 2.7978, time 184.70ms, mfu 0.02%
step 20: train loss 2.8063, val loss 2.8375
saving checkpoint to experiments/member1/results/exp_025_bs64_nl4_nh8_ne256_bsz8_mi25_dr0.1
iter 20: loss 2.8314, time 2098.26ms, mfu 0.02%
iter 21: loss 2.8660, time 181.02ms, mfu 0.02%
iter 22: loss 2.7930, time 168.27ms, mfu 0.02%
iter 23: loss 2.8177, time 166.09ms, mfu 0.02%
iter 24: loss 2.7619, time 165.99ms, mfu 0.02%
iter 25: loss 2.8567, time 165.58ms, mfu 0.02%

============================================================
Completed: Tue Oct 28 18:18:54 2025
Duration: 13.22 seconds
