Experiment: exp_008_bs64_nl4_nh4_ne128_bsz16_mi50_dr0.2
Config: experiments/member1/configs/exp_008_bs64_nl4_nh4_ne128_bsz16_mi50_dr0.2.py
Started: Tue Oct 28 18:12:52 2025
============================================================

/workspaces/group-assignment/nanoGPT/train.py:196: FutureWarning: `torch.cuda.amp.GradScaler(args...)` is deprecated. Please use `torch.amp.GradScaler('cuda', args...)` instead.
  scaler = torch.cuda.amp.GradScaler(enabled=(dtype == 'float16'))
/home/codespace/.local/lib/python3.12/site-packages/torch/amp/grad_scaler.py:136: UserWarning: torch.cuda.amp.GradScaler is enabled, but CUDA is not available.  Disabling.
  warnings.warn(
Overriding config with config/train_shakespeare_char.py:
# train a miniature character-level shakespeare model
# good for debugging and playing on macbooks and such

out_dir = 'out-shakespeare-char'
eval_interval = 250 # keep frequent because we'll overfit
eval_iters = 200
log_interval = 10 # don't print too too often

# we expect to overfit on this small dataset, so only save when val improves
always_save_checkpoint = False

wandb_log = False # override via command line if you like
wandb_project = 'shakespeare-char'
wandb_run_name = 'mini-gpt'

dataset = 'shakespeare_char'
gradient_accumulation_steps = 1
batch_size = 64
block_size = 256 # context of up to 256 previous characters

# baby GPT model :)
n_layer = 6
n_head = 6
n_embd = 384
dropout = 0.2

learning_rate = 1e-3 # with baby networks can afford to go a bit higher
max_iters = 5000
lr_decay_iters = 5000 # make equal to max_iters usually
min_lr = 1e-4 # learning_rate / 10 usually
beta2 = 0.99 # make a bit bigger because number of tokens per iter is small

warmup_iters = 100 # not super necessary potentially

# on macbook also add
# device = 'cpu'  # run on cpu only
# compile = False # do not torch compile the model

Overriding config with ../experiments/member1/configs/exp_008_bs64_nl4_nh4_ne128_bsz16_mi50_dr0.2.py:
# Experiment configuration
dataset = "shakespeare_char"
gradient_accumulation_steps = 1
learning_rate = 0.001
decay_lr = True
warmup_iters = 10
min_lr = 0.0001
eval_interval = 10
eval_iters = 20
log_interval = 1
always_save_checkpoint = False
device = "cpu"
compile = False
block_size = 64
n_layer = 4
n_head = 4
n_embd = 128
batch_size = 16
max_iters = 50
dropout = 0.2
lr_decay_iters = 50
out_dir = "experiments/member1/results/exp_008_bs64_nl4_nh4_ne128_bsz16_mi50_dr0.2"

tokens per iteration will be: 1,024
found vocab_size = 65 (inside data/shakespeare_char/meta.pkl)
Initializing a new model from scratch
number of parameters: 0.80M
num decayed parameter tensors: 18, with 802,944 parameters
num non-decayed parameter tensors: 9, with 1,152 parameters
using fused AdamW: False
step 0: train loss 4.1668, val loss 4.1667
iter 0: loss 4.1864, time 1591.44ms, mfu -100.00%
iter 1: loss 4.0622, time 118.60ms, mfu -100.00%
iter 2: loss 3.9173, time 110.93ms, mfu -100.00%
iter 3: loss 3.7904, time 111.63ms, mfu -100.00%
iter 4: loss 3.7264, time 115.12ms, mfu -100.00%
iter 5: loss 3.6712, time 112.42ms, mfu 0.02%
iter 6: loss 3.6509, time 113.40ms, mfu 0.02%
iter 7: loss 3.6052, time 150.82ms, mfu 0.01%
iter 8: loss 3.5437, time 112.36ms, mfu 0.01%
iter 9: loss 3.5239, time 121.12ms, mfu 0.01%
step 10: train loss 3.4330, val loss 3.4578
saving checkpoint to experiments/member1/results/exp_008_bs64_nl4_nh4_ne128_bsz16_mi50_dr0.2
iter 10: loss 3.4707, time 1210.03ms, mfu 0.01%
iter 11: loss 3.4204, time 132.75ms, mfu 0.01%
iter 12: loss 3.4439, time 115.61ms, mfu 0.01%
iter 13: loss 3.2982, time 110.88ms, mfu 0.01%
iter 14: loss 3.1455, time 113.40ms, mfu 0.01%
iter 15: loss 3.2133, time 126.18ms, mfu 0.01%
iter 16: loss 3.1487, time 110.83ms, mfu 0.01%
iter 17: loss 3.1019, time 111.05ms, mfu 0.01%
iter 18: loss 3.0300, time 111.85ms, mfu 0.01%
iter 19: loss 3.0151, time 111.25ms, mfu 0.01%
step 20: train loss 3.0047, val loss 3.0184
saving checkpoint to experiments/member1/results/exp_008_bs64_nl4_nh4_ne128_bsz16_mi50_dr0.2
iter 20: loss 2.9903, time 1259.17ms, mfu 0.01%
iter 21: loss 3.0444, time 115.41ms, mfu 0.01%
iter 22: loss 3.0064, time 112.51ms, mfu 0.01%
iter 23: loss 3.0083, time 125.14ms, mfu 0.01%
iter 24: loss 2.9465, time 111.81ms, mfu 0.01%
iter 25: loss 2.8594, time 110.82ms, mfu 0.01%
iter 26: loss 2.8412, time 112.03ms, mfu 0.01%
iter 27: loss 2.9157, time 111.60ms, mfu 0.01%
iter 28: loss 2.8952, time 117.93ms, mfu 0.01%
iter 29: loss 2.8574, time 112.95ms, mfu 0.01%
step 30: train loss 2.8397, val loss 2.8385
saving checkpoint to experiments/member1/results/exp_008_bs64_nl4_nh4_ne128_bsz16_mi50_dr0.2
iter 30: loss 2.8189, time 1259.80ms, mfu 0.01%
iter 31: loss 2.9195, time 126.44ms, mfu 0.01%
iter 32: loss 2.8557, time 111.27ms, mfu 0.01%
iter 33: loss 2.9160, time 111.18ms, mfu 0.01%
iter 34: loss 2.8183, time 114.44ms, mfu 0.01%
iter 35: loss 2.8191, time 129.34ms, mfu 0.01%
iter 36: loss 2.8323, time 119.43ms, mfu 0.01%
iter 37: loss 2.8595, time 112.48ms, mfu 0.01%
iter 38: loss 2.8432, time 115.94ms, mfu 0.01%
iter 39: loss 2.8187, time 158.18ms, mfu 0.01%
step 40: train loss 2.7813, val loss 2.7925
saving checkpoint to experiments/member1/results/exp_008_bs64_nl4_nh4_ne128_bsz16_mi50_dr0.2
iter 40: loss 2.8315, time 1245.99ms, mfu 0.01%
iter 41: loss 2.8294, time 133.10ms, mfu 0.01%
iter 42: loss 2.7732, time 195.41ms, mfu 0.01%
iter 43: loss 2.7346, time 183.18ms, mfu 0.01%
iter 44: loss 2.7980, time 116.01ms, mfu 0.01%
iter 45: loss 2.7523, time 111.53ms, mfu 0.01%
iter 46: loss 2.8177, time 111.74ms, mfu 0.01%
iter 47: loss 2.7932, time 114.52ms, mfu 0.01%
iter 48: loss 2.8030, time 110.95ms, mfu 0.01%
iter 49: loss 2.7910, time 111.12ms, mfu 0.01%
step 50: train loss 2.7344, val loss 2.7618
saving checkpoint to experiments/member1/results/exp_008_bs64_nl4_nh4_ne128_bsz16_mi50_dr0.2
iter 50: loss 2.7657, time 1215.18ms, mfu 0.01%

============================================================
Completed: Tue Oct 28 18:13:08 2025
Duration: 15.96 seconds
