Experiment: exp_016_bs128_nl4_nh4_ne256_bsz16_mi50_dr0.2
Config: experiments/member3/configs/exp_016_bs128_nl4_nh4_ne256_bsz16_mi50_dr0.2.py
Started: Tue Oct 28 18:42:56 2025
============================================================

/workspaces/group-assignment/nanoGPT/train.py:196: FutureWarning: `torch.cuda.amp.GradScaler(args...)` is deprecated. Please use `torch.amp.GradScaler('cuda', args...)` instead.
  scaler = torch.cuda.amp.GradScaler(enabled=(dtype == 'float16'))
/home/codespace/.local/lib/python3.12/site-packages/torch/amp/grad_scaler.py:136: UserWarning: torch.cuda.amp.GradScaler is enabled, but CUDA is not available.  Disabling.
  warnings.warn(
Overriding config with config/train_shakespeare_char.py:
# train a miniature character-level shakespeare model
# good for debugging and playing on macbooks and such

out_dir = 'out-shakespeare-char'
eval_interval = 250 # keep frequent because we'll overfit
eval_iters = 200
log_interval = 10 # don't print too too often

# we expect to overfit on this small dataset, so only save when val improves
always_save_checkpoint = False

wandb_log = False # override via command line if you like
wandb_project = 'shakespeare-char'
wandb_run_name = 'mini-gpt'

dataset = 'shakespeare_char'
gradient_accumulation_steps = 1
batch_size = 64
block_size = 256 # context of up to 256 previous characters

# baby GPT model :)
n_layer = 6
n_head = 6
n_embd = 384
dropout = 0.2

learning_rate = 1e-3 # with baby networks can afford to go a bit higher
max_iters = 5000
lr_decay_iters = 5000 # make equal to max_iters usually
min_lr = 1e-4 # learning_rate / 10 usually
beta2 = 0.99 # make a bit bigger because number of tokens per iter is small

warmup_iters = 100 # not super necessary potentially

# on macbook also add
# device = 'cpu'  # run on cpu only
# compile = False # do not torch compile the model

Overriding config with ../experiments/member3/configs/exp_016_bs128_nl4_nh4_ne256_bsz16_mi50_dr0.2.py:
# Experiment configuration
dataset = "shakespeare_char"
gradient_accumulation_steps = 1
learning_rate = 0.001
decay_lr = True
warmup_iters = 10
min_lr = 0.0001
eval_interval = 10
eval_iters = 20
log_interval = 1
always_save_checkpoint = False
device = "cpu"
compile = False
block_size = 128
n_layer = 4
n_head = 4
n_embd = 256
batch_size = 16
max_iters = 50
dropout = 0.2
lr_decay_iters = 50
out_dir = "experiments/member3/results/exp_016_bs128_nl4_nh4_ne256_bsz16_mi50_dr0.2"

tokens per iteration will be: 2,048
found vocab_size = 65 (inside data/shakespeare_char/meta.pkl)
Initializing a new model from scratch
number of parameters: 3.16M
num decayed parameter tensors: 18, with 3,195,136 parameters
num non-decayed parameter tensors: 9, with 2,304 parameters
using fused AdamW: False
step 0: train loss 4.1813, val loss 4.1784
iter 0: loss 4.2096, time 8340.15ms, mfu -100.00%
iter 1: loss 3.8638, time 663.30ms, mfu -100.00%
iter 2: loss 3.5918, time 665.77ms, mfu -100.00%
iter 3: loss 3.4793, time 704.56ms, mfu -100.00%
iter 4: loss 3.4377, time 670.62ms, mfu -100.00%
iter 5: loss 3.3910, time 672.62ms, mfu 0.02%
iter 6: loss 3.2551, time 641.42ms, mfu 0.02%
iter 7: loss 3.2019, time 633.65ms, mfu 0.02%
iter 8: loss 3.1550, time 654.97ms, mfu 0.02%
iter 9: loss 3.0675, time 783.35ms, mfu 0.02%
step 10: train loss 2.9604, val loss 2.9738
saving checkpoint to experiments/member3/results/exp_016_bs128_nl4_nh4_ne256_bsz16_mi50_dr0.2
iter 10: loss 2.9567, time 7881.84ms, mfu 0.02%
iter 11: loss 2.9048, time 640.34ms, mfu 0.02%
iter 12: loss 2.9103, time 653.47ms, mfu 0.02%
iter 13: loss 2.8485, time 636.83ms, mfu 0.02%
iter 14: loss 2.8347, time 649.15ms, mfu 0.02%
iter 15: loss 2.8006, time 638.90ms, mfu 0.02%
iter 16: loss 2.7631, time 665.61ms, mfu 0.02%
iter 17: loss 2.7051, time 681.13ms, mfu 0.02%
iter 18: loss 2.7292, time 649.28ms, mfu 0.02%
iter 19: loss 2.7120, time 645.77ms, mfu 0.02%
step 20: train loss 2.6865, val loss 2.6846
saving checkpoint to experiments/member3/results/exp_016_bs128_nl4_nh4_ne256_bsz16_mi50_dr0.2
iter 20: loss 2.7106, time 7924.48ms, mfu 0.02%
iter 21: loss 2.6865, time 653.12ms, mfu 0.02%
iter 22: loss 2.7089, time 667.08ms, mfu 0.02%
iter 23: loss 2.5960, time 666.49ms, mfu 0.02%
iter 24: loss 2.6164, time 696.78ms, mfu 0.02%
iter 25: loss 2.7096, time 670.73ms, mfu 0.02%
iter 26: loss 2.6747, time 668.29ms, mfu 0.02%
iter 27: loss 2.7218, time 636.10ms, mfu 0.02%
iter 28: loss 2.6417, time 725.41ms, mfu 0.02%
iter 29: loss 2.5919, time 664.93ms, mfu 0.02%
step 30: train loss 2.6253, val loss 2.6150
saving checkpoint to experiments/member3/results/exp_016_bs128_nl4_nh4_ne256_bsz16_mi50_dr0.2
iter 30: loss 2.6534, time 7918.57ms, mfu 0.02%
iter 31: loss 2.6551, time 662.35ms, mfu 0.02%
iter 32: loss 2.6510, time 716.57ms, mfu 0.02%
iter 33: loss 2.6223, time 649.94ms, mfu 0.02%
iter 34: loss 2.5762, time 654.95ms, mfu 0.02%
iter 35: loss 2.6311, time 641.04ms, mfu 0.02%
iter 36: loss 2.5895, time 656.48ms, mfu 0.02%
iter 37: loss 2.6508, time 667.43ms, mfu 0.02%
iter 38: loss 2.6589, time 652.59ms, mfu 0.02%
iter 39: loss 2.5876, time 634.37ms, mfu 0.02%
step 40: train loss 2.5755, val loss 2.5693
saving checkpoint to experiments/member3/results/exp_016_bs128_nl4_nh4_ne256_bsz16_mi50_dr0.2
iter 40: loss 2.6175, time 7839.04ms, mfu 0.02%
iter 41: loss 2.5829, time 639.15ms, mfu 0.02%
iter 42: loss 2.5437, time 674.91ms, mfu 0.02%
iter 43: loss 2.5754, time 741.30ms, mfu 0.02%
iter 44: loss 2.6198, time 637.37ms, mfu 0.02%
iter 45: loss 2.5619, time 666.06ms, mfu 0.02%
iter 46: loss 2.5883, time 649.52ms, mfu 0.02%
iter 47: loss 2.5863, time 634.93ms, mfu 0.02%
iter 48: loss 2.5386, time 642.17ms, mfu 0.02%
iter 49: loss 2.6054, time 637.43ms, mfu 0.02%
step 50: train loss 2.5639, val loss 2.5589
saving checkpoint to experiments/member3/results/exp_016_bs128_nl4_nh4_ne256_bsz16_mi50_dr0.2
iter 50: loss 2.6120, time 7991.41ms, mfu 0.02%

============================================================
Completed: Tue Oct 28 18:44:16 2025
Duration: 80.50 seconds
