Experiment: exp_007_bs128_nl4_nh4_ne128_bsz16_mi50_dr0.1
Config: experiments/member3/configs/exp_007_bs128_nl4_nh4_ne128_bsz16_mi50_dr0.1.py
Started: Tue Oct 28 18:37:00 2025
============================================================

/workspaces/group-assignment/nanoGPT/train.py:196: FutureWarning: `torch.cuda.amp.GradScaler(args...)` is deprecated. Please use `torch.amp.GradScaler('cuda', args...)` instead.
  scaler = torch.cuda.amp.GradScaler(enabled=(dtype == 'float16'))
/home/codespace/.local/lib/python3.12/site-packages/torch/amp/grad_scaler.py:136: UserWarning: torch.cuda.amp.GradScaler is enabled, but CUDA is not available.  Disabling.
  warnings.warn(
Overriding config with config/train_shakespeare_char.py:
# train a miniature character-level shakespeare model
# good for debugging and playing on macbooks and such

out_dir = 'out-shakespeare-char'
eval_interval = 250 # keep frequent because we'll overfit
eval_iters = 200
log_interval = 10 # don't print too too often

# we expect to overfit on this small dataset, so only save when val improves
always_save_checkpoint = False

wandb_log = False # override via command line if you like
wandb_project = 'shakespeare-char'
wandb_run_name = 'mini-gpt'

dataset = 'shakespeare_char'
gradient_accumulation_steps = 1
batch_size = 64
block_size = 256 # context of up to 256 previous characters

# baby GPT model :)
n_layer = 6
n_head = 6
n_embd = 384
dropout = 0.2

learning_rate = 1e-3 # with baby networks can afford to go a bit higher
max_iters = 5000
lr_decay_iters = 5000 # make equal to max_iters usually
min_lr = 1e-4 # learning_rate / 10 usually
beta2 = 0.99 # make a bit bigger because number of tokens per iter is small

warmup_iters = 100 # not super necessary potentially

# on macbook also add
# device = 'cpu'  # run on cpu only
# compile = False # do not torch compile the model

Overriding config with ../experiments/member3/configs/exp_007_bs128_nl4_nh4_ne128_bsz16_mi50_dr0.1.py:
# Experiment configuration
dataset = "shakespeare_char"
gradient_accumulation_steps = 1
learning_rate = 0.001
decay_lr = True
warmup_iters = 10
min_lr = 0.0001
eval_interval = 10
eval_iters = 20
log_interval = 1
always_save_checkpoint = False
device = "cpu"
compile = False
block_size = 128
n_layer = 4
n_head = 4
n_embd = 128
batch_size = 16
max_iters = 50
dropout = 0.1
lr_decay_iters = 50
out_dir = "experiments/member3/results/exp_007_bs128_nl4_nh4_ne128_bsz16_mi50_dr0.1"

tokens per iteration will be: 2,048
found vocab_size = 65 (inside data/shakespeare_char/meta.pkl)
Initializing a new model from scratch
number of parameters: 0.80M
num decayed parameter tensors: 18, with 811,136 parameters
num non-decayed parameter tensors: 9, with 1,152 parameters
using fused AdamW: False
step 0: train loss 4.1836, val loss 4.1800
iter 0: loss 4.1857, time 2960.72ms, mfu -100.00%
iter 1: loss 4.0679, time 261.31ms, mfu -100.00%
iter 2: loss 3.8633, time 245.46ms, mfu -100.00%
iter 3: loss 3.7673, time 273.65ms, mfu -100.00%
iter 4: loss 3.7170, time 243.91ms, mfu -100.00%
iter 5: loss 3.6356, time 240.24ms, mfu 0.02%
iter 6: loss 3.5901, time 245.02ms, mfu 0.02%
iter 7: loss 3.5664, time 242.48ms, mfu 0.02%
iter 8: loss 3.5231, time 243.37ms, mfu 0.02%
iter 9: loss 3.4558, time 244.08ms, mfu 0.02%
step 10: train loss 3.7734, val loss 3.7529
saving checkpoint to experiments/member3/results/exp_007_bs128_nl4_nh4_ne128_bsz16_mi50_dr0.1
iter 10: loss 3.6804, time 2602.02ms, mfu 0.01%
iter 11: loss 3.3464, time 276.39ms, mfu 0.01%
iter 12: loss 3.2178, time 303.01ms, mfu 0.01%
iter 13: loss 3.2120, time 244.12ms, mfu 0.01%
iter 14: loss 3.1792, time 239.85ms, mfu 0.01%
iter 15: loss 3.1751, time 241.86ms, mfu 0.01%
iter 16: loss 3.1100, time 246.29ms, mfu 0.01%
iter 17: loss 3.1014, time 242.28ms, mfu 0.01%
iter 18: loss 3.0394, time 256.80ms, mfu 0.01%
iter 19: loss 3.0631, time 242.96ms, mfu 0.01%
step 20: train loss 2.9583, val loss 2.9662
saving checkpoint to experiments/member3/results/exp_007_bs128_nl4_nh4_ne128_bsz16_mi50_dr0.1
iter 20: loss 2.9235, time 2560.63ms, mfu 0.01%
iter 21: loss 2.9085, time 240.18ms, mfu 0.01%
iter 22: loss 2.9080, time 262.79ms, mfu 0.01%
iter 23: loss 2.8771, time 258.90ms, mfu 0.01%
iter 24: loss 2.8865, time 255.35ms, mfu 0.01%
iter 25: loss 2.8622, time 257.43ms, mfu 0.01%
iter 26: loss 2.8730, time 241.96ms, mfu 0.01%
iter 27: loss 2.8127, time 240.67ms, mfu 0.01%
iter 28: loss 2.8375, time 243.65ms, mfu 0.01%
iter 29: loss 2.7750, time 239.70ms, mfu 0.01%
step 30: train loss 2.7977, val loss 2.7956
saving checkpoint to experiments/member3/results/exp_007_bs128_nl4_nh4_ne128_bsz16_mi50_dr0.1
iter 30: loss 2.8377, time 2628.88ms, mfu 0.01%
iter 31: loss 2.7413, time 243.48ms, mfu 0.01%
iter 32: loss 2.7913, time 254.60ms, mfu 0.01%
iter 33: loss 2.8036, time 257.31ms, mfu 0.01%
iter 34: loss 2.7587, time 334.27ms, mfu 0.01%
iter 35: loss 2.7926, time 260.03ms, mfu 0.01%
iter 36: loss 2.8129, time 256.03ms, mfu 0.01%
iter 37: loss 2.7560, time 240.60ms, mfu 0.01%
iter 38: loss 2.7259, time 243.08ms, mfu 0.01%
iter 39: loss 2.7383, time 239.57ms, mfu 0.01%
step 40: train loss 2.7318, val loss 2.7463
saving checkpoint to experiments/member3/results/exp_007_bs128_nl4_nh4_ne128_bsz16_mi50_dr0.1
iter 40: loss 2.7238, time 2557.11ms, mfu 0.01%
iter 41: loss 2.7405, time 259.63ms, mfu 0.01%
iter 42: loss 2.7424, time 240.25ms, mfu 0.01%
iter 43: loss 2.7017, time 241.23ms, mfu 0.01%
iter 44: loss 2.7251, time 266.14ms, mfu 0.01%
iter 45: loss 2.7187, time 243.93ms, mfu 0.01%
iter 46: loss 2.8015, time 243.95ms, mfu 0.01%
iter 47: loss 2.7421, time 281.54ms, mfu 0.01%
iter 48: loss 2.7441, time 262.46ms, mfu 0.01%
iter 49: loss 2.7570, time 242.14ms, mfu 0.01%
step 50: train loss 2.7173, val loss 2.7141
saving checkpoint to experiments/member3/results/exp_007_bs128_nl4_nh4_ne128_bsz16_mi50_dr0.1
iter 50: loss 2.7199, time 2602.72ms, mfu 0.01%

============================================================
Completed: Tue Oct 28 18:37:30 2025
Duration: 30.08 seconds
