Experiment: exp_031_bs128_nl4_nh8_ne256_bsz16_mi50_dr0.1
Config: experiments/member3/configs/exp_031_bs128_nl4_nh8_ne256_bsz16_mi50_dr0.1.py
Started: Tue Oct 28 18:50:52 2025
============================================================

/workspaces/group-assignment/nanoGPT/train.py:196: FutureWarning: `torch.cuda.amp.GradScaler(args...)` is deprecated. Please use `torch.amp.GradScaler('cuda', args...)` instead.
  scaler = torch.cuda.amp.GradScaler(enabled=(dtype == 'float16'))
/home/codespace/.local/lib/python3.12/site-packages/torch/amp/grad_scaler.py:136: UserWarning: torch.cuda.amp.GradScaler is enabled, but CUDA is not available.  Disabling.
  warnings.warn(
Overriding config with config/train_shakespeare_char.py:
# train a miniature character-level shakespeare model
# good for debugging and playing on macbooks and such

out_dir = 'out-shakespeare-char'
eval_interval = 250 # keep frequent because we'll overfit
eval_iters = 200
log_interval = 10 # don't print too too often

# we expect to overfit on this small dataset, so only save when val improves
always_save_checkpoint = False

wandb_log = False # override via command line if you like
wandb_project = 'shakespeare-char'
wandb_run_name = 'mini-gpt'

dataset = 'shakespeare_char'
gradient_accumulation_steps = 1
batch_size = 64
block_size = 256 # context of up to 256 previous characters

# baby GPT model :)
n_layer = 6
n_head = 6
n_embd = 384
dropout = 0.2

learning_rate = 1e-3 # with baby networks can afford to go a bit higher
max_iters = 5000
lr_decay_iters = 5000 # make equal to max_iters usually
min_lr = 1e-4 # learning_rate / 10 usually
beta2 = 0.99 # make a bit bigger because number of tokens per iter is small

warmup_iters = 100 # not super necessary potentially

# on macbook also add
# device = 'cpu'  # run on cpu only
# compile = False # do not torch compile the model

Overriding config with ../experiments/member3/configs/exp_031_bs128_nl4_nh8_ne256_bsz16_mi50_dr0.1.py:
# Experiment configuration
dataset = "shakespeare_char"
gradient_accumulation_steps = 1
learning_rate = 0.001
decay_lr = True
warmup_iters = 10
min_lr = 0.0001
eval_interval = 10
eval_iters = 20
log_interval = 1
always_save_checkpoint = False
device = "cpu"
compile = False
block_size = 128
n_layer = 4
n_head = 8
n_embd = 256
batch_size = 16
max_iters = 50
dropout = 0.1
lr_decay_iters = 50
out_dir = "experiments/member3/results/exp_031_bs128_nl4_nh8_ne256_bsz16_mi50_dr0.1"

tokens per iteration will be: 2,048
found vocab_size = 65 (inside data/shakespeare_char/meta.pkl)
Initializing a new model from scratch
number of parameters: 3.16M
num decayed parameter tensors: 18, with 3,195,136 parameters
num non-decayed parameter tensors: 9, with 2,304 parameters
using fused AdamW: False
step 0: train loss 4.1812, val loss 4.1782
iter 0: loss 4.1962, time 8612.43ms, mfu -100.00%
iter 1: loss 3.7970, time 699.27ms, mfu -100.00%
iter 2: loss 3.5841, time 707.09ms, mfu -100.00%
iter 3: loss 3.4703, time 679.71ms, mfu -100.00%
iter 4: loss 3.3940, time 687.53ms, mfu -100.00%
iter 5: loss 3.3225, time 700.85ms, mfu 0.02%
iter 6: loss 3.2535, time 701.33ms, mfu 0.02%
iter 7: loss 3.1878, time 741.33ms, mfu 0.02%
iter 8: loss 3.0579, time 700.73ms, mfu 0.02%
iter 9: loss 2.9562, time 680.61ms, mfu 0.02%
step 10: train loss 2.9222, val loss 2.9506
saving checkpoint to experiments/member3/results/exp_031_bs128_nl4_nh8_ne256_bsz16_mi50_dr0.1
iter 10: loss 2.9470, time 8048.05ms, mfu 0.02%
iter 11: loss 2.9008, time 696.27ms, mfu 0.02%
iter 12: loss 2.9468, time 747.87ms, mfu 0.02%
iter 13: loss 2.8427, time 682.32ms, mfu 0.02%
iter 14: loss 2.7684, time 751.85ms, mfu 0.02%
iter 15: loss 2.7587, time 702.80ms, mfu 0.02%
iter 16: loss 2.7489, time 685.67ms, mfu 0.02%
iter 17: loss 2.7491, time 690.07ms, mfu 0.02%
iter 18: loss 2.7519, time 719.76ms, mfu 0.02%
iter 19: loss 2.7262, time 691.93ms, mfu 0.02%
step 20: train loss 2.6591, val loss 2.6861
saving checkpoint to experiments/member3/results/exp_031_bs128_nl4_nh8_ne256_bsz16_mi50_dr0.1
iter 20: loss 2.6278, time 8219.92ms, mfu 0.02%
iter 21: loss 2.6572, time 721.52ms, mfu 0.02%
iter 22: loss 2.7304, time 683.75ms, mfu 0.02%
iter 23: loss 2.6370, time 684.14ms, mfu 0.02%
iter 24: loss 2.5918, time 703.57ms, mfu 0.02%
iter 25: loss 2.6641, time 824.64ms, mfu 0.02%
iter 26: loss 2.6520, time 682.44ms, mfu 0.02%
iter 27: loss 2.5581, time 690.83ms, mfu 0.02%
iter 28: loss 2.6342, time 715.31ms, mfu 0.02%
iter 29: loss 2.5815, time 685.57ms, mfu 0.02%
step 30: train loss 2.5912, val loss 2.5936
saving checkpoint to experiments/member3/results/exp_031_bs128_nl4_nh8_ne256_bsz16_mi50_dr0.1
iter 30: loss 2.5609, time 8264.26ms, mfu 0.02%
iter 31: loss 2.6171, time 697.20ms, mfu 0.02%
iter 32: loss 2.5679, time 704.08ms, mfu 0.02%
iter 33: loss 2.6035, time 675.51ms, mfu 0.02%
iter 34: loss 2.5306, time 693.81ms, mfu 0.02%
iter 35: loss 2.6627, time 687.22ms, mfu 0.02%
iter 36: loss 2.5707, time 763.10ms, mfu 0.02%
iter 37: loss 2.6131, time 712.07ms, mfu 0.02%
iter 38: loss 2.5458, time 710.12ms, mfu 0.02%
iter 39: loss 2.6121, time 712.59ms, mfu 0.02%
step 40: train loss 2.5700, val loss 2.5574
saving checkpoint to experiments/member3/results/exp_031_bs128_nl4_nh8_ne256_bsz16_mi50_dr0.1
iter 40: loss 2.5700, time 8283.94ms, mfu 0.02%
iter 41: loss 2.5864, time 698.34ms, mfu 0.02%
iter 42: loss 2.5272, time 710.07ms, mfu 0.02%
iter 43: loss 2.5520, time 737.85ms, mfu 0.02%
iter 44: loss 2.5865, time 696.61ms, mfu 0.02%
iter 45: loss 2.5240, time 682.69ms, mfu 0.02%
iter 46: loss 2.6098, time 692.18ms, mfu 0.02%
iter 47: loss 2.6286, time 683.32ms, mfu 0.02%
iter 48: loss 2.5791, time 687.28ms, mfu 0.02%
iter 49: loss 2.5934, time 693.25ms, mfu 0.02%
step 50: train loss 2.5565, val loss 2.5597
iter 50: loss 2.5706, time 8050.97ms, mfu 0.02%

============================================================
Completed: Tue Oct 28 18:52:16 2025
Duration: 83.90 seconds
