Experiment: exp_026_bs128_nl4_nh8_ne256_bsz8_mi25_dr0.2
Config: experiments/member3/configs/exp_026_bs128_nl4_nh8_ne256_bsz8_mi25_dr0.2.py
Started: Tue Oct 28 18:47:30 2025
============================================================

/workspaces/group-assignment/nanoGPT/train.py:196: FutureWarning: `torch.cuda.amp.GradScaler(args...)` is deprecated. Please use `torch.amp.GradScaler('cuda', args...)` instead.
  scaler = torch.cuda.amp.GradScaler(enabled=(dtype == 'float16'))
/home/codespace/.local/lib/python3.12/site-packages/torch/amp/grad_scaler.py:136: UserWarning: torch.cuda.amp.GradScaler is enabled, but CUDA is not available.  Disabling.
  warnings.warn(
Overriding config with config/train_shakespeare_char.py:
# train a miniature character-level shakespeare model
# good for debugging and playing on macbooks and such

out_dir = 'out-shakespeare-char'
eval_interval = 250 # keep frequent because we'll overfit
eval_iters = 200
log_interval = 10 # don't print too too often

# we expect to overfit on this small dataset, so only save when val improves
always_save_checkpoint = False

wandb_log = False # override via command line if you like
wandb_project = 'shakespeare-char'
wandb_run_name = 'mini-gpt'

dataset = 'shakespeare_char'
gradient_accumulation_steps = 1
batch_size = 64
block_size = 256 # context of up to 256 previous characters

# baby GPT model :)
n_layer = 6
n_head = 6
n_embd = 384
dropout = 0.2

learning_rate = 1e-3 # with baby networks can afford to go a bit higher
max_iters = 5000
lr_decay_iters = 5000 # make equal to max_iters usually
min_lr = 1e-4 # learning_rate / 10 usually
beta2 = 0.99 # make a bit bigger because number of tokens per iter is small

warmup_iters = 100 # not super necessary potentially

# on macbook also add
# device = 'cpu'  # run on cpu only
# compile = False # do not torch compile the model

Overriding config with ../experiments/member3/configs/exp_026_bs128_nl4_nh8_ne256_bsz8_mi25_dr0.2.py:
# Experiment configuration
dataset = "shakespeare_char"
gradient_accumulation_steps = 1
learning_rate = 0.001
decay_lr = True
warmup_iters = 10
min_lr = 0.0001
eval_interval = 10
eval_iters = 20
log_interval = 1
always_save_checkpoint = False
device = "cpu"
compile = False
block_size = 128
n_layer = 4
n_head = 8
n_embd = 256
batch_size = 8
max_iters = 25
dropout = 0.2
lr_decay_iters = 25
out_dir = "experiments/member3/results/exp_026_bs128_nl4_nh8_ne256_bsz8_mi25_dr0.2"

tokens per iteration will be: 1,024
found vocab_size = 65 (inside data/shakespeare_char/meta.pkl)
Initializing a new model from scratch
number of parameters: 3.16M
num decayed parameter tensors: 18, with 3,195,136 parameters
num non-decayed parameter tensors: 9, with 2,304 parameters
using fused AdamW: False
step 0: train loss 4.1831, val loss 4.1737
iter 0: loss 4.1931, time 4550.77ms, mfu -100.00%
iter 1: loss 3.8644, time 388.32ms, mfu -100.00%
iter 2: loss 3.6724, time 365.39ms, mfu -100.00%
iter 3: loss 3.4701, time 355.55ms, mfu -100.00%
iter 4: loss 3.3917, time 374.83ms, mfu -100.00%
iter 5: loss 3.3455, time 378.39ms, mfu 0.02%
iter 6: loss 3.2501, time 389.57ms, mfu 0.02%
iter 7: loss 3.1184, time 383.32ms, mfu 0.02%
iter 8: loss 3.3160, time 356.67ms, mfu 0.02%
iter 9: loss 3.0800, time 360.11ms, mfu 0.02%
step 10: train loss 3.0212, val loss 3.1042
saving checkpoint to experiments/member3/results/exp_026_bs128_nl4_nh8_ne256_bsz8_mi25_dr0.2
iter 10: loss 3.1673, time 4076.24ms, mfu 0.02%
iter 11: loss 2.9324, time 381.23ms, mfu 0.02%
iter 12: loss 2.9740, time 356.99ms, mfu 0.02%
iter 13: loss 2.8796, time 406.18ms, mfu 0.02%
iter 14: loss 2.7973, time 397.32ms, mfu 0.02%
iter 15: loss 2.9912, time 367.17ms, mfu 0.02%
iter 16: loss 2.8224, time 360.20ms, mfu 0.02%
iter 17: loss 2.8281, time 359.53ms, mfu 0.02%
iter 18: loss 2.7419, time 366.37ms, mfu 0.02%
iter 19: loss 2.7545, time 359.00ms, mfu 0.02%
step 20: train loss 2.7345, val loss 2.7574
saving checkpoint to experiments/member3/results/exp_026_bs128_nl4_nh8_ne256_bsz8_mi25_dr0.2
iter 20: loss 2.8003, time 4123.92ms, mfu 0.02%
iter 21: loss 2.7484, time 360.49ms, mfu 0.02%
iter 22: loss 2.6830, time 355.97ms, mfu 0.02%
iter 23: loss 2.7240, time 359.62ms, mfu 0.02%
iter 24: loss 2.7882, time 449.78ms, mfu 0.02%
iter 25: loss 2.7842, time 373.51ms, mfu 0.02%

============================================================
Completed: Tue Oct 28 18:47:54 2025
Duration: 24.05 seconds
