Experiment: exp_024_bs128_nl4_nh8_ne128_bsz16_mi50_dr0.2
Config: experiments/member3/configs/exp_024_bs128_nl4_nh8_ne128_bsz16_mi50_dr0.2.py
Started: Tue Oct 28 18:46:31 2025
============================================================

/workspaces/group-assignment/nanoGPT/train.py:196: FutureWarning: `torch.cuda.amp.GradScaler(args...)` is deprecated. Please use `torch.amp.GradScaler('cuda', args...)` instead.
  scaler = torch.cuda.amp.GradScaler(enabled=(dtype == 'float16'))
/home/codespace/.local/lib/python3.12/site-packages/torch/amp/grad_scaler.py:136: UserWarning: torch.cuda.amp.GradScaler is enabled, but CUDA is not available.  Disabling.
  warnings.warn(
Overriding config with config/train_shakespeare_char.py:
# train a miniature character-level shakespeare model
# good for debugging and playing on macbooks and such

out_dir = 'out-shakespeare-char'
eval_interval = 250 # keep frequent because we'll overfit
eval_iters = 200
log_interval = 10 # don't print too too often

# we expect to overfit on this small dataset, so only save when val improves
always_save_checkpoint = False

wandb_log = False # override via command line if you like
wandb_project = 'shakespeare-char'
wandb_run_name = 'mini-gpt'

dataset = 'shakespeare_char'
gradient_accumulation_steps = 1
batch_size = 64
block_size = 256 # context of up to 256 previous characters

# baby GPT model :)
n_layer = 6
n_head = 6
n_embd = 384
dropout = 0.2

learning_rate = 1e-3 # with baby networks can afford to go a bit higher
max_iters = 5000
lr_decay_iters = 5000 # make equal to max_iters usually
min_lr = 1e-4 # learning_rate / 10 usually
beta2 = 0.99 # make a bit bigger because number of tokens per iter is small

warmup_iters = 100 # not super necessary potentially

# on macbook also add
# device = 'cpu'  # run on cpu only
# compile = False # do not torch compile the model

Overriding config with ../experiments/member3/configs/exp_024_bs128_nl4_nh8_ne128_bsz16_mi50_dr0.2.py:
# Experiment configuration
dataset = "shakespeare_char"
gradient_accumulation_steps = 1
learning_rate = 0.001
decay_lr = True
warmup_iters = 10
min_lr = 0.0001
eval_interval = 10
eval_iters = 20
log_interval = 1
always_save_checkpoint = False
device = "cpu"
compile = False
block_size = 128
n_layer = 4
n_head = 8
n_embd = 128
batch_size = 16
max_iters = 50
dropout = 0.2
lr_decay_iters = 50
out_dir = "experiments/member3/results/exp_024_bs128_nl4_nh8_ne128_bsz16_mi50_dr0.2"

tokens per iteration will be: 2,048
found vocab_size = 65 (inside data/shakespeare_char/meta.pkl)
Initializing a new model from scratch
number of parameters: 0.80M
num decayed parameter tensors: 18, with 811,136 parameters
num non-decayed parameter tensors: 9, with 1,152 parameters
using fused AdamW: False
step 0: train loss 4.1837, val loss 4.1801
iter 0: loss 4.1857, time 3165.78ms, mfu -100.00%
iter 1: loss 4.0804, time 337.52ms, mfu -100.00%
iter 2: loss 3.9114, time 321.57ms, mfu -100.00%
iter 3: loss 3.7470, time 338.88ms, mfu -100.00%
iter 4: loss 3.7097, time 357.81ms, mfu -100.00%
iter 5: loss 3.6513, time 336.88ms, mfu 0.01%
iter 6: loss 3.6248, time 341.62ms, mfu 0.01%
iter 7: loss 3.5676, time 324.66ms, mfu 0.01%
iter 8: loss 3.5099, time 319.59ms, mfu 0.01%
iter 9: loss 3.4912, time 331.93ms, mfu 0.01%
step 10: train loss 3.4158, val loss 3.4464
saving checkpoint to experiments/member3/results/exp_024_bs128_nl4_nh8_ne128_bsz16_mi50_dr0.2
iter 10: loss 3.4540, time 2780.38ms, mfu 0.01%
iter 11: loss 3.3468, time 317.82ms, mfu 0.01%
iter 12: loss 4.3934, time 321.78ms, mfu 0.01%
iter 13: loss 3.3460, time 340.63ms, mfu 0.01%
iter 14: loss 3.2135, time 379.33ms, mfu 0.01%
iter 15: loss 3.2426, time 371.64ms, mfu 0.01%
iter 16: loss 3.1413, time 351.31ms, mfu 0.01%
iter 17: loss 3.1330, time 317.71ms, mfu 0.01%
iter 18: loss 3.1026, time 325.43ms, mfu 0.01%
iter 19: loss 3.0729, time 326.64ms, mfu 0.01%
step 20: train loss 2.9852, val loss 2.9931
saving checkpoint to experiments/member3/results/exp_024_bs128_nl4_nh8_ne128_bsz16_mi50_dr0.2
iter 20: loss 3.0596, time 2800.96ms, mfu 0.01%
iter 21: loss 2.9578, time 339.82ms, mfu 0.01%
iter 22: loss 2.9502, time 342.60ms, mfu 0.01%
iter 23: loss 2.9881, time 343.72ms, mfu 0.01%
iter 24: loss 2.9665, time 318.67ms, mfu 0.01%
iter 25: loss 2.9041, time 345.21ms, mfu 0.01%
iter 26: loss 2.8791, time 345.81ms, mfu 0.01%
iter 27: loss 2.8363, time 334.27ms, mfu 0.01%
iter 28: loss 2.8620, time 323.87ms, mfu 0.01%
iter 29: loss 2.8575, time 320.60ms, mfu 0.01%
step 30: train loss 2.8097, val loss 2.8235
saving checkpoint to experiments/member3/results/exp_024_bs128_nl4_nh8_ne128_bsz16_mi50_dr0.2
iter 30: loss 2.8078, time 2814.26ms, mfu 0.01%
iter 31: loss 2.8528, time 428.81ms, mfu 0.01%
iter 32: loss 2.8879, time 340.32ms, mfu 0.01%
iter 33: loss 2.8393, time 323.43ms, mfu 0.01%
iter 34: loss 2.8048, time 343.04ms, mfu 0.01%
iter 35: loss 2.8208, time 347.80ms, mfu 0.01%
iter 36: loss 2.8236, time 322.78ms, mfu 0.01%
iter 37: loss 2.8171, time 322.38ms, mfu 0.01%
iter 38: loss 2.7858, time 319.81ms, mfu 0.01%
iter 39: loss 2.7785, time 324.92ms, mfu 0.01%
step 40: train loss 2.7527, val loss 2.7536
saving checkpoint to experiments/member3/results/exp_024_bs128_nl4_nh8_ne128_bsz16_mi50_dr0.2
iter 40: loss 2.8809, time 2893.64ms, mfu 0.01%
iter 41: loss 2.7623, time 345.38ms, mfu 0.01%
iter 42: loss 2.7219, time 330.21ms, mfu 0.01%
iter 43: loss 2.7869, time 326.49ms, mfu 0.01%
iter 44: loss 2.7667, time 344.55ms, mfu 0.01%
iter 45: loss 2.7484, time 318.44ms, mfu 0.01%
iter 46: loss 2.7691, time 332.68ms, mfu 0.01%
iter 47: loss 2.7578, time 317.52ms, mfu 0.01%
iter 48: loss 2.7610, time 320.79ms, mfu 0.01%
iter 49: loss 2.7752, time 319.84ms, mfu 0.01%
step 50: train loss 2.7238, val loss 2.7334
saving checkpoint to experiments/member3/results/exp_024_bs128_nl4_nh8_ne128_bsz16_mi50_dr0.2
iter 50: loss 2.7172, time 2939.05ms, mfu 0.01%

============================================================
Completed: Tue Oct 28 18:47:06 2025
Duration: 35.34 seconds
