Experiment: exp_027_bs128_nl4_nh8_ne256_bsz8_mi50_dr0.1
Config: experiments/member3/configs/exp_027_bs128_nl4_nh8_ne256_bsz8_mi50_dr0.1.py
Started: Tue Oct 28 18:47:54 2025
============================================================

/workspaces/group-assignment/nanoGPT/train.py:196: FutureWarning: `torch.cuda.amp.GradScaler(args...)` is deprecated. Please use `torch.amp.GradScaler('cuda', args...)` instead.
  scaler = torch.cuda.amp.GradScaler(enabled=(dtype == 'float16'))
/home/codespace/.local/lib/python3.12/site-packages/torch/amp/grad_scaler.py:136: UserWarning: torch.cuda.amp.GradScaler is enabled, but CUDA is not available.  Disabling.
  warnings.warn(
Overriding config with config/train_shakespeare_char.py:
# train a miniature character-level shakespeare model
# good for debugging and playing on macbooks and such

out_dir = 'out-shakespeare-char'
eval_interval = 250 # keep frequent because we'll overfit
eval_iters = 200
log_interval = 10 # don't print too too often

# we expect to overfit on this small dataset, so only save when val improves
always_save_checkpoint = False

wandb_log = False # override via command line if you like
wandb_project = 'shakespeare-char'
wandb_run_name = 'mini-gpt'

dataset = 'shakespeare_char'
gradient_accumulation_steps = 1
batch_size = 64
block_size = 256 # context of up to 256 previous characters

# baby GPT model :)
n_layer = 6
n_head = 6
n_embd = 384
dropout = 0.2

learning_rate = 1e-3 # with baby networks can afford to go a bit higher
max_iters = 5000
lr_decay_iters = 5000 # make equal to max_iters usually
min_lr = 1e-4 # learning_rate / 10 usually
beta2 = 0.99 # make a bit bigger because number of tokens per iter is small

warmup_iters = 100 # not super necessary potentially

# on macbook also add
# device = 'cpu'  # run on cpu only
# compile = False # do not torch compile the model

Overriding config with ../experiments/member3/configs/exp_027_bs128_nl4_nh8_ne256_bsz8_mi50_dr0.1.py:
# Experiment configuration
dataset = "shakespeare_char"
gradient_accumulation_steps = 1
learning_rate = 0.001
decay_lr = True
warmup_iters = 10
min_lr = 0.0001
eval_interval = 10
eval_iters = 20
log_interval = 1
always_save_checkpoint = False
device = "cpu"
compile = False
block_size = 128
n_layer = 4
n_head = 8
n_embd = 256
batch_size = 8
max_iters = 50
dropout = 0.1
lr_decay_iters = 50
out_dir = "experiments/member3/results/exp_027_bs128_nl4_nh8_ne256_bsz8_mi50_dr0.1"

tokens per iteration will be: 1,024
found vocab_size = 65 (inside data/shakespeare_char/meta.pkl)
Initializing a new model from scratch
number of parameters: 3.16M
num decayed parameter tensors: 18, with 3,195,136 parameters
num non-decayed parameter tensors: 9, with 2,304 parameters
using fused AdamW: False
step 0: train loss 4.1831, val loss 4.1737
iter 0: loss 4.2043, time 4400.06ms, mfu -100.00%
iter 1: loss 3.8127, time 371.60ms, mfu -100.00%
iter 2: loss 3.6449, time 368.14ms, mfu -100.00%
iter 3: loss 3.4529, time 345.85ms, mfu -100.00%
iter 4: loss 3.3655, time 345.12ms, mfu -100.00%
iter 5: loss 3.3291, time 345.57ms, mfu 0.02%
iter 6: loss 3.2281, time 353.10ms, mfu 0.02%
iter 7: loss 3.0969, time 347.05ms, mfu 0.02%
iter 8: loss 3.1973, time 366.61ms, mfu 0.02%
iter 9: loss 3.0711, time 349.31ms, mfu 0.02%
step 10: train loss 2.9613, val loss 3.0021
saving checkpoint to experiments/member3/results/exp_027_bs128_nl4_nh8_ne256_bsz8_mi50_dr0.1
iter 10: loss 3.0647, time 4134.68ms, mfu 0.02%
iter 11: loss 2.9678, time 346.15ms, mfu 0.02%
iter 12: loss 2.9039, time 349.83ms, mfu 0.02%
iter 13: loss 2.8521, time 345.30ms, mfu 0.02%
iter 14: loss 2.8268, time 350.37ms, mfu 0.02%
iter 15: loss 2.9184, time 382.82ms, mfu 0.02%
iter 16: loss 2.8250, time 353.60ms, mfu 0.02%
iter 17: loss 2.8037, time 352.31ms, mfu 0.02%
iter 18: loss 2.7164, time 349.77ms, mfu 0.02%
iter 19: loss 2.7233, time 378.08ms, mfu 0.02%
step 20: train loss 2.7065, val loss 2.7240
saving checkpoint to experiments/member3/results/exp_027_bs128_nl4_nh8_ne256_bsz8_mi50_dr0.1
iter 20: loss 2.7604, time 4060.57ms, mfu 0.02%
iter 21: loss 2.7040, time 346.37ms, mfu 0.02%
iter 22: loss 2.6823, time 445.37ms, mfu 0.02%
iter 23: loss 2.6744, time 346.69ms, mfu 0.02%
iter 24: loss 2.7395, time 376.62ms, mfu 0.02%
iter 25: loss 2.7207, time 372.24ms, mfu 0.02%
iter 26: loss 2.7198, time 345.72ms, mfu 0.02%
iter 27: loss 2.6729, time 360.14ms, mfu 0.02%
iter 28: loss 2.5380, time 390.93ms, mfu 0.02%
iter 29: loss 2.6618, time 396.31ms, mfu 0.02%
step 30: train loss 2.6502, val loss 2.6662
saving checkpoint to experiments/member3/results/exp_027_bs128_nl4_nh8_ne256_bsz8_mi50_dr0.1
iter 30: loss 2.6724, time 4115.39ms, mfu 0.02%
iter 31: loss 2.6422, time 348.09ms, mfu 0.02%
iter 32: loss 2.6341, time 354.42ms, mfu 0.02%
iter 33: loss 2.5487, time 351.88ms, mfu 0.02%
iter 34: loss 2.6973, time 480.74ms, mfu 0.02%
iter 35: loss 2.6030, time 345.43ms, mfu 0.02%
iter 36: loss 2.7493, time 371.25ms, mfu 0.02%
iter 37: loss 2.5097, time 345.05ms, mfu 0.02%
iter 38: loss 2.6187, time 359.17ms, mfu 0.02%
iter 39: loss 2.5822, time 365.32ms, mfu 0.02%
step 40: train loss 2.5925, val loss 2.6234
saving checkpoint to experiments/member3/results/exp_027_bs128_nl4_nh8_ne256_bsz8_mi50_dr0.1
iter 40: loss 2.5494, time 4206.35ms, mfu 0.02%
iter 41: loss 2.6411, time 345.14ms, mfu 0.02%
iter 42: loss 2.6123, time 350.21ms, mfu 0.02%
iter 43: loss 2.6348, time 354.41ms, mfu 0.02%
iter 44: loss 2.6480, time 348.77ms, mfu 0.02%
iter 45: loss 2.5706, time 357.37ms, mfu 0.02%
iter 46: loss 2.5487, time 362.48ms, mfu 0.02%
iter 47: loss 2.5908, time 344.40ms, mfu 0.02%
iter 48: loss 2.5847, time 367.89ms, mfu 0.02%
iter 49: loss 2.6187, time 358.61ms, mfu 0.02%
step 50: train loss 2.5894, val loss 2.5892
saving checkpoint to experiments/member3/results/exp_027_bs128_nl4_nh8_ne256_bsz8_mi50_dr0.1
iter 50: loss 2.5419, time 4211.79ms, mfu 0.02%

============================================================
Completed: Tue Oct 28 18:48:38 2025
Duration: 44.32 seconds
