Experiment: exp_009_bs128_nl4_nh4_ne256_bsz8_mi25_dr0.1
Config: experiments/member3/configs/exp_009_bs128_nl4_nh4_ne256_bsz8_mi25_dr0.1.py
Started: Tue Oct 28 18:38:01 2025
============================================================

/workspaces/group-assignment/nanoGPT/train.py:196: FutureWarning: `torch.cuda.amp.GradScaler(args...)` is deprecated. Please use `torch.amp.GradScaler('cuda', args...)` instead.
  scaler = torch.cuda.amp.GradScaler(enabled=(dtype == 'float16'))
/home/codespace/.local/lib/python3.12/site-packages/torch/amp/grad_scaler.py:136: UserWarning: torch.cuda.amp.GradScaler is enabled, but CUDA is not available.  Disabling.
  warnings.warn(
Overriding config with config/train_shakespeare_char.py:
# train a miniature character-level shakespeare model
# good for debugging and playing on macbooks and such

out_dir = 'out-shakespeare-char'
eval_interval = 250 # keep frequent because we'll overfit
eval_iters = 200
log_interval = 10 # don't print too too often

# we expect to overfit on this small dataset, so only save when val improves
always_save_checkpoint = False

wandb_log = False # override via command line if you like
wandb_project = 'shakespeare-char'
wandb_run_name = 'mini-gpt'

dataset = 'shakespeare_char'
gradient_accumulation_steps = 1
batch_size = 64
block_size = 256 # context of up to 256 previous characters

# baby GPT model :)
n_layer = 6
n_head = 6
n_embd = 384
dropout = 0.2

learning_rate = 1e-3 # with baby networks can afford to go a bit higher
max_iters = 5000
lr_decay_iters = 5000 # make equal to max_iters usually
min_lr = 1e-4 # learning_rate / 10 usually
beta2 = 0.99 # make a bit bigger because number of tokens per iter is small

warmup_iters = 100 # not super necessary potentially

# on macbook also add
# device = 'cpu'  # run on cpu only
# compile = False # do not torch compile the model

Overriding config with ../experiments/member3/configs/exp_009_bs128_nl4_nh4_ne256_bsz8_mi25_dr0.1.py:
# Experiment configuration
dataset = "shakespeare_char"
gradient_accumulation_steps = 1
learning_rate = 0.001
decay_lr = True
warmup_iters = 10
min_lr = 0.0001
eval_interval = 10
eval_iters = 20
log_interval = 1
always_save_checkpoint = False
device = "cpu"
compile = False
block_size = 128
n_layer = 4
n_head = 4
n_embd = 256
batch_size = 8
max_iters = 25
dropout = 0.1
lr_decay_iters = 25
out_dir = "experiments/member3/results/exp_009_bs128_nl4_nh4_ne256_bsz8_mi25_dr0.1"

tokens per iteration will be: 1,024
found vocab_size = 65 (inside data/shakespeare_char/meta.pkl)
Initializing a new model from scratch
number of parameters: 3.16M
num decayed parameter tensors: 18, with 3,195,136 parameters
num non-decayed parameter tensors: 9, with 2,304 parameters
using fused AdamW: False
step 0: train loss 4.1833, val loss 4.1739
iter 0: loss 4.2093, time 4288.01ms, mfu -100.00%
iter 1: loss 3.8202, time 343.86ms, mfu -100.00%
iter 2: loss 3.5500, time 317.66ms, mfu -100.00%
iter 3: loss 3.4700, time 319.27ms, mfu -100.00%
iter 4: loss 3.3997, time 329.22ms, mfu -100.00%
iter 5: loss 3.2784, time 319.25ms, mfu 0.02%
iter 6: loss 3.3842, time 316.54ms, mfu 0.02%
iter 7: loss 3.1093, time 332.95ms, mfu 0.02%
iter 8: loss 3.2127, time 339.32ms, mfu 0.02%
iter 9: loss 3.0536, time 338.57ms, mfu 0.02%
step 10: train loss 2.9698, val loss 2.9767
saving checkpoint to experiments/member3/results/exp_009_bs128_nl4_nh4_ne256_bsz8_mi25_dr0.1
iter 10: loss 3.0408, time 3982.54ms, mfu 0.02%
iter 11: loss 2.8366, time 325.26ms, mfu 0.02%
iter 12: loss 2.9382, time 335.46ms, mfu 0.02%
iter 13: loss 2.8579, time 328.51ms, mfu 0.02%
iter 14: loss 2.8668, time 333.19ms, mfu 0.02%
iter 15: loss 2.8338, time 335.04ms, mfu 0.02%
iter 16: loss 2.8299, time 340.07ms, mfu 0.02%
iter 17: loss 2.7429, time 319.97ms, mfu 0.02%
iter 18: loss 2.7792, time 317.87ms, mfu 0.02%
iter 19: loss 2.7785, time 316.73ms, mfu 0.02%
step 20: train loss 2.7080, val loss 2.7074
saving checkpoint to experiments/member3/results/exp_009_bs128_nl4_nh4_ne256_bsz8_mi25_dr0.1
iter 20: loss 2.7406, time 3974.58ms, mfu 0.02%
iter 21: loss 2.6900, time 350.12ms, mfu 0.02%
iter 22: loss 2.7424, time 363.44ms, mfu 0.02%
iter 23: loss 2.7224, time 370.86ms, mfu 0.02%
iter 24: loss 2.7670, time 324.29ms, mfu 0.02%
iter 25: loss 2.6804, time 319.46ms, mfu 0.02%

============================================================
Completed: Tue Oct 28 18:38:23 2025
Duration: 22.73 seconds
