Experiment: exp_015_bs128_nl4_nh4_ne256_bsz16_mi50_dr0.1
Config: experiments/member3/configs/exp_015_bs128_nl4_nh4_ne256_bsz16_mi50_dr0.1.py
Started: Tue Oct 28 18:41:36 2025
============================================================

/workspaces/group-assignment/nanoGPT/train.py:196: FutureWarning: `torch.cuda.amp.GradScaler(args...)` is deprecated. Please use `torch.amp.GradScaler('cuda', args...)` instead.
  scaler = torch.cuda.amp.GradScaler(enabled=(dtype == 'float16'))
/home/codespace/.local/lib/python3.12/site-packages/torch/amp/grad_scaler.py:136: UserWarning: torch.cuda.amp.GradScaler is enabled, but CUDA is not available.  Disabling.
  warnings.warn(
Overriding config with config/train_shakespeare_char.py:
# train a miniature character-level shakespeare model
# good for debugging and playing on macbooks and such

out_dir = 'out-shakespeare-char'
eval_interval = 250 # keep frequent because we'll overfit
eval_iters = 200
log_interval = 10 # don't print too too often

# we expect to overfit on this small dataset, so only save when val improves
always_save_checkpoint = False

wandb_log = False # override via command line if you like
wandb_project = 'shakespeare-char'
wandb_run_name = 'mini-gpt'

dataset = 'shakespeare_char'
gradient_accumulation_steps = 1
batch_size = 64
block_size = 256 # context of up to 256 previous characters

# baby GPT model :)
n_layer = 6
n_head = 6
n_embd = 384
dropout = 0.2

learning_rate = 1e-3 # with baby networks can afford to go a bit higher
max_iters = 5000
lr_decay_iters = 5000 # make equal to max_iters usually
min_lr = 1e-4 # learning_rate / 10 usually
beta2 = 0.99 # make a bit bigger because number of tokens per iter is small

warmup_iters = 100 # not super necessary potentially

# on macbook also add
# device = 'cpu'  # run on cpu only
# compile = False # do not torch compile the model

Overriding config with ../experiments/member3/configs/exp_015_bs128_nl4_nh4_ne256_bsz16_mi50_dr0.1.py:
# Experiment configuration
dataset = "shakespeare_char"
gradient_accumulation_steps = 1
learning_rate = 0.001
decay_lr = True
warmup_iters = 10
min_lr = 0.0001
eval_interval = 10
eval_iters = 20
log_interval = 1
always_save_checkpoint = False
device = "cpu"
compile = False
block_size = 128
n_layer = 4
n_head = 4
n_embd = 256
batch_size = 16
max_iters = 50
dropout = 0.1
lr_decay_iters = 50
out_dir = "experiments/member3/results/exp_015_bs128_nl4_nh4_ne256_bsz16_mi50_dr0.1"

tokens per iteration will be: 2,048
found vocab_size = 65 (inside data/shakespeare_char/meta.pkl)
Initializing a new model from scratch
number of parameters: 3.16M
num decayed parameter tensors: 18, with 3,195,136 parameters
num non-decayed parameter tensors: 9, with 2,304 parameters
using fused AdamW: False
step 0: train loss 4.1813, val loss 4.1784
iter 0: loss 4.2036, time 8415.89ms, mfu -100.00%
iter 1: loss 3.8242, time 705.88ms, mfu -100.00%
iter 2: loss 3.5617, time 635.46ms, mfu -100.00%
iter 3: loss 3.4591, time 644.23ms, mfu -100.00%
iter 4: loss 3.4091, time 623.45ms, mfu -100.00%
iter 5: loss 3.3482, time 629.30ms, mfu 0.02%
iter 6: loss 3.2814, time 625.55ms, mfu 0.02%
iter 7: loss 3.1741, time 651.38ms, mfu 0.02%
iter 8: loss 3.1605, time 637.10ms, mfu 0.02%
iter 9: loss 3.0367, time 631.16ms, mfu 0.02%
step 10: train loss 2.9295, val loss 2.9424
saving checkpoint to experiments/member3/results/exp_015_bs128_nl4_nh4_ne256_bsz16_mi50_dr0.1
iter 10: loss 2.9160, time 7889.94ms, mfu 0.02%
iter 11: loss 2.8695, time 620.11ms, mfu 0.02%
iter 12: loss 2.8733, time 622.62ms, mfu 0.02%
iter 13: loss 2.8074, time 680.08ms, mfu 0.02%
iter 14: loss 2.7928, time 640.42ms, mfu 0.02%
iter 15: loss 2.7541, time 637.52ms, mfu 0.02%
iter 16: loss 2.7021, time 639.88ms, mfu 0.02%
iter 17: loss 2.6717, time 631.91ms, mfu 0.02%
iter 18: loss 2.6964, time 624.92ms, mfu 0.02%
iter 19: loss 2.6796, time 637.31ms, mfu 0.02%
step 20: train loss 2.6551, val loss 2.6494
saving checkpoint to experiments/member3/results/exp_015_bs128_nl4_nh4_ne256_bsz16_mi50_dr0.1
iter 20: loss 2.6631, time 8131.33ms, mfu 0.02%
iter 21: loss 2.6611, time 629.46ms, mfu 0.02%
iter 22: loss 2.6844, time 621.90ms, mfu 0.02%
iter 23: loss 2.5572, time 626.67ms, mfu 0.02%
iter 24: loss 2.5967, time 634.99ms, mfu 0.02%
iter 25: loss 2.6939, time 649.20ms, mfu 0.02%
iter 26: loss 2.6457, time 711.81ms, mfu 0.02%
iter 27: loss 2.6862, time 682.29ms, mfu 0.02%
iter 28: loss 2.6244, time 642.74ms, mfu 0.02%
iter 29: loss 2.5732, time 621.31ms, mfu 0.02%
step 30: train loss 2.6097, val loss 2.5960
saving checkpoint to experiments/member3/results/exp_015_bs128_nl4_nh4_ne256_bsz16_mi50_dr0.1
iter 30: loss 2.6267, time 7918.53ms, mfu 0.02%
iter 31: loss 2.6327, time 632.56ms, mfu 0.02%
iter 32: loss 2.6259, time 736.81ms, mfu 0.02%
iter 33: loss 2.6019, time 676.80ms, mfu 0.02%
iter 34: loss 2.5515, time 636.67ms, mfu 0.02%
iter 35: loss 2.6022, time 620.37ms, mfu 0.02%
iter 36: loss 2.5617, time 627.69ms, mfu 0.02%
iter 37: loss 2.6266, time 617.86ms, mfu 0.02%
iter 38: loss 2.6382, time 648.04ms, mfu 0.02%
iter 39: loss 2.5683, time 621.42ms, mfu 0.02%
step 40: train loss 2.5653, val loss 2.5613
saving checkpoint to experiments/member3/results/exp_015_bs128_nl4_nh4_ne256_bsz16_mi50_dr0.1
iter 40: loss 2.5962, time 7905.34ms, mfu 0.02%
iter 41: loss 2.5491, time 617.99ms, mfu 0.02%
iter 42: loss 2.5138, time 640.34ms, mfu 0.02%
iter 43: loss 2.5572, time 623.87ms, mfu 0.02%
iter 44: loss 2.5906, time 644.58ms, mfu 0.02%
iter 45: loss 2.5397, time 744.03ms, mfu 0.02%
iter 46: loss 2.5607, time 620.83ms, mfu 0.02%
iter 47: loss 2.5673, time 654.96ms, mfu 0.02%
iter 48: loss 2.5090, time 650.74ms, mfu 0.02%
iter 49: loss 2.5815, time 630.88ms, mfu 0.02%
step 50: train loss 2.5491, val loss 2.5456
saving checkpoint to experiments/member3/results/exp_015_bs128_nl4_nh4_ne256_bsz16_mi50_dr0.1
iter 50: loss 2.5962, time 7898.84ms, mfu 0.02%

============================================================
Completed: Tue Oct 28 18:42:56 2025
Duration: 80.13 seconds
