Experiment: exp_022_bs128_nl4_nh8_ne128_bsz16_mi25_dr0.2
Config: experiments/member3/configs/exp_022_bs128_nl4_nh8_ne128_bsz16_mi25_dr0.2.py
Started: Tue Oct 28 18:45:37 2025
============================================================

/workspaces/group-assignment/nanoGPT/train.py:196: FutureWarning: `torch.cuda.amp.GradScaler(args...)` is deprecated. Please use `torch.amp.GradScaler('cuda', args...)` instead.
  scaler = torch.cuda.amp.GradScaler(enabled=(dtype == 'float16'))
/home/codespace/.local/lib/python3.12/site-packages/torch/amp/grad_scaler.py:136: UserWarning: torch.cuda.amp.GradScaler is enabled, but CUDA is not available.  Disabling.
  warnings.warn(
Overriding config with config/train_shakespeare_char.py:
# train a miniature character-level shakespeare model
# good for debugging and playing on macbooks and such

out_dir = 'out-shakespeare-char'
eval_interval = 250 # keep frequent because we'll overfit
eval_iters = 200
log_interval = 10 # don't print too too often

# we expect to overfit on this small dataset, so only save when val improves
always_save_checkpoint = False

wandb_log = False # override via command line if you like
wandb_project = 'shakespeare-char'
wandb_run_name = 'mini-gpt'

dataset = 'shakespeare_char'
gradient_accumulation_steps = 1
batch_size = 64
block_size = 256 # context of up to 256 previous characters

# baby GPT model :)
n_layer = 6
n_head = 6
n_embd = 384
dropout = 0.2

learning_rate = 1e-3 # with baby networks can afford to go a bit higher
max_iters = 5000
lr_decay_iters = 5000 # make equal to max_iters usually
min_lr = 1e-4 # learning_rate / 10 usually
beta2 = 0.99 # make a bit bigger because number of tokens per iter is small

warmup_iters = 100 # not super necessary potentially

# on macbook also add
# device = 'cpu'  # run on cpu only
# compile = False # do not torch compile the model

Overriding config with ../experiments/member3/configs/exp_022_bs128_nl4_nh8_ne128_bsz16_mi25_dr0.2.py:
# Experiment configuration
dataset = "shakespeare_char"
gradient_accumulation_steps = 1
learning_rate = 0.001
decay_lr = True
warmup_iters = 10
min_lr = 0.0001
eval_interval = 10
eval_iters = 20
log_interval = 1
always_save_checkpoint = False
device = "cpu"
compile = False
block_size = 128
n_layer = 4
n_head = 8
n_embd = 128
batch_size = 16
max_iters = 25
dropout = 0.2
lr_decay_iters = 25
out_dir = "experiments/member3/results/exp_022_bs128_nl4_nh8_ne128_bsz16_mi25_dr0.2"

tokens per iteration will be: 2,048
found vocab_size = 65 (inside data/shakespeare_char/meta.pkl)
Initializing a new model from scratch
number of parameters: 0.80M
num decayed parameter tensors: 18, with 811,136 parameters
num non-decayed parameter tensors: 9, with 1,152 parameters
using fused AdamW: False
step 0: train loss 4.1837, val loss 4.1801
iter 0: loss 4.1857, time 3300.53ms, mfu -100.00%
iter 1: loss 4.0804, time 358.20ms, mfu -100.00%
iter 2: loss 3.9114, time 331.19ms, mfu -100.00%
iter 3: loss 3.7470, time 323.10ms, mfu -100.00%
iter 4: loss 3.7097, time 342.82ms, mfu -100.00%
iter 5: loss 3.6513, time 323.74ms, mfu 0.01%
iter 6: loss 3.6248, time 325.24ms, mfu 0.01%
iter 7: loss 3.5676, time 330.02ms, mfu 0.01%
iter 8: loss 3.5099, time 319.08ms, mfu 0.01%
iter 9: loss 3.4912, time 322.06ms, mfu 0.01%
step 10: train loss 3.4158, val loss 3.4464
saving checkpoint to experiments/member3/results/exp_022_bs128_nl4_nh8_ne128_bsz16_mi25_dr0.2
iter 10: loss 3.4540, time 2851.35ms, mfu 0.01%
iter 11: loss 3.3468, time 322.59ms, mfu 0.01%
iter 12: loss 4.3801, time 329.95ms, mfu 0.01%
iter 13: loss 3.3489, time 319.50ms, mfu 0.01%
iter 14: loss 3.2169, time 333.06ms, mfu 0.01%
iter 15: loss 3.2489, time 335.88ms, mfu 0.01%
iter 16: loss 3.1507, time 317.40ms, mfu 0.01%
iter 17: loss 3.1522, time 334.38ms, mfu 0.01%
iter 18: loss 3.1268, time 321.98ms, mfu 0.01%
iter 19: loss 3.1060, time 319.42ms, mfu 0.01%
step 20: train loss 3.0189, val loss 3.0293
saving checkpoint to experiments/member3/results/exp_022_bs128_nl4_nh8_ne128_bsz16_mi25_dr0.2
iter 20: loss 3.0948, time 2927.11ms, mfu 0.01%
iter 21: loss 3.0167, time 318.62ms, mfu 0.01%
iter 22: loss 3.0136, time 329.61ms, mfu 0.01%
iter 23: loss 3.0580, time 324.56ms, mfu 0.01%
iter 24: loss 3.0614, time 318.74ms, mfu 0.01%
iter 25: loss 3.0068, time 319.92ms, mfu 0.01%

============================================================
Completed: Tue Oct 28 18:45:56 2025
Duration: 19.38 seconds
