Experiment: exp_019_bs128_nl4_nh8_ne128_bsz8_mi50_dr0.1
Config: experiments/member3/configs/exp_019_bs128_nl4_nh8_ne128_bsz8_mi50_dr0.1.py
Started: Tue Oct 28 18:44:39 2025
============================================================

/workspaces/group-assignment/nanoGPT/train.py:196: FutureWarning: `torch.cuda.amp.GradScaler(args...)` is deprecated. Please use `torch.amp.GradScaler('cuda', args...)` instead.
  scaler = torch.cuda.amp.GradScaler(enabled=(dtype == 'float16'))
/home/codespace/.local/lib/python3.12/site-packages/torch/amp/grad_scaler.py:136: UserWarning: torch.cuda.amp.GradScaler is enabled, but CUDA is not available.  Disabling.
  warnings.warn(
Overriding config with config/train_shakespeare_char.py:
# train a miniature character-level shakespeare model
# good for debugging and playing on macbooks and such

out_dir = 'out-shakespeare-char'
eval_interval = 250 # keep frequent because we'll overfit
eval_iters = 200
log_interval = 10 # don't print too too often

# we expect to overfit on this small dataset, so only save when val improves
always_save_checkpoint = False

wandb_log = False # override via command line if you like
wandb_project = 'shakespeare-char'
wandb_run_name = 'mini-gpt'

dataset = 'shakespeare_char'
gradient_accumulation_steps = 1
batch_size = 64
block_size = 256 # context of up to 256 previous characters

# baby GPT model :)
n_layer = 6
n_head = 6
n_embd = 384
dropout = 0.2

learning_rate = 1e-3 # with baby networks can afford to go a bit higher
max_iters = 5000
lr_decay_iters = 5000 # make equal to max_iters usually
min_lr = 1e-4 # learning_rate / 10 usually
beta2 = 0.99 # make a bit bigger because number of tokens per iter is small

warmup_iters = 100 # not super necessary potentially

# on macbook also add
# device = 'cpu'  # run on cpu only
# compile = False # do not torch compile the model

Overriding config with ../experiments/member3/configs/exp_019_bs128_nl4_nh8_ne128_bsz8_mi50_dr0.1.py:
# Experiment configuration
dataset = "shakespeare_char"
gradient_accumulation_steps = 1
learning_rate = 0.001
decay_lr = True
warmup_iters = 10
min_lr = 0.0001
eval_interval = 10
eval_iters = 20
log_interval = 1
always_save_checkpoint = False
device = "cpu"
compile = False
block_size = 128
n_layer = 4
n_head = 8
n_embd = 128
batch_size = 8
max_iters = 50
dropout = 0.1
lr_decay_iters = 50
out_dir = "experiments/member3/results/exp_019_bs128_nl4_nh8_ne128_bsz8_mi50_dr0.1"

tokens per iteration will be: 1,024
found vocab_size = 65 (inside data/shakespeare_char/meta.pkl)
Initializing a new model from scratch
number of parameters: 0.80M
num decayed parameter tensors: 18, with 811,136 parameters
num non-decayed parameter tensors: 9, with 1,152 parameters
using fused AdamW: False
step 0: train loss 4.1827, val loss 4.1813
iter 0: loss 4.1897, time 1722.65ms, mfu -100.00%
iter 1: loss 4.0672, time 161.72ms, mfu -100.00%
iter 2: loss 3.8695, time 160.14ms, mfu -100.00%
iter 3: loss 3.7822, time 153.59ms, mfu -100.00%
iter 4: loss 3.6874, time 157.43ms, mfu -100.00%
iter 5: loss 3.6749, time 183.94ms, mfu 0.01%
iter 6: loss 3.6115, time 158.68ms, mfu 0.01%
iter 7: loss 3.6287, time 156.00ms, mfu 0.01%
iter 8: loss 3.5313, time 153.71ms, mfu 0.01%
iter 9: loss 3.4557, time 153.57ms, mfu 0.01%
step 10: train loss 3.3748, val loss 3.3984
saving checkpoint to experiments/member3/results/exp_019_bs128_nl4_nh8_ne128_bsz8_mi50_dr0.1
iter 10: loss 3.3815, time 1411.27ms, mfu 0.01%
iter 11: loss 3.4783, time 181.37ms, mfu 0.01%
iter 12: loss 3.2838, time 154.76ms, mfu 0.01%
iter 13: loss 3.2179, time 152.45ms, mfu 0.01%
iter 14: loss 3.1585, time 152.82ms, mfu 0.01%
iter 15: loss 3.1264, time 154.05ms, mfu 0.01%
iter 16: loss 3.0973, time 154.48ms, mfu 0.01%
iter 17: loss 3.0559, time 156.99ms, mfu 0.01%
iter 18: loss 3.0315, time 179.30ms, mfu 0.01%
iter 19: loss 3.0285, time 159.93ms, mfu 0.01%
step 20: train loss 2.9791, val loss 3.0098
saving checkpoint to experiments/member3/results/exp_019_bs128_nl4_nh8_ne128_bsz8_mi50_dr0.1
iter 20: loss 2.9725, time 1441.63ms, mfu 0.01%
iter 21: loss 2.9815, time 169.59ms, mfu 0.01%
iter 22: loss 2.9615, time 158.44ms, mfu 0.01%
iter 23: loss 2.9722, time 158.79ms, mfu 0.01%
iter 24: loss 2.8558, time 158.05ms, mfu 0.01%
iter 25: loss 2.8365, time 154.56ms, mfu 0.01%
iter 26: loss 2.8528, time 154.23ms, mfu 0.01%
iter 27: loss 2.8462, time 181.36ms, mfu 0.01%
iter 28: loss 2.8568, time 172.47ms, mfu 0.01%
iter 29: loss 2.8969, time 158.33ms, mfu 0.01%
step 30: train loss 2.8500, val loss 2.8417
saving checkpoint to experiments/member3/results/exp_019_bs128_nl4_nh8_ne128_bsz8_mi50_dr0.1
iter 30: loss 2.8078, time 1514.30ms, mfu 0.01%
iter 31: loss 2.8721, time 154.81ms, mfu 0.01%
iter 32: loss 2.9081, time 165.00ms, mfu 0.01%
iter 33: loss 2.8430, time 156.58ms, mfu 0.01%
iter 34: loss 2.9075, time 155.30ms, mfu 0.01%
iter 35: loss 2.8034, time 170.47ms, mfu 0.01%
iter 36: loss 2.8428, time 156.28ms, mfu 0.01%
iter 37: loss 2.8466, time 166.26ms, mfu 0.01%
iter 38: loss 2.8246, time 170.36ms, mfu 0.01%
iter 39: loss 2.7967, time 159.41ms, mfu 0.01%
step 40: train loss 2.7629, val loss 2.7568
saving checkpoint to experiments/member3/results/exp_019_bs128_nl4_nh8_ne128_bsz8_mi50_dr0.1
iter 40: loss 2.8400, time 1431.09ms, mfu 0.01%
iter 41: loss 2.8877, time 161.51ms, mfu 0.01%
iter 42: loss 2.7835, time 201.10ms, mfu 0.01%
iter 43: loss 2.7932, time 157.47ms, mfu 0.01%
iter 44: loss 2.8052, time 153.50ms, mfu 0.01%
iter 45: loss 2.7119, time 155.94ms, mfu 0.01%
iter 46: loss 2.7024, time 152.89ms, mfu 0.01%
iter 47: loss 2.7592, time 152.73ms, mfu 0.01%
iter 48: loss 2.7775, time 155.34ms, mfu 0.01%
iter 49: loss 2.7235, time 157.14ms, mfu 0.01%
step 50: train loss 2.7573, val loss 2.7533
saving checkpoint to experiments/member3/results/exp_019_bs128_nl4_nh8_ne128_bsz8_mi50_dr0.1
iter 50: loss 2.7149, time 1454.77ms, mfu 0.01%

============================================================
Completed: Tue Oct 28 18:44:58 2025
Duration: 18.99 seconds
