Experiment: exp_023_bs128_nl4_nh8_ne128_bsz16_mi50_dr0.1
Config: experiments/member3/configs/exp_023_bs128_nl4_nh8_ne128_bsz16_mi50_dr0.1.py
Started: Tue Oct 28 18:45:56 2025
============================================================

/workspaces/group-assignment/nanoGPT/train.py:196: FutureWarning: `torch.cuda.amp.GradScaler(args...)` is deprecated. Please use `torch.amp.GradScaler('cuda', args...)` instead.
  scaler = torch.cuda.amp.GradScaler(enabled=(dtype == 'float16'))
/home/codespace/.local/lib/python3.12/site-packages/torch/amp/grad_scaler.py:136: UserWarning: torch.cuda.amp.GradScaler is enabled, but CUDA is not available.  Disabling.
  warnings.warn(
Overriding config with config/train_shakespeare_char.py:
# train a miniature character-level shakespeare model
# good for debugging and playing on macbooks and such

out_dir = 'out-shakespeare-char'
eval_interval = 250 # keep frequent because we'll overfit
eval_iters = 200
log_interval = 10 # don't print too too often

# we expect to overfit on this small dataset, so only save when val improves
always_save_checkpoint = False

wandb_log = False # override via command line if you like
wandb_project = 'shakespeare-char'
wandb_run_name = 'mini-gpt'

dataset = 'shakespeare_char'
gradient_accumulation_steps = 1
batch_size = 64
block_size = 256 # context of up to 256 previous characters

# baby GPT model :)
n_layer = 6
n_head = 6
n_embd = 384
dropout = 0.2

learning_rate = 1e-3 # with baby networks can afford to go a bit higher
max_iters = 5000
lr_decay_iters = 5000 # make equal to max_iters usually
min_lr = 1e-4 # learning_rate / 10 usually
beta2 = 0.99 # make a bit bigger because number of tokens per iter is small

warmup_iters = 100 # not super necessary potentially

# on macbook also add
# device = 'cpu'  # run on cpu only
# compile = False # do not torch compile the model

Overriding config with ../experiments/member3/configs/exp_023_bs128_nl4_nh8_ne128_bsz16_mi50_dr0.1.py:
# Experiment configuration
dataset = "shakespeare_char"
gradient_accumulation_steps = 1
learning_rate = 0.001
decay_lr = True
warmup_iters = 10
min_lr = 0.0001
eval_interval = 10
eval_iters = 20
log_interval = 1
always_save_checkpoint = False
device = "cpu"
compile = False
block_size = 128
n_layer = 4
n_head = 8
n_embd = 128
batch_size = 16
max_iters = 50
dropout = 0.1
lr_decay_iters = 50
out_dir = "experiments/member3/results/exp_023_bs128_nl4_nh8_ne128_bsz16_mi50_dr0.1"

tokens per iteration will be: 2,048
found vocab_size = 65 (inside data/shakespeare_char/meta.pkl)
Initializing a new model from scratch
number of parameters: 0.80M
num decayed parameter tensors: 18, with 811,136 parameters
num non-decayed parameter tensors: 9, with 1,152 parameters
using fused AdamW: False
step 0: train loss 4.1837, val loss 4.1801
iter 0: loss 4.1844, time 3151.91ms, mfu -100.00%
iter 1: loss 4.0611, time 330.47ms, mfu -100.00%
iter 2: loss 3.8820, time 322.09ms, mfu -100.00%
iter 3: loss 3.7270, time 351.02ms, mfu -100.00%
iter 4: loss 3.6932, time 366.29ms, mfu -100.00%
iter 5: loss 3.6399, time 302.98ms, mfu 0.01%
iter 6: loss 3.6116, time 307.39ms, mfu 0.01%
iter 7: loss 3.5529, time 306.66ms, mfu 0.01%
iter 8: loss 3.4910, time 333.11ms, mfu 0.01%
iter 9: loss 3.4545, time 313.59ms, mfu 0.01%
step 10: train loss 3.3803, val loss 3.3992
saving checkpoint to experiments/member3/results/exp_023_bs128_nl4_nh8_ne128_bsz16_mi50_dr0.1
iter 10: loss 3.4143, time 2795.33ms, mfu 0.01%
iter 11: loss 3.3170, time 327.47ms, mfu 0.01%
iter 12: loss 3.2234, time 304.18ms, mfu 0.01%
iter 13: loss 3.2047, time 319.25ms, mfu 0.01%
iter 14: loss 3.1500, time 308.41ms, mfu 0.01%
iter 15: loss 3.1787, time 302.46ms, mfu 0.01%
iter 16: loss 3.0952, time 308.93ms, mfu 0.01%
iter 17: loss 3.0777, time 310.10ms, mfu 0.01%
iter 18: loss 3.0504, time 345.49ms, mfu 0.01%
iter 19: loss 3.0212, time 337.93ms, mfu 0.01%
step 20: train loss 2.9354, val loss 2.9444
saving checkpoint to experiments/member3/results/exp_023_bs128_nl4_nh8_ne128_bsz16_mi50_dr0.1
iter 20: loss 2.9963, time 2909.33ms, mfu 0.01%
iter 21: loss 2.8946, time 304.75ms, mfu 0.01%
iter 22: loss 2.8957, time 303.84ms, mfu 0.01%
iter 23: loss 2.9324, time 306.79ms, mfu 0.01%
iter 24: loss 2.9056, time 310.49ms, mfu 0.01%
iter 25: loss 2.8578, time 302.66ms, mfu 0.01%
iter 26: loss 2.8323, time 317.70ms, mfu 0.01%
iter 27: loss 2.7935, time 323.04ms, mfu 0.01%
iter 28: loss 2.8128, time 314.46ms, mfu 0.01%
iter 29: loss 2.8166, time 319.86ms, mfu 0.01%
step 30: train loss 2.7790, val loss 2.7903
saving checkpoint to experiments/member3/results/exp_023_bs128_nl4_nh8_ne128_bsz16_mi50_dr0.1
iter 30: loss 2.7593, time 2797.28ms, mfu 0.01%
iter 31: loss 2.8061, time 306.23ms, mfu 0.01%
iter 32: loss 2.8376, time 307.07ms, mfu 0.01%
iter 33: loss 2.7942, time 310.36ms, mfu 0.01%
iter 34: loss 2.7621, time 319.04ms, mfu 0.01%
iter 35: loss 2.7709, time 304.60ms, mfu 0.01%
iter 36: loss 2.7795, time 325.25ms, mfu 0.01%
iter 37: loss 2.7697, time 324.51ms, mfu 0.01%
iter 38: loss 2.7372, time 329.31ms, mfu 0.01%
iter 39: loss 2.7402, time 303.33ms, mfu 0.01%
step 40: train loss 2.7241, val loss 2.7230
saving checkpoint to experiments/member3/results/exp_023_bs128_nl4_nh8_ne128_bsz16_mi50_dr0.1
iter 40: loss 2.8396, time 2900.71ms, mfu 0.01%
iter 41: loss 2.7154, time 316.57ms, mfu 0.01%
iter 42: loss 2.6725, time 317.05ms, mfu 0.01%
iter 43: loss 2.7447, time 310.43ms, mfu 0.01%
iter 44: loss 2.7138, time 301.90ms, mfu 0.01%
iter 45: loss 2.7062, time 308.52ms, mfu 0.01%
iter 46: loss 2.7320, time 326.67ms, mfu 0.01%
iter 47: loss 2.7264, time 344.39ms, mfu 0.01%
iter 48: loss 2.7233, time 301.23ms, mfu 0.01%
iter 49: loss 2.7337, time 311.45ms, mfu 0.01%
step 50: train loss 2.6969, val loss 2.7075
saving checkpoint to experiments/member3/results/exp_023_bs128_nl4_nh8_ne128_bsz16_mi50_dr0.1
iter 50: loss 2.6761, time 2887.53ms, mfu 0.01%

============================================================
Completed: Tue Oct 28 18:46:31 2025
Duration: 34.47 seconds
