Experiment: exp_003_bs128_nl4_nh4_ne128_bsz8_mi50_dr0.1
Config: experiments/member3/configs/exp_003_bs128_nl4_nh4_ne128_bsz8_mi50_dr0.1.py
Started: Tue Oct 28 18:35:51 2025
============================================================

/workspaces/group-assignment/nanoGPT/train.py:196: FutureWarning: `torch.cuda.amp.GradScaler(args...)` is deprecated. Please use `torch.amp.GradScaler('cuda', args...)` instead.
  scaler = torch.cuda.amp.GradScaler(enabled=(dtype == 'float16'))
/home/codespace/.local/lib/python3.12/site-packages/torch/amp/grad_scaler.py:136: UserWarning: torch.cuda.amp.GradScaler is enabled, but CUDA is not available.  Disabling.
  warnings.warn(
Overriding config with config/train_shakespeare_char.py:
# train a miniature character-level shakespeare model
# good for debugging and playing on macbooks and such

out_dir = 'out-shakespeare-char'
eval_interval = 250 # keep frequent because we'll overfit
eval_iters = 200
log_interval = 10 # don't print too too often

# we expect to overfit on this small dataset, so only save when val improves
always_save_checkpoint = False

wandb_log = False # override via command line if you like
wandb_project = 'shakespeare-char'
wandb_run_name = 'mini-gpt'

dataset = 'shakespeare_char'
gradient_accumulation_steps = 1
batch_size = 64
block_size = 256 # context of up to 256 previous characters

# baby GPT model :)
n_layer = 6
n_head = 6
n_embd = 384
dropout = 0.2

learning_rate = 1e-3 # with baby networks can afford to go a bit higher
max_iters = 5000
lr_decay_iters = 5000 # make equal to max_iters usually
min_lr = 1e-4 # learning_rate / 10 usually
beta2 = 0.99 # make a bit bigger because number of tokens per iter is small

warmup_iters = 100 # not super necessary potentially

# on macbook also add
# device = 'cpu'  # run on cpu only
# compile = False # do not torch compile the model

Overriding config with ../experiments/member3/configs/exp_003_bs128_nl4_nh4_ne128_bsz8_mi50_dr0.1.py:
# Experiment configuration
dataset = "shakespeare_char"
gradient_accumulation_steps = 1
learning_rate = 0.001
decay_lr = True
warmup_iters = 10
min_lr = 0.0001
eval_interval = 10
eval_iters = 20
log_interval = 1
always_save_checkpoint = False
device = "cpu"
compile = False
block_size = 128
n_layer = 4
n_head = 4
n_embd = 128
batch_size = 8
max_iters = 50
dropout = 0.1
lr_decay_iters = 50
out_dir = "experiments/member3/results/exp_003_bs128_nl4_nh4_ne128_bsz8_mi50_dr0.1"

tokens per iteration will be: 1,024
found vocab_size = 65 (inside data/shakespeare_char/meta.pkl)
Initializing a new model from scratch
number of parameters: 0.80M
num decayed parameter tensors: 18, with 811,136 parameters
num non-decayed parameter tensors: 9, with 1,152 parameters
using fused AdamW: False
step 0: train loss 4.1826, val loss 4.1812
iter 0: loss 4.1881, time 1592.42ms, mfu -100.00%
iter 1: loss 4.0746, time 133.42ms, mfu -100.00%
iter 2: loss 3.9040, time 130.33ms, mfu -100.00%
iter 3: loss 3.7514, time 138.47ms, mfu -100.00%
iter 4: loss 3.6920, time 128.03ms, mfu -100.00%
iter 5: loss 3.7114, time 125.01ms, mfu 0.01%
iter 6: loss 3.6679, time 126.47ms, mfu 0.01%
iter 7: loss 3.5874, time 124.62ms, mfu 0.01%
iter 8: loss 3.4726, time 130.90ms, mfu 0.01%
iter 9: loss 3.4611, time 125.57ms, mfu 0.01%
step 10: train loss 3.3827, val loss 3.3914
saving checkpoint to experiments/member3/results/exp_003_bs128_nl4_nh4_ne128_bsz8_mi50_dr0.1
iter 10: loss 3.3505, time 1325.46ms, mfu 0.01%
iter 11: loss 3.3514, time 138.63ms, mfu 0.01%
iter 12: loss 3.2357, time 127.90ms, mfu 0.01%
iter 13: loss 3.1612, time 148.33ms, mfu 0.01%
iter 14: loss 3.1786, time 133.22ms, mfu 0.01%
iter 15: loss 3.1339, time 133.35ms, mfu 0.01%
iter 16: loss 3.0990, time 153.51ms, mfu 0.01%
iter 17: loss 3.0812, time 206.99ms, mfu 0.01%
iter 18: loss 3.0330, time 128.72ms, mfu 0.01%
iter 19: loss 2.9700, time 124.62ms, mfu 0.01%
step 20: train loss 2.9286, val loss 2.9617
saving checkpoint to experiments/member3/results/exp_003_bs128_nl4_nh4_ne128_bsz8_mi50_dr0.1
iter 20: loss 2.9756, time 1314.33ms, mfu 0.01%
iter 21: loss 2.9311, time 124.68ms, mfu 0.01%
iter 22: loss 2.9814, time 124.52ms, mfu 0.01%
iter 23: loss 2.9068, time 154.66ms, mfu 0.01%
iter 24: loss 2.9632, time 128.70ms, mfu 0.01%
iter 25: loss 2.8357, time 124.22ms, mfu 0.01%
iter 26: loss 2.8953, time 124.92ms, mfu 0.01%
iter 27: loss 2.7472, time 128.91ms, mfu 0.01%
iter 28: loss 2.8039, time 124.64ms, mfu 0.01%
iter 29: loss 2.8449, time 124.61ms, mfu 0.01%
step 30: train loss 2.7940, val loss 2.7991
saving checkpoint to experiments/member3/results/exp_003_bs128_nl4_nh4_ne128_bsz8_mi50_dr0.1
iter 30: loss 2.8342, time 1325.59ms, mfu 0.01%
iter 31: loss 2.7851, time 128.91ms, mfu 0.01%
iter 32: loss 2.7498, time 126.11ms, mfu 0.01%
iter 33: loss 2.8204, time 123.82ms, mfu 0.01%
iter 34: loss 2.8454, time 125.71ms, mfu 0.01%
iter 35: loss 2.7525, time 123.74ms, mfu 0.01%
iter 36: loss 2.7554, time 143.25ms, mfu 0.01%
iter 37: loss 2.8110, time 124.45ms, mfu 0.01%
iter 38: loss 2.8248, time 170.77ms, mfu 0.01%
iter 39: loss 2.7287, time 134.28ms, mfu 0.01%
step 40: train loss 2.7369, val loss 2.7602
saving checkpoint to experiments/member3/results/exp_003_bs128_nl4_nh4_ne128_bsz8_mi50_dr0.1
iter 40: loss 2.7262, time 1291.18ms, mfu 0.01%
iter 41: loss 2.8201, time 127.39ms, mfu 0.01%
iter 42: loss 2.7231, time 127.81ms, mfu 0.01%
iter 43: loss 2.7231, time 123.54ms, mfu 0.01%
iter 44: loss 2.8048, time 128.84ms, mfu 0.01%
iter 45: loss 2.7529, time 140.62ms, mfu 0.01%
iter 46: loss 2.6651, time 125.47ms, mfu 0.01%
iter 47: loss 2.7387, time 126.46ms, mfu 0.01%
iter 48: loss 2.7470, time 136.02ms, mfu 0.01%
iter 49: loss 2.7387, time 155.89ms, mfu 0.01%
step 50: train loss 2.7405, val loss 2.7207
saving checkpoint to experiments/member3/results/exp_003_bs128_nl4_nh4_ne128_bsz8_mi50_dr0.1
iter 50: loss 2.7607, time 1324.99ms, mfu 0.01%

============================================================
Completed: Tue Oct 28 18:36:08 2025
Duration: 17.06 seconds
