Experiment: exp_010_bs128_nl4_nh4_ne256_bsz8_mi25_dr0.2
Config: experiments/member3/configs/exp_010_bs128_nl4_nh4_ne256_bsz8_mi25_dr0.2.py
Started: Tue Oct 28 18:38:23 2025
============================================================

/workspaces/group-assignment/nanoGPT/train.py:196: FutureWarning: `torch.cuda.amp.GradScaler(args...)` is deprecated. Please use `torch.amp.GradScaler('cuda', args...)` instead.
  scaler = torch.cuda.amp.GradScaler(enabled=(dtype == 'float16'))
/home/codespace/.local/lib/python3.12/site-packages/torch/amp/grad_scaler.py:136: UserWarning: torch.cuda.amp.GradScaler is enabled, but CUDA is not available.  Disabling.
  warnings.warn(
Overriding config with config/train_shakespeare_char.py:
# train a miniature character-level shakespeare model
# good for debugging and playing on macbooks and such

out_dir = 'out-shakespeare-char'
eval_interval = 250 # keep frequent because we'll overfit
eval_iters = 200
log_interval = 10 # don't print too too often

# we expect to overfit on this small dataset, so only save when val improves
always_save_checkpoint = False

wandb_log = False # override via command line if you like
wandb_project = 'shakespeare-char'
wandb_run_name = 'mini-gpt'

dataset = 'shakespeare_char'
gradient_accumulation_steps = 1
batch_size = 64
block_size = 256 # context of up to 256 previous characters

# baby GPT model :)
n_layer = 6
n_head = 6
n_embd = 384
dropout = 0.2

learning_rate = 1e-3 # with baby networks can afford to go a bit higher
max_iters = 5000
lr_decay_iters = 5000 # make equal to max_iters usually
min_lr = 1e-4 # learning_rate / 10 usually
beta2 = 0.99 # make a bit bigger because number of tokens per iter is small

warmup_iters = 100 # not super necessary potentially

# on macbook also add
# device = 'cpu'  # run on cpu only
# compile = False # do not torch compile the model

Overriding config with ../experiments/member3/configs/exp_010_bs128_nl4_nh4_ne256_bsz8_mi25_dr0.2.py:
# Experiment configuration
dataset = "shakespeare_char"
gradient_accumulation_steps = 1
learning_rate = 0.001
decay_lr = True
warmup_iters = 10
min_lr = 0.0001
eval_interval = 10
eval_iters = 20
log_interval = 1
always_save_checkpoint = False
device = "cpu"
compile = False
block_size = 128
n_layer = 4
n_head = 4
n_embd = 256
batch_size = 8
max_iters = 25
dropout = 0.2
lr_decay_iters = 25
out_dir = "experiments/member3/results/exp_010_bs128_nl4_nh4_ne256_bsz8_mi25_dr0.2"

tokens per iteration will be: 1,024
found vocab_size = 65 (inside data/shakespeare_char/meta.pkl)
Initializing a new model from scratch
number of parameters: 3.16M
num decayed parameter tensors: 18, with 3,195,136 parameters
num non-decayed parameter tensors: 9, with 2,304 parameters
using fused AdamW: False
step 0: train loss 4.1833, val loss 4.1739
iter 0: loss 4.1993, time 4301.49ms, mfu -100.00%
iter 1: loss 3.8657, time 368.38ms, mfu -100.00%
iter 2: loss 3.5755, time 326.42ms, mfu -100.00%
iter 3: loss 3.4920, time 325.11ms, mfu -100.00%
iter 4: loss 3.4332, time 327.77ms, mfu -100.00%
iter 5: loss 3.3229, time 336.45ms, mfu 0.02%
iter 6: loss 3.3267, time 398.89ms, mfu 0.02%
iter 7: loss 4.2287, time 366.32ms, mfu 0.02%
iter 8: loss 3.2560, time 343.10ms, mfu 0.02%
iter 9: loss 3.1122, time 326.97ms, mfu 0.02%
step 10: train loss 3.0295, val loss 3.0332
saving checkpoint to experiments/member3/results/exp_010_bs128_nl4_nh4_ne256_bsz8_mi25_dr0.2
iter 10: loss 3.1009, time 3903.49ms, mfu 0.02%
iter 11: loss 2.8889, time 327.47ms, mfu 0.02%
iter 12: loss 2.9971, time 344.41ms, mfu 0.02%
iter 13: loss 2.8940, time 350.88ms, mfu 0.02%
iter 14: loss 2.9550, time 351.33ms, mfu 0.02%
iter 15: loss 2.9179, time 326.50ms, mfu 0.02%
iter 16: loss 2.9188, time 325.61ms, mfu 0.02%
iter 17: loss 2.7977, time 325.66ms, mfu 0.02%
iter 18: loss 2.8376, time 328.84ms, mfu 0.02%
iter 19: loss 2.8296, time 342.95ms, mfu 0.02%
step 20: train loss 2.7391, val loss 2.7339
saving checkpoint to experiments/member3/results/exp_010_bs128_nl4_nh4_ne256_bsz8_mi25_dr0.2
iter 20: loss 2.7867, time 4138.82ms, mfu 0.02%
iter 21: loss 2.7414, time 350.85ms, mfu 0.02%
iter 22: loss 2.7880, time 327.89ms, mfu 0.02%
iter 23: loss 2.7735, time 343.42ms, mfu 0.02%
iter 24: loss 2.8132, time 338.70ms, mfu 0.02%
iter 25: loss 2.7466, time 328.70ms, mfu 0.02%

============================================================
Completed: Tue Oct 28 18:38:46 2025
Duration: 23.15 seconds
