Experiment: exp_006_bs128_nl4_nh4_ne128_bsz16_mi25_dr0.2
Config: experiments/member3/configs/exp_006_bs128_nl4_nh4_ne128_bsz16_mi25_dr0.2.py
Started: Tue Oct 28 18:36:43 2025
============================================================

/workspaces/group-assignment/nanoGPT/train.py:196: FutureWarning: `torch.cuda.amp.GradScaler(args...)` is deprecated. Please use `torch.amp.GradScaler('cuda', args...)` instead.
  scaler = torch.cuda.amp.GradScaler(enabled=(dtype == 'float16'))
/home/codespace/.local/lib/python3.12/site-packages/torch/amp/grad_scaler.py:136: UserWarning: torch.cuda.amp.GradScaler is enabled, but CUDA is not available.  Disabling.
  warnings.warn(
Overriding config with config/train_shakespeare_char.py:
# train a miniature character-level shakespeare model
# good for debugging and playing on macbooks and such

out_dir = 'out-shakespeare-char'
eval_interval = 250 # keep frequent because we'll overfit
eval_iters = 200
log_interval = 10 # don't print too too often

# we expect to overfit on this small dataset, so only save when val improves
always_save_checkpoint = False

wandb_log = False # override via command line if you like
wandb_project = 'shakespeare-char'
wandb_run_name = 'mini-gpt'

dataset = 'shakespeare_char'
gradient_accumulation_steps = 1
batch_size = 64
block_size = 256 # context of up to 256 previous characters

# baby GPT model :)
n_layer = 6
n_head = 6
n_embd = 384
dropout = 0.2

learning_rate = 1e-3 # with baby networks can afford to go a bit higher
max_iters = 5000
lr_decay_iters = 5000 # make equal to max_iters usually
min_lr = 1e-4 # learning_rate / 10 usually
beta2 = 0.99 # make a bit bigger because number of tokens per iter is small

warmup_iters = 100 # not super necessary potentially

# on macbook also add
# device = 'cpu'  # run on cpu only
# compile = False # do not torch compile the model

Overriding config with ../experiments/member3/configs/exp_006_bs128_nl4_nh4_ne128_bsz16_mi25_dr0.2.py:
# Experiment configuration
dataset = "shakespeare_char"
gradient_accumulation_steps = 1
learning_rate = 0.001
decay_lr = True
warmup_iters = 10
min_lr = 0.0001
eval_interval = 10
eval_iters = 20
log_interval = 1
always_save_checkpoint = False
device = "cpu"
compile = False
block_size = 128
n_layer = 4
n_head = 4
n_embd = 128
batch_size = 16
max_iters = 25
dropout = 0.2
lr_decay_iters = 25
out_dir = "experiments/member3/results/exp_006_bs128_nl4_nh4_ne128_bsz16_mi25_dr0.2"

tokens per iteration will be: 2,048
found vocab_size = 65 (inside data/shakespeare_char/meta.pkl)
Initializing a new model from scratch
number of parameters: 0.80M
num decayed parameter tensors: 18, with 811,136 parameters
num non-decayed parameter tensors: 9, with 1,152 parameters
using fused AdamW: False
step 0: train loss 4.1836, val loss 4.1800
iter 0: loss 4.1873, time 2920.52ms, mfu -100.00%
iter 1: loss 4.0902, time 287.95ms, mfu -100.00%
iter 2: loss 3.8977, time 283.67ms, mfu -100.00%
iter 3: loss 3.7878, time 255.11ms, mfu -100.00%
iter 4: loss 3.7335, time 252.89ms, mfu -100.00%
iter 5: loss 3.6477, time 281.03ms, mfu 0.01%
iter 6: loss 3.6022, time 269.23ms, mfu 0.01%
iter 7: loss 3.5825, time 319.31ms, mfu 0.01%
iter 8: loss 3.5463, time 256.64ms, mfu 0.01%
iter 9: loss 3.5045, time 257.15ms, mfu 0.01%
step 10: train loss 3.3891, val loss 3.4338
saving checkpoint to experiments/member3/results/exp_006_bs128_nl4_nh4_ne128_bsz16_mi25_dr0.2
iter 10: loss 3.4185, time 2522.96ms, mfu 0.01%
iter 11: loss 3.3785, time 285.83ms, mfu 0.01%
iter 12: loss 3.2453, time 295.39ms, mfu 0.01%
iter 13: loss 3.2373, time 263.88ms, mfu 0.01%
iter 14: loss 3.2262, time 250.39ms, mfu 0.01%
iter 15: loss 3.1752, time 252.64ms, mfu 0.01%
iter 16: loss 3.1381, time 266.64ms, mfu 0.01%
iter 17: loss 3.1385, time 252.54ms, mfu 0.01%
iter 18: loss 3.0827, time 250.33ms, mfu 0.01%
iter 19: loss 3.1150, time 329.92ms, mfu 0.01%
step 20: train loss 3.0074, val loss 3.0171
saving checkpoint to experiments/member3/results/exp_006_bs128_nl4_nh4_ne128_bsz16_mi25_dr0.2
iter 20: loss 2.9899, time 2551.35ms, mfu 0.01%
iter 21: loss 2.9983, time 255.20ms, mfu 0.01%
iter 22: loss 3.0037, time 301.51ms, mfu 0.01%
iter 23: loss 2.9763, time 278.66ms, mfu 0.01%
iter 24: loss 2.9981, time 274.53ms, mfu 0.01%
iter 25: loss 2.9724, time 251.42ms, mfu 0.01%

============================================================
Completed: Tue Oct 28 18:37:00 2025
Duration: 17.06 seconds
