Experiment: exp_012_bs128_nl4_nh4_ne256_bsz8_mi50_dr0.2
Config: experiments/member3/configs/exp_012_bs128_nl4_nh4_ne256_bsz8_mi50_dr0.2.py
Started: Tue Oct 28 18:39:29 2025
============================================================

/workspaces/group-assignment/nanoGPT/train.py:196: FutureWarning: `torch.cuda.amp.GradScaler(args...)` is deprecated. Please use `torch.amp.GradScaler('cuda', args...)` instead.
  scaler = torch.cuda.amp.GradScaler(enabled=(dtype == 'float16'))
/home/codespace/.local/lib/python3.12/site-packages/torch/amp/grad_scaler.py:136: UserWarning: torch.cuda.amp.GradScaler is enabled, but CUDA is not available.  Disabling.
  warnings.warn(
Overriding config with config/train_shakespeare_char.py:
# train a miniature character-level shakespeare model
# good for debugging and playing on macbooks and such

out_dir = 'out-shakespeare-char'
eval_interval = 250 # keep frequent because we'll overfit
eval_iters = 200
log_interval = 10 # don't print too too often

# we expect to overfit on this small dataset, so only save when val improves
always_save_checkpoint = False

wandb_log = False # override via command line if you like
wandb_project = 'shakespeare-char'
wandb_run_name = 'mini-gpt'

dataset = 'shakespeare_char'
gradient_accumulation_steps = 1
batch_size = 64
block_size = 256 # context of up to 256 previous characters

# baby GPT model :)
n_layer = 6
n_head = 6
n_embd = 384
dropout = 0.2

learning_rate = 1e-3 # with baby networks can afford to go a bit higher
max_iters = 5000
lr_decay_iters = 5000 # make equal to max_iters usually
min_lr = 1e-4 # learning_rate / 10 usually
beta2 = 0.99 # make a bit bigger because number of tokens per iter is small

warmup_iters = 100 # not super necessary potentially

# on macbook also add
# device = 'cpu'  # run on cpu only
# compile = False # do not torch compile the model

Overriding config with ../experiments/member3/configs/exp_012_bs128_nl4_nh4_ne256_bsz8_mi50_dr0.2.py:
# Experiment configuration
dataset = "shakespeare_char"
gradient_accumulation_steps = 1
learning_rate = 0.001
decay_lr = True
warmup_iters = 10
min_lr = 0.0001
eval_interval = 10
eval_iters = 20
log_interval = 1
always_save_checkpoint = False
device = "cpu"
compile = False
block_size = 128
n_layer = 4
n_head = 4
n_embd = 256
batch_size = 8
max_iters = 50
dropout = 0.2
lr_decay_iters = 50
out_dir = "experiments/member3/results/exp_012_bs128_nl4_nh4_ne256_bsz8_mi50_dr0.2"

tokens per iteration will be: 1,024
found vocab_size = 65 (inside data/shakespeare_char/meta.pkl)
Initializing a new model from scratch
number of parameters: 3.16M
num decayed parameter tensors: 18, with 3,195,136 parameters
num non-decayed parameter tensors: 9, with 2,304 parameters
using fused AdamW: False
step 0: train loss 4.1833, val loss 4.1739
iter 0: loss 4.1993, time 4332.77ms, mfu -100.00%
iter 1: loss 3.8657, time 376.17ms, mfu -100.00%
iter 2: loss 3.5755, time 343.26ms, mfu -100.00%
iter 3: loss 3.4920, time 342.28ms, mfu -100.00%
iter 4: loss 3.4332, time 327.75ms, mfu -100.00%
iter 5: loss 3.3229, time 329.21ms, mfu 0.02%
iter 6: loss 3.3267, time 329.97ms, mfu 0.02%
iter 7: loss 4.2287, time 336.53ms, mfu 0.02%
iter 8: loss 3.2560, time 324.85ms, mfu 0.02%
iter 9: loss 3.1122, time 378.68ms, mfu 0.02%
step 10: train loss 3.0295, val loss 3.0332
saving checkpoint to experiments/member3/results/exp_012_bs128_nl4_nh4_ne256_bsz8_mi50_dr0.2
iter 10: loss 3.1009, time 3924.68ms, mfu 0.02%
iter 11: loss 2.8889, time 325.64ms, mfu 0.02%
iter 12: loss 2.9977, time 325.89ms, mfu 0.02%
iter 13: loss 2.8953, time 333.63ms, mfu 0.02%
iter 14: loss 2.9547, time 447.68ms, mfu 0.02%
iter 15: loss 2.9237, time 345.00ms, mfu 0.02%
iter 16: loss 2.9150, time 330.24ms, mfu 0.02%
iter 17: loss 2.8054, time 328.75ms, mfu 0.02%
iter 18: loss 2.8330, time 326.55ms, mfu 0.02%
iter 19: loss 2.8177, time 331.73ms, mfu 0.02%
step 20: train loss 2.7241, val loss 2.7163
saving checkpoint to experiments/member3/results/exp_012_bs128_nl4_nh4_ne256_bsz8_mi50_dr0.2
iter 20: loss 2.7794, time 4003.91ms, mfu 0.02%
iter 21: loss 2.7248, time 341.28ms, mfu 0.02%
iter 22: loss 2.7632, time 338.07ms, mfu 0.02%
iter 23: loss 2.7505, time 332.39ms, mfu 0.02%
iter 24: loss 2.7919, time 326.22ms, mfu 0.02%
iter 25: loss 2.6883, time 356.21ms, mfu 0.02%
iter 26: loss 2.6950, time 384.14ms, mfu 0.02%
iter 27: loss 2.6970, time 357.18ms, mfu 0.02%
iter 28: loss 2.6291, time 328.52ms, mfu 0.02%
iter 29: loss 2.6859, time 329.45ms, mfu 0.02%
step 30: train loss 2.6500, val loss 2.6300
saving checkpoint to experiments/member3/results/exp_012_bs128_nl4_nh4_ne256_bsz8_mi50_dr0.2
iter 30: loss 2.7063, time 4157.33ms, mfu 0.02%
iter 31: loss 2.6576, time 327.82ms, mfu 0.02%
iter 32: loss 2.6488, time 333.20ms, mfu 0.02%
iter 33: loss 2.7451, time 326.82ms, mfu 0.02%
iter 34: loss 2.6099, time 325.33ms, mfu 0.02%
iter 35: loss 2.6727, time 347.67ms, mfu 0.02%
iter 36: loss 2.5642, time 324.58ms, mfu 0.02%
iter 37: loss 2.6625, time 326.32ms, mfu 0.02%
iter 38: loss 2.6453, time 326.80ms, mfu 0.02%
iter 39: loss 2.6606, time 328.02ms, mfu 0.02%
step 40: train loss 2.6145, val loss 2.6072
saving checkpoint to experiments/member3/results/exp_012_bs128_nl4_nh4_ne256_bsz8_mi50_dr0.2
iter 40: loss 2.6102, time 4007.92ms, mfu 0.02%
iter 41: loss 2.6006, time 339.05ms, mfu 0.02%
iter 42: loss 2.6381, time 385.63ms, mfu 0.02%
iter 43: loss 2.5794, time 329.23ms, mfu 0.02%
iter 44: loss 2.6323, time 324.34ms, mfu 0.02%
iter 45: loss 2.6582, time 327.26ms, mfu 0.02%
iter 46: loss 2.5416, time 342.91ms, mfu 0.02%
iter 47: loss 2.6336, time 355.66ms, mfu 0.02%
iter 48: loss 2.6148, time 403.91ms, mfu 0.02%
iter 49: loss 2.5881, time 383.77ms, mfu 0.02%
step 50: train loss 2.6095, val loss 2.6016
saving checkpoint to experiments/member3/results/exp_012_bs128_nl4_nh4_ne256_bsz8_mi50_dr0.2
iter 50: loss 2.6640, time 3933.12ms, mfu 0.02%

============================================================
Completed: Tue Oct 28 18:40:12 2025
Duration: 42.85 seconds
