Experiment: exp_004_bs128_nl4_nh4_ne128_bsz8_mi50_dr0.2
Config: experiments/member3/configs/exp_004_bs128_nl4_nh4_ne128_bsz8_mi50_dr0.2.py
Started: Tue Oct 28 18:36:08 2025
============================================================

/workspaces/group-assignment/nanoGPT/train.py:196: FutureWarning: `torch.cuda.amp.GradScaler(args...)` is deprecated. Please use `torch.amp.GradScaler('cuda', args...)` instead.
  scaler = torch.cuda.amp.GradScaler(enabled=(dtype == 'float16'))
/home/codespace/.local/lib/python3.12/site-packages/torch/amp/grad_scaler.py:136: UserWarning: torch.cuda.amp.GradScaler is enabled, but CUDA is not available.  Disabling.
  warnings.warn(
Overriding config with config/train_shakespeare_char.py:
# train a miniature character-level shakespeare model
# good for debugging and playing on macbooks and such

out_dir = 'out-shakespeare-char'
eval_interval = 250 # keep frequent because we'll overfit
eval_iters = 200
log_interval = 10 # don't print too too often

# we expect to overfit on this small dataset, so only save when val improves
always_save_checkpoint = False

wandb_log = False # override via command line if you like
wandb_project = 'shakespeare-char'
wandb_run_name = 'mini-gpt'

dataset = 'shakespeare_char'
gradient_accumulation_steps = 1
batch_size = 64
block_size = 256 # context of up to 256 previous characters

# baby GPT model :)
n_layer = 6
n_head = 6
n_embd = 384
dropout = 0.2

learning_rate = 1e-3 # with baby networks can afford to go a bit higher
max_iters = 5000
lr_decay_iters = 5000 # make equal to max_iters usually
min_lr = 1e-4 # learning_rate / 10 usually
beta2 = 0.99 # make a bit bigger because number of tokens per iter is small

warmup_iters = 100 # not super necessary potentially

# on macbook also add
# device = 'cpu'  # run on cpu only
# compile = False # do not torch compile the model

Overriding config with ../experiments/member3/configs/exp_004_bs128_nl4_nh4_ne128_bsz8_mi50_dr0.2.py:
# Experiment configuration
dataset = "shakespeare_char"
gradient_accumulation_steps = 1
learning_rate = 0.001
decay_lr = True
warmup_iters = 10
min_lr = 0.0001
eval_interval = 10
eval_iters = 20
log_interval = 1
always_save_checkpoint = False
device = "cpu"
compile = False
block_size = 128
n_layer = 4
n_head = 4
n_embd = 128
batch_size = 8
max_iters = 50
dropout = 0.2
lr_decay_iters = 50
out_dir = "experiments/member3/results/exp_004_bs128_nl4_nh4_ne128_bsz8_mi50_dr0.2"

tokens per iteration will be: 1,024
found vocab_size = 65 (inside data/shakespeare_char/meta.pkl)
Initializing a new model from scratch
number of parameters: 0.80M
num decayed parameter tensors: 18, with 811,136 parameters
num non-decayed parameter tensors: 9, with 1,152 parameters
using fused AdamW: False
step 0: train loss 4.1826, val loss 4.1812
iter 0: loss 4.1921, time 1628.29ms, mfu -100.00%
iter 1: loss 4.0908, time 138.52ms, mfu -100.00%
iter 2: loss 3.9325, time 137.07ms, mfu -100.00%
iter 3: loss 3.7769, time 146.16ms, mfu -100.00%
iter 4: loss 3.7074, time 140.13ms, mfu -100.00%
iter 5: loss 3.7231, time 133.44ms, mfu 0.01%
iter 6: loss 3.6799, time 131.52ms, mfu 0.01%
iter 7: loss 3.6001, time 133.01ms, mfu 0.01%
iter 8: loss 3.4911, time 129.89ms, mfu 0.01%
iter 9: loss 3.4985, time 132.04ms, mfu 0.01%
step 10: train loss 3.4355, val loss 3.4623
saving checkpoint to experiments/member3/results/exp_004_bs128_nl4_nh4_ne128_bsz8_mi50_dr0.2
iter 10: loss 3.4035, time 1348.43ms, mfu 0.01%
iter 11: loss 3.4014, time 149.17ms, mfu 0.01%
iter 12: loss 3.7320, time 132.41ms, mfu 0.01%
iter 13: loss 3.2722, time 130.51ms, mfu 0.01%
iter 14: loss 3.2669, time 130.03ms, mfu 0.01%
iter 15: loss 3.2135, time 130.09ms, mfu 0.01%
iter 16: loss 3.1894, time 133.77ms, mfu 0.01%
iter 17: loss 3.1395, time 132.14ms, mfu 0.01%
iter 18: loss 3.1160, time 138.70ms, mfu 0.01%
iter 19: loss 3.0498, time 139.97ms, mfu 0.01%
step 20: train loss 2.9849, val loss 3.0204
saving checkpoint to experiments/member3/results/exp_004_bs128_nl4_nh4_ne128_bsz8_mi50_dr0.2
iter 20: loss 3.0496, time 1299.96ms, mfu 0.01%
iter 21: loss 3.0201, time 134.71ms, mfu 0.01%
iter 22: loss 3.0373, time 130.04ms, mfu 0.01%
iter 23: loss 2.9691, time 144.42ms, mfu 0.01%
iter 24: loss 3.0229, time 145.11ms, mfu 0.01%
iter 25: loss 2.9009, time 131.84ms, mfu 0.01%
iter 26: loss 2.9550, time 146.60ms, mfu 0.01%
iter 27: loss 2.8141, time 132.63ms, mfu 0.01%
iter 28: loss 2.8674, time 130.60ms, mfu 0.01%
iter 29: loss 2.9105, time 133.41ms, mfu 0.01%
step 30: train loss 2.8377, val loss 2.8444
saving checkpoint to experiments/member3/results/exp_004_bs128_nl4_nh4_ne128_bsz8_mi50_dr0.2
iter 30: loss 2.8910, time 1397.01ms, mfu 0.01%
iter 31: loss 2.8467, time 170.84ms, mfu 0.01%
iter 32: loss 2.8041, time 139.68ms, mfu 0.01%
iter 33: loss 2.8804, time 132.95ms, mfu 0.01%
iter 34: loss 2.9045, time 144.47ms, mfu 0.01%
iter 35: loss 2.8123, time 129.81ms, mfu 0.01%
iter 36: loss 2.8192, time 131.00ms, mfu 0.01%
iter 37: loss 2.8593, time 133.08ms, mfu 0.01%
iter 38: loss 2.8882, time 129.85ms, mfu 0.01%
iter 39: loss 2.7936, time 131.36ms, mfu 0.01%
step 40: train loss 2.7745, val loss 2.8029
saving checkpoint to experiments/member3/results/exp_004_bs128_nl4_nh4_ne128_bsz8_mi50_dr0.2
iter 40: loss 2.7766, time 1375.82ms, mfu 0.01%
iter 41: loss 2.8805, time 131.00ms, mfu 0.01%
iter 42: loss 2.7806, time 148.80ms, mfu 0.01%
iter 43: loss 2.7685, time 132.89ms, mfu 0.01%
iter 44: loss 2.8584, time 139.67ms, mfu 0.01%
iter 45: loss 2.7948, time 131.09ms, mfu 0.01%
iter 46: loss 2.7126, time 131.12ms, mfu 0.01%
iter 47: loss 2.7913, time 132.18ms, mfu 0.01%
iter 48: loss 2.8036, time 130.92ms, mfu 0.01%
iter 49: loss 2.7758, time 130.48ms, mfu 0.01%
step 50: train loss 2.7760, val loss 2.7565
saving checkpoint to experiments/member3/results/exp_004_bs128_nl4_nh4_ne128_bsz8_mi50_dr0.2
iter 50: loss 2.8126, time 1329.37ms, mfu 0.01%

============================================================
Completed: Tue Oct 28 18:36:26 2025
Duration: 17.33 seconds
