Experiment: exp_032_bs128_nl4_nh8_ne256_bsz16_mi50_dr0.2
Config: experiments/member3/configs/exp_032_bs128_nl4_nh8_ne256_bsz16_mi50_dr0.2.py
Started: Tue Oct 28 18:52:16 2025
============================================================

/workspaces/group-assignment/nanoGPT/train.py:196: FutureWarning: `torch.cuda.amp.GradScaler(args...)` is deprecated. Please use `torch.amp.GradScaler('cuda', args...)` instead.
  scaler = torch.cuda.amp.GradScaler(enabled=(dtype == 'float16'))
/home/codespace/.local/lib/python3.12/site-packages/torch/amp/grad_scaler.py:136: UserWarning: torch.cuda.amp.GradScaler is enabled, but CUDA is not available.  Disabling.
  warnings.warn(
Overriding config with config/train_shakespeare_char.py:
# train a miniature character-level shakespeare model
# good for debugging and playing on macbooks and such

out_dir = 'out-shakespeare-char'
eval_interval = 250 # keep frequent because we'll overfit
eval_iters = 200
log_interval = 10 # don't print too too often

# we expect to overfit on this small dataset, so only save when val improves
always_save_checkpoint = False

wandb_log = False # override via command line if you like
wandb_project = 'shakespeare-char'
wandb_run_name = 'mini-gpt'

dataset = 'shakespeare_char'
gradient_accumulation_steps = 1
batch_size = 64
block_size = 256 # context of up to 256 previous characters

# baby GPT model :)
n_layer = 6
n_head = 6
n_embd = 384
dropout = 0.2

learning_rate = 1e-3 # with baby networks can afford to go a bit higher
max_iters = 5000
lr_decay_iters = 5000 # make equal to max_iters usually
min_lr = 1e-4 # learning_rate / 10 usually
beta2 = 0.99 # make a bit bigger because number of tokens per iter is small

warmup_iters = 100 # not super necessary potentially

# on macbook also add
# device = 'cpu'  # run on cpu only
# compile = False # do not torch compile the model

Overriding config with ../experiments/member3/configs/exp_032_bs128_nl4_nh8_ne256_bsz16_mi50_dr0.2.py:
# Experiment configuration
dataset = "shakespeare_char"
gradient_accumulation_steps = 1
learning_rate = 0.001
decay_lr = True
warmup_iters = 10
min_lr = 0.0001
eval_interval = 10
eval_iters = 20
log_interval = 1
always_save_checkpoint = False
device = "cpu"
compile = False
block_size = 128
n_layer = 4
n_head = 8
n_embd = 256
batch_size = 16
max_iters = 50
dropout = 0.2
lr_decay_iters = 50
out_dir = "experiments/member3/results/exp_032_bs128_nl4_nh8_ne256_bsz16_mi50_dr0.2"

tokens per iteration will be: 2,048
found vocab_size = 65 (inside data/shakespeare_char/meta.pkl)
Initializing a new model from scratch
number of parameters: 3.16M
num decayed parameter tensors: 18, with 3,195,136 parameters
num non-decayed parameter tensors: 9, with 2,304 parameters
using fused AdamW: False
step 0: train loss 4.1812, val loss 4.1782
iter 0: loss 4.2073, time 8637.02ms, mfu -100.00%
iter 1: loss 3.8395, time 752.51ms, mfu -100.00%
iter 2: loss 3.6124, time 761.57ms, mfu -100.00%
iter 3: loss 3.4937, time 705.40ms, mfu -100.00%
iter 4: loss 3.4222, time 720.35ms, mfu -100.00%
iter 5: loss 3.3799, time 752.23ms, mfu 0.02%
iter 6: loss 3.2186, time 706.06ms, mfu 0.02%
iter 7: loss 3.2014, time 787.84ms, mfu 0.02%
iter 8: loss 3.0791, time 718.17ms, mfu 0.02%
iter 9: loss 2.9719, time 739.99ms, mfu 0.02%
step 10: train loss 3.1521, val loss 3.1534
saving checkpoint to experiments/member3/results/exp_032_bs128_nl4_nh8_ne256_bsz16_mi50_dr0.2
iter 10: loss 3.1070, time 8065.50ms, mfu 0.02%
iter 11: loss 2.9219, time 805.20ms, mfu 0.02%
iter 12: loss 3.0274, time 709.13ms, mfu 0.02%
iter 13: loss 2.8728, time 743.63ms, mfu 0.02%
iter 14: loss 2.8148, time 717.64ms, mfu 0.02%
iter 15: loss 2.8057, time 721.40ms, mfu 0.02%
iter 16: loss 2.7857, time 710.69ms, mfu 0.02%
iter 17: loss 2.7830, time 757.54ms, mfu 0.02%
iter 18: loss 2.7990, time 714.35ms, mfu 0.02%
iter 19: loss 2.7524, time 710.77ms, mfu 0.02%
step 20: train loss 2.6784, val loss 2.7009
saving checkpoint to experiments/member3/results/exp_032_bs128_nl4_nh8_ne256_bsz16_mi50_dr0.2
iter 20: loss 2.6666, time 8147.36ms, mfu 0.02%
iter 21: loss 2.6906, time 771.81ms, mfu 0.02%
iter 22: loss 2.7492, time 755.85ms, mfu 0.02%
iter 23: loss 2.6704, time 721.35ms, mfu 0.02%
iter 24: loss 2.6005, time 745.47ms, mfu 0.02%
iter 25: loss 2.6873, time 709.95ms, mfu 0.02%
iter 26: loss 2.6804, time 723.26ms, mfu 0.02%
iter 27: loss 2.5869, time 701.92ms, mfu 0.02%
iter 28: loss 2.6591, time 715.04ms, mfu 0.02%
iter 29: loss 2.6046, time 796.54ms, mfu 0.02%
step 30: train loss 2.6012, val loss 2.6076
saving checkpoint to experiments/member3/results/exp_032_bs128_nl4_nh8_ne256_bsz16_mi50_dr0.2
iter 30: loss 2.5943, time 8130.60ms, mfu 0.02%
iter 31: loss 2.6376, time 706.77ms, mfu 0.02%
iter 32: loss 2.5943, time 859.15ms, mfu 0.02%
iter 33: loss 2.6238, time 725.84ms, mfu 0.02%
iter 34: loss 2.5611, time 770.52ms, mfu 0.02%
iter 35: loss 2.6888, time 720.77ms, mfu 0.02%
iter 36: loss 2.5911, time 719.65ms, mfu 0.02%
iter 37: loss 2.6325, time 705.68ms, mfu 0.02%
iter 38: loss 2.5615, time 708.38ms, mfu 0.02%
iter 39: loss 2.6366, time 715.23ms, mfu 0.02%
step 40: train loss 2.5848, val loss 2.5707
saving checkpoint to experiments/member3/results/exp_032_bs128_nl4_nh8_ne256_bsz16_mi50_dr0.2
iter 40: loss 2.5996, time 8204.95ms, mfu 0.02%
iter 41: loss 2.6043, time 742.40ms, mfu 0.02%
iter 42: loss 2.5532, time 745.81ms, mfu 0.02%
iter 43: loss 2.5764, time 750.45ms, mfu 0.02%
iter 44: loss 2.6061, time 715.61ms, mfu 0.02%
iter 45: loss 2.5490, time 746.53ms, mfu 0.02%
iter 46: loss 2.6372, time 721.80ms, mfu 0.02%
iter 47: loss 2.6581, time 753.13ms, mfu 0.02%
iter 48: loss 2.5979, time 719.00ms, mfu 0.02%
iter 49: loss 2.6167, time 716.93ms, mfu 0.02%
step 50: train loss 2.5687, val loss 2.5678
saving checkpoint to experiments/member3/results/exp_032_bs128_nl4_nh8_ne256_bsz16_mi50_dr0.2
iter 50: loss 2.5956, time 8142.53ms, mfu 0.02%

============================================================
Completed: Tue Oct 28 18:53:41 2025
Duration: 85.20 seconds
