Experiment: exp_018_bs128_nl4_nh8_ne128_bsz8_mi25_dr0.2
Config: experiments/member3/configs/exp_018_bs128_nl4_nh8_ne128_bsz8_mi25_dr0.2.py
Started: Tue Oct 28 18:44:28 2025
============================================================

/workspaces/group-assignment/nanoGPT/train.py:196: FutureWarning: `torch.cuda.amp.GradScaler(args...)` is deprecated. Please use `torch.amp.GradScaler('cuda', args...)` instead.
  scaler = torch.cuda.amp.GradScaler(enabled=(dtype == 'float16'))
/home/codespace/.local/lib/python3.12/site-packages/torch/amp/grad_scaler.py:136: UserWarning: torch.cuda.amp.GradScaler is enabled, but CUDA is not available.  Disabling.
  warnings.warn(
Overriding config with config/train_shakespeare_char.py:
# train a miniature character-level shakespeare model
# good for debugging and playing on macbooks and such

out_dir = 'out-shakespeare-char'
eval_interval = 250 # keep frequent because we'll overfit
eval_iters = 200
log_interval = 10 # don't print too too often

# we expect to overfit on this small dataset, so only save when val improves
always_save_checkpoint = False

wandb_log = False # override via command line if you like
wandb_project = 'shakespeare-char'
wandb_run_name = 'mini-gpt'

dataset = 'shakespeare_char'
gradient_accumulation_steps = 1
batch_size = 64
block_size = 256 # context of up to 256 previous characters

# baby GPT model :)
n_layer = 6
n_head = 6
n_embd = 384
dropout = 0.2

learning_rate = 1e-3 # with baby networks can afford to go a bit higher
max_iters = 5000
lr_decay_iters = 5000 # make equal to max_iters usually
min_lr = 1e-4 # learning_rate / 10 usually
beta2 = 0.99 # make a bit bigger because number of tokens per iter is small

warmup_iters = 100 # not super necessary potentially

# on macbook also add
# device = 'cpu'  # run on cpu only
# compile = False # do not torch compile the model

Overriding config with ../experiments/member3/configs/exp_018_bs128_nl4_nh8_ne128_bsz8_mi25_dr0.2.py:
# Experiment configuration
dataset = "shakespeare_char"
gradient_accumulation_steps = 1
learning_rate = 0.001
decay_lr = True
warmup_iters = 10
min_lr = 0.0001
eval_interval = 10
eval_iters = 20
log_interval = 1
always_save_checkpoint = False
device = "cpu"
compile = False
block_size = 128
n_layer = 4
n_head = 8
n_embd = 128
batch_size = 8
max_iters = 25
dropout = 0.2
lr_decay_iters = 25
out_dir = "experiments/member3/results/exp_018_bs128_nl4_nh8_ne128_bsz8_mi25_dr0.2"

tokens per iteration will be: 1,024
found vocab_size = 65 (inside data/shakespeare_char/meta.pkl)
Initializing a new model from scratch
number of parameters: 0.80M
num decayed parameter tensors: 18, with 811,136 parameters
num non-decayed parameter tensors: 9, with 1,152 parameters
using fused AdamW: False
step 0: train loss 4.1827, val loss 4.1813
iter 0: loss 4.1951, time 1831.22ms, mfu -100.00%
iter 1: loss 4.0877, time 177.01ms, mfu -100.00%
iter 2: loss 3.9063, time 165.65ms, mfu -100.00%
iter 3: loss 3.8035, time 163.55ms, mfu -100.00%
iter 4: loss 3.7052, time 161.87ms, mfu -100.00%
iter 5: loss 3.6869, time 163.03ms, mfu 0.01%
iter 6: loss 3.6224, time 162.93ms, mfu 0.01%
iter 7: loss 3.6435, time 164.77ms, mfu 0.01%
iter 8: loss 3.5532, time 164.19ms, mfu 0.01%
iter 9: loss 3.4854, time 164.77ms, mfu 0.01%
step 10: train loss 3.4315, val loss 3.4595
saving checkpoint to experiments/member3/results/exp_018_bs128_nl4_nh8_ne128_bsz8_mi25_dr0.2
iter 10: loss 3.4348, time 1432.10ms, mfu 0.01%
iter 11: loss 3.4068, time 167.65ms, mfu 0.01%
iter 12: loss 3.3320, time 163.12ms, mfu 0.01%
iter 13: loss 3.8306, time 162.34ms, mfu 0.01%
iter 14: loss 3.2918, time 162.88ms, mfu 0.01%
iter 15: loss 3.1936, time 162.79ms, mfu 0.01%
iter 16: loss 3.1391, time 178.19ms, mfu 0.01%
iter 17: loss 3.1274, time 185.65ms, mfu 0.01%
iter 18: loss 3.1108, time 182.40ms, mfu 0.01%
iter 19: loss 3.1000, time 170.25ms, mfu 0.01%
step 20: train loss 3.0586, val loss 3.0883
saving checkpoint to experiments/member3/results/exp_018_bs128_nl4_nh8_ne128_bsz8_mi25_dr0.2
iter 20: loss 3.0659, time 1439.03ms, mfu 0.01%
iter 21: loss 3.0848, time 164.51ms, mfu 0.01%
iter 22: loss 3.0804, time 165.27ms, mfu 0.01%
iter 23: loss 3.0912, time 163.89ms, mfu 0.01%
iter 24: loss 3.0163, time 165.17ms, mfu 0.01%
iter 25: loss 2.9748, time 166.99ms, mfu 0.01%

============================================================
Completed: Tue Oct 28 18:44:39 2025
Duration: 11.30 seconds
