Experiment: exp_014_bs128_nl4_nh4_ne256_bsz16_mi25_dr0.2
Config: experiments/member3/configs/exp_014_bs128_nl4_nh4_ne256_bsz16_mi25_dr0.2.py
Started: Tue Oct 28 18:40:53 2025
============================================================

/workspaces/group-assignment/nanoGPT/train.py:196: FutureWarning: `torch.cuda.amp.GradScaler(args...)` is deprecated. Please use `torch.amp.GradScaler('cuda', args...)` instead.
  scaler = torch.cuda.amp.GradScaler(enabled=(dtype == 'float16'))
/home/codespace/.local/lib/python3.12/site-packages/torch/amp/grad_scaler.py:136: UserWarning: torch.cuda.amp.GradScaler is enabled, but CUDA is not available.  Disabling.
  warnings.warn(
Overriding config with config/train_shakespeare_char.py:
# train a miniature character-level shakespeare model
# good for debugging and playing on macbooks and such

out_dir = 'out-shakespeare-char'
eval_interval = 250 # keep frequent because we'll overfit
eval_iters = 200
log_interval = 10 # don't print too too often

# we expect to overfit on this small dataset, so only save when val improves
always_save_checkpoint = False

wandb_log = False # override via command line if you like
wandb_project = 'shakespeare-char'
wandb_run_name = 'mini-gpt'

dataset = 'shakespeare_char'
gradient_accumulation_steps = 1
batch_size = 64
block_size = 256 # context of up to 256 previous characters

# baby GPT model :)
n_layer = 6
n_head = 6
n_embd = 384
dropout = 0.2

learning_rate = 1e-3 # with baby networks can afford to go a bit higher
max_iters = 5000
lr_decay_iters = 5000 # make equal to max_iters usually
min_lr = 1e-4 # learning_rate / 10 usually
beta2 = 0.99 # make a bit bigger because number of tokens per iter is small

warmup_iters = 100 # not super necessary potentially

# on macbook also add
# device = 'cpu'  # run on cpu only
# compile = False # do not torch compile the model

Overriding config with ../experiments/member3/configs/exp_014_bs128_nl4_nh4_ne256_bsz16_mi25_dr0.2.py:
# Experiment configuration
dataset = "shakespeare_char"
gradient_accumulation_steps = 1
learning_rate = 0.001
decay_lr = True
warmup_iters = 10
min_lr = 0.0001
eval_interval = 10
eval_iters = 20
log_interval = 1
always_save_checkpoint = False
device = "cpu"
compile = False
block_size = 128
n_layer = 4
n_head = 4
n_embd = 256
batch_size = 16
max_iters = 25
dropout = 0.2
lr_decay_iters = 25
out_dir = "experiments/member3/results/exp_014_bs128_nl4_nh4_ne256_bsz16_mi25_dr0.2"

tokens per iteration will be: 2,048
found vocab_size = 65 (inside data/shakespeare_char/meta.pkl)
Initializing a new model from scratch
number of parameters: 3.16M
num decayed parameter tensors: 18, with 3,195,136 parameters
num non-decayed parameter tensors: 9, with 2,304 parameters
using fused AdamW: False
step 0: train loss 4.1813, val loss 4.1784
iter 0: loss 4.2096, time 8319.30ms, mfu -100.00%
iter 1: loss 3.8638, time 665.28ms, mfu -100.00%
iter 2: loss 3.5918, time 637.22ms, mfu -100.00%
iter 3: loss 3.4793, time 701.92ms, mfu -100.00%
iter 4: loss 3.4377, time 682.14ms, mfu -100.00%
iter 5: loss 3.3910, time 677.69ms, mfu 0.02%
iter 6: loss 3.2551, time 661.16ms, mfu 0.02%
iter 7: loss 3.2019, time 643.92ms, mfu 0.02%
iter 8: loss 3.1550, time 631.54ms, mfu 0.02%
iter 9: loss 3.0675, time 631.86ms, mfu 0.02%
step 10: train loss 2.9604, val loss 2.9738
saving checkpoint to experiments/member3/results/exp_014_bs128_nl4_nh4_ne256_bsz16_mi25_dr0.2
iter 10: loss 2.9567, time 7908.93ms, mfu 0.02%
iter 11: loss 2.9048, time 660.39ms, mfu 0.02%
iter 12: loss 2.9101, time 647.95ms, mfu 0.02%
iter 13: loss 2.8487, time 644.96ms, mfu 0.02%
iter 14: loss 2.8389, time 648.46ms, mfu 0.02%
iter 15: loss 2.7902, time 636.67ms, mfu 0.02%
iter 16: loss 2.7579, time 641.57ms, mfu 0.02%
iter 17: loss 2.7140, time 644.50ms, mfu 0.02%
iter 18: loss 2.7236, time 690.11ms, mfu 0.02%
iter 19: loss 2.7186, time 661.94ms, mfu 0.02%
step 20: train loss 2.6927, val loss 2.6898
saving checkpoint to experiments/member3/results/exp_014_bs128_nl4_nh4_ne256_bsz16_mi25_dr0.2
iter 20: loss 2.7167, time 8031.13ms, mfu 0.02%
iter 21: loss 2.7063, time 647.03ms, mfu 0.02%
iter 22: loss 2.7263, time 666.32ms, mfu 0.02%
iter 23: loss 2.6076, time 701.54ms, mfu 0.02%
iter 24: loss 2.6456, time 695.27ms, mfu 0.02%
iter 25: loss 2.7371, time 661.80ms, mfu 0.02%

============================================================
Completed: Tue Oct 28 18:41:36 2025
Duration: 42.26 seconds
