Experiment: exp_008_bs128_nl4_nh4_ne128_bsz16_mi50_dr0.2
Config: experiments/member3/configs/exp_008_bs128_nl4_nh4_ne128_bsz16_mi50_dr0.2.py
Started: Tue Oct 28 18:37:30 2025
============================================================

/workspaces/group-assignment/nanoGPT/train.py:196: FutureWarning: `torch.cuda.amp.GradScaler(args...)` is deprecated. Please use `torch.amp.GradScaler('cuda', args...)` instead.
  scaler = torch.cuda.amp.GradScaler(enabled=(dtype == 'float16'))
/home/codespace/.local/lib/python3.12/site-packages/torch/amp/grad_scaler.py:136: UserWarning: torch.cuda.amp.GradScaler is enabled, but CUDA is not available.  Disabling.
  warnings.warn(
Overriding config with config/train_shakespeare_char.py:
# train a miniature character-level shakespeare model
# good for debugging and playing on macbooks and such

out_dir = 'out-shakespeare-char'
eval_interval = 250 # keep frequent because we'll overfit
eval_iters = 200
log_interval = 10 # don't print too too often

# we expect to overfit on this small dataset, so only save when val improves
always_save_checkpoint = False

wandb_log = False # override via command line if you like
wandb_project = 'shakespeare-char'
wandb_run_name = 'mini-gpt'

dataset = 'shakespeare_char'
gradient_accumulation_steps = 1
batch_size = 64
block_size = 256 # context of up to 256 previous characters

# baby GPT model :)
n_layer = 6
n_head = 6
n_embd = 384
dropout = 0.2

learning_rate = 1e-3 # with baby networks can afford to go a bit higher
max_iters = 5000
lr_decay_iters = 5000 # make equal to max_iters usually
min_lr = 1e-4 # learning_rate / 10 usually
beta2 = 0.99 # make a bit bigger because number of tokens per iter is small

warmup_iters = 100 # not super necessary potentially

# on macbook also add
# device = 'cpu'  # run on cpu only
# compile = False # do not torch compile the model

Overriding config with ../experiments/member3/configs/exp_008_bs128_nl4_nh4_ne128_bsz16_mi50_dr0.2.py:
# Experiment configuration
dataset = "shakespeare_char"
gradient_accumulation_steps = 1
learning_rate = 0.001
decay_lr = True
warmup_iters = 10
min_lr = 0.0001
eval_interval = 10
eval_iters = 20
log_interval = 1
always_save_checkpoint = False
device = "cpu"
compile = False
block_size = 128
n_layer = 4
n_head = 4
n_embd = 128
batch_size = 16
max_iters = 50
dropout = 0.2
lr_decay_iters = 50
out_dir = "experiments/member3/results/exp_008_bs128_nl4_nh4_ne128_bsz16_mi50_dr0.2"

tokens per iteration will be: 2,048
found vocab_size = 65 (inside data/shakespeare_char/meta.pkl)
Initializing a new model from scratch
number of parameters: 0.80M
num decayed parameter tensors: 18, with 811,136 parameters
num non-decayed parameter tensors: 9, with 1,152 parameters
using fused AdamW: False
step 0: train loss 4.1836, val loss 4.1800
iter 0: loss 4.1873, time 2911.61ms, mfu -100.00%
iter 1: loss 4.0902, time 262.40ms, mfu -100.00%
iter 2: loss 3.8977, time 270.05ms, mfu -100.00%
iter 3: loss 3.7878, time 254.17ms, mfu -100.00%
iter 4: loss 3.7335, time 251.20ms, mfu -100.00%
iter 5: loss 3.6477, time 263.28ms, mfu 0.01%
iter 6: loss 3.6022, time 252.67ms, mfu 0.01%
iter 7: loss 3.5825, time 257.26ms, mfu 0.01%
iter 8: loss 3.5463, time 275.20ms, mfu 0.01%
iter 9: loss 3.5045, time 278.17ms, mfu 0.01%
step 10: train loss 3.3891, val loss 3.4338
saving checkpoint to experiments/member3/results/exp_008_bs128_nl4_nh4_ne128_bsz16_mi50_dr0.2
iter 10: loss 3.4185, time 2589.76ms, mfu 0.01%
iter 11: loss 3.3785, time 251.24ms, mfu 0.01%
iter 12: loss 3.2451, time 263.07ms, mfu 0.01%
iter 13: loss 3.2364, time 298.33ms, mfu 0.01%
iter 14: loss 3.2219, time 275.07ms, mfu 0.01%
iter 15: loss 3.1692, time 253.48ms, mfu 0.01%
iter 16: loss 3.1238, time 253.14ms, mfu 0.01%
iter 17: loss 3.1240, time 256.50ms, mfu 0.01%
iter 18: loss 3.0557, time 256.71ms, mfu 0.01%
iter 19: loss 3.0945, time 251.47ms, mfu 0.01%
step 20: train loss 2.9625, val loss 2.9701
saving checkpoint to experiments/member3/results/exp_008_bs128_nl4_nh4_ne128_bsz16_mi50_dr0.2
iter 20: loss 2.9422, time 2633.81ms, mfu 0.01%
iter 21: loss 2.9360, time 253.41ms, mfu 0.01%
iter 22: loss 2.9525, time 254.00ms, mfu 0.01%
iter 23: loss 2.8950, time 250.26ms, mfu 0.01%
iter 24: loss 2.9107, time 255.70ms, mfu 0.01%
iter 25: loss 2.8919, time 267.11ms, mfu 0.01%
iter 26: loss 2.9012, time 269.87ms, mfu 0.01%
iter 27: loss 2.8439, time 250.77ms, mfu 0.01%
iter 28: loss 2.8646, time 253.65ms, mfu 0.01%
iter 29: loss 2.8013, time 253.78ms, mfu 0.01%
step 30: train loss 2.8088, val loss 2.8116
saving checkpoint to experiments/member3/results/exp_008_bs128_nl4_nh4_ne128_bsz16_mi50_dr0.2
iter 30: loss 2.8665, time 2623.77ms, mfu 0.01%
iter 31: loss 2.7694, time 255.18ms, mfu 0.01%
iter 32: loss 2.8132, time 253.21ms, mfu 0.01%
iter 33: loss 2.8350, time 269.46ms, mfu 0.01%
iter 34: loss 2.7845, time 277.30ms, mfu 0.01%
iter 35: loss 2.8170, time 296.93ms, mfu 0.01%
iter 36: loss 2.8419, time 252.47ms, mfu 0.01%
iter 37: loss 2.7830, time 251.23ms, mfu 0.01%
iter 38: loss 2.7516, time 256.66ms, mfu 0.01%
iter 39: loss 2.7574, time 280.52ms, mfu 0.01%
step 40: train loss 2.7430, val loss 2.7604
saving checkpoint to experiments/member3/results/exp_008_bs128_nl4_nh4_ne128_bsz16_mi50_dr0.2
iter 40: loss 2.7495, time 2629.39ms, mfu 0.01%
iter 41: loss 2.7664, time 253.60ms, mfu 0.01%
iter 42: loss 2.7667, time 253.00ms, mfu 0.01%
iter 43: loss 2.7255, time 253.44ms, mfu 0.01%
iter 44: loss 2.7498, time 253.77ms, mfu 0.01%
iter 45: loss 2.7455, time 251.52ms, mfu 0.01%
iter 46: loss 2.8289, time 253.83ms, mfu 0.01%
iter 47: loss 2.7722, time 255.94ms, mfu 0.01%
iter 48: loss 2.7646, time 267.83ms, mfu 0.01%
iter 49: loss 2.7873, time 264.49ms, mfu 0.01%
step 50: train loss 2.7290, val loss 2.7262
saving checkpoint to experiments/member3/results/exp_008_bs128_nl4_nh4_ne128_bsz16_mi50_dr0.2
iter 50: loss 2.7504, time 2639.85ms, mfu 0.01%

============================================================
Completed: Tue Oct 28 18:38:01 2025
Duration: 30.62 seconds
